# JRE version: Java(TM) SE Runtime Environment (8.0_202-b08) (build 1.8.0_202-b08)
# Java VM: Java HotSpot(TM) 64-Bit Server VM (25.202-b08 mixed mode windows-amd64 compressed oops)
Heap:
 PSYoungGen      total 68608K, used 2714K [0x000000076ae00000, 0x0000000772300000, 0x00000007c0000000)
  eden space 60928K, 3% used [0x000000076ae00000,0x000000076afcf0a0,0x000000076e980000)
  from space 7680K, 11% used [0x000000076f180000,0x000000076f2579b0,0x000000076f900000)
  to   space 8192K, 0% used [0x000000076e980000,0x000000076e980000,0x000000076f180000)
 ParOldGen       total 92160K, used 5160K [0x00000006c0a00000, 0x00000006c6400000, 0x000000076ae00000)
  object space 92160K, 5% used [0x00000006c0a00000,0x00000006c0f0a290,0x00000006c6400000)
 Metaspace       used 22535K, capacity 22936K, committed 23088K, reserved 1069056K
  class space    used 2846K, capacity 2964K, committed 3072K, reserved 1048576K
GC Heap History (10 events):
Event: 7.397 GC heap before
{Heap before GC invocations=5 (full 0):
 PSYoungGen      total 76288K, used 70816K [0x000000076ae00000, 0x0000000770300000, 0x00000007c0000000)
  eden space 65536K, 100% used [0x000000076ae00000,0x000000076ee00000,0x000000076ee00000)
  from space 10752K, 49% used [0x000000076f880000,0x000000076fda8110,0x0000000770300000)
  to   space 10752K, 0% used [0x000000076ee00000,0x000000076ee00000,0x000000076f880000)
 ParOldGen       total 175104K, used 48K [0x00000006c0a00000, 0x00000006cb500000, 0x000000076ae00000)
  object space 175104K, 0% used [0x00000006c0a00000,0x00000006c0a0c000,0x00000006cb500000)
 Metaspace       used 20957K, capacity 21264K, committed 21296K, reserved 1069056K
  class space    used 2704K, capacity 2788K, committed 2816K, reserved 1048576K
Event: 7.400 GC heap after
Heap after GC invocations=5 (full 0):
 PSYoungGen      total 69632K, used 5248K [0x000000076ae00000, 0x000000076f980000, 0x00000007c0000000)
  eden space 64000K, 0% used [0x000000076ae00000,0x000000076ae00000,0x000000076ec80000)
  from space 5632K, 93% used [0x000000076ee00000,0x000000076f3200f0,0x000000076f380000)
  to   space 6144K, 0% used [0x000000076f380000,0x000000076f380000,0x000000076f980000)
 ParOldGen       total 175104K, used 48K [0x00000006c0a00000, 0x00000006cb500000, 0x000000076ae00000)
  object space 175104K, 0% used [0x00000006c0a00000,0x00000006c0a0c000,0x00000006cb500000)
 Metaspace       used 20957K, capacity 21264K, committed 21296K, reserved 1069056K
  class space    used 2704K, capacity 2788K, committed 2816K, reserved 1048576K
}
Event: 7.626 GC heap before
{Heap before GC invocations=6 (full 0):
 PSYoungGen      total 69632K, used 69248K [0x000000076ae00000, 0x000000076f980000, 0x00000007c0000000)
  eden space 64000K, 100% used [0x000000076ae00000,0x000000076ec80000,0x000000076ec80000)
  from space 5632K, 93% used [0x000000076ee00000,0x000000076f3200f0,0x000000076f380000)
  to   space 6144K, 0% used [0x000000076f380000,0x000000076f380000,0x000000076f980000)
 ParOldGen       total 175104K, used 48K [0x00000006c0a00000, 0x00000006cb500000, 0x000000076ae00000)
  object space 175104K, 0% used [0x00000006c0a00000,0x00000006c0a0c000,0x00000006cb500000)
 Metaspace       used 20957K, capacity 21264K, committed 21296K, reserved 1069056K
  class space    used 2704K, capacity 2788K, committed 2816K, reserved 1048576K
Event: 7.629 GC heap after
Heap after GC invocations=6 (full 0):
 PSYoungGen      total 68096K, used 5232K [0x000000076ae00000, 0x000000076f900000, 0x00000007c0000000)
  eden space 62464K, 0% used [0x000000076ae00000,0x000000076ae00000,0x000000076eb00000)
  from space 5632K, 92% used [0x000000076f380000,0x000000076f89c0e0,0x000000076f900000)
  to   space 6656K, 0% used [0x000000076ec00000,0x000000076ec00000,0x000000076f280000)
 ParOldGen       total 175104K, used 48K [0x00000006c0a00000, 0x00000006cb500000, 0x000000076ae00000)
  object space 175104K, 0% used [0x00000006c0a00000,0x00000006c0a0c000,0x00000006cb500000)
 Metaspace       used 20957K, capacity 21264K, committed 21296K, reserved 1069056K
  class space    used 2704K, capacity 2788K, committed 2816K, reserved 1048576K
}
Event: 7.822 GC heap before
{Heap before GC invocations=7 (full 0):
 PSYoungGen      total 68096K, used 56424K [0x000000076ae00000, 0x000000076f900000, 0x00000007c0000000)
  eden space 62464K, 81% used [0x000000076ae00000,0x000000076dffe168,0x000000076eb00000)
  from space 5632K, 92% used [0x000000076f380000,0x000000076f89c0e0,0x000000076f900000)
  to   space 6656K, 0% used [0x000000076ec00000,0x000000076ec00000,0x000000076f280000)
 ParOldGen       total 175104K, used 48K [0x00000006c0a00000, 0x00000006cb500000, 0x000000076ae00000)
  object space 175104K, 0% used [0x00000006c0a00000,0x00000006c0a0c000,0x00000006cb500000)
 Metaspace       used 20959K, capacity 21264K, committed 21296K, reserved 1069056K
  class space    used 2704K, capacity 2788K, committed 2816K, reserved 1048576K
Event: 7.826 GC heap after
Heap after GC invocations=7 (full 0):
 PSYoungGen      total 61952K, used 160K [0x000000076ae00000, 0x000000076f900000, 0x00000007c0000000)
  eden space 61440K, 0% used [0x000000076ae00000,0x000000076ae00000,0x000000076ea00000)
  from space 512K, 31% used [0x000000076ec00000,0x000000076ec28000,0x000000076ec80000)
  to   space 7680K, 0% used [0x000000076f180000,0x000000076f180000,0x000000076f900000)
 ParOldGen       total 175104K, used 5212K [0x00000006c0a00000, 0x00000006cb500000, 0x000000076ae00000)
  object space 175104K, 2% used [0x00000006c0a00000,0x00000006c0f17150,0x00000006cb500000)
 Metaspace       used 20959K, capacity 21264K, committed 21296K, reserved 1069056K
  class space    used 2704K, capacity 2788K, committed 2816K, reserved 1048576K
}
Event: 7.826 GC heap before
{Heap before GC invocations=8 (full 1):
 PSYoungGen      total 61952K, used 160K [0x000000076ae00000, 0x000000076f900000, 0x00000007c0000000)
  eden space 61440K, 0% used [0x000000076ae00000,0x000000076ae00000,0x000000076ea00000)
  from space 512K, 31% used [0x000000076ec00000,0x000000076ec28000,0x000000076ec80000)
  to   space 7680K, 0% used [0x000000076f180000,0x000000076f180000,0x000000076f900000)
 ParOldGen       total 175104K, used 5212K [0x00000006c0a00000, 0x00000006cb500000, 0x000000076ae00000)
  object space 175104K, 2% used [0x00000006c0a00000,0x00000006c0f17150,0x00000006cb500000)
 Metaspace       used 20959K, capacity 21264K, committed 21296K, reserved 1069056K
  class space    used 2704K, capacity 2788K, committed 2816K, reserved 1048576K
Event: 7.856 GC heap after
Heap after GC invocations=8 (full 1):
 PSYoungGen      total 61952K, used 0K [0x000000076ae00000, 0x000000076f900000, 0x00000007c0000000)
  eden space 61440K, 0% used [0x000000076ae00000,0x000000076ae00000,0x000000076ea00000)
  from space 512K, 0% used [0x000000076ec00000,0x000000076ec00000,0x000000076ec80000)
  to   space 7680K, 0% used [0x000000076f180000,0x000000076f180000,0x000000076f900000)
 ParOldGen       total 92160K, used 5152K [0x00000006c0a00000, 0x00000006c6400000, 0x000000076ae00000)
  object space 92160K, 5% used [0x00000006c0a00000,0x00000006c0f08290,0x00000006c6400000)
 Metaspace       used 20959K, capacity 21264K, committed 21296K, reserved 1069056K
  class space    used 2704K, capacity 2788K, committed 2816K, reserved 1048576K
}
Event: 8.099 GC heap before
{Heap before GC invocations=9 (full 1):
 PSYoungGen      total 61952K, used 61440K [0x000000076ae00000, 0x000000076f900000, 0x00000007c0000000)
  eden space 61440K, 100% used [0x000000076ae00000,0x000000076ea00000,0x000000076ea00000)
  from space 512K, 0% used [0x000000076ec00000,0x000000076ec00000,0x000000076ec80000)
  to   space 7680K, 0% used [0x000000076f180000,0x000000076f180000,0x000000076f900000)
 ParOldGen       total 92160K, used 5152K [0x00000006c0a00000, 0x00000006c6400000, 0x000000076ae00000)
  object space 92160K, 5% used [0x00000006c0a00000,0x00000006c0f08290,0x00000006c6400000)
 Metaspace       used 22535K, capacity 22936K, committed 23088K, reserved 1069056K
  class space    used 2846K, capacity 2964K, committed 3072K, reserved 1048576K
Event: 8.100 GC heap after
Heap after GC invocations=9 (full 1):
 PSYoungGen      total 68608K, used 862K [0x000000076ae00000, 0x0000000772300000, 0x00000007c0000000)
  eden space 60928K, 0% used [0x000000076ae00000,0x000000076ae00000,0x000000076e980000)
  from space 7680K, 11% used [0x000000076f180000,0x000000076f2579b0,0x000000076f900000)
  to   space 8192K, 0% used [0x000000076e980000,0x000000076e980000,0x000000076f180000)
 ParOldGen       total 92160K, used 5160K [0x00000006c0a00000, 0x00000006c6400000, 0x000000076ae00000)
  object space 92160K, 5% used [0x00000006c0a00000,0x00000006c0f0a290,0x00000006c6400000)
 Metaspace       used 22535K, capacity 22936K, committed 23088K, reserved 1069056K
  class space    used 2846K, capacity 2964K, committed 3072K, reserved 1048576K
}

