# JRE version: Java(TM) SE Runtime Environment (8.0_202-b08) (build 1.8.0_202-b08)
# Java VM: Java HotSpot(TM) 64-Bit Server VM (25.202-b08 mixed mode windows-amd64 compressed oops)
Heap:
 PSYoungGen      total 76288K, used 8575K [0x000000076ae00000, 0x0000000770300000, 0x00000007c0000000)
  eden space 65536K, 9% used [0x000000076ae00000,0x000000076b45ff58,0x000000076ee00000)
  from space 10752K, 19% used [0x000000076f880000,0x000000076fa80080,0x0000000770300000)
  to   space 10752K, 0% used [0x000000076ee00000,0x000000076ee00000,0x000000076f880000)
 ParOldGen       total 71680K, used 5731K [0x00000006c0a00000, 0x00000006c5000000, 0x000000076ae00000)
  object space 71680K, 7% used [0x00000006c0a00000,0x00000006c0f98f18,0x00000006c5000000)
 Metaspace       used 24739K, capacity 25238K, committed 25472K, reserved 1071104K
  class space    used 2979K, capacity 3100K, committed 3200K, reserved 1048576K
GC Heap History (10 events):
Event: 10.311 GC heap before
{Heap before GC invocations=1 (full 0):
 PSYoungGen      total 76288K, used 65536K [0x000000076ae00000, 0x0000000770300000, 0x00000007c0000000)
  eden space 65536K, 100% used [0x000000076ae00000,0x000000076ee00000,0x000000076ee00000)
  from space 10752K, 0% used [0x000000076f880000,0x000000076f880000,0x0000000770300000)
  to   space 10752K, 0% used [0x000000076ee00000,0x000000076ee00000,0x000000076f880000)
 ParOldGen       total 175104K, used 0K [0x00000006c0a00000, 0x00000006cb500000, 0x000000076ae00000)
  object space 175104K, 0% used [0x00000006c0a00000,0x00000006c0a00000,0x00000006cb500000)
 Metaspace       used 16982K, capacity 17212K, committed 17536K, reserved 1064960K
  class space    used 2052K, capacity 2127K, committed 2176K, reserved 1048576K
Event: 10.315 GC heap after
Heap after GC invocations=1 (full 0):
 PSYoungGen      total 76288K, used 5680K [0x000000076ae00000, 0x0000000770300000, 0x00000007c0000000)
  eden space 65536K, 0% used [0x000000076ae00000,0x000000076ae00000,0x000000076ee00000)
  from space 10752K, 52% used [0x000000076ee00000,0x000000076f38c2c0,0x000000076f880000)
  to   space 10752K, 0% used [0x000000076f880000,0x000000076f880000,0x0000000770300000)
 ParOldGen       total 175104K, used 16K [0x00000006c0a00000, 0x00000006cb500000, 0x000000076ae00000)
  object space 175104K, 0% used [0x00000006c0a00000,0x00000006c0a04000,0x00000006cb500000)
 Metaspace       used 16982K, capacity 17212K, committed 17536K, reserved 1064960K
  class space    used 2052K, capacity 2127K, committed 2176K, reserved 1048576K
}
Event: 15.131 GC heap before
{Heap before GC invocations=2 (full 0):
 PSYoungGen      total 76288K, used 35455K [0x000000076ae00000, 0x0000000770300000, 0x00000007c0000000)
  eden space 65536K, 45% used [0x000000076ae00000,0x000000076cb13a90,0x000000076ee00000)
  from space 10752K, 52% used [0x000000076ee00000,0x000000076f38c2c0,0x000000076f880000)
  to   space 10752K, 0% used [0x000000076f880000,0x000000076f880000,0x0000000770300000)
 ParOldGen       total 175104K, used 16K [0x00000006c0a00000, 0x00000006cb500000, 0x000000076ae00000)
  object space 175104K, 0% used [0x00000006c0a00000,0x00000006c0a04000,0x00000006cb500000)
 Metaspace       used 20763K, capacity 21000K, committed 21248K, reserved 1067008K
  class space    used 2632K, capacity 2699K, committed 2816K, reserved 1048576K
Event: 15.135 GC heap after
Heap after GC invocations=2 (full 0):
 PSYoungGen      total 76288K, used 5830K [0x000000076ae00000, 0x0000000770300000, 0x00000007c0000000)
  eden space 65536K, 0% used [0x000000076ae00000,0x000000076ae00000,0x000000076ee00000)
  from space 10752K, 54% used [0x000000076f880000,0x000000076fe31958,0x0000000770300000)
  to   space 10752K, 0% used [0x000000076ee00000,0x000000076ee00000,0x000000076f880000)
 ParOldGen       total 175104K, used 24K [0x00000006c0a00000, 0x00000006cb500000, 0x000000076ae00000)
  object space 175104K, 0% used [0x00000006c0a00000,0x00000006c0a06000,0x00000006cb500000)
 Metaspace       used 20763K, capacity 21000K, committed 21248K, reserved 1067008K
  class space    used 2632K, capacity 2699K, committed 2816K, reserved 1048576K
}
Event: 15.135 GC heap before
{Heap before GC invocations=3 (full 1):
 PSYoungGen      total 76288K, used 5830K [0x000000076ae00000, 0x0000000770300000, 0x00000007c0000000)
  eden space 65536K, 0% used [0x000000076ae00000,0x000000076ae00000,0x000000076ee00000)
  from space 10752K, 54% used [0x000000076f880000,0x000000076fe31958,0x0000000770300000)
  to   space 10752K, 0% used [0x000000076ee00000,0x000000076ee00000,0x000000076f880000)
 ParOldGen       total 175104K, used 24K [0x00000006c0a00000, 0x00000006cb500000, 0x000000076ae00000)
  object space 175104K, 0% used [0x00000006c0a00000,0x00000006c0a06000,0x00000006cb500000)
 Metaspace       used 20763K, capacity 21000K, committed 21248K, reserved 1067008K
  class space    used 2632K, capacity 2699K, committed 2816K, reserved 1048576K
Event: 15.151 GC heap after
Heap after GC invocations=3 (full 1):
 PSYoungGen      total 76288K, used 0K [0x000000076ae00000, 0x0000000770300000, 0x00000007c0000000)
  eden space 65536K, 0% used [0x000000076ae00000,0x000000076ae00000,0x000000076ee00000)
  from space 10752K, 0% used [0x000000076f880000,0x000000076f880000,0x0000000770300000)
  to   space 10752K, 0% used [0x000000076ee00000,0x000000076ee00000,0x000000076f880000)
 ParOldGen       total 71680K, used 5723K [0x00000006c0a00000, 0x00000006c5000000, 0x000000076ae00000)
  object space 71680K, 7% used [0x00000006c0a00000,0x00000006c0f96f18,0x00000006c5000000)
 Metaspace       used 20763K, capacity 21000K, committed 21248K, reserved 1067008K
  class space    used 2632K, capacity 2699K, committed 2816K, reserved 1048576K
}
Event: 34.826 GC heap before
{Heap before GC invocations=4 (full 1):
 PSYoungGen      total 76288K, used 65536K [0x000000076ae00000, 0x0000000770300000, 0x00000007c0000000)
  eden space 65536K, 100% used [0x000000076ae00000,0x000000076ee00000,0x000000076ee00000)
  from space 10752K, 0% used [0x000000076f880000,0x000000076f880000,0x0000000770300000)
  to   space 10752K, 0% used [0x000000076ee00000,0x000000076ee00000,0x000000076f880000)
 ParOldGen       total 71680K, used 5723K [0x00000006c0a00000, 0x00000006c5000000, 0x000000076ae00000)
  object space 71680K, 7% used [0x00000006c0a00000,0x00000006c0f96f18,0x00000006c5000000)
 Metaspace       used 23203K, capacity 23566K, committed 23808K, reserved 1071104K
  class space    used 2871K, capacity 2964K, committed 3072K, reserved 1048576K
Event: 34.827 GC heap after
Heap after GC invocations=4 (full 1):
 PSYoungGen      total 76288K, used 2139K [0x000000076ae00000, 0x0000000770300000, 0x00000007c0000000)
  eden space 65536K, 0% used [0x000000076ae00000,0x000000076ae00000,0x000000076ee00000)
  from space 10752K, 19% used [0x000000076ee00000,0x000000076f016cb8,0x000000076f880000)
  to   space 10752K, 0% used [0x000000076f880000,0x000000076f880000,0x0000000770300000)
 ParOldGen       total 71680K, used 5723K [0x00000006c0a00000, 0x00000006c5000000, 0x000000076ae00000)
  object space 71680K, 7% used [0x00000006c0a00000,0x00000006c0f96f18,0x00000006c5000000)
 Metaspace       used 23203K, capacity 23566K, committed 23808K, reserved 1071104K
  class space    used 2871K, capacity 2964K, committed 3072K, reserved 1048576K
}
Event: 58.749 GC heap before
{Heap before GC invocations=5 (full 1):
 PSYoungGen      total 76288K, used 64188K [0x000000076ae00000, 0x0000000770300000, 0x00000007c0000000)
  eden space 65536K, 94% used [0x000000076ae00000,0x000000076ea98628,0x000000076ee00000)
  from space 10752K, 19% used [0x000000076ee00000,0x000000076f016cb8,0x000000076f880000)
  to   space 10752K, 0% used [0x000000076f880000,0x000000076f880000,0x0000000770300000)
 ParOldGen       total 71680K, used 5723K [0x00000006c0a00000, 0x00000006c5000000, 0x000000076ae00000)
  object space 71680K, 7% used [0x00000006c0a00000,0x00000006c0f96f18,0x00000006c5000000)
 Metaspace       used 24739K, capacity 25238K, committed 25472K, reserved 1071104K
  class space    used 2979K, capacity 3100K, committed 3200K, reserved 1048576K
Event: 58.750 GC heap after
Heap after GC invocations=5 (full 1):
 PSYoungGen      total 76288K, used 2048K [0x000000076ae00000, 0x0000000770300000, 0x00000007c0000000)
  eden space 65536K, 0% used [0x000000076ae00000,0x000000076ae00000,0x000000076ee00000)
  from space 10752K, 19% used [0x000000076f880000,0x000000076fa80080,0x0000000770300000)
  to   space 10752K, 0% used [0x000000076ee00000,0x000000076ee00000,0x000000076f880000)
 ParOldGen       total 71680K, used 5731K [0x00000006c0a00000, 0x00000006c5000000, 0x000000076ae00000)
  object space 71680K, 7% used [0x00000006c0a00000,0x00000006c0f98f18,0x00000006c5000000)
 Metaspace       used 24739K, capacity 25238K, committed 25472K, reserved 1071104K
  class space    used 2979K, capacity 3100K, committed 3200K, reserved 1048576K
}

