# JRE version: Java(TM) SE Runtime Environment (8.0_202-b08) (build 1.8.0_202-b08)
# Java VM: Java HotSpot(TM) 64-Bit Server VM (25.202-b08 mixed mode windows-amd64 compressed oops)
Heap:
 PSYoungGen      total 60416K, used 2744K [0x000000076ae00000, 0x000000076f600000, 0x00000007c0000000)
  eden space 59392K, 3% used [0x000000076ae00000,0x000000076afcd000,0x000000076e800000)
  from space 1024K, 87% used [0x000000076e900000,0x000000076e9e1368,0x000000076ea00000)
  to   space 7168K, 0% used [0x000000076ef00000,0x000000076ef00000,0x000000076f600000)
 ParOldGen       total 71168K, used 5676K [0x00000006c0a00000, 0x00000006c4f80000, 0x000000076ae00000)
  object space 71168K, 7% used [0x00000006c0a00000,0x00000006c0f8b178,0x00000006c4f80000)
 Metaspace       used 22883K, capacity 23294K, committed 23552K, reserved 1069056K
  class space    used 2868K, capacity 2998K, committed 3072K, reserved 1048576K
GC Heap History (10 events):
Event: 7.452 GC heap before
{Heap before GC invocations=6 (full 1):
 PSYoungGen      total 76288K, used 65872K [0x000000076ae00000, 0x0000000770300000, 0x00000007c0000000)
  eden space 65536K, 100% used [0x000000076ae00000,0x000000076ee00000,0x000000076ee00000)
  from space 10752K, 3% used [0x000000076f880000,0x000000076f8d4010,0x0000000770300000)
  to   space 10752K, 0% used [0x000000076ee00000,0x000000076ee00000,0x000000076f880000)
 ParOldGen       total 71168K, used 5396K [0x00000006c0a00000, 0x00000006c4f80000, 0x000000076ae00000)
  object space 71168K, 7% used [0x00000006c0a00000,0x00000006c0f45158,0x00000006c4f80000)
 Metaspace       used 21213K, capacity 21558K, committed 21888K, reserved 1069056K
  class space    used 2726K, capacity 2822K, committed 2944K, reserved 1048576K
Event: 7.453 GC heap after
Heap after GC invocations=6 (full 1):
 PSYoungGen      total 64512K, used 304K [0x000000076ae00000, 0x000000076fd80000, 0x00000007c0000000)
  eden space 64000K, 0% used [0x000000076ae00000,0x000000076ae00000,0x000000076ec80000)
  from space 512K, 59% used [0x000000076ee00000,0x000000076ee4c010,0x000000076ee80000)
  to   space 8704K, 0% used [0x000000076f500000,0x000000076f500000,0x000000076fd80000)
 ParOldGen       total 71168K, used 5396K [0x00000006c0a00000, 0x00000006c4f80000, 0x000000076ae00000)
  object space 71168K, 7% used [0x00000006c0a00000,0x00000006c0f45158,0x00000006c4f80000)
 Metaspace       used 21213K, capacity 21558K, committed 21888K, reserved 1069056K
  class space    used 2726K, capacity 2822K, committed 2944K, reserved 1048576K
}
Event: 7.677 GC heap before
{Heap before GC invocations=7 (full 1):
 PSYoungGen      total 64512K, used 64304K [0x000000076ae00000, 0x000000076fd80000, 0x00000007c0000000)
  eden space 64000K, 100% used [0x000000076ae00000,0x000000076ec80000,0x000000076ec80000)
  from space 512K, 59% used [0x000000076ee00000,0x000000076ee4c010,0x000000076ee80000)
  to   space 8704K, 0% used [0x000000076f500000,0x000000076f500000,0x000000076fd80000)
 ParOldGen       total 71168K, used 5396K [0x00000006c0a00000, 0x00000006c4f80000, 0x000000076ae00000)
  object space 71168K, 7% used [0x00000006c0a00000,0x00000006c0f45158,0x00000006c4f80000)
 Metaspace       used 21213K, capacity 21558K, committed 21888K, reserved 1069056K
  class space    used 2726K, capacity 2822K, committed 2944K, reserved 1048576K
Event: 7.678 GC heap after
Heap after GC invocations=7 (full 1):
 PSYoungGen      total 68608K, used 304K [0x000000076ae00000, 0x000000076fb00000, 0x00000007c0000000)
  eden space 62464K, 0% used [0x000000076ae00000,0x000000076ae00000,0x000000076eb00000)
  from space 6144K, 4% used [0x000000076f500000,0x000000076f54c010,0x000000076fb00000)
  to   space 8192K, 0% used [0x000000076eb00000,0x000000076eb00000,0x000000076f300000)
 ParOldGen       total 71168K, used 5396K [0x00000006c0a00000, 0x00000006c4f80000, 0x000000076ae00000)
  object space 71168K, 7% used [0x00000006c0a00000,0x00000006c0f45158,0x00000006c4f80000)
 Metaspace       used 21213K, capacity 21558K, committed 21888K, reserved 1069056K
  class space    used 2726K, capacity 2822K, committed 2944K, reserved 1048576K
}
Event: 7.876 GC heap before
{Heap before GC invocations=8 (full 1):
 PSYoungGen      total 68608K, used 62768K [0x000000076ae00000, 0x000000076fb00000, 0x00000007c0000000)
  eden space 62464K, 100% used [0x000000076ae00000,0x000000076eb00000,0x000000076eb00000)
  from space 6144K, 4% used [0x000000076f500000,0x000000076f54c010,0x000000076fb00000)
  to   space 8192K, 0% used [0x000000076eb00000,0x000000076eb00000,0x000000076f300000)
 ParOldGen       total 71168K, used 5396K [0x00000006c0a00000, 0x00000006c4f80000, 0x000000076ae00000)
  object space 71168K, 7% used [0x00000006c0a00000,0x00000006c0f45158,0x00000006c4f80000)
 Metaspace       used 21213K, capacity 21558K, committed 21888K, reserved 1069056K
  class space    used 2726K, capacity 2822K, committed 2944K, reserved 1048576K
Event: 7.876 GC heap after
Heap after GC invocations=8 (full 1):
 PSYoungGen      total 61952K, used 304K [0x000000076ae00000, 0x000000076f900000, 0x00000007c0000000)
  eden space 61440K, 0% used [0x000000076ae00000,0x000000076ae00000,0x000000076ea00000)
  from space 512K, 59% used [0x000000076eb00000,0x000000076eb4c010,0x000000076eb80000)
  to   space 7680K, 0% used [0x000000076f180000,0x000000076f180000,0x000000076f900000)
 ParOldGen       total 71168K, used 5396K [0x00000006c0a00000, 0x00000006c4f80000, 0x000000076ae00000)
  object space 71168K, 7% used [0x00000006c0a00000,0x00000006c0f45158,0x00000006c4f80000)
 Metaspace       used 21213K, capacity 21558K, committed 21888K, reserved 1069056K
  class space    used 2726K, capacity 2822K, committed 2944K, reserved 1048576K
}
Event: 8.077 GC heap before
{Heap before GC invocations=9 (full 1):
 PSYoungGen      total 61952K, used 61744K [0x000000076ae00000, 0x000000076f900000, 0x00000007c0000000)
  eden space 61440K, 100% used [0x000000076ae00000,0x000000076ea00000,0x000000076ea00000)
  from space 512K, 59% used [0x000000076eb00000,0x000000076eb4c010,0x000000076eb80000)
  to   space 7680K, 0% used [0x000000076f180000,0x000000076f180000,0x000000076f900000)
 ParOldGen       total 71168K, used 5396K [0x00000006c0a00000, 0x00000006c4f80000, 0x000000076ae00000)
  object space 71168K, 7% used [0x00000006c0a00000,0x00000006c0f45158,0x00000006c4f80000)
 Metaspace       used 21214K, capacity 21558K, committed 21888K, reserved 1069056K
  class space    used 2726K, capacity 2822K, committed 2944K, reserved 1048576K
Event: 8.078 GC heap after
Heap after GC invocations=9 (full 1):
 PSYoungGen      total 67072K, used 128K [0x000000076ae00000, 0x000000076f800000, 0x00000007c0000000)
  eden space 60416K, 0% used [0x000000076ae00000,0x000000076ae00000,0x000000076e900000)
  from space 6656K, 1% used [0x000000076f180000,0x000000076f1a0000,0x000000076f800000)
  to   space 7680K, 0% used [0x000000076e900000,0x000000076e900000,0x000000076f080000)
 ParOldGen       total 71168K, used 5660K [0x00000006c0a00000, 0x00000006c4f80000, 0x000000076ae00000)
  object space 71168K, 7% used [0x00000006c0a00000,0x00000006c0f87178,0x00000006c4f80000)
 Metaspace       used 21214K, capacity 21558K, committed 21888K, reserved 1069056K
  class space    used 2726K, capacity 2822K, committed 2944K, reserved 1048576K
}
Event: 8.330 GC heap before
{Heap before GC invocations=10 (full 1):
 PSYoungGen      total 67072K, used 60544K [0x000000076ae00000, 0x000000076f800000, 0x00000007c0000000)
  eden space 60416K, 100% used [0x000000076ae00000,0x000000076e900000,0x000000076e900000)
  from space 6656K, 1% used [0x000000076f180000,0x000000076f1a0000,0x000000076f800000)
  to   space 7680K, 0% used [0x000000076e900000,0x000000076e900000,0x000000076f080000)
 ParOldGen       total 71168K, used 5660K [0x00000006c0a00000, 0x00000006c4f80000, 0x000000076ae00000)
  object space 71168K, 7% used [0x00000006c0a00000,0x00000006c0f87178,0x00000006c4f80000)
 Metaspace       used 22882K, capacity 23294K, committed 23552K, reserved 1069056K
  class space    used 2868K, capacity 2998K, committed 3072K, reserved 1048576K
Event: 8.331 GC heap after
Heap after GC invocations=10 (full 1):
 PSYoungGen      total 60416K, used 900K [0x000000076ae00000, 0x000000076f600000, 0x00000007c0000000)
  eden space 59392K, 0% used [0x000000076ae00000,0x000000076ae00000,0x000000076e800000)
  from space 1024K, 87% used [0x000000076e900000,0x000000076e9e1368,0x000000076ea00000)
  to   space 7168K, 0% used [0x000000076ef00000,0x000000076ef00000,0x000000076f600000)
 ParOldGen       total 71168K, used 5676K [0x00000006c0a00000, 0x00000006c4f80000, 0x000000076ae00000)
  object space 71168K, 7% used [0x00000006c0a00000,0x00000006c0f8b178,0x00000006c4f80000)
 Metaspace       used 22882K, capacity 23294K, committed 23552K, reserved 1069056K
  class space    used 2868K, capacity 2998K, committed 3072K, reserved 1048576K
}

