# JRE version: Java(TM) SE Runtime Environment (8.0_202-b08) (build 1.8.0_202-b08)
# Java VM: Java HotSpot(TM) 64-Bit Server VM (25.202-b08 mixed mode windows-amd64 compressed oops)
Heap:
 PSYoungGen      total 76288K, used 8355K [0x000000076ae00000, 0x0000000770300000, 0x00000007c0000000)
  eden space 65536K, 10% used [0x000000076ae00000,0x000000076b4a38c8,0x000000076ee00000)
  from space 10752K, 14% used [0x000000076ee00000,0x000000076ef85368,0x000000076f880000)
  to   space 10752K, 0% used [0x000000076f880000,0x000000076f880000,0x0000000770300000)
 ParOldGen       total 71680K, used 5664K [0x00000006c0a00000, 0x00000006c5000000, 0x000000076ae00000)
  object space 71680K, 7% used [0x00000006c0a00000,0x00000006c0f88078,0x00000006c5000000)
 Metaspace       used 23108K, capacity 23552K, committed 23808K, reserved 1071104K
  class space    used 2882K, capacity 2979K, committed 3072K, reserved 1048576K
GC Heap History (8 events):
Event: 12.605 GC heap before
{Heap before GC invocations=1 (full 0):
 PSYoungGen      total 76288K, used 65536K [0x000000076ae00000, 0x0000000770300000, 0x00000007c0000000)
  eden space 65536K, 100% used [0x000000076ae00000,0x000000076ee00000,0x000000076ee00000)
  from space 10752K, 0% used [0x000000076f880000,0x000000076f880000,0x0000000770300000)
  to   space 10752K, 0% used [0x000000076ee00000,0x000000076ee00000,0x000000076f880000)
 ParOldGen       total 175104K, used 0K [0x00000006c0a00000, 0x00000006cb500000, 0x000000076ae00000)
  object space 175104K, 0% used [0x00000006c0a00000,0x00000006c0a00000,0x00000006cb500000)
 Metaspace       used 18012K, capacity 18168K, committed 18432K, reserved 1064960K
  class space    used 2191K, capacity 2255K, committed 2304K, reserved 1048576K
Event: 12.609 GC heap after
Heap after GC invocations=1 (full 0):
 PSYoungGen      total 76288K, used 6157K [0x000000076ae00000, 0x0000000770300000, 0x00000007c0000000)
  eden space 65536K, 0% used [0x000000076ae00000,0x000000076ae00000,0x000000076ee00000)
  from space 10752K, 57% used [0x000000076ee00000,0x000000076f403588,0x000000076f880000)
  to   space 10752K, 0% used [0x000000076f880000,0x000000076f880000,0x0000000770300000)
 ParOldGen       total 175104K, used 16K [0x00000006c0a00000, 0x00000006cb500000, 0x000000076ae00000)
  object space 175104K, 0% used [0x00000006c0a00000,0x00000006c0a04000,0x00000006cb500000)
 Metaspace       used 18012K, capacity 18168K, committed 18432K, reserved 1064960K
  class space    used 2191K, capacity 2255K, committed 2304K, reserved 1048576K
}
Event: 12.875 GC heap before
{Heap before GC invocations=2 (full 0):
 PSYoungGen      total 76288K, used 40237K [0x000000076ae00000, 0x0000000770300000, 0x00000007c0000000)
  eden space 65536K, 52% used [0x000000076ae00000,0x000000076cf481c8,0x000000076ee00000)
  from space 10752K, 57% used [0x000000076ee00000,0x000000076f403588,0x000000076f880000)
  to   space 10752K, 0% used [0x000000076f880000,0x000000076f880000,0x0000000770300000)
 ParOldGen       total 175104K, used 16K [0x00000006c0a00000, 0x00000006cb500000, 0x000000076ae00000)
  object space 175104K, 0% used [0x00000006c0a00000,0x00000006c0a04000,0x00000006cb500000)
 Metaspace       used 20799K, capacity 21122K, committed 21248K, reserved 1067008K
  class space    used 2621K, capacity 2720K, committed 2816K, reserved 1048576K
Event: 12.879 GC heap after
Heap after GC invocations=2 (full 0):
 PSYoungGen      total 76288K, used 5735K [0x000000076ae00000, 0x0000000770300000, 0x00000007c0000000)
  eden space 65536K, 0% used [0x000000076ae00000,0x000000076ae00000,0x000000076ee00000)
  from space 10752K, 53% used [0x000000076f880000,0x000000076fe19d48,0x0000000770300000)
  to   space 10752K, 0% used [0x000000076ee00000,0x000000076ee00000,0x000000076f880000)
 ParOldGen       total 175104K, used 24K [0x00000006c0a00000, 0x00000006cb500000, 0x000000076ae00000)
  object space 175104K, 0% used [0x00000006c0a00000,0x00000006c0a06000,0x00000006cb500000)
 Metaspace       used 20799K, capacity 21122K, committed 21248K, reserved 1067008K
  class space    used 2621K, capacity 2720K, committed 2816K, reserved 1048576K
}
Event: 12.879 GC heap before
{Heap before GC invocations=3 (full 1):
 PSYoungGen      total 76288K, used 5735K [0x000000076ae00000, 0x0000000770300000, 0x00000007c0000000)
  eden space 65536K, 0% used [0x000000076ae00000,0x000000076ae00000,0x000000076ee00000)
  from space 10752K, 53% used [0x000000076f880000,0x000000076fe19d48,0x0000000770300000)
  to   space 10752K, 0% used [0x000000076ee00000,0x000000076ee00000,0x000000076f880000)
 ParOldGen       total 175104K, used 24K [0x00000006c0a00000, 0x00000006cb500000, 0x000000076ae00000)
  object space 175104K, 0% used [0x00000006c0a00000,0x00000006c0a06000,0x00000006cb500000)
 Metaspace       used 20799K, capacity 21122K, committed 21248K, reserved 1067008K
  class space    used 2621K, capacity 2720K, committed 2816K, reserved 1048576K
Event: 12.896 GC heap after
Heap after GC invocations=3 (full 1):
 PSYoungGen      total 76288K, used 0K [0x000000076ae00000, 0x0000000770300000, 0x00000007c0000000)
  eden space 65536K, 0% used [0x000000076ae00000,0x000000076ae00000,0x000000076ee00000)
  from space 10752K, 0% used [0x000000076f880000,0x000000076f880000,0x0000000770300000)
  to   space 10752K, 0% used [0x000000076ee00000,0x000000076ee00000,0x000000076f880000)
 ParOldGen       total 71680K, used 5664K [0x00000006c0a00000, 0x00000006c5000000, 0x000000076ae00000)
  object space 71680K, 7% used [0x00000006c0a00000,0x00000006c0f88078,0x00000006c5000000)
 Metaspace       used 20799K, capacity 21122K, committed 21248K, reserved 1067008K
  class space    used 2621K, capacity 2720K, committed 2816K, reserved 1048576K
}
Event: 34.554 GC heap before
{Heap before GC invocations=4 (full 1):
 PSYoungGen      total 76288K, used 64277K [0x000000076ae00000, 0x0000000770300000, 0x00000007c0000000)
  eden space 65536K, 98% used [0x000000076ae00000,0x000000076ecc54b0,0x000000076ee00000)
  from space 10752K, 0% used [0x000000076f880000,0x000000076f880000,0x0000000770300000)
  to   space 10752K, 0% used [0x000000076ee00000,0x000000076ee00000,0x000000076f880000)
 ParOldGen       total 71680K, used 5664K [0x00000006c0a00000, 0x00000006c5000000, 0x000000076ae00000)
  object space 71680K, 7% used [0x00000006c0a00000,0x00000006c0f88078,0x00000006c5000000)
 Metaspace       used 23108K, capacity 23552K, committed 23808K, reserved 1071104K
  class space    used 2882K, capacity 2979K, committed 3072K, reserved 1048576K
Event: 34.555 GC heap after
Heap after GC invocations=4 (full 1):
 PSYoungGen      total 76288K, used 1556K [0x000000076ae00000, 0x0000000770300000, 0x00000007c0000000)
  eden space 65536K, 0% used [0x000000076ae00000,0x000000076ae00000,0x000000076ee00000)
  from space 10752K, 14% used [0x000000076ee00000,0x000000076ef85368,0x000000076f880000)
  to   space 10752K, 0% used [0x000000076f880000,0x000000076f880000,0x0000000770300000)
 ParOldGen       total 71680K, used 5664K [0x00000006c0a00000, 0x00000006c5000000, 0x000000076ae00000)
  object space 71680K, 7% used [0x00000006c0a00000,0x00000006c0f88078,0x00000006c5000000)
 Metaspace       used 23108K, capacity 23552K, committed 23808K, reserved 1071104K
  class space    used 2882K, capacity 2979K, committed 3072K, reserved 1048576K
}

