# JRE version: Java(TM) SE Runtime Environment (8.0_202-b08) (build 1.8.0_202-b08)
# Java VM: Java HotSpot(TM) 64-Bit Server VM (25.202-b08 mixed mode windows-amd64 compressed oops)
Heap:
 PSYoungGen      total 65536K, used 2506K [0x000000076ae00000, 0x000000076fd00000, 0x00000007c0000000)
  eden space 64512K, 2% used [0x000000076ae00000,0x000000076af8d528,0x000000076ed00000)
  from space 1024K, 89% used [0x000000076ee00000,0x000000076eee53f8,0x000000076ef00000)
  to   space 8192K, 0% used [0x000000076f500000,0x000000076f500000,0x000000076fd00000)
 ParOldGen       total 97792K, used 5742K [0x00000006c0a00000, 0x00000006c6980000, 0x000000076ae00000)
  object space 97792K, 5% used [0x00000006c0a00000,0x00000006c0f9b9d8,0x00000006c6980000)
 Metaspace       used 22654K, capacity 23006K, committed 23296K, reserved 1069056K
  class space    used 2846K, capacity 2964K, committed 3072K, reserved 1048576K
GC Heap History (10 events):
Event: 7.208 GC heap before
{Heap before GC invocations=2 (full 0):
 PSYoungGen      total 76288K, used 42932K [0x000000076ae00000, 0x0000000770300000, 0x00000007c0000000)
  eden space 65536K, 56% used [0x000000076ae00000,0x000000076d1ece68,0x000000076ee00000)
  from space 10752K, 57% used [0x000000076ee00000,0x000000076f400590,0x000000076f880000)
  to   space 10752K, 0% used [0x000000076f880000,0x000000076f880000,0x0000000770300000)
 ParOldGen       total 175104K, used 16K [0x00000006c0a00000, 0x00000006cb500000, 0x000000076ae00000)
  object space 175104K, 0% used [0x00000006c0a00000,0x00000006c0a04000,0x00000006cb500000)
 Metaspace       used 20904K, capacity 21178K, committed 21248K, reserved 1067008K
  class space    used 2691K, capacity 2774K, committed 2816K, reserved 1048576K
Event: 7.213 GC heap after
Heap after GC invocations=2 (full 0):
 PSYoungGen      total 76288K, used 5873K [0x000000076ae00000, 0x0000000770300000, 0x00000007c0000000)
  eden space 65536K, 0% used [0x000000076ae00000,0x000000076ae00000,0x000000076ee00000)
  from space 10752K, 54% used [0x000000076f880000,0x000000076fe3c510,0x0000000770300000)
  to   space 10752K, 0% used [0x000000076ee00000,0x000000076ee00000,0x000000076f880000)
 ParOldGen       total 175104K, used 24K [0x00000006c0a00000, 0x00000006cb500000, 0x000000076ae00000)
  object space 175104K, 0% used [0x00000006c0a00000,0x00000006c0a06000,0x00000006cb500000)
 Metaspace       used 20904K, capacity 21178K, committed 21248K, reserved 1067008K
  class space    used 2691K, capacity 2774K, committed 2816K, reserved 1048576K
}
Event: 7.213 GC heap before
{Heap before GC invocations=3 (full 1):
 PSYoungGen      total 76288K, used 5873K [0x000000076ae00000, 0x0000000770300000, 0x00000007c0000000)
  eden space 65536K, 0% used [0x000000076ae00000,0x000000076ae00000,0x000000076ee00000)
  from space 10752K, 54% used [0x000000076f880000,0x000000076fe3c510,0x0000000770300000)
  to   space 10752K, 0% used [0x000000076ee00000,0x000000076ee00000,0x000000076f880000)
 ParOldGen       total 175104K, used 24K [0x00000006c0a00000, 0x00000006cb500000, 0x000000076ae00000)
  object space 175104K, 0% used [0x00000006c0a00000,0x00000006c0a06000,0x00000006cb500000)
 Metaspace       used 20904K, capacity 21178K, committed 21248K, reserved 1067008K
  class space    used 2691K, capacity 2774K, committed 2816K, reserved 1048576K
Event: 7.243 GC heap after
Heap after GC invocations=3 (full 1):
 PSYoungGen      total 76288K, used 0K [0x000000076ae00000, 0x0000000770300000, 0x00000007c0000000)
  eden space 65536K, 0% used [0x000000076ae00000,0x000000076ae00000,0x000000076ee00000)
  from space 10752K, 0% used [0x000000076f880000,0x000000076f880000,0x0000000770300000)
  to   space 10752K, 0% used [0x000000076ee00000,0x000000076ee00000,0x000000076f880000)
 ParOldGen       total 97792K, used 5726K [0x00000006c0a00000, 0x00000006c6980000, 0x000000076ae00000)
  object space 97792K, 5% used [0x00000006c0a00000,0x00000006c0f979d8,0x00000006c6980000)
 Metaspace       used 20904K, capacity 21178K, committed 21248K, reserved 1067008K
  class space    used 2691K, capacity 2774K, committed 2816K, reserved 1048576K
}
Event: 8.263 GC heap before
{Heap before GC invocations=4 (full 1):
 PSYoungGen      total 76288K, used 65536K [0x000000076ae00000, 0x0000000770300000, 0x00000007c0000000)
  eden space 65536K, 100% used [0x000000076ae00000,0x000000076ee00000,0x000000076ee00000)
  from space 10752K, 0% used [0x000000076f880000,0x000000076f880000,0x0000000770300000)
  to   space 10752K, 0% used [0x000000076ee00000,0x000000076ee00000,0x000000076f880000)
 ParOldGen       total 97792K, used 5726K [0x00000006c0a00000, 0x00000006c6980000, 0x000000076ae00000)
  object space 97792K, 5% used [0x00000006c0a00000,0x00000006c0f979d8,0x00000006c6980000)
 Metaspace       used 20991K, capacity 21336K, committed 21504K, reserved 1069056K
  class space    used 2703K, capacity 2789K, committed 2816K, reserved 1048576K
Event: 8.264 GC heap after
Heap after GC invocations=4 (full 1):
 PSYoungGen      total 76288K, used 160K [0x000000076ae00000, 0x0000000770300000, 0x00000007c0000000)
  eden space 65536K, 0% used [0x000000076ae00000,0x000000076ae00000,0x000000076ee00000)
  from space 10752K, 1% used [0x000000076ee00000,0x000000076ee28000,0x000000076f880000)
  to   space 10752K, 0% used [0x000000076f880000,0x000000076f880000,0x0000000770300000)
 ParOldGen       total 97792K, used 5726K [0x00000006c0a00000, 0x00000006c6980000, 0x000000076ae00000)
  object space 97792K, 5% used [0x00000006c0a00000,0x00000006c0f979d8,0x00000006c6980000)
 Metaspace       used 20991K, capacity 21336K, committed 21504K, reserved 1069056K
  class space    used 2703K, capacity 2789K, committed 2816K, reserved 1048576K
}
Event: 8.799 GC heap before
{Heap before GC invocations=5 (full 1):
 PSYoungGen      total 76288K, used 65013K [0x000000076ae00000, 0x0000000770300000, 0x00000007c0000000)
  eden space 65536K, 98% used [0x000000076ae00000,0x000000076ed55748,0x000000076ee00000)
  from space 10752K, 1% used [0x000000076ee00000,0x000000076ee28000,0x000000076f880000)
  to   space 10752K, 0% used [0x000000076f880000,0x000000076f880000,0x0000000770300000)
 ParOldGen       total 97792K, used 5726K [0x00000006c0a00000, 0x00000006c6980000, 0x000000076ae00000)
  object space 97792K, 5% used [0x00000006c0a00000,0x00000006c0f979d8,0x00000006c6980000)
 Metaspace       used 20993K, capacity 21336K, committed 21504K, reserved 1069056K
  class space    used 2703K, capacity 2789K, committed 2816K, reserved 1048576K
Event: 8.799 GC heap after
Heap after GC invocations=5 (full 1):
 PSYoungGen      total 76288K, used 128K [0x000000076ae00000, 0x0000000770300000, 0x00000007c0000000)
  eden space 65536K, 0% used [0x000000076ae00000,0x000000076ae00000,0x000000076ee00000)
  from space 10752K, 1% used [0x000000076f880000,0x000000076f8a0000,0x0000000770300000)
  to   space 10752K, 0% used [0x000000076ee00000,0x000000076ee00000,0x000000076f880000)
 ParOldGen       total 97792K, used 5734K [0x00000006c0a00000, 0x00000006c6980000, 0x000000076ae00000)
  object space 97792K, 5% used [0x00000006c0a00000,0x00000006c0f999d8,0x00000006c6980000)
 Metaspace       used 20993K, capacity 21336K, committed 21504K, reserved 1069056K
  class space    used 2703K, capacity 2789K, committed 2816K, reserved 1048576K
}
Event: 9.262 GC heap before
{Heap before GC invocations=6 (full 1):
 PSYoungGen      total 76288K, used 65664K [0x000000076ae00000, 0x0000000770300000, 0x00000007c0000000)
  eden space 65536K, 100% used [0x000000076ae00000,0x000000076ee00000,0x000000076ee00000)
  from space 10752K, 1% used [0x000000076f880000,0x000000076f8a0000,0x0000000770300000)
  to   space 10752K, 0% used [0x000000076ee00000,0x000000076ee00000,0x000000076f880000)
 ParOldGen       total 97792K, used 5734K [0x00000006c0a00000, 0x00000006c6980000, 0x000000076ae00000)
  object space 97792K, 5% used [0x00000006c0a00000,0x00000006c0f999d8,0x00000006c6980000)
 Metaspace       used 22654K, capacity 23006K, committed 23296K, reserved 1069056K
  class space    used 2846K, capacity 2964K, committed 3072K, reserved 1048576K
Event: 9.262 GC heap after
Heap after GC invocations=6 (full 1):
 PSYoungGen      total 65536K, used 916K [0x000000076ae00000, 0x000000076fd00000, 0x00000007c0000000)
  eden space 64512K, 0% used [0x000000076ae00000,0x000000076ae00000,0x000000076ed00000)
  from space 1024K, 89% used [0x000000076ee00000,0x000000076eee53f8,0x000000076ef00000)
  to   space 8192K, 0% used [0x000000076f500000,0x000000076f500000,0x000000076fd00000)
 ParOldGen       total 97792K, used 5742K [0x00000006c0a00000, 0x00000006c6980000, 0x000000076ae00000)
  object space 97792K, 5% used [0x00000006c0a00000,0x00000006c0f9b9d8,0x00000006c6980000)
 Metaspace       used 22654K, capacity 23006K, committed 23296K, reserved 1069056K
  class space    used 2846K, capacity 2964K, committed 3072K, reserved 1048576K
}

