# JRE version: Java(TM) SE Runtime Environment (8.0_202-b08) (build 1.8.0_202-b08)
# Java VM: Java HotSpot(TM) 64-Bit Server VM (25.202-b08 mixed mode windows-amd64 compressed oops)
Heap:
 PSYoungGen      total 64512K, used 2551K [0x000000076ae00000, 0x000000076fd80000, 0x00000007c0000000)
  eden space 64000K, 3% used [0x000000076ae00000,0x000000076b025d58,0x000000076ec80000)
  from space 512K, 68% used [0x000000076ee00000,0x000000076ee58000,0x000000076ee80000)
  to   space 8704K, 0% used [0x000000076f500000,0x000000076f500000,0x000000076fd80000)
 ParOldGen       total 71168K, used 5545K [0x00000006c0a00000, 0x00000006c4f80000, 0x000000076ae00000)
  object space 71168K, 7% used [0x00000006c0a00000,0x00000006c0f6a500,0x00000006c4f80000)
 Metaspace       used 22654K, capacity 23058K, committed 23296K, reserved 1069056K
  class space    used 2855K, capacity 2964K, committed 3072K, reserved 1048576K
GC Heap History (10 events):
Event: 6.114 GC heap before
{Heap before GC invocations=2 (full 0):
 PSYoungGen      total 76288K, used 44929K [0x000000076ae00000, 0x0000000770300000, 0x00000007c0000000)
  eden space 65536K, 58% used [0x000000076ae00000,0x000000076d36ba98,0x000000076ee00000)
  from space 10752K, 61% used [0x000000076ee00000,0x000000076f474d58,0x000000076f880000)
  to   space 10752K, 0% used [0x000000076f880000,0x000000076f880000,0x0000000770300000)
 ParOldGen       total 175104K, used 16K [0x00000006c0a00000, 0x00000006cb500000, 0x000000076ae00000)
  object space 175104K, 0% used [0x00000006c0a00000,0x00000006c0a04000,0x00000006cb500000)
 Metaspace       used 20891K, capacity 21166K, committed 21248K, reserved 1067008K
  class space    used 2700K, capacity 2774K, committed 2816K, reserved 1048576K
Event: 6.118 GC heap after
Heap after GC invocations=2 (full 0):
 PSYoungGen      total 76288K, used 5680K [0x000000076ae00000, 0x0000000770300000, 0x00000007c0000000)
  eden space 65536K, 0% used [0x000000076ae00000,0x000000076ae00000,0x000000076ee00000)
  from space 10752K, 52% used [0x000000076f880000,0x000000076fe0c100,0x0000000770300000)
  to   space 10752K, 0% used [0x000000076ee00000,0x000000076ee00000,0x000000076f880000)
 ParOldGen       total 175104K, used 32K [0x00000006c0a00000, 0x00000006cb500000, 0x000000076ae00000)
  object space 175104K, 0% used [0x00000006c0a00000,0x00000006c0a08000,0x00000006cb500000)
 Metaspace       used 20891K, capacity 21166K, committed 21248K, reserved 1067008K
  class space    used 2700K, capacity 2774K, committed 2816K, reserved 1048576K
}
Event: 6.118 GC heap before
{Heap before GC invocations=3 (full 1):
 PSYoungGen      total 76288K, used 5680K [0x000000076ae00000, 0x0000000770300000, 0x00000007c0000000)
  eden space 65536K, 0% used [0x000000076ae00000,0x000000076ae00000,0x000000076ee00000)
  from space 10752K, 52% used [0x000000076f880000,0x000000076fe0c100,0x0000000770300000)
  to   space 10752K, 0% used [0x000000076ee00000,0x000000076ee00000,0x000000076f880000)
 ParOldGen       total 175104K, used 32K [0x00000006c0a00000, 0x00000006cb500000, 0x000000076ae00000)
  object space 175104K, 0% used [0x00000006c0a00000,0x00000006c0a08000,0x00000006cb500000)
 Metaspace       used 20891K, capacity 21166K, committed 21248K, reserved 1067008K
  class space    used 2700K, capacity 2774K, committed 2816K, reserved 1048576K
Event: 6.136 GC heap after
Heap after GC invocations=3 (full 1):
 PSYoungGen      total 76288K, used 0K [0x000000076ae00000, 0x0000000770300000, 0x00000007c0000000)
  eden space 65536K, 0% used [0x000000076ae00000,0x000000076ae00000,0x000000076ee00000)
  from space 10752K, 0% used [0x000000076f880000,0x000000076f880000,0x0000000770300000)
  to   space 10752K, 0% used [0x000000076ee00000,0x000000076ee00000,0x000000076f880000)
 ParOldGen       total 71168K, used 5529K [0x00000006c0a00000, 0x00000006c4f80000, 0x000000076ae00000)
  object space 71168K, 7% used [0x00000006c0a00000,0x00000006c0f66500,0x00000006c4f80000)
 Metaspace       used 20891K, capacity 21166K, committed 21248K, reserved 1067008K
  class space    used 2700K, capacity 2774K, committed 2816K, reserved 1048576K
}
Event: 7.031 GC heap before
{Heap before GC invocations=4 (full 1):
 PSYoungGen      total 76288K, used 65536K [0x000000076ae00000, 0x0000000770300000, 0x00000007c0000000)
  eden space 65536K, 100% used [0x000000076ae00000,0x000000076ee00000,0x000000076ee00000)
  from space 10752K, 0% used [0x000000076f880000,0x000000076f880000,0x0000000770300000)
  to   space 10752K, 0% used [0x000000076ee00000,0x000000076ee00000,0x000000076f880000)
 ParOldGen       total 71168K, used 5529K [0x00000006c0a00000, 0x00000006c4f80000, 0x000000076ae00000)
  object space 71168K, 7% used [0x00000006c0a00000,0x00000006c0f66500,0x00000006c4f80000)
 Metaspace       used 20977K, capacity 21356K, committed 21632K, reserved 1069056K
  class space    used 2712K, capacity 2821K, committed 2944K, reserved 1048576K
Event: 7.032 GC heap after
Heap after GC invocations=4 (full 1):
 PSYoungGen      total 76288K, used 192K [0x000000076ae00000, 0x0000000770300000, 0x00000007c0000000)
  eden space 65536K, 0% used [0x000000076ae00000,0x000000076ae00000,0x000000076ee00000)
  from space 10752K, 1% used [0x000000076ee00000,0x000000076ee30000,0x000000076f880000)
  to   space 10752K, 0% used [0x000000076f880000,0x000000076f880000,0x0000000770300000)
 ParOldGen       total 71168K, used 5537K [0x00000006c0a00000, 0x00000006c4f80000, 0x000000076ae00000)
  object space 71168K, 7% used [0x00000006c0a00000,0x00000006c0f68500,0x00000006c4f80000)
 Metaspace       used 20977K, capacity 21356K, committed 21632K, reserved 1069056K
  class space    used 2712K, capacity 2821K, committed 2944K, reserved 1048576K
}
Event: 7.836 GC heap before
{Heap before GC invocations=5 (full 1):
 PSYoungGen      total 76288K, used 65728K [0x000000076ae00000, 0x0000000770300000, 0x00000007c0000000)
  eden space 65536K, 100% used [0x000000076ae00000,0x000000076ee00000,0x000000076ee00000)
  from space 10752K, 1% used [0x000000076ee00000,0x000000076ee30000,0x000000076f880000)
  to   space 10752K, 0% used [0x000000076f880000,0x000000076f880000,0x0000000770300000)
 ParOldGen       total 71168K, used 5537K [0x00000006c0a00000, 0x00000006c4f80000, 0x000000076ae00000)
  object space 71168K, 7% used [0x00000006c0a00000,0x00000006c0f68500,0x00000006c4f80000)
 Metaspace       used 22504K, capacity 22916K, committed 23040K, reserved 1069056K
  class space    used 2834K, capacity 2957K, committed 3072K, reserved 1048576K
Event: 7.837 GC heap after
Heap after GC invocations=5 (full 1):
 PSYoungGen      total 76288K, used 916K [0x000000076ae00000, 0x0000000770300000, 0x00000007c0000000)
  eden space 65536K, 0% used [0x000000076ae00000,0x000000076ae00000,0x000000076ee00000)
  from space 10752K, 8% used [0x000000076f880000,0x000000076f965368,0x0000000770300000)
  to   space 10752K, 0% used [0x000000076ee00000,0x000000076ee00000,0x000000076f880000)
 ParOldGen       total 71168K, used 5537K [0x00000006c0a00000, 0x00000006c4f80000, 0x000000076ae00000)
  object space 71168K, 7% used [0x00000006c0a00000,0x00000006c0f68500,0x00000006c4f80000)
 Metaspace       used 22504K, capacity 22916K, committed 23040K, reserved 1069056K
  class space    used 2834K, capacity 2957K, committed 3072K, reserved 1048576K
}
Event: 8.160 GC heap before
{Heap before GC invocations=6 (full 1):
 PSYoungGen      total 76288K, used 66452K [0x000000076ae00000, 0x0000000770300000, 0x00000007c0000000)
  eden space 65536K, 100% used [0x000000076ae00000,0x000000076ee00000,0x000000076ee00000)
  from space 10752K, 8% used [0x000000076f880000,0x000000076f965368,0x0000000770300000)
  to   space 10752K, 0% used [0x000000076ee00000,0x000000076ee00000,0x000000076f880000)
 ParOldGen       total 71168K, used 5537K [0x00000006c0a00000, 0x00000006c4f80000, 0x000000076ae00000)
  object space 71168K, 7% used [0x00000006c0a00000,0x00000006c0f68500,0x00000006c4f80000)
 Metaspace       used 22653K, capacity 23058K, committed 23296K, reserved 1069056K
  class space    used 2855K, capacity 2964K, committed 3072K, reserved 1048576K
Event: 8.160 GC heap after
Heap after GC invocations=6 (full 1):
 PSYoungGen      total 64512K, used 352K [0x000000076ae00000, 0x000000076fd80000, 0x00000007c0000000)
  eden space 64000K, 0% used [0x000000076ae00000,0x000000076ae00000,0x000000076ec80000)
  from space 512K, 68% used [0x000000076ee00000,0x000000076ee58000,0x000000076ee80000)
  to   space 8704K, 0% used [0x000000076f500000,0x000000076f500000,0x000000076fd80000)
 ParOldGen       total 71168K, used 5545K [0x00000006c0a00000, 0x00000006c4f80000, 0x000000076ae00000)
  object space 71168K, 7% used [0x00000006c0a00000,0x00000006c0f6a500,0x00000006c4f80000)
 Metaspace       used 22653K, capacity 23058K, committed 23296K, reserved 1069056K
  class space    used 2855K, capacity 2964K, committed 3072K, reserved 1048576K
}

