# JRE version: Java(TM) SE Runtime Environment (8.0_201-b09) (build 1.8.0_201-b09)
# Java VM: Java HotSpot(TM) 64-Bit Server VM (25.201-b09 mixed mode windows-amd64 compressed oops)
Heap:
 PSYoungGen      total 38400K, used 5878K [0x00000000d5f00000, 0x00000000d8980000, 0x0000000100000000)
  eden space 33280K, 13% used [0x00000000d5f00000,0x00000000d638c738,0x00000000d7f80000)
  from space 5120K, 23% used [0x00000000d8480000,0x00000000d85b12d8,0x00000000d8980000)
  to   space 5120K, 0% used [0x00000000d7f80000,0x00000000d7f80000,0x00000000d8480000)
 ParOldGen       total 80384K, used 11540K [0x0000000081c00000, 0x0000000086a80000, 0x00000000d5f00000)
  object space 80384K, 14% used [0x0000000081c00000,0x0000000082745110,0x0000000086a80000)
 Metaspace       used 22755K, capacity 23120K, committed 23168K, reserved 1069056K
  class space    used 2816K, capacity 2939K, committed 2944K, reserved 1048576K
GC Heap History (10 events):
Event: 3.801 GC heap before
{Heap before GC invocations=1 (full 0):
 PSYoungGen      total 38400K, used 33280K [0x00000000d5f00000, 0x00000000d8980000, 0x0000000100000000)
  eden space 33280K, 100% used [0x00000000d5f00000,0x00000000d7f80000,0x00000000d7f80000)
  from space 5120K, 0% used [0x00000000d8480000,0x00000000d8480000,0x00000000d8980000)
  to   space 5120K, 0% used [0x00000000d7f80000,0x00000000d7f80000,0x00000000d8480000)
 ParOldGen       total 87552K, used 0K [0x0000000081c00000, 0x0000000087180000, 0x00000000d5f00000)
  object space 87552K, 0% used [0x0000000081c00000,0x0000000081c00000,0x0000000087180000)
 Metaspace       used 13351K, capacity 13590K, committed 13824K, reserved 1060864K
  class space    used 1637K, capacity 1710K, committed 1792K, reserved 1048576K
Event: 3.819 GC heap after
Heap after GC invocations=1 (full 0):
 PSYoungGen      total 38400K, used 3612K [0x00000000d5f00000, 0x00000000d8980000, 0x0000000100000000)
  eden space 33280K, 0% used [0x00000000d5f00000,0x00000000d5f00000,0x00000000d7f80000)
  from space 5120K, 70% used [0x00000000d7f80000,0x00000000d83071f0,0x00000000d8480000)
  to   space 5120K, 0% used [0x00000000d8480000,0x00000000d8480000,0x00000000d8980000)
 ParOldGen       total 87552K, used 14769K [0x0000000081c00000, 0x0000000087180000, 0x00000000d5f00000)
  object space 87552K, 16% used [0x0000000081c00000,0x0000000082a6c7d0,0x0000000087180000)
 Metaspace       used 13351K, capacity 13590K, committed 13824K, reserved 1060864K
  class space    used 1637K, capacity 1710K, committed 1792K, reserved 1048576K
}
Event: 10.682 GC heap before
{Heap before GC invocations=2 (full 0):
 PSYoungGen      total 38400K, used 36151K [0x00000000d5f00000, 0x00000000d8980000, 0x0000000100000000)
  eden space 33280K, 97% used [0x00000000d5f00000,0x00000000d7ec6c68,0x00000000d7f80000)
  from space 5120K, 70% used [0x00000000d7f80000,0x00000000d83071f0,0x00000000d8480000)
  to   space 5120K, 0% used [0x00000000d8480000,0x00000000d8480000,0x00000000d8980000)
 ParOldGen       total 87552K, used 14769K [0x0000000081c00000, 0x0000000087180000, 0x00000000d5f00000)
  object space 87552K, 16% used [0x0000000081c00000,0x0000000082a6c7d0,0x0000000087180000)
 Metaspace       used 19555K, capacity 19800K, committed 20096K, reserved 1067008K
  class space    used 2487K, capacity 2573K, committed 2688K, reserved 1048576K
Event: 10.694 GC heap after
Heap after GC invocations=2 (full 0):
 PSYoungGen      total 38400K, used 5099K [0x00000000d5f00000, 0x00000000d8980000, 0x0000000100000000)
  eden space 33280K, 0% used [0x00000000d5f00000,0x00000000d5f00000,0x00000000d7f80000)
  from space 5120K, 99% used [0x00000000d8480000,0x00000000d897ada0,0x00000000d8980000)
  to   space 5120K, 0% used [0x00000000d7f80000,0x00000000d7f80000,0x00000000d8480000)
 ParOldGen       total 87552K, used 17027K [0x0000000081c00000, 0x0000000087180000, 0x00000000d5f00000)
  object space 87552K, 19% used [0x0000000081c00000,0x0000000082ca0ee8,0x0000000087180000)
 Metaspace       used 19555K, capacity 19800K, committed 20096K, reserved 1067008K
  class space    used 2487K, capacity 2573K, committed 2688K, reserved 1048576K
}
Event: 12.397 GC heap before
{Heap before GC invocations=3 (full 0):
 PSYoungGen      total 38400K, used 29188K [0x00000000d5f00000, 0x00000000d8980000, 0x0000000100000000)
  eden space 33280K, 72% used [0x00000000d5f00000,0x00000000d7686420,0x00000000d7f80000)
  from space 5120K, 99% used [0x00000000d8480000,0x00000000d897ada0,0x00000000d8980000)
  to   space 5120K, 0% used [0x00000000d7f80000,0x00000000d7f80000,0x00000000d8480000)
 ParOldGen       total 87552K, used 17027K [0x0000000081c00000, 0x0000000087180000, 0x00000000d5f00000)
  object space 87552K, 19% used [0x0000000081c00000,0x0000000082ca0ee8,0x0000000087180000)
 Metaspace       used 20808K, capacity 21146K, committed 21248K, reserved 1067008K
  class space    used 2623K, capacity 2748K, committed 2816K, reserved 1048576K
Event: 12.411 GC heap after
Heap after GC invocations=3 (full 0):
 PSYoungGen      total 38400K, used 5108K [0x00000000d5f00000, 0x00000000d8980000, 0x0000000100000000)
  eden space 33280K, 0% used [0x00000000d5f00000,0x00000000d5f00000,0x00000000d7f80000)
  from space 5120K, 99% used [0x00000000d7f80000,0x00000000d847d170,0x00000000d8480000)
  to   space 5120K, 0% used [0x00000000d8480000,0x00000000d8480000,0x00000000d8980000)
 ParOldGen       total 87552K, used 18647K [0x0000000081c00000, 0x0000000087180000, 0x00000000d5f00000)
  object space 87552K, 21% used [0x0000000081c00000,0x0000000082e35c90,0x0000000087180000)
 Metaspace       used 20808K, capacity 21146K, committed 21248K, reserved 1067008K
  class space    used 2623K, capacity 2748K, committed 2816K, reserved 1048576K
}
Event: 12.411 GC heap before
{Heap before GC invocations=4 (full 1):
 PSYoungGen      total 38400K, used 5108K [0x00000000d5f00000, 0x00000000d8980000, 0x0000000100000000)
  eden space 33280K, 0% used [0x00000000d5f00000,0x00000000d5f00000,0x00000000d7f80000)
  from space 5120K, 99% used [0x00000000d7f80000,0x00000000d847d170,0x00000000d8480000)
  to   space 5120K, 0% used [0x00000000d8480000,0x00000000d8480000,0x00000000d8980000)
 ParOldGen       total 87552K, used 18647K [0x0000000081c00000, 0x0000000087180000, 0x00000000d5f00000)
  object space 87552K, 21% used [0x0000000081c00000,0x0000000082e35c90,0x0000000087180000)
 Metaspace       used 20808K, capacity 21146K, committed 21248K, reserved 1067008K
  class space    used 2623K, capacity 2748K, committed 2816K, reserved 1048576K
Event: 12.482 GC heap after
Heap after GC invocations=4 (full 1):
 PSYoungGen      total 38400K, used 0K [0x00000000d5f00000, 0x00000000d8980000, 0x0000000100000000)
  eden space 33280K, 0% used [0x00000000d5f00000,0x00000000d5f00000,0x00000000d7f80000)
  from space 5120K, 0% used [0x00000000d7f80000,0x00000000d7f80000,0x00000000d8480000)
  to   space 5120K, 0% used [0x00000000d8480000,0x00000000d8480000,0x00000000d8980000)
 ParOldGen       total 80384K, used 11532K [0x0000000081c00000, 0x0000000086a80000, 0x00000000d5f00000)
  object space 80384K, 14% used [0x0000000081c00000,0x0000000082743110,0x0000000086a80000)
 Metaspace       used 20808K, capacity 21146K, committed 21248K, reserved 1067008K
  class space    used 2623K, capacity 2748K, committed 2816K, reserved 1048576K
}
Event: 24.713 GC heap before
{Heap before GC invocations=5 (full 1):
 PSYoungGen      total 38400K, used 30925K [0x00000000d5f00000, 0x00000000d8980000, 0x0000000100000000)
  eden space 33280K, 92% used [0x00000000d5f00000,0x00000000d7d334c0,0x00000000d7f80000)
  from space 5120K, 0% used [0x00000000d7f80000,0x00000000d7f80000,0x00000000d8480000)
  to   space 5120K, 0% used [0x00000000d8480000,0x00000000d8480000,0x00000000d8980000)
 ParOldGen       total 80384K, used 11532K [0x0000000081c00000, 0x0000000086a80000, 0x00000000d5f00000)
  object space 80384K, 14% used [0x0000000081c00000,0x0000000082743110,0x0000000086a80000)
 Metaspace       used 22755K, capacity 23120K, committed 23168K, reserved 1069056K
  class space    used 2816K, capacity 2939K, committed 2944K, reserved 1048576K
Event: 24.716 GC heap after
Heap after GC invocations=5 (full 1):
 PSYoungGen      total 38400K, used 1220K [0x00000000d5f00000, 0x00000000d8980000, 0x0000000100000000)
  eden space 33280K, 0% used [0x00000000d5f00000,0x00000000d5f00000,0x00000000d7f80000)
  from space 5120K, 23% used [0x00000000d8480000,0x00000000d85b12d8,0x00000000d8980000)
  to   space 5120K, 0% used [0x00000000d7f80000,0x00000000d7f80000,0x00000000d8480000)
 ParOldGen       total 80384K, used 11540K [0x0000000081c00000, 0x0000000086a80000, 0x00000000d5f00000)
  object space 80384K, 14% used [0x0000000081c00000,0x0000000082745110,0x0000000086a80000)
 Metaspace       used 22755K, capacity 23120K, committed 23168K, reserved 1069056K
  class space    used 2816K, capacity 2939K, committed 2944K, reserved 1048576K
}

