# JRE version: Java(TM) SE Runtime Environment (8.0_202-b08) (build 1.8.0_202-b08)
# Java VM: Java HotSpot(TM) 64-Bit Server VM (25.202-b08 mixed mode windows-amd64 compressed oops)
Heap:
 PSYoungGen      total 69120K, used 2245K [0x000000076ae00000, 0x000000076fb00000, 0x00000007c0000000)
  eden space 61440K, 3% used [0x000000076ae00000,0x000000076afd95c8,0x000000076ea00000)
  from space 7680K, 4% used [0x000000076f380000,0x000000076f3d8000,0x000000076fb00000)
  to   space 8704K, 0% used [0x000000076ea00000,0x000000076ea00000,0x000000076f280000)
 ParOldGen       total 84480K, used 5160K [0x00000006c0a00000, 0x00000006c5c80000, 0x000000076ae00000)
  object space 84480K, 6% used [0x00000006c0a00000,0x00000006c0f0a260,0x00000006c5c80000)
 Metaspace       used 22609K, capacity 22942K, committed 23088K, reserved 1069056K
  class space    used 2845K, capacity 2966K, committed 3072K, reserved 1048576K
GC Heap History (10 events):
Event: 6.979 GC heap before
{Heap before GC invocations=5 (full 1):
 PSYoungGen      total 76288K, used 5248K [0x000000076ae00000, 0x0000000770300000, 0x00000007c0000000)
  eden space 65536K, 0% used [0x000000076ae00000,0x000000076ae00000,0x000000076ee00000)
  from space 10752K, 48% used [0x000000076f880000,0x000000076fda00f0,0x0000000770300000)
  to   space 10752K, 0% used [0x000000076ee00000,0x000000076ee00000,0x000000076f880000)
 ParOldGen       total 175104K, used 48K [0x00000006c0a00000, 0x00000006cb500000, 0x000000076ae00000)
  object space 175104K, 0% used [0x00000006c0a00000,0x00000006c0a0c000,0x00000006cb500000)
 Metaspace       used 20940K, capacity 21228K, committed 21296K, reserved 1069056K
  class space    used 2697K, capacity 2783K, committed 2816K, reserved 1048576K
Event: 6.995 GC heap after
Heap after GC invocations=5 (full 1):
 PSYoungGen      total 76288K, used 0K [0x000000076ae00000, 0x0000000770300000, 0x00000007c0000000)
  eden space 65536K, 0% used [0x000000076ae00000,0x000000076ae00000,0x000000076ee00000)
  from space 10752K, 0% used [0x000000076f880000,0x000000076f880000,0x0000000770300000)
  to   space 10752K, 0% used [0x000000076ee00000,0x000000076ee00000,0x000000076f880000)
 ParOldGen       total 84480K, used 5152K [0x00000006c0a00000, 0x00000006c5c80000, 0x000000076ae00000)
  object space 84480K, 6% used [0x00000006c0a00000,0x00000006c0f08260,0x00000006c5c80000)
 Metaspace       used 20940K, capacity 21228K, committed 21296K, reserved 1069056K
  class space    used 2697K, capacity 2783K, committed 2816K, reserved 1048576K
}
Event: 7.389 GC heap before
{Heap before GC invocations=6 (full 1):
 PSYoungGen      total 76288K, used 65536K [0x000000076ae00000, 0x0000000770300000, 0x00000007c0000000)
  eden space 65536K, 100% used [0x000000076ae00000,0x000000076ee00000,0x000000076ee00000)
  from space 10752K, 0% used [0x000000076f880000,0x000000076f880000,0x0000000770300000)
  to   space 10752K, 0% used [0x000000076ee00000,0x000000076ee00000,0x000000076f880000)
 ParOldGen       total 84480K, used 5152K [0x00000006c0a00000, 0x00000006c5c80000, 0x000000076ae00000)
  object space 84480K, 6% used [0x00000006c0a00000,0x00000006c0f08260,0x00000006c5c80000)
 Metaspace       used 20967K, capacity 21334K, committed 21552K, reserved 1069056K
  class space    used 2702K, capacity 2790K, committed 2816K, reserved 1048576K
Event: 7.389 GC heap after
Heap after GC invocations=6 (full 1):
 PSYoungGen      total 65024K, used 160K [0x000000076ae00000, 0x000000076fd00000, 0x00000007c0000000)
  eden space 64512K, 0% used [0x000000076ae00000,0x000000076ae00000,0x000000076ed00000)
  from space 512K, 31% used [0x000000076ee00000,0x000000076ee28000,0x000000076ee80000)
  to   space 8192K, 0% used [0x000000076f500000,0x000000076f500000,0x000000076fd00000)
 ParOldGen       total 84480K, used 5160K [0x00000006c0a00000, 0x00000006c5c80000, 0x000000076ae00000)
  object space 84480K, 6% used [0x00000006c0a00000,0x00000006c0f0a260,0x00000006c5c80000)
 Metaspace       used 20967K, capacity 21334K, committed 21552K, reserved 1069056K
  class space    used 2702K, capacity 2790K, committed 2816K, reserved 1048576K
}
Event: 7.652 GC heap before
{Heap before GC invocations=7 (full 1):
 PSYoungGen      total 65024K, used 64672K [0x000000076ae00000, 0x000000076fd00000, 0x00000007c0000000)
  eden space 64512K, 100% used [0x000000076ae00000,0x000000076ed00000,0x000000076ed00000)
  from space 512K, 31% used [0x000000076ee00000,0x000000076ee28000,0x000000076ee80000)
  to   space 8192K, 0% used [0x000000076f500000,0x000000076f500000,0x000000076fd00000)
 ParOldGen       total 84480K, used 5160K [0x00000006c0a00000, 0x00000006c5c80000, 0x000000076ae00000)
  object space 84480K, 6% used [0x00000006c0a00000,0x00000006c0f0a260,0x00000006c5c80000)
 Metaspace       used 20967K, capacity 21334K, committed 21552K, reserved 1069056K
  class space    used 2702K, capacity 2790K, committed 2816K, reserved 1048576K
Event: 7.653 GC heap after
Heap after GC invocations=7 (full 1):
 PSYoungGen      total 71680K, used 128K [0x000000076ae00000, 0x000000076fd00000, 0x00000007c0000000)
  eden space 63488K, 0% used [0x000000076ae00000,0x000000076ae00000,0x000000076ec00000)
  from space 8192K, 1% used [0x000000076f500000,0x000000076f520000,0x000000076fd00000)
  to   space 8704K, 0% used [0x000000076ec00000,0x000000076ec00000,0x000000076f480000)
 ParOldGen       total 84480K, used 5160K [0x00000006c0a00000, 0x00000006c5c80000, 0x000000076ae00000)
  object space 84480K, 6% used [0x00000006c0a00000,0x00000006c0f0a260,0x00000006c5c80000)
 Metaspace       used 20967K, capacity 21334K, committed 21552K, reserved 1069056K
  class space    used 2702K, capacity 2790K, committed 2816K, reserved 1048576K
}
Event: 8.013 GC heap before
{Heap before GC invocations=8 (full 1):
 PSYoungGen      total 71680K, used 63616K [0x000000076ae00000, 0x000000076fd00000, 0x00000007c0000000)
  eden space 63488K, 100% used [0x000000076ae00000,0x000000076ec00000,0x000000076ec00000)
  from space 8192K, 1% used [0x000000076f500000,0x000000076f520000,0x000000076fd00000)
  to   space 8704K, 0% used [0x000000076ec00000,0x000000076ec00000,0x000000076f480000)
 ParOldGen       total 84480K, used 5160K [0x00000006c0a00000, 0x00000006c5c80000, 0x000000076ae00000)
  object space 84480K, 6% used [0x00000006c0a00000,0x00000006c0f0a260,0x00000006c5c80000)
 Metaspace       used 22328K, capacity 22702K, committed 22960K, reserved 1069056K
  class space    used 2808K, capacity 2926K, committed 2944K, reserved 1048576K
Event: 8.014 GC heap after
Heap after GC invocations=8 (full 1):
 PSYoungGen      total 63488K, used 714K [0x000000076ae00000, 0x000000076fc00000, 0x00000007c0000000)
  eden space 62464K, 0% used [0x000000076ae00000,0x000000076ae00000,0x000000076eb00000)
  from space 1024K, 69% used [0x000000076ec00000,0x000000076ecb2ac0,0x000000076ed00000)
  to   space 8704K, 0% used [0x000000076f380000,0x000000076f380000,0x000000076fc00000)
 ParOldGen       total 84480K, used 5160K [0x00000006c0a00000, 0x00000006c5c80000, 0x000000076ae00000)
  object space 84480K, 6% used [0x00000006c0a00000,0x00000006c0f0a260,0x00000006c5c80000)
 Metaspace       used 22328K, capacity 22702K, committed 22960K, reserved 1069056K
  class space    used 2808K, capacity 2926K, committed 2944K, reserved 1048576K
}
Event: 8.345 GC heap before
{Heap before GC invocations=9 (full 1):
 PSYoungGen      total 63488K, used 63178K [0x000000076ae00000, 0x000000076fc00000, 0x00000007c0000000)
  eden space 62464K, 100% used [0x000000076ae00000,0x000000076eb00000,0x000000076eb00000)
  from space 1024K, 69% used [0x000000076ec00000,0x000000076ecb2ac0,0x000000076ed00000)
  to   space 8704K, 0% used [0x000000076f380000,0x000000076f380000,0x000000076fc00000)
 ParOldGen       total 84480K, used 5160K [0x00000006c0a00000, 0x00000006c5c80000, 0x000000076ae00000)
  object space 84480K, 6% used [0x00000006c0a00000,0x00000006c0f0a260,0x00000006c5c80000)
 Metaspace       used 22609K, capacity 22942K, committed 23088K, reserved 1069056K
  class space    used 2845K, capacity 2966K, committed 3072K, reserved 1048576K
Event: 8.346 GC heap after
Heap after GC invocations=9 (full 1):
 PSYoungGen      total 69120K, used 352K [0x000000076ae00000, 0x000000076fb00000, 0x00000007c0000000)
  eden space 61440K, 0% used [0x000000076ae00000,0x000000076ae00000,0x000000076ea00000)
  from space 7680K, 4% used [0x000000076f380000,0x000000076f3d8000,0x000000076fb00000)
  to   space 8704K, 0% used [0x000000076ea00000,0x000000076ea00000,0x000000076f280000)
 ParOldGen       total 84480K, used 5160K [0x00000006c0a00000, 0x00000006c5c80000, 0x000000076ae00000)
  object space 84480K, 6% used [0x00000006c0a00000,0x00000006c0f0a260,0x00000006c5c80000)
 Metaspace       used 22609K, capacity 22942K, committed 23088K, reserved 1069056K
  class space    used 2845K, capacity 2966K, committed 3072K, reserved 1048576K
}

