# JRE version: Java(TM) SE Runtime Environment (8.0_201-b09) (build 1.8.0_201-b09)
# Java VM: Java HotSpot(TM) 64-Bit Server VM (25.201-b09 mixed mode windows-amd64 compressed oops)
Heap:
 PSYoungGen      total 38400K, used 5922K [0x00000000d5f00000, 0x00000000dad00000, 0x0000000100000000)
  eden space 33280K, 14% used [0x00000000d5f00000,0x00000000d638f838,0x00000000d7f80000)
  from space 5120K, 24% used [0x00000000d7f80000,0x00000000d80b9100,0x00000000d8480000)
  to   space 8704K, 0% used [0x00000000da480000,0x00000000da480000,0x00000000dad00000)
 ParOldGen       total 64512K, used 11365K [0x0000000081c00000, 0x0000000085b00000, 0x00000000d5f00000)
  object space 64512K, 17% used [0x0000000081c00000,0x0000000082719680,0x0000000085b00000)
 Metaspace       used 23076K, capacity 23490K, committed 23808K, reserved 1071104K
  class space    used 2842K, capacity 2978K, committed 3072K, reserved 1048576K
GC Heap History (10 events):
Event: 12.943 GC heap before
{Heap before GC invocations=2 (full 0):
 PSYoungGen      total 38400K, used 36849K [0x00000000d5f00000, 0x00000000d8980000, 0x0000000100000000)
  eden space 33280K, 100% used [0x00000000d5f00000,0x00000000d7f80000,0x00000000d7f80000)
  from space 5120K, 69% used [0x00000000d7f80000,0x00000000d82fc520,0x00000000d8480000)
  to   space 5120K, 0% used [0x00000000d8480000,0x00000000d8480000,0x00000000d8980000)
 ParOldGen       total 87552K, used 14769K [0x0000000081c00000, 0x0000000087180000, 0x00000000d5f00000)
  object space 87552K, 16% used [0x0000000081c00000,0x0000000082a6c7d0,0x0000000087180000)
 Metaspace       used 17794K, capacity 18024K, committed 18176K, reserved 1064960K
  class space    used 2174K, capacity 2253K, committed 2304K, reserved 1048576K
Event: 12.955 GC heap after
Heap after GC invocations=2 (full 0):
 PSYoungGen      total 38400K, used 5109K [0x00000000d5f00000, 0x00000000d8980000, 0x0000000100000000)
  eden space 33280K, 0% used [0x00000000d5f00000,0x00000000d5f00000,0x00000000d7f80000)
  from space 5120K, 99% used [0x00000000d8480000,0x00000000d897d570,0x00000000d8980000)
  to   space 5120K, 0% used [0x00000000d7f80000,0x00000000d7f80000,0x00000000d8480000)
 ParOldGen       total 87552K, used 15998K [0x0000000081c00000, 0x0000000087180000, 0x00000000d5f00000)
  object space 87552K, 18% used [0x0000000081c00000,0x0000000082b9f810,0x0000000087180000)
 Metaspace       used 17794K, capacity 18024K, committed 18176K, reserved 1064960K
  class space    used 2174K, capacity 2253K, committed 2304K, reserved 1048576K
}
Event: 15.153 GC heap before
{Heap before GC invocations=3 (full 0):
 PSYoungGen      total 38400K, used 35870K [0x00000000d5f00000, 0x00000000d8980000, 0x0000000100000000)
  eden space 33280K, 92% used [0x00000000d5f00000,0x00000000d7d0a540,0x00000000d7f80000)
  from space 5120K, 99% used [0x00000000d8480000,0x00000000d897d570,0x00000000d8980000)
  to   space 5120K, 0% used [0x00000000d7f80000,0x00000000d7f80000,0x00000000d8480000)
 ParOldGen       total 87552K, used 15998K [0x0000000081c00000, 0x0000000087180000, 0x00000000d5f00000)
  object space 87552K, 18% used [0x0000000081c00000,0x0000000082b9f810,0x0000000087180000)
 Metaspace       used 20511K, capacity 20870K, committed 20992K, reserved 1067008K
  class space    used 2620K, capacity 2720K, committed 2816K, reserved 1048576K
Event: 15.163 GC heap after
Heap after GC invocations=3 (full 0):
 PSYoungGen      total 38400K, used 5088K [0x00000000d5f00000, 0x00000000d8980000, 0x0000000100000000)
  eden space 33280K, 0% used [0x00000000d5f00000,0x00000000d5f00000,0x00000000d7f80000)
  from space 5120K, 99% used [0x00000000d7f80000,0x00000000d84780d0,0x00000000d8480000)
  to   space 5120K, 0% used [0x00000000d8480000,0x00000000d8480000,0x00000000d8980000)
 ParOldGen       total 87552K, used 17696K [0x0000000081c00000, 0x0000000087180000, 0x00000000d5f00000)
  object space 87552K, 20% used [0x0000000081c00000,0x0000000082d483b0,0x0000000087180000)
 Metaspace       used 20511K, capacity 20870K, committed 20992K, reserved 1067008K
  class space    used 2620K, capacity 2720K, committed 2816K, reserved 1048576K
}
Event: 15.223 GC heap before
{Heap before GC invocations=4 (full 0):
 PSYoungGen      total 38400K, used 10940K [0x00000000d5f00000, 0x00000000d8980000, 0x0000000100000000)
  eden space 33280K, 17% used [0x00000000d5f00000,0x00000000d64b6f50,0x00000000d7f80000)
  from space 5120K, 99% used [0x00000000d7f80000,0x00000000d84780d0,0x00000000d8480000)
  to   space 5120K, 0% used [0x00000000d8480000,0x00000000d8480000,0x00000000d8980000)
 ParOldGen       total 87552K, used 17696K [0x0000000081c00000, 0x0000000087180000, 0x00000000d5f00000)
  object space 87552K, 20% used [0x0000000081c00000,0x0000000082d483b0,0x0000000087180000)
 Metaspace       used 20829K, capacity 21126K, committed 21248K, reserved 1067008K
  class space    used 2632K, capacity 2720K, committed 2816K, reserved 1048576K
Event: 15.229 GC heap after
Heap after GC invocations=4 (full 0):
 PSYoungGen      total 38400K, used 5092K [0x00000000d5f00000, 0x00000000daa00000, 0x0000000100000000)
  eden space 33280K, 0% used [0x00000000d5f00000,0x00000000d5f00000,0x00000000d7f80000)
  from space 5120K, 99% used [0x00000000d8480000,0x00000000d8979160,0x00000000d8980000)
  to   space 5120K, 0% used [0x00000000d7f80000,0x00000000d7f80000,0x00000000d8480000)
 ParOldGen       total 87552K, used 17912K [0x0000000081c00000, 0x0000000087180000, 0x00000000d5f00000)
  object space 87552K, 20% used [0x0000000081c00000,0x0000000082d7e3c0,0x0000000087180000)
 Metaspace       used 20829K, capacity 21126K, committed 21248K, reserved 1067008K
  class space    used 2632K, capacity 2720K, committed 2816K, reserved 1048576K
}
Event: 15.229 GC heap before
{Heap before GC invocations=5 (full 1):
 PSYoungGen      total 38400K, used 5092K [0x00000000d5f00000, 0x00000000daa00000, 0x0000000100000000)
  eden space 33280K, 0% used [0x00000000d5f00000,0x00000000d5f00000,0x00000000d7f80000)
  from space 5120K, 99% used [0x00000000d8480000,0x00000000d8979160,0x00000000d8980000)
  to   space 5120K, 0% used [0x00000000d7f80000,0x00000000d7f80000,0x00000000d8480000)
 ParOldGen       total 87552K, used 17912K [0x0000000081c00000, 0x0000000087180000, 0x00000000d5f00000)
  object space 87552K, 20% used [0x0000000081c00000,0x0000000082d7e3c0,0x0000000087180000)
 Metaspace       used 20829K, capacity 21126K, committed 21248K, reserved 1067008K
  class space    used 2632K, capacity 2720K, committed 2816K, reserved 1048576K
Event: 15.268 GC heap after
Heap after GC invocations=5 (full 1):
 PSYoungGen      total 38400K, used 0K [0x00000000d5f00000, 0x00000000daa00000, 0x0000000100000000)
  eden space 33280K, 0% used [0x00000000d5f00000,0x00000000d5f00000,0x00000000d7f80000)
  from space 5120K, 0% used [0x00000000d8480000,0x00000000d8480000,0x00000000d8980000)
  to   space 5120K, 0% used [0x00000000d7f80000,0x00000000d7f80000,0x00000000d8480000)
 ParOldGen       total 64512K, used 11357K [0x0000000081c00000, 0x0000000085b00000, 0x00000000d5f00000)
  object space 64512K, 17% used [0x0000000081c00000,0x0000000082717680,0x0000000085b00000)
 Metaspace       used 20829K, capacity 21126K, committed 21248K, reserved 1067008K
  class space    used 2632K, capacity 2720K, committed 2816K, reserved 1048576K
}
Event: 29.238 GC heap before
{Heap before GC invocations=6 (full 1):
 PSYoungGen      total 38400K, used 31559K [0x00000000d5f00000, 0x00000000daa00000, 0x0000000100000000)
  eden space 33280K, 94% used [0x00000000d5f00000,0x00000000d7dd1fe8,0x00000000d7f80000)
  from space 5120K, 0% used [0x00000000d8480000,0x00000000d8480000,0x00000000d8980000)
  to   space 5120K, 0% used [0x00000000d7f80000,0x00000000d7f80000,0x00000000d8480000)
 ParOldGen       total 64512K, used 11357K [0x0000000081c00000, 0x0000000085b00000, 0x00000000d5f00000)
  object space 64512K, 17% used [0x0000000081c00000,0x0000000082717680,0x0000000085b00000)
 Metaspace       used 23075K, capacity 23490K, committed 23808K, reserved 1071104K
  class space    used 2842K, capacity 2978K, committed 3072K, reserved 1048576K
Event: 29.242 GC heap after
Heap after GC invocations=6 (full 1):
 PSYoungGen      total 38400K, used 1252K [0x00000000d5f00000, 0x00000000dad00000, 0x0000000100000000)
  eden space 33280K, 0% used [0x00000000d5f00000,0x00000000d5f00000,0x00000000d7f80000)
  from space 5120K, 24% used [0x00000000d7f80000,0x00000000d80b9100,0x00000000d8480000)
  to   space 8704K, 0% used [0x00000000da480000,0x00000000da480000,0x00000000dad00000)
 ParOldGen       total 64512K, used 11365K [0x0000000081c00000, 0x0000000085b00000, 0x00000000d5f00000)
  object space 64512K, 17% used [0x0000000081c00000,0x0000000082719680,0x0000000085b00000)
 Metaspace       used 23075K, capacity 23490K, committed 23808K, reserved 1071104K
  class space    used 2842K, capacity 2978K, committed 3072K, reserved 1048576K
}

