# JRE version: Java(TM) SE Runtime Environment (8.0_202-b08) (build 1.8.0_202-b08)
# Java VM: Java HotSpot(TM) 64-Bit Server VM (25.202-b08 mixed mode windows-amd64 compressed oops)
Heap:
 PSYoungGen      total 140800K, used 14304K [0x000000076ae00000, 0x0000000774280000, 0x00000007c0000000)
  eden space 130560K, 9% used [0x000000076ae00000,0x000000076b9aee68,0x0000000772d80000)
  from space 10240K, 22% used [0x0000000773880000,0x0000000773ac9388,0x0000000774280000)
  to   space 10752K, 0% used [0x0000000772d80000,0x0000000772d80000,0x0000000773800000)
 ParOldGen       total 71168K, used 5083K [0x00000006c0a00000, 0x00000006c4f80000, 0x000000076ae00000)
  object space 71168K, 7% used [0x00000006c0a00000,0x00000006c0ef6f70,0x00000006c4f80000)
 Metaspace       used 24288K, capacity 24690K, committed 24832K, reserved 1071104K
  class space    used 2945K, capacity 3060K, committed 3072K, reserved 1048576K
GC Heap History (10 events):
Event: 18.637 GC heap before
{Heap before GC invocations=1 (full 0):
 PSYoungGen      total 76288K, used 65530K [0x000000076ae00000, 0x0000000770300000, 0x00000007c0000000)
  eden space 65536K, 99% used [0x000000076ae00000,0x000000076edfe980,0x000000076ee00000)
  from space 10752K, 0% used [0x000000076f880000,0x000000076f880000,0x0000000770300000)
  to   space 10752K, 0% used [0x000000076ee00000,0x000000076ee00000,0x000000076f880000)
 ParOldGen       total 175104K, used 0K [0x00000006c0a00000, 0x00000006cb500000, 0x000000076ae00000)
  object space 175104K, 0% used [0x00000006c0a00000,0x00000006c0a00000,0x00000006cb500000)
 Metaspace       used 13958K, capacity 14160K, committed 14336K, reserved 1062912K
  class space    used 1709K, capacity 1775K, committed 1792K, reserved 1048576K
Event: 18.641 GC heap after
Heap after GC invocations=1 (full 0):
 PSYoungGen      total 76288K, used 3733K [0x000000076ae00000, 0x0000000770300000, 0x00000007c0000000)
  eden space 65536K, 0% used [0x000000076ae00000,0x000000076ae00000,0x000000076ee00000)
  from space 10752K, 34% used [0x000000076ee00000,0x000000076f1a5578,0x000000076f880000)
  to   space 10752K, 0% used [0x000000076f880000,0x000000076f880000,0x0000000770300000)
 ParOldGen       total 175104K, used 16K [0x00000006c0a00000, 0x00000006cb500000, 0x000000076ae00000)
  object space 175104K, 0% used [0x00000006c0a00000,0x00000006c0a04000,0x00000006cb500000)
 Metaspace       used 13958K, capacity 14160K, committed 14336K, reserved 1062912K
  class space    used 1709K, capacity 1775K, committed 1792K, reserved 1048576K
}
Event: 34.022 GC heap before
{Heap before GC invocations=2 (full 0):
 PSYoungGen      total 76288K, used 69269K [0x000000076ae00000, 0x0000000770300000, 0x00000007c0000000)
  eden space 65536K, 100% used [0x000000076ae00000,0x000000076ee00000,0x000000076ee00000)
  from space 10752K, 34% used [0x000000076ee00000,0x000000076f1a5578,0x000000076f880000)
  to   space 10752K, 0% used [0x000000076f880000,0x000000076f880000,0x0000000770300000)
 ParOldGen       total 175104K, used 16K [0x00000006c0a00000, 0x00000006cb500000, 0x000000076ae00000)
  object space 175104K, 0% used [0x00000006c0a00000,0x00000006c0a04000,0x00000006cb500000)
 Metaspace       used 20790K, capacity 21118K, committed 21248K, reserved 1067008K
  class space    used 2613K, capacity 2720K, committed 2816K, reserved 1048576K
Event: 34.028 GC heap after
Heap after GC invocations=2 (full 0):
 PSYoungGen      total 76288K, used 7617K [0x000000076ae00000, 0x0000000770300000, 0x00000007c0000000)
  eden space 65536K, 0% used [0x000000076ae00000,0x000000076ae00000,0x000000076ee00000)
  from space 10752K, 70% used [0x000000076f880000,0x000000076fff04b0,0x0000000770300000)
  to   space 10752K, 0% used [0x000000076ee00000,0x000000076ee00000,0x000000076f880000)
 ParOldGen       total 175104K, used 24K [0x00000006c0a00000, 0x00000006cb500000, 0x000000076ae00000)
  object space 175104K, 0% used [0x00000006c0a00000,0x00000006c0a06000,0x00000006cb500000)
 Metaspace       used 20790K, capacity 21118K, committed 21248K, reserved 1067008K
  class space    used 2613K, capacity 2720K, committed 2816K, reserved 1048576K
}
Event: 34.035 GC heap before
{Heap before GC invocations=3 (full 0):
 PSYoungGen      total 76288K, used 9914K [0x000000076ae00000, 0x0000000770300000, 0x00000007c0000000)
  eden space 65536K, 3% used [0x000000076ae00000,0x000000076b03e6f0,0x000000076ee00000)
  from space 10752K, 70% used [0x000000076f880000,0x000000076fff04b0,0x0000000770300000)
  to   space 10752K, 0% used [0x000000076ee00000,0x000000076ee00000,0x000000076f880000)
 ParOldGen       total 175104K, used 24K [0x00000006c0a00000, 0x00000006cb500000, 0x000000076ae00000)
  object space 175104K, 0% used [0x00000006c0a00000,0x00000006c0a06000,0x00000006cb500000)
 Metaspace       used 20803K, capacity 21118K, committed 21248K, reserved 1067008K
  class space    used 2613K, capacity 2720K, committed 2816K, reserved 1048576K
Event: 34.038 GC heap after
Heap after GC invocations=3 (full 0):
 PSYoungGen      total 76288K, used 5152K [0x000000076ae00000, 0x0000000774300000, 0x00000007c0000000)
  eden space 65536K, 0% used [0x000000076ae00000,0x000000076ae00000,0x000000076ee00000)
  from space 10752K, 47% used [0x000000076ee00000,0x000000076f3080f0,0x000000076f880000)
  to   space 10752K, 0% used [0x0000000773880000,0x0000000773880000,0x0000000774300000)
 ParOldGen       total 175104K, used 32K [0x00000006c0a00000, 0x00000006cb500000, 0x000000076ae00000)
  object space 175104K, 0% used [0x00000006c0a00000,0x00000006c0a08000,0x00000006cb500000)
 Metaspace       used 20803K, capacity 21118K, committed 21248K, reserved 1067008K
  class space    used 2613K, capacity 2720K, committed 2816K, reserved 1048576K
}
Event: 34.038 GC heap before
{Heap before GC invocations=4 (full 1):
 PSYoungGen      total 76288K, used 5152K [0x000000076ae00000, 0x0000000774300000, 0x00000007c0000000)
  eden space 65536K, 0% used [0x000000076ae00000,0x000000076ae00000,0x000000076ee00000)
  from space 10752K, 47% used [0x000000076ee00000,0x000000076f3080f0,0x000000076f880000)
  to   space 10752K, 0% used [0x0000000773880000,0x0000000773880000,0x0000000774300000)
 ParOldGen       total 175104K, used 32K [0x00000006c0a00000, 0x00000006cb500000, 0x000000076ae00000)
  object space 175104K, 0% used [0x00000006c0a00000,0x00000006c0a08000,0x00000006cb500000)
 Metaspace       used 20803K, capacity 21118K, committed 21248K, reserved 1067008K
  class space    used 2613K, capacity 2720K, committed 2816K, reserved 1048576K
Event: 34.059 GC heap after
Heap after GC invocations=4 (full 1):
 PSYoungGen      total 76288K, used 0K [0x000000076ae00000, 0x0000000774300000, 0x00000007c0000000)
  eden space 65536K, 0% used [0x000000076ae00000,0x000000076ae00000,0x000000076ee00000)
  from space 10752K, 0% used [0x000000076ee00000,0x000000076ee00000,0x000000076f880000)
  to   space 10752K, 0% used [0x0000000773880000,0x0000000773880000,0x0000000774300000)
 ParOldGen       total 71168K, used 5075K [0x00000006c0a00000, 0x00000006c4f80000, 0x000000076ae00000)
  object space 71168K, 7% used [0x00000006c0a00000,0x00000006c0ef4f70,0x00000006c4f80000)
 Metaspace       used 20803K, capacity 21118K, committed 21248K, reserved 1067008K
  class space    used 2613K, capacity 2720K, committed 2816K, reserved 1048576K
}
Event: 54.671 GC heap before
{Heap before GC invocations=5 (full 1):
 PSYoungGen      total 76288K, used 65536K [0x000000076ae00000, 0x0000000774300000, 0x00000007c0000000)
  eden space 65536K, 100% used [0x000000076ae00000,0x000000076ee00000,0x000000076ee00000)
  from space 10752K, 0% used [0x000000076ee00000,0x000000076ee00000,0x000000076f880000)
  to   space 10752K, 0% used [0x0000000773880000,0x0000000773880000,0x0000000774300000)
 ParOldGen       total 71168K, used 5075K [0x00000006c0a00000, 0x00000006c4f80000, 0x000000076ae00000)
  object space 71168K, 7% used [0x00000006c0a00000,0x00000006c0ef4f70,0x00000006c4f80000)
 Metaspace       used 24287K, capacity 24690K, committed 24832K, reserved 1071104K
  class space    used 2945K, capacity 3060K, committed 3072K, reserved 1048576K
Event: 54.673 GC heap after
Heap after GC invocations=5 (full 1):
 PSYoungGen      total 140800K, used 2340K [0x000000076ae00000, 0x0000000774280000, 0x00000007c0000000)
  eden space 130560K, 0% used [0x000000076ae00000,0x000000076ae00000,0x0000000772d80000)
  from space 10240K, 22% used [0x0000000773880000,0x0000000773ac9388,0x0000000774280000)
  to   space 10752K, 0% used [0x0000000772d80000,0x0000000772d80000,0x0000000773800000)
 ParOldGen       total 71168K, used 5083K [0x00000006c0a00000, 0x00000006c4f80000, 0x000000076ae00000)
  object space 71168K, 7% used [0x00000006c0a00000,0x00000006c0ef6f70,0x00000006c4f80000)
 Metaspace       used 24287K, capacity 24690K, committed 24832K, reserved 1071104K
  class space    used 2945K, capacity 3060K, committed 3072K, reserved 1048576K
}

