# JRE version: Java(TM) SE Runtime Environment (8.0_201-b09) (build 1.8.0_201-b09)
# Java VM: Java HotSpot(TM) 64-Bit Server VM (25.201-b09 mixed mode windows-amd64 compressed oops)
Heap:
 PSYoungGen      total 38400K, used 6125K [0x00000000d5f00000, 0x00000000d8980000, 0x0000000100000000)
  eden space 33280K, 14% used [0x00000000d5f00000,0x00000000d63b6040,0x00000000d7f80000)
  from space 5120K, 25% used [0x00000000d8480000,0x00000000d85c55d0,0x00000000d8980000)
  to   space 5120K, 0% used [0x00000000d7f80000,0x00000000d7f80000,0x00000000d8480000)
 ParOldGen       total 61952K, used 11628K [0x0000000081c00000, 0x0000000085880000, 0x00000000d5f00000)
  object space 61952K, 18% used [0x0000000081c00000,0x000000008275b2a0,0x0000000085880000)
 Metaspace       used 23035K, capacity 23408K, committed 23552K, reserved 1069056K
  class space    used 2843K, capacity 2971K, committed 3072K, reserved 1048576K
GC Heap History (10 events):
Event: 4.549 GC heap before
{Heap before GC invocations=1 (full 0):
 PSYoungGen      total 38400K, used 33280K [0x00000000d5f00000, 0x00000000d8980000, 0x0000000100000000)
  eden space 33280K, 100% used [0x00000000d5f00000,0x00000000d7f80000,0x00000000d7f80000)
  from space 5120K, 0% used [0x00000000d8480000,0x00000000d8480000,0x00000000d8980000)
  to   space 5120K, 0% used [0x00000000d7f80000,0x00000000d7f80000,0x00000000d8480000)
 ParOldGen       total 87552K, used 0K [0x0000000081c00000, 0x0000000087180000, 0x00000000d5f00000)
  object space 87552K, 0% used [0x0000000081c00000,0x0000000081c00000,0x0000000087180000)
 Metaspace       used 13401K, capacity 13594K, committed 13824K, reserved 1060864K
  class space    used 1650K, capacity 1710K, committed 1792K, reserved 1048576K
Event: 4.555 GC heap after
Heap after GC invocations=1 (full 0):
 PSYoungGen      total 38400K, used 3613K [0x00000000d5f00000, 0x00000000d8980000, 0x0000000100000000)
  eden space 33280K, 0% used [0x00000000d5f00000,0x00000000d5f00000,0x00000000d7f80000)
  from space 5120K, 70% used [0x00000000d7f80000,0x00000000d8307598,0x00000000d8480000)
  to   space 5120K, 0% used [0x00000000d8480000,0x00000000d8480000,0x00000000d8980000)
 ParOldGen       total 87552K, used 14769K [0x0000000081c00000, 0x0000000087180000, 0x00000000d5f00000)
  object space 87552K, 16% used [0x0000000081c00000,0x0000000082a6c7d0,0x0000000087180000)
 Metaspace       used 13401K, capacity 13594K, committed 13824K, reserved 1060864K
  class space    used 1650K, capacity 1710K, committed 1792K, reserved 1048576K
}
Event: 7.559 GC heap before
{Heap before GC invocations=2 (full 0):
 PSYoungGen      total 38400K, used 36893K [0x00000000d5f00000, 0x00000000d8980000, 0x0000000100000000)
  eden space 33280K, 100% used [0x00000000d5f00000,0x00000000d7f80000,0x00000000d7f80000)
  from space 5120K, 70% used [0x00000000d7f80000,0x00000000d8307598,0x00000000d8480000)
  to   space 5120K, 0% used [0x00000000d8480000,0x00000000d8480000,0x00000000d8980000)
 ParOldGen       total 87552K, used 14769K [0x0000000081c00000, 0x0000000087180000, 0x00000000d5f00000)
  object space 87552K, 16% used [0x0000000081c00000,0x0000000082a6c7d0,0x0000000087180000)
 Metaspace       used 18761K, capacity 18978K, committed 19328K, reserved 1067008K
  class space    used 2357K, capacity 2428K, committed 2432K, reserved 1048576K
Event: 7.565 GC heap after
Heap after GC invocations=2 (full 0):
 PSYoungGen      total 38400K, used 5109K [0x00000000d5f00000, 0x00000000d8980000, 0x0000000100000000)
  eden space 33280K, 0% used [0x00000000d5f00000,0x00000000d5f00000,0x00000000d7f80000)
  from space 5120K, 99% used [0x00000000d8480000,0x00000000d897d700,0x00000000d8980000)
  to   space 5120K, 0% used [0x00000000d7f80000,0x00000000d7f80000,0x00000000d8480000)
 ParOldGen       total 87552K, used 16404K [0x0000000081c00000, 0x0000000087180000, 0x00000000d5f00000)
  object space 87552K, 18% used [0x0000000081c00000,0x0000000082c05350,0x0000000087180000)
 Metaspace       used 18761K, capacity 18978K, committed 19328K, reserved 1067008K
  class space    used 2357K, capacity 2428K, committed 2432K, reserved 1048576K
}
Event: 9.500 GC heap before
{Heap before GC invocations=3 (full 0):
 PSYoungGen      total 38400K, used 33035K [0x00000000d5f00000, 0x00000000d8980000, 0x0000000100000000)
  eden space 33280K, 83% used [0x00000000d5f00000,0x00000000d7a45528,0x00000000d7f80000)
  from space 5120K, 99% used [0x00000000d8480000,0x00000000d897d700,0x00000000d8980000)
  to   space 5120K, 0% used [0x00000000d7f80000,0x00000000d7f80000,0x00000000d8480000)
 ParOldGen       total 87552K, used 16404K [0x0000000081c00000, 0x0000000087180000, 0x00000000d5f00000)
  object space 87552K, 18% used [0x0000000081c00000,0x0000000082c05350,0x0000000087180000)
 Metaspace       used 20823K, capacity 21146K, committed 21248K, reserved 1067008K
  class space    used 2635K, capacity 2748K, committed 2816K, reserved 1048576K
Event: 9.505 GC heap after
Heap after GC invocations=3 (full 0):
 PSYoungGen      total 38400K, used 5092K [0x00000000d5f00000, 0x00000000d8980000, 0x0000000100000000)
  eden space 33280K, 0% used [0x00000000d5f00000,0x00000000d5f00000,0x00000000d7f80000)
  from space 5120K, 99% used [0x00000000d7f80000,0x00000000d8479190,0x00000000d8480000)
  to   space 5120K, 0% used [0x00000000d8480000,0x00000000d8480000,0x00000000d8980000)
 ParOldGen       total 87552K, used 18140K [0x0000000081c00000, 0x0000000087180000, 0x00000000d5f00000)
  object space 87552K, 20% used [0x0000000081c00000,0x0000000082db7030,0x0000000087180000)
 Metaspace       used 20823K, capacity 21146K, committed 21248K, reserved 1067008K
  class space    used 2635K, capacity 2748K, committed 2816K, reserved 1048576K
}
Event: 9.505 GC heap before
{Heap before GC invocations=4 (full 1):
 PSYoungGen      total 38400K, used 5092K [0x00000000d5f00000, 0x00000000d8980000, 0x0000000100000000)
  eden space 33280K, 0% used [0x00000000d5f00000,0x00000000d5f00000,0x00000000d7f80000)
  from space 5120K, 99% used [0x00000000d7f80000,0x00000000d8479190,0x00000000d8480000)
  to   space 5120K, 0% used [0x00000000d8480000,0x00000000d8480000,0x00000000d8980000)
 ParOldGen       total 87552K, used 18140K [0x0000000081c00000, 0x0000000087180000, 0x00000000d5f00000)
  object space 87552K, 20% used [0x0000000081c00000,0x0000000082db7030,0x0000000087180000)
 Metaspace       used 20823K, capacity 21146K, committed 21248K, reserved 1067008K
  class space    used 2635K, capacity 2748K, committed 2816K, reserved 1048576K
Event: 9.529 GC heap after
Heap after GC invocations=4 (full 1):
 PSYoungGen      total 38400K, used 0K [0x00000000d5f00000, 0x00000000d8980000, 0x0000000100000000)
  eden space 33280K, 0% used [0x00000000d5f00000,0x00000000d5f00000,0x00000000d7f80000)
  from space 5120K, 0% used [0x00000000d7f80000,0x00000000d7f80000,0x00000000d8480000)
  to   space 5120K, 0% used [0x00000000d8480000,0x00000000d8480000,0x00000000d8980000)
 ParOldGen       total 61952K, used 11620K [0x0000000081c00000, 0x0000000085880000, 0x00000000d5f00000)
  object space 61952K, 18% used [0x0000000081c00000,0x00000000827592a0,0x0000000085880000)
 Metaspace       used 20823K, capacity 21146K, committed 21248K, reserved 1067008K
  class space    used 2635K, capacity 2748K, committed 2816K, reserved 1048576K
}
Event: 22.571 GC heap before
{Heap before GC invocations=5 (full 1):
 PSYoungGen      total 38400K, used 31026K [0x00000000d5f00000, 0x00000000d8980000, 0x0000000100000000)
  eden space 33280K, 93% used [0x00000000d5f00000,0x00000000d7d4c948,0x00000000d7f80000)
  from space 5120K, 0% used [0x00000000d7f80000,0x00000000d7f80000,0x00000000d8480000)
  to   space 5120K, 0% used [0x00000000d8480000,0x00000000d8480000,0x00000000d8980000)
 ParOldGen       total 61952K, used 11620K [0x0000000081c00000, 0x0000000085880000, 0x00000000d5f00000)
  object space 61952K, 18% used [0x0000000081c00000,0x00000000827592a0,0x0000000085880000)
 Metaspace       used 23034K, capacity 23408K, committed 23552K, reserved 1069056K
  class space    used 2843K, capacity 2971K, committed 3072K, reserved 1048576K
Event: 22.574 GC heap after
Heap after GC invocations=5 (full 1):
 PSYoungGen      total 38400K, used 1301K [0x00000000d5f00000, 0x00000000d8980000, 0x0000000100000000)
  eden space 33280K, 0% used [0x00000000d5f00000,0x00000000d5f00000,0x00000000d7f80000)
  from space 5120K, 25% used [0x00000000d8480000,0x00000000d85c55d0,0x00000000d8980000)
  to   space 5120K, 0% used [0x00000000d7f80000,0x00000000d7f80000,0x00000000d8480000)
 ParOldGen       total 61952K, used 11628K [0x0000000081c00000, 0x0000000085880000, 0x00000000d5f00000)
  object space 61952K, 18% used [0x0000000081c00000,0x000000008275b2a0,0x0000000085880000)
 Metaspace       used 23034K, capacity 23408K, committed 23552K, reserved 1069056K
  class space    used 2843K, capacity 2971K, committed 3072K, reserved 1048576K
}

