# JRE version: Java(TM) SE Runtime Environment (8.0_202-b08) (build 1.8.0_202-b08)
# Java VM: Java HotSpot(TM) 64-Bit Server VM (25.202-b08 mixed mode windows-amd64 compressed oops)
Heap:
 PSYoungGen      total 60928K, used 2626K [0x000000076ae00000, 0x0000000772880000, 0x00000007c0000000)
  eden space 59904K, 2% used [0x000000076ae00000,0x000000076afbb6e8,0x000000076e880000)
  from space 1024K, 83% used [0x0000000772780000,0x00000007728553f8,0x0000000772880000)
  to   space 8704K, 0% used [0x0000000771780000,0x0000000771780000,0x0000000772000000)
 ParOldGen       total 97280K, used 5123K [0x00000006c0a00000, 0x00000006c6900000, 0x000000076ae00000)
  object space 97280K, 5% used [0x00000006c0a00000,0x00000006c0f00fd8,0x00000006c6900000)
 Metaspace       used 22514K, capacity 22868K, committed 23088K, reserved 1069056K
  class space    used 2847K, capacity 2964K, committed 3072K, reserved 1048576K
GC Heap History (10 events):
Event: 7.405 GC heap before
{Heap before GC invocations=7 (full 0):
 PSYoungGen      total 68096K, used 67680K [0x000000076ae00000, 0x000000076f900000, 0x00000007c0000000)
  eden space 62464K, 100% used [0x000000076ae00000,0x000000076eb00000,0x000000076eb00000)
  from space 5632K, 92% used [0x000000076f380000,0x000000076f898110,0x000000076f900000)
  to   space 6656K, 0% used [0x000000076ec00000,0x000000076ec00000,0x000000076f280000)
 ParOldGen       total 175104K, used 40K [0x00000006c0a00000, 0x00000006cb500000, 0x000000076ae00000)
  object space 175104K, 0% used [0x00000006c0a00000,0x00000006c0a0a000,0x00000006cb500000)
 Metaspace       used 20925K, capacity 21258K, committed 21296K, reserved 1069056K
  class space    used 2705K, capacity 2787K, committed 2816K, reserved 1048576K
Event: 7.409 GC heap after
Heap after GC invocations=7 (full 0):
 PSYoungGen      total 70144K, used 128K [0x000000076ae00000, 0x0000000773700000, 0x00000007c0000000)
  eden space 63488K, 0% used [0x000000076ae00000,0x000000076ae00000,0x000000076ec00000)
  from space 6656K, 1% used [0x000000076ec00000,0x000000076ec20000,0x000000076f280000)
  to   space 7680K, 0% used [0x0000000772f80000,0x0000000772f80000,0x0000000773700000)
 ParOldGen       total 175104K, used 5159K [0x00000006c0a00000, 0x00000006cb500000, 0x000000076ae00000)
  object space 175104K, 2% used [0x00000006c0a00000,0x00000006c0f09e08,0x00000006cb500000)
 Metaspace       used 20925K, capacity 21258K, committed 21296K, reserved 1069056K
  class space    used 2705K, capacity 2787K, committed 2816K, reserved 1048576K
}
Event: 7.612 GC heap before
{Heap before GC invocations=8 (full 0):
 PSYoungGen      total 70144K, used 63616K [0x000000076ae00000, 0x0000000773700000, 0x00000007c0000000)
  eden space 63488K, 100% used [0x000000076ae00000,0x000000076ec00000,0x000000076ec00000)
  from space 6656K, 1% used [0x000000076ec00000,0x000000076ec20000,0x000000076f280000)
  to   space 7680K, 0% used [0x0000000772f80000,0x0000000772f80000,0x0000000773700000)
 ParOldGen       total 175104K, used 5159K [0x00000006c0a00000, 0x00000006cb500000, 0x000000076ae00000)
  object space 175104K, 2% used [0x00000006c0a00000,0x00000006c0f09e08,0x00000006cb500000)
 Metaspace       used 20926K, capacity 21258K, committed 21296K, reserved 1069056K
  class space    used 2705K, capacity 2787K, committed 2816K, reserved 1048576K
Event: 7.613 GC heap after
Heap after GC invocations=8 (full 0):
 PSYoungGen      total 62464K, used 128K [0x000000076ae00000, 0x0000000773000000, 0x00000007c0000000)
  eden space 61952K, 0% used [0x000000076ae00000,0x000000076ae00000,0x000000076ea80000)
  from space 512K, 25% used [0x0000000772f80000,0x0000000772fa0000,0x0000000773000000)
  to   space 8192K, 0% used [0x0000000772000000,0x0000000772000000,0x0000000772800000)
 ParOldGen       total 175104K, used 5175K [0x00000006c0a00000, 0x00000006cb500000, 0x000000076ae00000)
  object space 175104K, 2% used [0x00000006c0a00000,0x00000006c0f0de08,0x00000006cb500000)
 Metaspace       used 20926K, capacity 21258K, committed 21296K, reserved 1069056K
  class space    used 2705K, capacity 2787K, committed 2816K, reserved 1048576K
}
Event: 7.816 GC heap before
{Heap before GC invocations=9 (full 0):
 PSYoungGen      total 62464K, used 54979K [0x000000076ae00000, 0x0000000773000000, 0x00000007c0000000)
  eden space 61952K, 88% used [0x000000076ae00000,0x000000076e390e90,0x000000076ea80000)
  from space 512K, 25% used [0x0000000772f80000,0x0000000772fa0000,0x0000000773000000)
  to   space 8192K, 0% used [0x0000000772000000,0x0000000772000000,0x0000000772800000)
 ParOldGen       total 175104K, used 5175K [0x00000006c0a00000, 0x00000006cb500000, 0x000000076ae00000)
  object space 175104K, 2% used [0x00000006c0a00000,0x00000006c0f0de08,0x00000006cb500000)
 Metaspace       used 20970K, capacity 21258K, committed 21296K, reserved 1069056K
  class space    used 2711K, capacity 2787K, committed 2816K, reserved 1048576K
Event: 7.816 GC heap after
Heap after GC invocations=9 (full 0):
 PSYoungGen      total 61440K, used 160K [0x000000076ae00000, 0x0000000773000000, 0x00000007c0000000)
  eden space 60928K, 0% used [0x000000076ae00000,0x000000076ae00000,0x000000076e980000)
  from space 512K, 31% used [0x0000000772000000,0x0000000772028000,0x0000000772080000)
  to   space 8704K, 0% used [0x0000000772780000,0x0000000772780000,0x0000000773000000)
 ParOldGen       total 175104K, used 5223K [0x00000006c0a00000, 0x00000006cb500000, 0x000000076ae00000)
  object space 175104K, 2% used [0x00000006c0a00000,0x00000006c0f19e08,0x00000006cb500000)
 Metaspace       used 20970K, capacity 21258K, committed 21296K, reserved 1069056K
  class space    used 2711K, capacity 2787K, committed 2816K, reserved 1048576K
}
Event: 7.816 GC heap before
{Heap before GC invocations=10 (full 1):
 PSYoungGen      total 61440K, used 160K [0x000000076ae00000, 0x0000000773000000, 0x00000007c0000000)
  eden space 60928K, 0% used [0x000000076ae00000,0x000000076ae00000,0x000000076e980000)
  from space 512K, 31% used [0x0000000772000000,0x0000000772028000,0x0000000772080000)
  to   space 8704K, 0% used [0x0000000772780000,0x0000000772780000,0x0000000773000000)
 ParOldGen       total 175104K, used 5223K [0x00000006c0a00000, 0x00000006cb500000, 0x000000076ae00000)
  object space 175104K, 2% used [0x00000006c0a00000,0x00000006c0f19e08,0x00000006cb500000)
 Metaspace       used 20970K, capacity 21258K, committed 21296K, reserved 1069056K
  class space    used 2711K, capacity 2787K, committed 2816K, reserved 1048576K
Event: 7.847 GC heap after
Heap after GC invocations=10 (full 1):
 PSYoungGen      total 61440K, used 0K [0x000000076ae00000, 0x0000000773000000, 0x00000007c0000000)
  eden space 60928K, 0% used [0x000000076ae00000,0x000000076ae00000,0x000000076e980000)
  from space 512K, 0% used [0x0000000772000000,0x0000000772000000,0x0000000772080000)
  to   space 8704K, 0% used [0x0000000772780000,0x0000000772780000,0x0000000773000000)
 ParOldGen       total 97280K, used 5115K [0x00000006c0a00000, 0x00000006c6900000, 0x000000076ae00000)
  object space 97280K, 5% used [0x00000006c0a00000,0x00000006c0efefd8,0x00000006c6900000)
 Metaspace       used 20970K, capacity 21258K, committed 21296K, reserved 1069056K
  class space    used 2711K, capacity 2787K, committed 2816K, reserved 1048576K
}
Event: 8.091 GC heap before
{Heap before GC invocations=11 (full 1):
 PSYoungGen      total 61440K, used 60928K [0x000000076ae00000, 0x0000000773000000, 0x00000007c0000000)
  eden space 60928K, 100% used [0x000000076ae00000,0x000000076e980000,0x000000076e980000)
  from space 512K, 0% used [0x0000000772000000,0x0000000772000000,0x0000000772080000)
  to   space 8704K, 0% used [0x0000000772780000,0x0000000772780000,0x0000000773000000)
 ParOldGen       total 97280K, used 5115K [0x00000006c0a00000, 0x00000006c6900000, 0x000000076ae00000)
  object space 97280K, 5% used [0x00000006c0a00000,0x00000006c0efefd8,0x00000006c6900000)
 Metaspace       used 22514K, capacity 22868K, committed 23088K, reserved 1069056K
  class space    used 2847K, capacity 2964K, committed 3072K, reserved 1048576K
Event: 8.092 GC heap after
Heap after GC invocations=11 (full 1):
 PSYoungGen      total 60928K, used 852K [0x000000076ae00000, 0x0000000772880000, 0x00000007c0000000)
  eden space 59904K, 0% used [0x000000076ae00000,0x000000076ae00000,0x000000076e880000)
  from space 1024K, 83% used [0x0000000772780000,0x00000007728553f8,0x0000000772880000)
  to   space 8704K, 0% used [0x0000000771780000,0x0000000771780000,0x0000000772000000)
 ParOldGen       total 97280K, used 5123K [0x00000006c0a00000, 0x00000006c6900000, 0x000000076ae00000)
  object space 97280K, 5% used [0x00000006c0a00000,0x00000006c0f00fd8,0x00000006c6900000)
 Metaspace       used 22514K, capacity 22868K, committed 23088K, reserved 1069056K
  class space    used 2847K, capacity 2964K, committed 3072K, reserved 1048576K
}

