# JRE version: Java(TM) SE Runtime Environment (8.0_201-b09) (build 1.8.0_201-b09)
# Java VM: Java HotSpot(TM) 64-Bit Server VM (25.201-b09 mixed mode windows-amd64 compressed oops)
Heap:
 PSYoungGen      total 38400K, used 6425K [0x00000000d5f00000, 0x00000000d8980000, 0x0000000100000000)
  eden space 33280K, 15% used [0x00000000d5f00000,0x00000000d640b070,0x00000000d7f80000)
  from space 5120K, 24% used [0x00000000d8480000,0x00000000d85bb6b8,0x00000000d8980000)
  to   space 5120K, 0% used [0x00000000d7f80000,0x00000000d7f80000,0x00000000d8480000)
 ParOldGen       total 65536K, used 12396K [0x0000000081c00000, 0x0000000085c00000, 0x00000000d5f00000)
  object space 65536K, 18% used [0x0000000081c00000,0x000000008281b380,0x0000000085c00000)
 Metaspace       used 22822K, capacity 23184K, committed 23424K, reserved 1069056K
  class space    used 2815K, capacity 2939K, committed 2944K, reserved 1048576K
GC Heap History (10 events):
Event: 4.704 GC heap before
{Heap before GC invocations=1 (full 0):
 PSYoungGen      total 38400K, used 33280K [0x00000000d5f00000, 0x00000000d8980000, 0x0000000100000000)
  eden space 33280K, 100% used [0x00000000d5f00000,0x00000000d7f80000,0x00000000d7f80000)
  from space 5120K, 0% used [0x00000000d8480000,0x00000000d8480000,0x00000000d8980000)
  to   space 5120K, 0% used [0x00000000d7f80000,0x00000000d7f80000,0x00000000d8480000)
 ParOldGen       total 87552K, used 0K [0x0000000081c00000, 0x0000000087180000, 0x00000000d5f00000)
  object space 87552K, 0% used [0x0000000081c00000,0x0000000081c00018,0x0000000087180000)
 Metaspace       used 14359K, capacity 14550K, committed 14720K, reserved 1062912K
  class space    used 1752K, capacity 1838K, committed 1920K, reserved 1048576K
Event: 4.723 GC heap after
Heap after GC invocations=1 (full 0):
 PSYoungGen      total 38400K, used 5109K [0x00000000d5f00000, 0x00000000d8980000, 0x0000000100000000)
  eden space 33280K, 0% used [0x00000000d5f00000,0x00000000d5f00000,0x00000000d7f80000)
  from space 5120K, 99% used [0x00000000d7f80000,0x00000000d847d7f0,0x00000000d8480000)
  to   space 5120K, 0% used [0x00000000d8480000,0x00000000d8480000,0x00000000d8980000)
 ParOldGen       total 87552K, used 13706K [0x0000000081c00000, 0x0000000087180000, 0x00000000d5f00000)
  object space 87552K, 15% used [0x0000000081c00000,0x00000000829629c0,0x0000000087180000)
 Metaspace       used 14359K, capacity 14550K, committed 14720K, reserved 1062912K
  class space    used 1752K, capacity 1838K, committed 1920K, reserved 1048576K
}
Event: 10.344 GC heap before
{Heap before GC invocations=2 (full 0):
 PSYoungGen      total 38400K, used 38389K [0x00000000d5f00000, 0x00000000d8980000, 0x0000000100000000)
  eden space 33280K, 100% used [0x00000000d5f00000,0x00000000d7f80000,0x00000000d7f80000)
  from space 5120K, 99% used [0x00000000d7f80000,0x00000000d847d7f0,0x00000000d8480000)
  to   space 5120K, 0% used [0x00000000d8480000,0x00000000d8480000,0x00000000d8980000)
 ParOldGen       total 87552K, used 13712K [0x0000000081c00000, 0x0000000087180000, 0x00000000d5f00000)
  object space 87552K, 15% used [0x0000000081c00000,0x0000000082964190,0x0000000087180000)
 Metaspace       used 19642K, capacity 19924K, committed 20352K, reserved 1067008K
  class space    used 2485K, capacity 2573K, committed 2688K, reserved 1048576K
Event: 10.358 GC heap after
Heap after GC invocations=2 (full 0):
 PSYoungGen      total 38400K, used 4708K [0x00000000d5f00000, 0x00000000d8980000, 0x0000000100000000)
  eden space 33280K, 0% used [0x00000000d5f00000,0x00000000d5f00000,0x00000000d7f80000)
  from space 5120K, 91% used [0x00000000d8480000,0x00000000d8919100,0x00000000d8980000)
  to   space 5120K, 0% used [0x00000000d7f80000,0x00000000d7f80000,0x00000000d8480000)
 ParOldGen       total 87552K, used 28474K [0x0000000081c00000, 0x0000000087180000, 0x00000000d5f00000)
  object space 87552K, 32% used [0x0000000081c00000,0x00000000837ce960,0x0000000087180000)
 Metaspace       used 19642K, capacity 19924K, committed 20352K, reserved 1067008K
  class space    used 2485K, capacity 2573K, committed 2688K, reserved 1048576K
}
Event: 11.766 GC heap before
{Heap before GC invocations=3 (full 0):
 PSYoungGen      total 38400K, used 25396K [0x00000000d5f00000, 0x00000000d8980000, 0x0000000100000000)
  eden space 33280K, 62% used [0x00000000d5f00000,0x00000000d7334158,0x00000000d7f80000)
  from space 5120K, 91% used [0x00000000d8480000,0x00000000d8919100,0x00000000d8980000)
  to   space 5120K, 0% used [0x00000000d7f80000,0x00000000d7f80000,0x00000000d8480000)
 ParOldGen       total 87552K, used 28474K [0x0000000081c00000, 0x0000000087180000, 0x00000000d5f00000)
  object space 87552K, 32% used [0x0000000081c00000,0x00000000837ce960,0x0000000087180000)
 Metaspace       used 20836K, capacity 21114K, committed 21248K, reserved 1067008K
  class space    used 2619K, capacity 2716K, committed 2816K, reserved 1048576K
Event: 11.770 GC heap after
Heap after GC invocations=3 (full 0):
 PSYoungGen      total 38400K, used 3712K [0x00000000d5f00000, 0x00000000d8980000, 0x0000000100000000)
  eden space 33280K, 0% used [0x00000000d5f00000,0x00000000d5f00000,0x00000000d7f80000)
  from space 5120K, 72% used [0x00000000d7f80000,0x00000000d83200a0,0x00000000d8480000)
  to   space 5120K, 0% used [0x00000000d8480000,0x00000000d8480000,0x00000000d8980000)
 ParOldGen       total 87552K, used 28501K [0x0000000081c00000, 0x0000000087180000, 0x00000000d5f00000)
  object space 87552K, 32% used [0x0000000081c00000,0x00000000837d55b0,0x0000000087180000)
 Metaspace       used 20836K, capacity 21114K, committed 21248K, reserved 1067008K
  class space    used 2619K, capacity 2716K, committed 2816K, reserved 1048576K
}
Event: 11.770 GC heap before
{Heap before GC invocations=4 (full 1):
 PSYoungGen      total 38400K, used 3712K [0x00000000d5f00000, 0x00000000d8980000, 0x0000000100000000)
  eden space 33280K, 0% used [0x00000000d5f00000,0x00000000d5f00000,0x00000000d7f80000)
  from space 5120K, 72% used [0x00000000d7f80000,0x00000000d83200a0,0x00000000d8480000)
  to   space 5120K, 0% used [0x00000000d8480000,0x00000000d8480000,0x00000000d8980000)
 ParOldGen       total 87552K, used 28501K [0x0000000081c00000, 0x0000000087180000, 0x00000000d5f00000)
  object space 87552K, 32% used [0x0000000081c00000,0x00000000837d55b0,0x0000000087180000)
 Metaspace       used 20836K, capacity 21114K, committed 21248K, reserved 1067008K
  class space    used 2619K, capacity 2716K, committed 2816K, reserved 1048576K
Event: 11.815 GC heap after
Heap after GC invocations=4 (full 1):
 PSYoungGen      total 38400K, used 0K [0x00000000d5f00000, 0x00000000d8980000, 0x0000000100000000)
  eden space 33280K, 0% used [0x00000000d5f00000,0x00000000d5f00000,0x00000000d7f80000)
  from space 5120K, 0% used [0x00000000d7f80000,0x00000000d7f80000,0x00000000d8480000)
  to   space 5120K, 0% used [0x00000000d8480000,0x00000000d8480000,0x00000000d8980000)
 ParOldGen       total 65536K, used 12388K [0x0000000081c00000, 0x0000000085c00000, 0x00000000d5f00000)
  object space 65536K, 18% used [0x0000000081c00000,0x0000000082819380,0x0000000085c00000)
 Metaspace       used 20836K, capacity 21114K, committed 21248K, reserved 1067008K
  class space    used 2619K, capacity 2716K, committed 2816K, reserved 1048576K
}
Event: 22.681 GC heap before
{Heap before GC invocations=5 (full 1):
 PSYoungGen      total 38400K, used 30876K [0x00000000d5f00000, 0x00000000d8980000, 0x0000000100000000)
  eden space 33280K, 92% used [0x00000000d5f00000,0x00000000d7d27358,0x00000000d7f80000)
  from space 5120K, 0% used [0x00000000d7f80000,0x00000000d7f80000,0x00000000d8480000)
  to   space 5120K, 0% used [0x00000000d8480000,0x00000000d8480000,0x00000000d8980000)
 ParOldGen       total 65536K, used 12388K [0x0000000081c00000, 0x0000000085c00000, 0x00000000d5f00000)
  object space 65536K, 18% used [0x0000000081c00000,0x0000000082819380,0x0000000085c00000)
 Metaspace       used 22822K, capacity 23184K, committed 23424K, reserved 1069056K
  class space    used 2815K, capacity 2939K, committed 2944K, reserved 1048576K
Event: 22.684 GC heap after
Heap after GC invocations=5 (full 1):
 PSYoungGen      total 38400K, used 1261K [0x00000000d5f00000, 0x00000000d8980000, 0x0000000100000000)
  eden space 33280K, 0% used [0x00000000d5f00000,0x00000000d5f00000,0x00000000d7f80000)
  from space 5120K, 24% used [0x00000000d8480000,0x00000000d85bb6b8,0x00000000d8980000)
  to   space 5120K, 0% used [0x00000000d7f80000,0x00000000d7f80000,0x00000000d8480000)
 ParOldGen       total 65536K, used 12396K [0x0000000081c00000, 0x0000000085c00000, 0x00000000d5f00000)
  object space 65536K, 18% used [0x0000000081c00000,0x000000008281b380,0x0000000085c00000)
 Metaspace       used 22822K, capacity 23184K, committed 23424K, reserved 1069056K
  class space    used 2815K, capacity 2939K, committed 2944K, reserved 1048576K
}

