# JRE version: Java(TM) SE Runtime Environment (8.0_202-b08) (build 1.8.0_202-b08)
# Java VM: Java HotSpot(TM) 64-Bit Server VM (25.202-b08 mixed mode windows-amd64 compressed oops)
Heap:
 PSYoungGen      total 76288K, used 10047K [0x000000076ae00000, 0x0000000770300000, 0x00000007c0000000)
  eden space 65536K, 12% used [0x000000076ae00000,0x000000076b63e7d8,0x000000076ee00000)
  from space 10752K, 14% used [0x000000076ee00000,0x000000076ef915e0,0x000000076f880000)
  to   space 10752K, 0% used [0x000000076f880000,0x000000076f880000,0x0000000770300000)
 ParOldGen       total 80384K, used 5447K [0x00000006c0a00000, 0x00000006c5880000, 0x000000076ae00000)
  object space 80384K, 6% used [0x00000006c0a00000,0x00000006c0f51d88,0x00000006c5880000)
 Metaspace       used 23457K, capacity 23908K, committed 24064K, reserved 1071104K
  class space    used 2879K, capacity 3009K, committed 3072K, reserved 1048576K
GC Heap History (8 events):
Event: 12.084 GC heap before
{Heap before GC invocations=1 (full 0):
 PSYoungGen      total 76288K, used 65536K [0x000000076ae00000, 0x0000000770300000, 0x00000007c0000000)
  eden space 65536K, 100% used [0x000000076ae00000,0x000000076ee00000,0x000000076ee00000)
  from space 10752K, 0% used [0x000000076f880000,0x000000076f880000,0x0000000770300000)
  to   space 10752K, 0% used [0x000000076ee00000,0x000000076ee00000,0x000000076f880000)
 ParOldGen       total 175104K, used 0K [0x00000006c0a00000, 0x00000006cb500000, 0x000000076ae00000)
  object space 175104K, 0% used [0x00000006c0a00000,0x00000006c0a00000,0x00000006cb500000)
 Metaspace       used 18221K, capacity 18400K, committed 18816K, reserved 1064960K
  class space    used 2244K, capacity 2351K, committed 2432K, reserved 1048576K
Event: 12.089 GC heap after
Heap after GC invocations=1 (full 0):
 PSYoungGen      total 76288K, used 6515K [0x000000076ae00000, 0x0000000770300000, 0x00000007c0000000)
  eden space 65536K, 0% used [0x000000076ae00000,0x000000076ae00000,0x000000076ee00000)
  from space 10752K, 60% used [0x000000076ee00000,0x000000076f45ce30,0x000000076f880000)
  to   space 10752K, 0% used [0x000000076f880000,0x000000076f880000,0x0000000770300000)
 ParOldGen       total 175104K, used 16K [0x00000006c0a00000, 0x00000006cb500000, 0x000000076ae00000)
  object space 175104K, 0% used [0x00000006c0a00000,0x00000006c0a04000,0x00000006cb500000)
 Metaspace       used 18221K, capacity 18400K, committed 18816K, reserved 1064960K
  class space    used 2244K, capacity 2351K, committed 2432K, reserved 1048576K
}
Event: 12.386 GC heap before
{Heap before GC invocations=2 (full 0):
 PSYoungGen      total 76288K, used 43696K [0x000000076ae00000, 0x0000000770300000, 0x00000007c0000000)
  eden space 65536K, 56% used [0x000000076ae00000,0x000000076d24f468,0x000000076ee00000)
  from space 10752K, 60% used [0x000000076ee00000,0x000000076f45ce30,0x000000076f880000)
  to   space 10752K, 0% used [0x000000076f880000,0x000000076f880000,0x0000000770300000)
 ParOldGen       total 175104K, used 16K [0x00000006c0a00000, 0x00000006cb500000, 0x000000076ae00000)
  object space 175104K, 0% used [0x00000006c0a00000,0x00000006c0a04000,0x00000006cb500000)
 Metaspace       used 20755K, capacity 21074K, committed 21248K, reserved 1067008K
  class space    used 2627K, capacity 2720K, committed 2816K, reserved 1048576K
Event: 12.391 GC heap after
Heap after GC invocations=2 (full 0):
 PSYoungGen      total 76288K, used 5521K [0x000000076ae00000, 0x0000000770300000, 0x00000007c0000000)
  eden space 65536K, 0% used [0x000000076ae00000,0x000000076ae00000,0x000000076ee00000)
  from space 10752K, 51% used [0x000000076f880000,0x000000076fde44d0,0x0000000770300000)
  to   space 10752K, 0% used [0x000000076ee00000,0x000000076ee00000,0x000000076f880000)
 ParOldGen       total 175104K, used 24K [0x00000006c0a00000, 0x00000006cb500000, 0x000000076ae00000)
  object space 175104K, 0% used [0x00000006c0a00000,0x00000006c0a06000,0x00000006cb500000)
 Metaspace       used 20755K, capacity 21074K, committed 21248K, reserved 1067008K
  class space    used 2627K, capacity 2720K, committed 2816K, reserved 1048576K
}
Event: 12.391 GC heap before
{Heap before GC invocations=3 (full 1):
 PSYoungGen      total 76288K, used 5521K [0x000000076ae00000, 0x0000000770300000, 0x00000007c0000000)
  eden space 65536K, 0% used [0x000000076ae00000,0x000000076ae00000,0x000000076ee00000)
  from space 10752K, 51% used [0x000000076f880000,0x000000076fde44d0,0x0000000770300000)
  to   space 10752K, 0% used [0x000000076ee00000,0x000000076ee00000,0x000000076f880000)
 ParOldGen       total 175104K, used 24K [0x00000006c0a00000, 0x00000006cb500000, 0x000000076ae00000)
  object space 175104K, 0% used [0x00000006c0a00000,0x00000006c0a06000,0x00000006cb500000)
 Metaspace       used 20755K, capacity 21074K, committed 21248K, reserved 1067008K
  class space    used 2627K, capacity 2720K, committed 2816K, reserved 1048576K
Event: 12.409 GC heap after
Heap after GC invocations=3 (full 1):
 PSYoungGen      total 76288K, used 0K [0x000000076ae00000, 0x0000000770300000, 0x00000007c0000000)
  eden space 65536K, 0% used [0x000000076ae00000,0x000000076ae00000,0x000000076ee00000)
  from space 10752K, 0% used [0x000000076f880000,0x000000076f880000,0x0000000770300000)
  to   space 10752K, 0% used [0x000000076ee00000,0x000000076ee00000,0x000000076f880000)
 ParOldGen       total 80384K, used 5439K [0x00000006c0a00000, 0x00000006c5880000, 0x000000076ae00000)
  object space 80384K, 6% used [0x00000006c0a00000,0x00000006c0f4fd88,0x00000006c5880000)
 Metaspace       used 20755K, capacity 21074K, committed 21248K, reserved 1067008K
  class space    used 2627K, capacity 2720K, committed 2816K, reserved 1048576K
}
Event: 16.616 GC heap before
{Heap before GC invocations=4 (full 1):
 PSYoungGen      total 76288K, used 62651K [0x000000076ae00000, 0x0000000770300000, 0x00000007c0000000)
  eden space 65536K, 95% used [0x000000076ae00000,0x000000076eb2edf8,0x000000076ee00000)
  from space 10752K, 0% used [0x000000076f880000,0x000000076f880000,0x0000000770300000)
  to   space 10752K, 0% used [0x000000076ee00000,0x000000076ee00000,0x000000076f880000)
 ParOldGen       total 80384K, used 5439K [0x00000006c0a00000, 0x00000006c5880000, 0x000000076ae00000)
  object space 80384K, 6% used [0x00000006c0a00000,0x00000006c0f4fd88,0x00000006c5880000)
 Metaspace       used 23450K, capacity 23908K, committed 24064K, reserved 1071104K
  class space    used 2879K, capacity 3009K, committed 3072K, reserved 1048576K
Event: 16.617 GC heap after
Heap after GC invocations=4 (full 1):
 PSYoungGen      total 76288K, used 1605K [0x000000076ae00000, 0x0000000770300000, 0x00000007c0000000)
  eden space 65536K, 0% used [0x000000076ae00000,0x000000076ae00000,0x000000076ee00000)
  from space 10752K, 14% used [0x000000076ee00000,0x000000076ef915e0,0x000000076f880000)
  to   space 10752K, 0% used [0x000000076f880000,0x000000076f880000,0x0000000770300000)
 ParOldGen       total 80384K, used 5447K [0x00000006c0a00000, 0x00000006c5880000, 0x000000076ae00000)
  object space 80384K, 6% used [0x00000006c0a00000,0x00000006c0f51d88,0x00000006c5880000)
 Metaspace       used 23450K, capacity 23908K, committed 24064K, reserved 1071104K
  class space    used 2879K, capacity 3009K, committed 3072K, reserved 1048576K
}

