# JRE version: Java(TM) SE Runtime Environment (8.0_202-b08) (build 1.8.0_202-b08)
# Java VM: Java HotSpot(TM) 64-Bit Server VM (25.202-b08 mixed mode windows-amd64 compressed oops)
Heap:
 PSYoungGen      total 76288K, used 5264K [0x000000076ae00000, 0x0000000770300000, 0x00000007c0000000)
  eden space 65536K, 4% used [0x000000076ae00000,0x000000076b1155a8,0x000000076ee00000)
  from space 10752K, 19% used [0x000000076ee00000,0x000000076f00ebc8,0x000000076f880000)
  to   space 10752K, 0% used [0x000000076f880000,0x000000076f880000,0x0000000770300000)
 ParOldGen       total 71168K, used 5297K [0x00000006c0a00000, 0x00000006c4f80000, 0x000000076ae00000)
  object space 71168K, 7% used [0x00000006c0a00000,0x00000006c0f2c6b0,0x00000006c4f80000)
 Metaspace       used 23642K, capacity 24050K, committed 24320K, reserved 1071104K
  class space    used 2900K, capacity 3016K, committed 3072K, reserved 1048576K
GC Heap History (8 events):
Event: 11.255 GC heap before
{Heap before GC invocations=1 (full 0):
 PSYoungGen      total 76288K, used 65536K [0x000000076ae00000, 0x0000000770300000, 0x00000007c0000000)
  eden space 65536K, 100% used [0x000000076ae00000,0x000000076ee00000,0x000000076ee00000)
  from space 10752K, 0% used [0x000000076f880000,0x000000076f880000,0x0000000770300000)
  to   space 10752K, 0% used [0x000000076ee00000,0x000000076ee00000,0x000000076f880000)
 ParOldGen       total 175104K, used 0K [0x00000006c0a00000, 0x00000006cb500000, 0x000000076ae00000)
  object space 175104K, 0% used [0x00000006c0a00000,0x00000006c0a00000,0x00000006cb500000)
 Metaspace       used 17053K, capacity 17312K, committed 17536K, reserved 1064960K
  class space    used 2077K, capacity 2159K, committed 2176K, reserved 1048576K
Event: 11.260 GC heap after
Heap after GC invocations=1 (full 0):
 PSYoungGen      total 76288K, used 5847K [0x000000076ae00000, 0x0000000770300000, 0x00000007c0000000)
  eden space 65536K, 0% used [0x000000076ae00000,0x000000076ae00000,0x000000076ee00000)
  from space 10752K, 54% used [0x000000076ee00000,0x000000076f3b5c50,0x000000076f880000)
  to   space 10752K, 0% used [0x000000076f880000,0x000000076f880000,0x0000000770300000)
 ParOldGen       total 175104K, used 16K [0x00000006c0a00000, 0x00000006cb500000, 0x000000076ae00000)
  object space 175104K, 0% used [0x00000006c0a00000,0x00000006c0a04000,0x00000006cb500000)
 Metaspace       used 17053K, capacity 17312K, committed 17536K, reserved 1064960K
  class space    used 2077K, capacity 2159K, committed 2176K, reserved 1048576K
}
Event: 16.085 GC heap before
{Heap before GC invocations=2 (full 0):
 PSYoungGen      total 76288K, used 38320K [0x000000076ae00000, 0x0000000770300000, 0x00000007c0000000)
  eden space 65536K, 49% used [0x000000076ae00000,0x000000076cdb6408,0x000000076ee00000)
  from space 10752K, 54% used [0x000000076ee00000,0x000000076f3b5c50,0x000000076f880000)
  to   space 10752K, 0% used [0x000000076f880000,0x000000076f880000,0x0000000770300000)
 ParOldGen       total 175104K, used 16K [0x00000006c0a00000, 0x00000006cb500000, 0x000000076ae00000)
  object space 175104K, 0% used [0x00000006c0a00000,0x00000006c0a04000,0x00000006cb500000)
 Metaspace       used 20717K, capacity 21072K, committed 21248K, reserved 1067008K
  class space    used 2612K, capacity 2721K, committed 2816K, reserved 1048576K
Event: 16.090 GC heap after
Heap after GC invocations=2 (full 0):
 PSYoungGen      total 76288K, used 5421K [0x000000076ae00000, 0x0000000770300000, 0x00000007c0000000)
  eden space 65536K, 0% used [0x000000076ae00000,0x000000076ae00000,0x000000076ee00000)
  from space 10752K, 50% used [0x000000076f880000,0x000000076fdcb550,0x0000000770300000)
  to   space 10752K, 0% used [0x000000076ee00000,0x000000076ee00000,0x000000076f880000)
 ParOldGen       total 175104K, used 24K [0x00000006c0a00000, 0x00000006cb500000, 0x000000076ae00000)
  object space 175104K, 0% used [0x00000006c0a00000,0x00000006c0a06000,0x00000006cb500000)
 Metaspace       used 20717K, capacity 21072K, committed 21248K, reserved 1067008K
  class space    used 2612K, capacity 2721K, committed 2816K, reserved 1048576K
}
Event: 16.090 GC heap before
{Heap before GC invocations=3 (full 1):
 PSYoungGen      total 76288K, used 5421K [0x000000076ae00000, 0x0000000770300000, 0x00000007c0000000)
  eden space 65536K, 0% used [0x000000076ae00000,0x000000076ae00000,0x000000076ee00000)
  from space 10752K, 50% used [0x000000076f880000,0x000000076fdcb550,0x0000000770300000)
  to   space 10752K, 0% used [0x000000076ee00000,0x000000076ee00000,0x000000076f880000)
 ParOldGen       total 175104K, used 24K [0x00000006c0a00000, 0x00000006cb500000, 0x000000076ae00000)
  object space 175104K, 0% used [0x00000006c0a00000,0x00000006c0a06000,0x00000006cb500000)
 Metaspace       used 20717K, capacity 21072K, committed 21248K, reserved 1067008K
  class space    used 2612K, capacity 2721K, committed 2816K, reserved 1048576K
Event: 16.114 GC heap after
Heap after GC invocations=3 (full 1):
 PSYoungGen      total 76288K, used 0K [0x000000076ae00000, 0x0000000770300000, 0x00000007c0000000)
  eden space 65536K, 0% used [0x000000076ae00000,0x000000076ae00000,0x000000076ee00000)
  from space 10752K, 0% used [0x000000076f880000,0x000000076f880000,0x0000000770300000)
  to   space 10752K, 0% used [0x000000076ee00000,0x000000076ee00000,0x000000076f880000)
 ParOldGen       total 71168K, used 5289K [0x00000006c0a00000, 0x00000006c4f80000, 0x000000076ae00000)
  object space 71168K, 7% used [0x00000006c0a00000,0x00000006c0f2a6b0,0x00000006c4f80000)
 Metaspace       used 20713K, capacity 21066K, committed 21248K, reserved 1067008K
  class space    used 2611K, capacity 2720K, committed 2816K, reserved 1048576K
}
Event: 18.597 GC heap before
{Heap before GC invocations=4 (full 1):
 PSYoungGen      total 76288K, used 65536K [0x000000076ae00000, 0x0000000770300000, 0x00000007c0000000)
  eden space 65536K, 100% used [0x000000076ae00000,0x000000076ee00000,0x000000076ee00000)
  from space 10752K, 0% used [0x000000076f880000,0x000000076f880000,0x0000000770300000)
  to   space 10752K, 0% used [0x000000076ee00000,0x000000076ee00000,0x000000076f880000)
 ParOldGen       total 71168K, used 5289K [0x00000006c0a00000, 0x00000006c4f80000, 0x000000076ae00000)
  object space 71168K, 7% used [0x00000006c0a00000,0x00000006c0f2a6b0,0x00000006c4f80000)
 Metaspace       used 23642K, capacity 24050K, committed 24320K, reserved 1071104K
  class space    used 2900K, capacity 3016K, committed 3072K, reserved 1048576K
Event: 18.598 GC heap after
Heap after GC invocations=4 (full 1):
 PSYoungGen      total 76288K, used 2106K [0x000000076ae00000, 0x0000000770300000, 0x00000007c0000000)
  eden space 65536K, 0% used [0x000000076ae00000,0x000000076ae00000,0x000000076ee00000)
  from space 10752K, 19% used [0x000000076ee00000,0x000000076f00ebc8,0x000000076f880000)
  to   space 10752K, 0% used [0x000000076f880000,0x000000076f880000,0x0000000770300000)
 ParOldGen       total 71168K, used 5297K [0x00000006c0a00000, 0x00000006c4f80000, 0x000000076ae00000)
  object space 71168K, 7% used [0x00000006c0a00000,0x00000006c0f2c6b0,0x00000006c4f80000)
 Metaspace       used 23642K, capacity 24050K, committed 24320K, reserved 1071104K
  class space    used 2900K, capacity 3016K, committed 3072K, reserved 1048576K
}

