# JRE version: Java(TM) SE Runtime Environment (8.0_202-b08) (build 1.8.0_202-b08)
# Java VM: Java HotSpot(TM) 64-Bit Server VM (25.202-b08 mixed mode windows-amd64 compressed oops)
Heap:
 PSYoungGen      total 76288K, used 5004K [0x000000076ae00000, 0x0000000770300000, 0x00000007c0000000)
  eden space 65536K, 3% used [0x000000076ae00000,0x000000076b059ed8,0x000000076ee00000)
  from space 10752K, 24% used [0x000000076ee00000,0x000000076f089408,0x000000076f880000)
  to   space 10752K, 0% used [0x000000076f880000,0x000000076f880000,0x0000000770300000)
 ParOldGen       total 71168K, used 5132K [0x00000006c0a00000, 0x00000006c4f80000, 0x000000076ae00000)
  object space 71168K, 7% used [0x00000006c0a00000,0x00000006c0f03068,0x00000006c4f80000)
 Metaspace       used 24365K, capacity 24804K, committed 24960K, reserved 1071104K
  class space    used 2963K, capacity 3097K, committed 3200K, reserved 1048576K
GC Heap History (8 events):
Event: 12.471 GC heap before
{Heap before GC invocations=1 (full 0):
 PSYoungGen      total 76288K, used 65536K [0x000000076ae00000, 0x0000000770300000, 0x00000007c0000000)
  eden space 65536K, 100% used [0x000000076ae00000,0x000000076ee00000,0x000000076ee00000)
  from space 10752K, 0% used [0x000000076f880000,0x000000076f880000,0x0000000770300000)
  to   space 10752K, 0% used [0x000000076ee00000,0x000000076ee00000,0x000000076f880000)
 ParOldGen       total 175104K, used 0K [0x00000006c0a00000, 0x00000006cb500000, 0x000000076ae00000)
  object space 175104K, 0% used [0x00000006c0a00000,0x00000006c0a00000,0x00000006cb500000)
 Metaspace       used 18104K, capacity 18332K, committed 18688K, reserved 1064960K
  class space    used 2200K, capacity 2287K, committed 2304K, reserved 1048576K
Event: 12.476 GC heap after
Heap after GC invocations=1 (full 0):
 PSYoungGen      total 76288K, used 6333K [0x000000076ae00000, 0x0000000770300000, 0x00000007c0000000)
  eden space 65536K, 0% used [0x000000076ae00000,0x000000076ae00000,0x000000076ee00000)
  from space 10752K, 58% used [0x000000076ee00000,0x000000076f42f5b8,0x000000076f880000)
  to   space 10752K, 0% used [0x000000076f880000,0x000000076f880000,0x0000000770300000)
 ParOldGen       total 175104K, used 16K [0x00000006c0a00000, 0x00000006cb500000, 0x000000076ae00000)
  object space 175104K, 0% used [0x00000006c0a00000,0x00000006c0a04000,0x00000006cb500000)
 Metaspace       used 18104K, capacity 18332K, committed 18688K, reserved 1064960K
  class space    used 2200K, capacity 2287K, committed 2304K, reserved 1048576K
}
Event: 12.778 GC heap before
{Heap before GC invocations=2 (full 0):
 PSYoungGen      total 76288K, used 45307K [0x000000076ae00000, 0x0000000770300000, 0x00000007c0000000)
  eden space 65536K, 59% used [0x000000076ae00000,0x000000076d40f838,0x000000076ee00000)
  from space 10752K, 58% used [0x000000076ee00000,0x000000076f42f5b8,0x000000076f880000)
  to   space 10752K, 0% used [0x000000076f880000,0x000000076f880000,0x0000000770300000)
 ParOldGen       total 175104K, used 16K [0x00000006c0a00000, 0x00000006cb500000, 0x000000076ae00000)
  object space 175104K, 0% used [0x00000006c0a00000,0x00000006c0a04000,0x00000006cb500000)
 Metaspace       used 20831K, capacity 21126K, committed 21248K, reserved 1067008K
  class space    used 2629K, capacity 2720K, committed 2816K, reserved 1048576K
Event: 12.782 GC heap after
Heap after GC invocations=2 (full 0):
 PSYoungGen      total 76288K, used 5244K [0x000000076ae00000, 0x0000000770300000, 0x00000007c0000000)
  eden space 65536K, 0% used [0x000000076ae00000,0x000000076ae00000,0x000000076ee00000)
  from space 10752K, 48% used [0x000000076f880000,0x000000076fd9f110,0x0000000770300000)
  to   space 10752K, 0% used [0x000000076ee00000,0x000000076ee00000,0x000000076f880000)
 ParOldGen       total 175104K, used 24K [0x00000006c0a00000, 0x00000006cb500000, 0x000000076ae00000)
  object space 175104K, 0% used [0x00000006c0a00000,0x00000006c0a06000,0x00000006cb500000)
 Metaspace       used 20831K, capacity 21126K, committed 21248K, reserved 1067008K
  class space    used 2629K, capacity 2720K, committed 2816K, reserved 1048576K
}
Event: 12.782 GC heap before
{Heap before GC invocations=3 (full 1):
 PSYoungGen      total 76288K, used 5244K [0x000000076ae00000, 0x0000000770300000, 0x00000007c0000000)
  eden space 65536K, 0% used [0x000000076ae00000,0x000000076ae00000,0x000000076ee00000)
  from space 10752K, 48% used [0x000000076f880000,0x000000076fd9f110,0x0000000770300000)
  to   space 10752K, 0% used [0x000000076ee00000,0x000000076ee00000,0x000000076f880000)
 ParOldGen       total 175104K, used 24K [0x00000006c0a00000, 0x00000006cb500000, 0x000000076ae00000)
  object space 175104K, 0% used [0x00000006c0a00000,0x00000006c0a06000,0x00000006cb500000)
 Metaspace       used 20831K, capacity 21126K, committed 21248K, reserved 1067008K
  class space    used 2629K, capacity 2720K, committed 2816K, reserved 1048576K
Event: 12.798 GC heap after
Heap after GC invocations=3 (full 1):
 PSYoungGen      total 76288K, used 0K [0x000000076ae00000, 0x0000000770300000, 0x00000007c0000000)
  eden space 65536K, 0% used [0x000000076ae00000,0x000000076ae00000,0x000000076ee00000)
  from space 10752K, 0% used [0x000000076f880000,0x000000076f880000,0x0000000770300000)
  to   space 10752K, 0% used [0x000000076ee00000,0x000000076ee00000,0x000000076f880000)
 ParOldGen       total 71168K, used 5124K [0x00000006c0a00000, 0x00000006c4f80000, 0x000000076ae00000)
  object space 71168K, 7% used [0x00000006c0a00000,0x00000006c0f01068,0x00000006c4f80000)
 Metaspace       used 20831K, capacity 21126K, committed 21248K, reserved 1067008K
  class space    used 2629K, capacity 2720K, committed 2816K, reserved 1048576K
}
Event: 30.239 GC heap before
{Heap before GC invocations=4 (full 1):
 PSYoungGen      total 76288K, used 65536K [0x000000076ae00000, 0x0000000770300000, 0x00000007c0000000)
  eden space 65536K, 100% used [0x000000076ae00000,0x000000076ee00000,0x000000076ee00000)
  from space 10752K, 0% used [0x000000076f880000,0x000000076f880000,0x0000000770300000)
  to   space 10752K, 0% used [0x000000076ee00000,0x000000076ee00000,0x000000076f880000)
 ParOldGen       total 71168K, used 5124K [0x00000006c0a00000, 0x00000006c4f80000, 0x000000076ae00000)
  object space 71168K, 7% used [0x00000006c0a00000,0x00000006c0f01068,0x00000006c4f80000)
 Metaspace       used 24361K, capacity 24804K, committed 24960K, reserved 1071104K
  class space    used 2963K, capacity 3097K, committed 3200K, reserved 1048576K
Event: 30.241 GC heap after
Heap after GC invocations=4 (full 1):
 PSYoungGen      total 76288K, used 2597K [0x000000076ae00000, 0x0000000770300000, 0x00000007c0000000)
  eden space 65536K, 0% used [0x000000076ae00000,0x000000076ae00000,0x000000076ee00000)
  from space 10752K, 24% used [0x000000076ee00000,0x000000076f089408,0x000000076f880000)
  to   space 10752K, 0% used [0x000000076f880000,0x000000076f880000,0x0000000770300000)
 ParOldGen       total 71168K, used 5132K [0x00000006c0a00000, 0x00000006c4f80000, 0x000000076ae00000)
  object space 71168K, 7% used [0x00000006c0a00000,0x00000006c0f03068,0x00000006c4f80000)
 Metaspace       used 24361K, capacity 24804K, committed 24960K, reserved 1071104K
  class space    used 2963K, capacity 3097K, committed 3200K, reserved 1048576K
}

