# JRE version: Java(TM) SE Runtime Environment (8.0_202-b08) (build 1.8.0_202-b08)
# Java VM: Java HotSpot(TM) 64-Bit Server VM (25.202-b08 mixed mode windows-amd64 compressed oops)
Heap:
 PSYoungGen      total 61440K, used 35294K [0x000000076ae00000, 0x000000076fa00000, 0x00000007c0000000)
  eden space 60416K, 56% used [0x000000076ae00000,0x000000076cf98028,0x000000076e900000)
  from space 1024K, 87% used [0x000000076ea00000,0x000000076eadf9b0,0x000000076eb00000)
  to   space 8704K, 0% used [0x000000076f180000,0x000000076f180000,0x000000076fa00000)
 ParOldGen       total 86528K, used 5198K [0x00000006c0a00000, 0x00000006c5e80000, 0x000000076ae00000)
  object space 86528K, 6% used [0x00000006c0a00000,0x00000006c0f13920,0x00000006c5e80000)
 Metaspace       used 22855K, capacity 23260K, committed 23552K, reserved 1069056K
  class space    used 2852K, capacity 2967K, committed 3072K, reserved 1048576K
GC Heap History (10 events):
Event: 7.156 GC heap before
{Heap before GC invocations=6 (full 1):
 PSYoungGen      total 76288K, used 65536K [0x000000076ae00000, 0x0000000770300000, 0x00000007c0000000)
  eden space 65536K, 100% used [0x000000076ae00000,0x000000076ee00000,0x000000076ee00000)
  from space 10752K, 0% used [0x000000076f880000,0x000000076f880000,0x0000000770300000)
  to   space 10752K, 0% used [0x000000076ee00000,0x000000076ee00000,0x000000076f880000)
 ParOldGen       total 86528K, used 5118K [0x00000006c0a00000, 0x00000006c5e80000, 0x000000076ae00000)
  object space 86528K, 5% used [0x00000006c0a00000,0x00000006c0eff920,0x00000006c5e80000)
 Metaspace       used 21122K, capacity 21490K, committed 21632K, reserved 1069056K
  class space    used 2708K, capacity 2822K, committed 2944K, reserved 1048576K
Event: 7.157 GC heap after
Heap after GC invocations=6 (full 1):
 PSYoungGen      total 65024K, used 160K [0x000000076ae00000, 0x000000076fd00000, 0x00000007c0000000)
  eden space 64512K, 0% used [0x000000076ae00000,0x000000076ae00000,0x000000076ed00000)
  from space 512K, 31% used [0x000000076ee00000,0x000000076ee28000,0x000000076ee80000)
  to   space 8192K, 0% used [0x000000076f500000,0x000000076f500000,0x000000076fd00000)
 ParOldGen       total 86528K, used 5126K [0x00000006c0a00000, 0x00000006c5e80000, 0x000000076ae00000)
  object space 86528K, 5% used [0x00000006c0a00000,0x00000006c0f01920,0x00000006c5e80000)
 Metaspace       used 21122K, capacity 21490K, committed 21632K, reserved 1069056K
  class space    used 2708K, capacity 2822K, committed 2944K, reserved 1048576K
}
Event: 7.423 GC heap before
{Heap before GC invocations=7 (full 1):
 PSYoungGen      total 65024K, used 64672K [0x000000076ae00000, 0x000000076fd00000, 0x00000007c0000000)
  eden space 64512K, 100% used [0x000000076ae00000,0x000000076ed00000,0x000000076ed00000)
  from space 512K, 31% used [0x000000076ee00000,0x000000076ee28000,0x000000076ee80000)
  to   space 8192K, 0% used [0x000000076f500000,0x000000076f500000,0x000000076fd00000)
 ParOldGen       total 86528K, used 5126K [0x00000006c0a00000, 0x00000006c5e80000, 0x000000076ae00000)
  object space 86528K, 5% used [0x00000006c0a00000,0x00000006c0f01920,0x00000006c5e80000)
 Metaspace       used 21182K, capacity 21554K, committed 21888K, reserved 1069056K
  class space    used 2708K, capacity 2822K, committed 2944K, reserved 1048576K
Event: 7.424 GC heap after
Heap after GC invocations=7 (full 1):
 PSYoungGen      total 71680K, used 128K [0x000000076ae00000, 0x000000076fd00000, 0x00000007c0000000)
  eden space 63488K, 0% used [0x000000076ae00000,0x000000076ae00000,0x000000076ec00000)
  from space 8192K, 1% used [0x000000076f500000,0x000000076f520000,0x000000076fd00000)
  to   space 8704K, 0% used [0x000000076ec00000,0x000000076ec00000,0x000000076f480000)
 ParOldGen       total 86528K, used 5134K [0x00000006c0a00000, 0x00000006c5e80000, 0x000000076ae00000)
  object space 86528K, 5% used [0x00000006c0a00000,0x00000006c0f03920,0x00000006c5e80000)
 Metaspace       used 21182K, capacity 21554K, committed 21888K, reserved 1069056K
  class space    used 2708K, capacity 2822K, committed 2944K, reserved 1048576K
}
Event: 7.651 GC heap before
{Heap before GC invocations=8 (full 1):
 PSYoungGen      total 71680K, used 63616K [0x000000076ae00000, 0x000000076fd00000, 0x00000007c0000000)
  eden space 63488K, 100% used [0x000000076ae00000,0x000000076ec00000,0x000000076ec00000)
  from space 8192K, 1% used [0x000000076f500000,0x000000076f520000,0x000000076fd00000)
  to   space 8704K, 0% used [0x000000076ec00000,0x000000076ec00000,0x000000076f480000)
 ParOldGen       total 86528K, used 5134K [0x00000006c0a00000, 0x00000006c5e80000, 0x000000076ae00000)
  object space 86528K, 5% used [0x00000006c0a00000,0x00000006c0f03920,0x00000006c5e80000)
 Metaspace       used 21195K, capacity 21554K, committed 21888K, reserved 1069056K
  class space    used 2709K, capacity 2822K, committed 2944K, reserved 1048576K
Event: 7.651 GC heap after
Heap after GC invocations=8 (full 1):
 PSYoungGen      total 62976K, used 128K [0x000000076ae00000, 0x000000076fd00000, 0x00000007c0000000)
  eden space 62464K, 0% used [0x000000076ae00000,0x000000076ae00000,0x000000076eb00000)
  from space 512K, 25% used [0x000000076ec00000,0x000000076ec20000,0x000000076ec80000)
  to   space 9216K, 0% used [0x000000076f400000,0x000000076f400000,0x000000076fd00000)
 ParOldGen       total 86528K, used 5142K [0x00000006c0a00000, 0x00000006c5e80000, 0x000000076ae00000)
  object space 86528K, 5% used [0x00000006c0a00000,0x00000006c0f05920,0x00000006c5e80000)
 Metaspace       used 21195K, capacity 21554K, committed 21888K, reserved 1069056K
  class space    used 2709K, capacity 2822K, committed 2944K, reserved 1048576K
}
Event: 7.854 GC heap before
{Heap before GC invocations=9 (full 1):
 PSYoungGen      total 62976K, used 62592K [0x000000076ae00000, 0x000000076fd00000, 0x00000007c0000000)
  eden space 62464K, 100% used [0x000000076ae00000,0x000000076eb00000,0x000000076eb00000)
  from space 512K, 25% used [0x000000076ec00000,0x000000076ec20000,0x000000076ec80000)
  to   space 9216K, 0% used [0x000000076f400000,0x000000076f400000,0x000000076fd00000)
 ParOldGen       total 86528K, used 5142K [0x00000006c0a00000, 0x00000006c5e80000, 0x000000076ae00000)
  object space 86528K, 5% used [0x00000006c0a00000,0x00000006c0f05920,0x00000006c5e80000)
 Metaspace       used 21199K, capacity 21554K, committed 21888K, reserved 1069056K
  class space    used 2710K, capacity 2822K, committed 2944K, reserved 1048576K
Event: 7.854 GC heap after
Heap after GC invocations=9 (full 1):
 PSYoungGen      total 69632K, used 128K [0x000000076ae00000, 0x000000076fc00000, 0x00000007c0000000)
  eden space 61440K, 0% used [0x000000076ae00000,0x000000076ae00000,0x000000076ea00000)
  from space 8192K, 1% used [0x000000076f400000,0x000000076f420000,0x000000076fc00000)
  to   space 9216K, 0% used [0x000000076ea00000,0x000000076ea00000,0x000000076f300000)
 ParOldGen       total 86528K, used 5142K [0x00000006c0a00000, 0x00000006c5e80000, 0x000000076ae00000)
  object space 86528K, 5% used [0x00000006c0a00000,0x00000006c0f05920,0x00000006c5e80000)
 Metaspace       used 21199K, capacity 21554K, committed 21888K, reserved 1069056K
  class space    used 2710K, capacity 2822K, committed 2944K, reserved 1048576K
}
Event: 8.113 GC heap before
{Heap before GC invocations=10 (full 1):
 PSYoungGen      total 69632K, used 61568K [0x000000076ae00000, 0x000000076fc00000, 0x00000007c0000000)
  eden space 61440K, 100% used [0x000000076ae00000,0x000000076ea00000,0x000000076ea00000)
  from space 8192K, 1% used [0x000000076f400000,0x000000076f420000,0x000000076fc00000)
  to   space 9216K, 0% used [0x000000076ea00000,0x000000076ea00000,0x000000076f300000)
 ParOldGen       total 86528K, used 5142K [0x00000006c0a00000, 0x00000006c5e80000, 0x000000076ae00000)
  object space 86528K, 5% used [0x00000006c0a00000,0x00000006c0f05920,0x00000006c5e80000)
 Metaspace       used 22854K, capacity 23260K, committed 23552K, reserved 1069056K
  class space    used 2852K, capacity 2967K, committed 3072K, reserved 1048576K
Event: 8.114 GC heap after
Heap after GC invocations=10 (full 1):
 PSYoungGen      total 61440K, used 894K [0x000000076ae00000, 0x000000076fa00000, 0x00000007c0000000)
  eden space 60416K, 0% used [0x000000076ae00000,0x000000076ae00000,0x000000076e900000)
  from space 1024K, 87% used [0x000000076ea00000,0x000000076eadf9b0,0x000000076eb00000)
  to   space 8704K, 0% used [0x000000076f180000,0x000000076f180000,0x000000076fa00000)
 ParOldGen       total 86528K, used 5198K [0x00000006c0a00000, 0x00000006c5e80000, 0x000000076ae00000)
  object space 86528K, 6% used [0x00000006c0a00000,0x00000006c0f13920,0x00000006c5e80000)
 Metaspace       used 22854K, capacity 23260K, committed 23552K, reserved 1069056K
  class space    used 2852K, capacity 2967K, committed 3072K, reserved 1048576K
}

