# JRE version: Java(TM) SE Runtime Environment (8.0_202-b08) (build 1.8.0_202-b08)
# Java VM: Java HotSpot(TM) 64-Bit Server VM (25.202-b08 mixed mode windows-amd64 compressed oops)
Heap:
 PSYoungGen      total 76288K, used 9035K [0x000000076ae00000, 0x0000000770300000, 0x00000007c0000000)
  eden space 65536K, 10% used [0x000000076ae00000,0x000000076b4b7710,0x000000076ee00000)
  from space 10752K, 20% used [0x000000076ee00000,0x000000076f01b6d8,0x000000076f880000)
  to   space 10752K, 0% used [0x000000076f880000,0x000000076f880000,0x0000000770300000)
 ParOldGen       total 71680K, used 5782K [0x00000006c0a00000, 0x00000006c5000000, 0x000000076ae00000)
  object space 71680K, 8% used [0x00000006c0a00000,0x00000006c0fa5810,0x00000006c5000000)
 Metaspace       used 24210K, capacity 24686K, committed 24832K, reserved 1071104K
  class space    used 2943K, capacity 3056K, committed 3072K, reserved 1048576K
GC Heap History (8 events):
Event: 11.608 GC heap before
{Heap before GC invocations=1 (full 0):
 PSYoungGen      total 76288K, used 65536K [0x000000076ae00000, 0x0000000770300000, 0x00000007c0000000)
  eden space 65536K, 100% used [0x000000076ae00000,0x000000076ee00000,0x000000076ee00000)
  from space 10752K, 0% used [0x000000076f880000,0x000000076f880000,0x0000000770300000)
  to   space 10752K, 0% used [0x000000076ee00000,0x000000076ee00000,0x000000076f880000)
 ParOldGen       total 175104K, used 0K [0x00000006c0a00000, 0x00000006cb500000, 0x000000076ae00000)
  object space 175104K, 0% used [0x00000006c0a00000,0x00000006c0a00000,0x00000006cb500000)
 Metaspace       used 17102K, capacity 17304K, committed 17536K, reserved 1064960K
  class space    used 2087K, capacity 2159K, committed 2176K, reserved 1048576K
Event: 11.614 GC heap after
Heap after GC invocations=1 (full 0):
 PSYoungGen      total 76288K, used 5910K [0x000000076ae00000, 0x0000000770300000, 0x00000007c0000000)
  eden space 65536K, 0% used [0x000000076ae00000,0x000000076ae00000,0x000000076ee00000)
  from space 10752K, 54% used [0x000000076ee00000,0x000000076f3c5ba0,0x000000076f880000)
  to   space 10752K, 0% used [0x000000076f880000,0x000000076f880000,0x0000000770300000)
 ParOldGen       total 175104K, used 16K [0x00000006c0a00000, 0x00000006cb500000, 0x000000076ae00000)
  object space 175104K, 0% used [0x00000006c0a00000,0x00000006c0a04000,0x00000006cb500000)
 Metaspace       used 17102K, capacity 17304K, committed 17536K, reserved 1064960K
  class space    used 2087K, capacity 2159K, committed 2176K, reserved 1048576K
}
Event: 16.466 GC heap before
{Heap before GC invocations=2 (full 0):
 PSYoungGen      total 76288K, used 42098K [0x000000076ae00000, 0x0000000770300000, 0x00000007c0000000)
  eden space 65536K, 55% used [0x000000076ae00000,0x000000076d156ee8,0x000000076ee00000)
  from space 10752K, 54% used [0x000000076ee00000,0x000000076f3c5ba0,0x000000076f880000)
  to   space 10752K, 0% used [0x000000076f880000,0x000000076f880000,0x0000000770300000)
 ParOldGen       total 175104K, used 16K [0x00000006c0a00000, 0x00000006cb500000, 0x000000076ae00000)
  object space 175104K, 0% used [0x00000006c0a00000,0x00000006c0a04000,0x00000006cb500000)
 Metaspace       used 20833K, capacity 21154K, committed 21248K, reserved 1067008K
  class space    used 2626K, capacity 2724K, committed 2816K, reserved 1048576K
Event: 16.470 GC heap after
Heap after GC invocations=2 (full 0):
 PSYoungGen      total 76288K, used 5884K [0x000000076ae00000, 0x0000000770300000, 0x00000007c0000000)
  eden space 65536K, 0% used [0x000000076ae00000,0x000000076ae00000,0x000000076ee00000)
  from space 10752K, 54% used [0x000000076f880000,0x000000076fe3f110,0x0000000770300000)
  to   space 10752K, 0% used [0x000000076ee00000,0x000000076ee00000,0x000000076f880000)
 ParOldGen       total 175104K, used 32K [0x00000006c0a00000, 0x00000006cb500000, 0x000000076ae00000)
  object space 175104K, 0% used [0x00000006c0a00000,0x00000006c0a08000,0x00000006cb500000)
 Metaspace       used 20833K, capacity 21154K, committed 21248K, reserved 1067008K
  class space    used 2626K, capacity 2724K, committed 2816K, reserved 1048576K
}
Event: 16.470 GC heap before
{Heap before GC invocations=3 (full 1):
 PSYoungGen      total 76288K, used 5884K [0x000000076ae00000, 0x0000000770300000, 0x00000007c0000000)
  eden space 65536K, 0% used [0x000000076ae00000,0x000000076ae00000,0x000000076ee00000)
  from space 10752K, 54% used [0x000000076f880000,0x000000076fe3f110,0x0000000770300000)
  to   space 10752K, 0% used [0x000000076ee00000,0x000000076ee00000,0x000000076f880000)
 ParOldGen       total 175104K, used 32K [0x00000006c0a00000, 0x00000006cb500000, 0x000000076ae00000)
  object space 175104K, 0% used [0x00000006c0a00000,0x00000006c0a08000,0x00000006cb500000)
 Metaspace       used 20833K, capacity 21154K, committed 21248K, reserved 1067008K
  class space    used 2626K, capacity 2724K, committed 2816K, reserved 1048576K
Event: 16.488 GC heap after
Heap after GC invocations=3 (full 1):
 PSYoungGen      total 76288K, used 0K [0x000000076ae00000, 0x0000000770300000, 0x00000007c0000000)
  eden space 65536K, 0% used [0x000000076ae00000,0x000000076ae00000,0x000000076ee00000)
  from space 10752K, 0% used [0x000000076f880000,0x000000076f880000,0x0000000770300000)
  to   space 10752K, 0% used [0x000000076ee00000,0x000000076ee00000,0x000000076f880000)
 ParOldGen       total 71680K, used 5774K [0x00000006c0a00000, 0x00000006c5000000, 0x000000076ae00000)
  object space 71680K, 8% used [0x00000006c0a00000,0x00000006c0fa3810,0x00000006c5000000)
 Metaspace       used 20818K, capacity 21130K, committed 21248K, reserved 1067008K
  class space    used 2624K, capacity 2720K, committed 2816K, reserved 1048576K
}
Event: 34.838 GC heap before
{Heap before GC invocations=4 (full 1):
 PSYoungGen      total 76288K, used 63849K [0x000000076ae00000, 0x0000000770300000, 0x00000007c0000000)
  eden space 65536K, 97% used [0x000000076ae00000,0x000000076ec5a5f0,0x000000076ee00000)
  from space 10752K, 0% used [0x000000076f880000,0x000000076f880000,0x0000000770300000)
  to   space 10752K, 0% used [0x000000076ee00000,0x000000076ee00000,0x000000076f880000)
 ParOldGen       total 71680K, used 5774K [0x00000006c0a00000, 0x00000006c5000000, 0x000000076ae00000)
  object space 71680K, 8% used [0x00000006c0a00000,0x00000006c0fa3810,0x00000006c5000000)
 Metaspace       used 24210K, capacity 24686K, committed 24832K, reserved 1071104K
  class space    used 2943K, capacity 3056K, committed 3072K, reserved 1048576K
Event: 34.839 GC heap after
Heap after GC invocations=4 (full 1):
 PSYoungGen      total 76288K, used 2157K [0x000000076ae00000, 0x0000000770300000, 0x00000007c0000000)
  eden space 65536K, 0% used [0x000000076ae00000,0x000000076ae00000,0x000000076ee00000)
  from space 10752K, 20% used [0x000000076ee00000,0x000000076f01b6d8,0x000000076f880000)
  to   space 10752K, 0% used [0x000000076f880000,0x000000076f880000,0x0000000770300000)
 ParOldGen       total 71680K, used 5782K [0x00000006c0a00000, 0x00000006c5000000, 0x000000076ae00000)
  object space 71680K, 8% used [0x00000006c0a00000,0x00000006c0fa5810,0x00000006c5000000)
 Metaspace       used 24210K, capacity 24686K, committed 24832K, reserved 1071104K
  class space    used 2943K, capacity 3056K, committed 3072K, reserved 1048576K
}

