# JRE version: Java(TM) SE Runtime Environment (8.0_202-b08) (build 1.8.0_202-b08)
# Java VM: Java HotSpot(TM) 64-Bit Server VM (25.202-b08 mixed mode windows-amd64 compressed oops)
Heap:
 PSYoungGen      total 76288K, used 7770K [0x000000076ae00000, 0x0000000770300000, 0x00000007c0000000)
  eden space 65536K, 8% used [0x000000076ae00000,0x000000076b374238,0x000000076ee00000)
  from space 10752K, 20% used [0x000000076ee00000,0x000000076f022940,0x000000076f880000)
  to   space 10752K, 0% used [0x000000076f880000,0x000000076f880000,0x0000000770300000)
 ParOldGen       total 71168K, used 5353K [0x00000006c0a00000, 0x00000006c4f80000, 0x000000076ae00000)
  object space 71168K, 7% used [0x00000006c0a00000,0x00000006c0f3a720,0x00000006c4f80000)
 Metaspace       used 24239K, capacity 24622K, committed 24832K, reserved 1071104K
  class space    used 2947K, capacity 3060K, committed 3072K, reserved 1048576K
GC Heap History (8 events):
Event: 11.590 GC heap before
{Heap before GC invocations=1 (full 0):
 PSYoungGen      total 76288K, used 65536K [0x000000076ae00000, 0x0000000770300000, 0x00000007c0000000)
  eden space 65536K, 100% used [0x000000076ae00000,0x000000076ee00000,0x000000076ee00000)
  from space 10752K, 0% used [0x000000076f880000,0x000000076f880000,0x0000000770300000)
  to   space 10752K, 0% used [0x000000076ee00000,0x000000076ee00000,0x000000076f880000)
 ParOldGen       total 175104K, used 0K [0x00000006c0a00000, 0x00000006cb500000, 0x000000076ae00000)
  object space 175104K, 0% used [0x00000006c0a00000,0x00000006c0a00000,0x00000006cb500000)
 Metaspace       used 18320K, capacity 18544K, committed 18816K, reserved 1064960K
  class space    used 2238K, capacity 2319K, committed 2432K, reserved 1048576K
Event: 11.595 GC heap after
Heap after GC invocations=1 (full 0):
 PSYoungGen      total 76288K, used 6392K [0x000000076ae00000, 0x0000000770300000, 0x00000007c0000000)
  eden space 65536K, 0% used [0x000000076ae00000,0x000000076ae00000,0x000000076ee00000)
  from space 10752K, 59% used [0x000000076ee00000,0x000000076f43e1c0,0x000000076f880000)
  to   space 10752K, 0% used [0x000000076f880000,0x000000076f880000,0x0000000770300000)
 ParOldGen       total 175104K, used 16K [0x00000006c0a00000, 0x00000006cb500000, 0x000000076ae00000)
  object space 175104K, 0% used [0x00000006c0a00000,0x00000006c0a04000,0x00000006cb500000)
 Metaspace       used 18320K, capacity 18544K, committed 18816K, reserved 1064960K
  class space    used 2238K, capacity 2319K, committed 2432K, reserved 1048576K
}
Event: 11.852 GC heap before
{Heap before GC invocations=2 (full 0):
 PSYoungGen      total 76288K, used 40363K [0x000000076ae00000, 0x0000000770300000, 0x00000007c0000000)
  eden space 65536K, 51% used [0x000000076ae00000,0x000000076cf2ca78,0x000000076ee00000)
  from space 10752K, 59% used [0x000000076ee00000,0x000000076f43e1c0,0x000000076f880000)
  to   space 10752K, 0% used [0x000000076f880000,0x000000076f880000,0x0000000770300000)
 ParOldGen       total 175104K, used 16K [0x00000006c0a00000, 0x00000006cb500000, 0x000000076ae00000)
  object space 175104K, 0% used [0x00000006c0a00000,0x00000006c0a04000,0x00000006cb500000)
 Metaspace       used 20824K, capacity 21114K, committed 21248K, reserved 1067008K
  class space    used 2630K, capacity 2720K, committed 2816K, reserved 1048576K
Event: 11.856 GC heap after
Heap after GC invocations=2 (full 0):
 PSYoungGen      total 76288K, used 5441K [0x000000076ae00000, 0x0000000770300000, 0x00000007c0000000)
  eden space 65536K, 0% used [0x000000076ae00000,0x000000076ae00000,0x000000076ee00000)
  from space 10752K, 50% used [0x000000076f880000,0x000000076fdd0500,0x0000000770300000)
  to   space 10752K, 0% used [0x000000076ee00000,0x000000076ee00000,0x000000076f880000)
 ParOldGen       total 175104K, used 24K [0x00000006c0a00000, 0x00000006cb500000, 0x000000076ae00000)
  object space 175104K, 0% used [0x00000006c0a00000,0x00000006c0a06000,0x00000006cb500000)
 Metaspace       used 20824K, capacity 21114K, committed 21248K, reserved 1067008K
  class space    used 2630K, capacity 2720K, committed 2816K, reserved 1048576K
}
Event: 11.856 GC heap before
{Heap before GC invocations=3 (full 1):
 PSYoungGen      total 76288K, used 5441K [0x000000076ae00000, 0x0000000770300000, 0x00000007c0000000)
  eden space 65536K, 0% used [0x000000076ae00000,0x000000076ae00000,0x000000076ee00000)
  from space 10752K, 50% used [0x000000076f880000,0x000000076fdd0500,0x0000000770300000)
  to   space 10752K, 0% used [0x000000076ee00000,0x000000076ee00000,0x000000076f880000)
 ParOldGen       total 175104K, used 24K [0x00000006c0a00000, 0x00000006cb500000, 0x000000076ae00000)
  object space 175104K, 0% used [0x00000006c0a00000,0x00000006c0a06000,0x00000006cb500000)
 Metaspace       used 20824K, capacity 21114K, committed 21248K, reserved 1067008K
  class space    used 2630K, capacity 2720K, committed 2816K, reserved 1048576K
Event: 11.873 GC heap after
Heap after GC invocations=3 (full 1):
 PSYoungGen      total 76288K, used 0K [0x000000076ae00000, 0x0000000770300000, 0x00000007c0000000)
  eden space 65536K, 0% used [0x000000076ae00000,0x000000076ae00000,0x000000076ee00000)
  from space 10752K, 0% used [0x000000076f880000,0x000000076f880000,0x0000000770300000)
  to   space 10752K, 0% used [0x000000076ee00000,0x000000076ee00000,0x000000076f880000)
 ParOldGen       total 71168K, used 5345K [0x00000006c0a00000, 0x00000006c4f80000, 0x000000076ae00000)
  object space 71168K, 7% used [0x00000006c0a00000,0x00000006c0f38720,0x00000006c4f80000)
 Metaspace       used 20824K, capacity 21114K, committed 21248K, reserved 1067008K
  class space    used 2630K, capacity 2720K, committed 2816K, reserved 1048576K
}
Event: 30.529 GC heap before
{Heap before GC invocations=4 (full 1):
 PSYoungGen      total 76288K, used 64168K [0x000000076ae00000, 0x0000000770300000, 0x00000007c0000000)
  eden space 65536K, 97% used [0x000000076ae00000,0x000000076ecaa2d8,0x000000076ee00000)
  from space 10752K, 0% used [0x000000076f880000,0x000000076f880000,0x0000000770300000)
  to   space 10752K, 0% used [0x000000076ee00000,0x000000076ee00000,0x000000076f880000)
 ParOldGen       total 71168K, used 5345K [0x00000006c0a00000, 0x00000006c4f80000, 0x000000076ae00000)
  object space 71168K, 7% used [0x00000006c0a00000,0x00000006c0f38720,0x00000006c4f80000)
 Metaspace       used 24237K, capacity 24622K, committed 24832K, reserved 1071104K
  class space    used 2947K, capacity 3060K, committed 3072K, reserved 1048576K
Event: 30.530 GC heap after
Heap after GC invocations=4 (full 1):
 PSYoungGen      total 76288K, used 2186K [0x000000076ae00000, 0x0000000770300000, 0x00000007c0000000)
  eden space 65536K, 0% used [0x000000076ae00000,0x000000076ae00000,0x000000076ee00000)
  from space 10752K, 20% used [0x000000076ee00000,0x000000076f022940,0x000000076f880000)
  to   space 10752K, 0% used [0x000000076f880000,0x000000076f880000,0x0000000770300000)
 ParOldGen       total 71168K, used 5353K [0x00000006c0a00000, 0x00000006c4f80000, 0x000000076ae00000)
  object space 71168K, 7% used [0x00000006c0a00000,0x00000006c0f3a720,0x00000006c4f80000)
 Metaspace       used 24237K, capacity 24622K, committed 24832K, reserved 1071104K
  class space    used 2947K, capacity 3060K, committed 3072K, reserved 1048576K
}

