# JRE version: Java(TM) SE Runtime Environment (8.0_202-b08) (build 1.8.0_202-b08)
# Java VM: Java HotSpot(TM) 64-Bit Server VM (25.202-b08 mixed mode windows-amd64 compressed oops)
Heap:
 PSYoungGen      total 76288K, used 12498K [0x000000076ae00000, 0x0000000770300000, 0x00000007c0000000)
  eden space 65536K, 15% used [0x000000076ae00000,0x000000076b827528,0x000000076ee00000)
  from space 10752K, 19% used [0x000000076ee00000,0x000000076f00d670,0x000000076f880000)
  to   space 10752K, 0% used [0x000000076f880000,0x000000076f880000,0x0000000770300000)
 ParOldGen       total 71168K, used 5451K [0x00000006c0a00000, 0x00000006c4f80000, 0x000000076ae00000)
  object space 71168K, 7% used [0x00000006c0a00000,0x00000006c0f52e00,0x00000006c4f80000)
 Metaspace       used 24400K, capacity 24848K, committed 25216K, reserved 1071104K
  class space    used 2962K, capacity 3089K, committed 3200K, reserved 1048576K
GC Heap History (8 events):
Event: 12.284 GC heap before
{Heap before GC invocations=1 (full 0):
 PSYoungGen      total 76288K, used 65536K [0x000000076ae00000, 0x0000000770300000, 0x00000007c0000000)
  eden space 65536K, 100% used [0x000000076ae00000,0x000000076ee00000,0x000000076ee00000)
  from space 10752K, 0% used [0x000000076f880000,0x000000076f880000,0x0000000770300000)
  to   space 10752K, 0% used [0x000000076ee00000,0x000000076ee00000,0x000000076f880000)
 ParOldGen       total 175104K, used 0K [0x00000006c0a00000, 0x00000006cb500000, 0x000000076ae00000)
  object space 175104K, 0% used [0x00000006c0a00000,0x00000006c0a00000,0x00000006cb500000)
 Metaspace       used 18371K, capacity 18552K, committed 18816K, reserved 1064960K
  class space    used 2250K, capacity 2319K, committed 2432K, reserved 1048576K
Event: 12.288 GC heap after
Heap after GC invocations=1 (full 0):
 PSYoungGen      total 76288K, used 6617K [0x000000076ae00000, 0x0000000770300000, 0x00000007c0000000)
  eden space 65536K, 0% used [0x000000076ae00000,0x000000076ae00000,0x000000076ee00000)
  from space 10752K, 61% used [0x000000076ee00000,0x000000076f4765f8,0x000000076f880000)
  to   space 10752K, 0% used [0x000000076f880000,0x000000076f880000,0x0000000770300000)
 ParOldGen       total 175104K, used 16K [0x00000006c0a00000, 0x00000006cb500000, 0x000000076ae00000)
  object space 175104K, 0% used [0x00000006c0a00000,0x00000006c0a04000,0x00000006cb500000)
 Metaspace       used 18371K, capacity 18552K, committed 18816K, reserved 1064960K
  class space    used 2250K, capacity 2319K, committed 2432K, reserved 1048576K
}
Event: 12.782 GC heap before
{Heap before GC invocations=2 (full 0):
 PSYoungGen      total 76288K, used 44918K [0x000000076ae00000, 0x0000000770300000, 0x00000007c0000000)
  eden space 65536K, 58% used [0x000000076ae00000,0x000000076d3672e0,0x000000076ee00000)
  from space 10752K, 61% used [0x000000076ee00000,0x000000076f4765f8,0x000000076f880000)
  to   space 10752K, 0% used [0x000000076f880000,0x000000076f880000,0x0000000770300000)
 ParOldGen       total 175104K, used 16K [0x00000006c0a00000, 0x00000006cb500000, 0x000000076ae00000)
  object space 175104K, 0% used [0x00000006c0a00000,0x00000006c0a04000,0x00000006cb500000)
 Metaspace       used 20846K, capacity 21140K, committed 21248K, reserved 1067008K
  class space    used 2633K, capacity 2723K, committed 2816K, reserved 1048576K
Event: 12.786 GC heap after
Heap after GC invocations=2 (full 0):
 PSYoungGen      total 76288K, used 5601K [0x000000076ae00000, 0x0000000770300000, 0x00000007c0000000)
  eden space 65536K, 0% used [0x000000076ae00000,0x000000076ae00000,0x000000076ee00000)
  from space 10752K, 52% used [0x000000076f880000,0x000000076fdf84e0,0x0000000770300000)
  to   space 10752K, 0% used [0x000000076ee00000,0x000000076ee00000,0x000000076f880000)
 ParOldGen       total 175104K, used 24K [0x00000006c0a00000, 0x00000006cb500000, 0x000000076ae00000)
  object space 175104K, 0% used [0x00000006c0a00000,0x00000006c0a06000,0x00000006cb500000)
 Metaspace       used 20846K, capacity 21140K, committed 21248K, reserved 1067008K
  class space    used 2633K, capacity 2723K, committed 2816K, reserved 1048576K
}
Event: 12.786 GC heap before
{Heap before GC invocations=3 (full 1):
 PSYoungGen      total 76288K, used 5601K [0x000000076ae00000, 0x0000000770300000, 0x00000007c0000000)
  eden space 65536K, 0% used [0x000000076ae00000,0x000000076ae00000,0x000000076ee00000)
  from space 10752K, 52% used [0x000000076f880000,0x000000076fdf84e0,0x0000000770300000)
  to   space 10752K, 0% used [0x000000076ee00000,0x000000076ee00000,0x000000076f880000)
 ParOldGen       total 175104K, used 24K [0x00000006c0a00000, 0x00000006cb500000, 0x000000076ae00000)
  object space 175104K, 0% used [0x00000006c0a00000,0x00000006c0a06000,0x00000006cb500000)
 Metaspace       used 20846K, capacity 21140K, committed 21248K, reserved 1067008K
  class space    used 2633K, capacity 2723K, committed 2816K, reserved 1048576K
Event: 12.802 GC heap after
Heap after GC invocations=3 (full 1):
 PSYoungGen      total 76288K, used 0K [0x000000076ae00000, 0x0000000770300000, 0x00000007c0000000)
  eden space 65536K, 0% used [0x000000076ae00000,0x000000076ae00000,0x000000076ee00000)
  from space 10752K, 0% used [0x000000076f880000,0x000000076f880000,0x0000000770300000)
  to   space 10752K, 0% used [0x000000076ee00000,0x000000076ee00000,0x000000076f880000)
 ParOldGen       total 71168K, used 5443K [0x00000006c0a00000, 0x00000006c4f80000, 0x000000076ae00000)
  object space 71168K, 7% used [0x00000006c0a00000,0x00000006c0f50e00,0x00000006c4f80000)
 Metaspace       used 20835K, capacity 21122K, committed 21248K, reserved 1067008K
  class space    used 2632K, capacity 2720K, committed 2816K, reserved 1048576K
}
Event: 32.706 GC heap before
{Heap before GC invocations=4 (full 1):
 PSYoungGen      total 76288K, used 65491K [0x000000076ae00000, 0x0000000770300000, 0x00000007c0000000)
  eden space 65536K, 99% used [0x000000076ae00000,0x000000076edf4fe0,0x000000076ee00000)
  from space 10752K, 0% used [0x000000076f880000,0x000000076f880000,0x0000000770300000)
  to   space 10752K, 0% used [0x000000076ee00000,0x000000076ee00000,0x000000076f880000)
 ParOldGen       total 71168K, used 5443K [0x00000006c0a00000, 0x00000006c4f80000, 0x000000076ae00000)
  object space 71168K, 7% used [0x00000006c0a00000,0x00000006c0f50e00,0x00000006c4f80000)
 Metaspace       used 24398K, capacity 24848K, committed 25216K, reserved 1071104K
  class space    used 2962K, capacity 3089K, committed 3200K, reserved 1048576K
Event: 32.708 GC heap after
Heap after GC invocations=4 (full 1):
 PSYoungGen      total 76288K, used 2101K [0x000000076ae00000, 0x0000000770300000, 0x00000007c0000000)
  eden space 65536K, 0% used [0x000000076ae00000,0x000000076ae00000,0x000000076ee00000)
  from space 10752K, 19% used [0x000000076ee00000,0x000000076f00d670,0x000000076f880000)
  to   space 10752K, 0% used [0x000000076f880000,0x000000076f880000,0x0000000770300000)
 ParOldGen       total 71168K, used 5451K [0x00000006c0a00000, 0x00000006c4f80000, 0x000000076ae00000)
  object space 71168K, 7% used [0x00000006c0a00000,0x00000006c0f52e00,0x00000006c4f80000)
 Metaspace       used 24398K, capacity 24848K, committed 25216K, reserved 1071104K
  class space    used 2962K, capacity 3089K, committed 3200K, reserved 1048576K
}

