# JRE version: Java(TM) SE Runtime Environment (8.0_202-b08) (build 1.8.0_202-b08)
# Java VM: Java HotSpot(TM) 64-Bit Server VM (25.202-b08 mixed mode windows-amd64 compressed oops)
Heap:
 PSYoungGen      total 63488K, used 3482K [0x000000076ae00000, 0x0000000772100000, 0x00000007c0000000)
  eden space 62464K, 4% used [0x000000076ae00000,0x000000076b08acf8,0x000000076eb00000)
  from space 1024K, 85% used [0x0000000772000000,0x00000007720dbc18,0x0000000772100000)
  to   space 8704K, 0% used [0x0000000771000000,0x0000000771000000,0x0000000771880000)
 ParOldGen       total 82944K, used 5192K [0x00000006c0a00000, 0x00000006c5b00000, 0x000000076ae00000)
  object space 82944K, 6% used [0x00000006c0a00000,0x00000006c0f120b8,0x00000006c5b00000)
 Metaspace       used 22837K, capacity 23244K, committed 23344K, reserved 1069056K
  class space    used 2870K, capacity 3001K, committed 3072K, reserved 1048576K
GC Heap History (10 events):
Event: 7.459 GC heap before
{Heap before GC invocations=5 (full 1):
 PSYoungGen      total 76288K, used 5296K [0x000000076ae00000, 0x0000000774300000, 0x00000007c0000000)
  eden space 65536K, 0% used [0x000000076ae00000,0x000000076ae00000,0x000000076ee00000)
  from space 10752K, 49% used [0x000000076f880000,0x000000076fdac0c0,0x0000000770300000)
  to   space 10752K, 0% used [0x000000076ee00000,0x000000076ee00000,0x000000076f880000)
 ParOldGen       total 175104K, used 40K [0x00000006c0a00000, 0x00000006cb500000, 0x000000076ae00000)
  object space 175104K, 0% used [0x00000006c0a00000,0x00000006c0a0a000,0x00000006cb500000)
 Metaspace       used 20964K, capacity 21268K, committed 21296K, reserved 1069056K
  class space    used 2700K, capacity 2789K, committed 2816K, reserved 1048576K
Event: 7.476 GC heap after
Heap after GC invocations=5 (full 1):
 PSYoungGen      total 76288K, used 0K [0x000000076ae00000, 0x0000000774300000, 0x00000007c0000000)
  eden space 65536K, 0% used [0x000000076ae00000,0x000000076ae00000,0x000000076ee00000)
  from space 10752K, 0% used [0x000000076f880000,0x000000076f880000,0x0000000770300000)
  to   space 10752K, 0% used [0x000000076ee00000,0x000000076ee00000,0x000000076f880000)
 ParOldGen       total 82944K, used 5168K [0x00000006c0a00000, 0x00000006c5b00000, 0x000000076ae00000)
  object space 82944K, 6% used [0x00000006c0a00000,0x00000006c0f0c0b8,0x00000006c5b00000)
 Metaspace       used 20964K, capacity 21268K, committed 21296K, reserved 1069056K
  class space    used 2700K, capacity 2789K, committed 2816K, reserved 1048576K
}
Event: 7.713 GC heap before
{Heap before GC invocations=6 (full 1):
 PSYoungGen      total 76288K, used 65536K [0x000000076ae00000, 0x0000000774300000, 0x00000007c0000000)
  eden space 65536K, 100% used [0x000000076ae00000,0x000000076ee00000,0x000000076ee00000)
  from space 10752K, 0% used [0x000000076f880000,0x000000076f880000,0x0000000770300000)
  to   space 10752K, 0% used [0x000000076ee00000,0x000000076ee00000,0x000000076f880000)
 ParOldGen       total 82944K, used 5168K [0x00000006c0a00000, 0x00000006c5b00000, 0x000000076ae00000)
  object space 82944K, 6% used [0x00000006c0a00000,0x00000006c0f0c0b8,0x00000006c5b00000)
 Metaspace       used 20973K, capacity 21278K, committed 21552K, reserved 1069056K
  class space    used 2702K, capacity 2790K, committed 2816K, reserved 1048576K
Event: 7.713 GC heap after
Heap after GC invocations=6 (full 1):
 PSYoungGen      total 76288K, used 160K [0x000000076ae00000, 0x0000000773080000, 0x00000007c0000000)
  eden space 65536K, 0% used [0x000000076ae00000,0x000000076ae00000,0x000000076ee00000)
  from space 10752K, 1% used [0x000000076ee00000,0x000000076ee28000,0x000000076f880000)
  to   space 8192K, 0% used [0x0000000772880000,0x0000000772880000,0x0000000773080000)
 ParOldGen       total 82944K, used 5176K [0x00000006c0a00000, 0x00000006c5b00000, 0x000000076ae00000)
  object space 82944K, 6% used [0x00000006c0a00000,0x00000006c0f0e0b8,0x00000006c5b00000)
 Metaspace       used 20973K, capacity 21278K, committed 21552K, reserved 1069056K
  class space    used 2702K, capacity 2790K, committed 2816K, reserved 1048576K
}
Event: 7.955 GC heap before
{Heap before GC invocations=7 (full 1):
 PSYoungGen      total 76288K, used 65696K [0x000000076ae00000, 0x0000000773080000, 0x00000007c0000000)
  eden space 65536K, 100% used [0x000000076ae00000,0x000000076ee00000,0x000000076ee00000)
  from space 10752K, 1% used [0x000000076ee00000,0x000000076ee28000,0x000000076f880000)
  to   space 8192K, 0% used [0x0000000772880000,0x0000000772880000,0x0000000773080000)
 ParOldGen       total 82944K, used 5176K [0x00000006c0a00000, 0x00000006c5b00000, 0x000000076ae00000)
  object space 82944K, 6% used [0x00000006c0a00000,0x00000006c0f0e0b8,0x00000006c5b00000)
 Metaspace       used 20973K, capacity 21278K, committed 21552K, reserved 1069056K
  class space    used 2702K, capacity 2790K, committed 2816K, reserved 1048576K
Event: 7.956 GC heap after
Heap after GC invocations=7 (full 1):
 PSYoungGen      total 65024K, used 128K [0x000000076ae00000, 0x0000000772900000, 0x00000007c0000000)
  eden space 64512K, 0% used [0x000000076ae00000,0x000000076ae00000,0x000000076ed00000)
  from space 512K, 25% used [0x0000000772880000,0x00000007728a0000,0x0000000772900000)
  to   space 8704K, 0% used [0x0000000771800000,0x0000000771800000,0x0000000772080000)
 ParOldGen       total 82944K, used 5176K [0x00000006c0a00000, 0x00000006c5b00000, 0x000000076ae00000)
  object space 82944K, 6% used [0x00000006c0a00000,0x00000006c0f0e0b8,0x00000006c5b00000)
 Metaspace       used 20973K, capacity 21278K, committed 21552K, reserved 1069056K
  class space    used 2702K, capacity 2790K, committed 2816K, reserved 1048576K
}
Event: 8.304 GC heap before
{Heap before GC invocations=8 (full 1):
 PSYoungGen      total 65024K, used 64640K [0x000000076ae00000, 0x0000000772900000, 0x00000007c0000000)
  eden space 64512K, 100% used [0x000000076ae00000,0x000000076ed00000,0x000000076ed00000)
  from space 512K, 25% used [0x0000000772880000,0x00000007728a0000,0x0000000772900000)
  to   space 8704K, 0% used [0x0000000771800000,0x0000000771800000,0x0000000772080000)
 ParOldGen       total 82944K, used 5176K [0x00000006c0a00000, 0x00000006c5b00000, 0x000000076ae00000)
  object space 82944K, 6% used [0x00000006c0a00000,0x00000006c0f0e0b8,0x00000006c5b00000)
 Metaspace       used 20973K, capacity 21278K, committed 21552K, reserved 1069056K
  class space    used 2702K, capacity 2790K, committed 2816K, reserved 1048576K
Event: 8.305 GC heap after
Heap after GC invocations=8 (full 1):
 PSYoungGen      total 64000K, used 64K [0x000000076ae00000, 0x0000000772900000, 0x00000007c0000000)
  eden space 63488K, 0% used [0x000000076ae00000,0x000000076ae00000,0x000000076ec00000)
  from space 512K, 12% used [0x0000000771800000,0x0000000771810000,0x0000000771880000)
  to   space 9216K, 0% used [0x0000000772000000,0x0000000772000000,0x0000000772900000)
 ParOldGen       total 82944K, used 5184K [0x00000006c0a00000, 0x00000006c5b00000, 0x000000076ae00000)
  object space 82944K, 6% used [0x00000006c0a00000,0x00000006c0f100b8,0x00000006c5b00000)
 Metaspace       used 20973K, capacity 21278K, committed 21552K, reserved 1069056K
  class space    used 2702K, capacity 2790K, committed 2816K, reserved 1048576K
}
Event: 8.991 GC heap before
{Heap before GC invocations=9 (full 1):
 PSYoungGen      total 64000K, used 63552K [0x000000076ae00000, 0x0000000772900000, 0x00000007c0000000)
  eden space 63488K, 100% used [0x000000076ae00000,0x000000076ec00000,0x000000076ec00000)
  from space 512K, 12% used [0x0000000771800000,0x0000000771810000,0x0000000771880000)
  to   space 9216K, 0% used [0x0000000772000000,0x0000000772000000,0x0000000772900000)
 ParOldGen       total 82944K, used 5184K [0x00000006c0a00000, 0x00000006c5b00000, 0x000000076ae00000)
  object space 82944K, 6% used [0x00000006c0a00000,0x00000006c0f100b8,0x00000006c5b00000)
 Metaspace       used 22575K, capacity 22942K, committed 23088K, reserved 1069056K
  class space    used 2842K, capacity 2962K, committed 3072K, reserved 1048576K
Event: 8.992 GC heap after
Heap after GC invocations=9 (full 1):
 PSYoungGen      total 63488K, used 879K [0x000000076ae00000, 0x0000000772100000, 0x00000007c0000000)
  eden space 62464K, 0% used [0x000000076ae00000,0x000000076ae00000,0x000000076eb00000)
  from space 1024K, 85% used [0x0000000772000000,0x00000007720dbc18,0x0000000772100000)
  to   space 8704K, 0% used [0x0000000771000000,0x0000000771000000,0x0000000771880000)
 ParOldGen       total 82944K, used 5192K [0x00000006c0a00000, 0x00000006c5b00000, 0x000000076ae00000)
  object space 82944K, 6% used [0x00000006c0a00000,0x00000006c0f120b8,0x00000006c5b00000)
 Metaspace       used 22575K, capacity 22942K, committed 23088K, reserved 1069056K
  class space    used 2842K, capacity 2962K, committed 3072K, reserved 1048576K
}

