# JRE version: Java(TM) SE Runtime Environment (8.0_202-b08) (build 1.8.0_202-b08)
# Java VM: Java HotSpot(TM) 64-Bit Server VM (25.202-b08 mixed mode windows-amd64 compressed oops)
Heap:
 PSYoungGen      total 76288K, used 8352K [0x000000076ae00000, 0x0000000770300000, 0x00000007c0000000)
  eden space 65536K, 9% used [0x000000076ae00000,0x000000076b40c7a0,0x000000076ee00000)
  from space 10752K, 20% used [0x000000076ee00000,0x000000076f01bc38,0x000000076f880000)
  to   space 10752K, 0% used [0x000000076f880000,0x000000076f880000,0x0000000770300000)
 ParOldGen       total 71680K, used 5677K [0x00000006c0a00000, 0x00000006c5000000, 0x000000076ae00000)
  object space 71680K, 7% used [0x00000006c0a00000,0x00000006c0f8b708,0x00000006c5000000)
 Metaspace       used 24219K, capacity 24690K, committed 24832K, reserved 1071104K
  class space    used 2945K, capacity 3060K, committed 3072K, reserved 1048576K
GC Heap History (8 events):
Event: 13.985 GC heap before
{Heap before GC invocations=1 (full 0):
 PSYoungGen      total 76288K, used 65536K [0x000000076ae00000, 0x0000000770300000, 0x00000007c0000000)
  eden space 65536K, 100% used [0x000000076ae00000,0x000000076ee00000,0x000000076ee00000)
  from space 10752K, 0% used [0x000000076f880000,0x000000076f880000,0x0000000770300000)
  to   space 10752K, 0% used [0x000000076ee00000,0x000000076ee00000,0x000000076f880000)
 ParOldGen       total 175104K, used 0K [0x00000006c0a00000, 0x00000006cb500000, 0x000000076ae00000)
  object space 175104K, 0% used [0x00000006c0a00000,0x00000006c0a00000,0x00000006cb500000)
 Metaspace       used 18031K, capacity 18260K, committed 18432K, reserved 1064960K
  class space    used 2196K, capacity 2287K, committed 2304K, reserved 1048576K
Event: 13.989 GC heap after
Heap after GC invocations=1 (full 0):
 PSYoungGen      total 76288K, used 6103K [0x000000076ae00000, 0x0000000770300000, 0x00000007c0000000)
  eden space 65536K, 0% used [0x000000076ae00000,0x000000076ae00000,0x000000076ee00000)
  from space 10752K, 56% used [0x000000076ee00000,0x000000076f3f5db0,0x000000076f880000)
  to   space 10752K, 0% used [0x000000076f880000,0x000000076f880000,0x0000000770300000)
 ParOldGen       total 175104K, used 16K [0x00000006c0a00000, 0x00000006cb500000, 0x000000076ae00000)
  object space 175104K, 0% used [0x00000006c0a00000,0x00000006c0a04000,0x00000006cb500000)
 Metaspace       used 18031K, capacity 18260K, committed 18432K, reserved 1064960K
  class space    used 2196K, capacity 2287K, committed 2304K, reserved 1048576K
}
Event: 14.253 GC heap before
{Heap before GC invocations=2 (full 0):
 PSYoungGen      total 76288K, used 41749K [0x000000076ae00000, 0x0000000770300000, 0x00000007c0000000)
  eden space 65536K, 54% used [0x000000076ae00000,0x000000076d0cfa08,0x000000076ee00000)
  from space 10752K, 56% used [0x000000076ee00000,0x000000076f3f5db0,0x000000076f880000)
  to   space 10752K, 0% used [0x000000076f880000,0x000000076f880000,0x0000000770300000)
 ParOldGen       total 175104K, used 16K [0x00000006c0a00000, 0x00000006cb500000, 0x000000076ae00000)
  object space 175104K, 0% used [0x00000006c0a00000,0x00000006c0a04000,0x00000006cb500000)
 Metaspace       used 20815K, capacity 21118K, committed 21248K, reserved 1067008K
  class space    used 2625K, capacity 2720K, committed 2816K, reserved 1048576K
Event: 14.257 GC heap after
Heap after GC invocations=2 (full 0):
 PSYoungGen      total 76288K, used 5804K [0x000000076ae00000, 0x0000000770300000, 0x00000007c0000000)
  eden space 65536K, 0% used [0x000000076ae00000,0x000000076ae00000,0x000000076ee00000)
  from space 10752K, 53% used [0x000000076f880000,0x000000076fe2b140,0x0000000770300000)
  to   space 10752K, 0% used [0x000000076ee00000,0x000000076ee00000,0x000000076f880000)
 ParOldGen       total 175104K, used 24K [0x00000006c0a00000, 0x00000006cb500000, 0x000000076ae00000)
  object space 175104K, 0% used [0x00000006c0a00000,0x00000006c0a06000,0x00000006cb500000)
 Metaspace       used 20815K, capacity 21118K, committed 21248K, reserved 1067008K
  class space    used 2625K, capacity 2720K, committed 2816K, reserved 1048576K
}
Event: 14.257 GC heap before
{Heap before GC invocations=3 (full 1):
 PSYoungGen      total 76288K, used 5804K [0x000000076ae00000, 0x0000000770300000, 0x00000007c0000000)
  eden space 65536K, 0% used [0x000000076ae00000,0x000000076ae00000,0x000000076ee00000)
  from space 10752K, 53% used [0x000000076f880000,0x000000076fe2b140,0x0000000770300000)
  to   space 10752K, 0% used [0x000000076ee00000,0x000000076ee00000,0x000000076f880000)
 ParOldGen       total 175104K, used 24K [0x00000006c0a00000, 0x00000006cb500000, 0x000000076ae00000)
  object space 175104K, 0% used [0x00000006c0a00000,0x00000006c0a06000,0x00000006cb500000)
 Metaspace       used 20815K, capacity 21118K, committed 21248K, reserved 1067008K
  class space    used 2625K, capacity 2720K, committed 2816K, reserved 1048576K
Event: 14.274 GC heap after
Heap after GC invocations=3 (full 1):
 PSYoungGen      total 76288K, used 0K [0x000000076ae00000, 0x0000000770300000, 0x00000007c0000000)
  eden space 65536K, 0% used [0x000000076ae00000,0x000000076ae00000,0x000000076ee00000)
  from space 10752K, 0% used [0x000000076f880000,0x000000076f880000,0x0000000770300000)
  to   space 10752K, 0% used [0x000000076ee00000,0x000000076ee00000,0x000000076f880000)
 ParOldGen       total 71680K, used 5669K [0x00000006c0a00000, 0x00000006c5000000, 0x000000076ae00000)
  object space 71680K, 7% used [0x00000006c0a00000,0x00000006c0f89708,0x00000006c5000000)
 Metaspace       used 20815K, capacity 21118K, committed 21248K, reserved 1067008K
  class space    used 2625K, capacity 2720K, committed 2816K, reserved 1048576K
}
Event: 32.661 GC heap before
{Heap before GC invocations=4 (full 1):
 PSYoungGen      total 76288K, used 63756K [0x000000076ae00000, 0x0000000770300000, 0x00000007c0000000)
  eden space 65536K, 97% used [0x000000076ae00000,0x000000076ec430f0,0x000000076ee00000)
  from space 10752K, 0% used [0x000000076f880000,0x000000076f880000,0x0000000770300000)
  to   space 10752K, 0% used [0x000000076ee00000,0x000000076ee00000,0x000000076f880000)
 ParOldGen       total 71680K, used 5669K [0x00000006c0a00000, 0x00000006c5000000, 0x000000076ae00000)
  object space 71680K, 7% used [0x00000006c0a00000,0x00000006c0f89708,0x00000006c5000000)
 Metaspace       used 24219K, capacity 24690K, committed 24832K, reserved 1071104K
  class space    used 2945K, capacity 3060K, committed 3072K, reserved 1048576K
Event: 32.662 GC heap after
Heap after GC invocations=4 (full 1):
 PSYoungGen      total 76288K, used 2159K [0x000000076ae00000, 0x0000000770300000, 0x00000007c0000000)
  eden space 65536K, 0% used [0x000000076ae00000,0x000000076ae00000,0x000000076ee00000)
  from space 10752K, 20% used [0x000000076ee00000,0x000000076f01bc38,0x000000076f880000)
  to   space 10752K, 0% used [0x000000076f880000,0x000000076f880000,0x0000000770300000)
 ParOldGen       total 71680K, used 5677K [0x00000006c0a00000, 0x00000006c5000000, 0x000000076ae00000)
  object space 71680K, 7% used [0x00000006c0a00000,0x00000006c0f8b708,0x00000006c5000000)
 Metaspace       used 24219K, capacity 24690K, committed 24832K, reserved 1071104K
  class space    used 2945K, capacity 3060K, committed 3072K, reserved 1048576K
}

