# JRE version: Java(TM) SE Runtime Environment (8.0_202-b08) (build 1.8.0_202-b08)
# Java VM: Java HotSpot(TM) 64-Bit Server VM (25.202-b08 mixed mode windows-amd64 compressed oops)
Heap:
 PSYoungGen      total 68096K, used 3871K [0x000000076ae00000, 0x000000076fa00000, 0x00000007c0000000)
  eden space 62464K, 4% used [0x000000076ae00000,0x000000076b0905b0,0x000000076eb00000)
  from space 5632K, 22% used [0x000000076f480000,0x000000076f5b79d0,0x000000076fa00000)
  to   space 7680K, 0% used [0x000000076eb00000,0x000000076eb00000,0x000000076f280000)
 ParOldGen       total 71168K, used 5367K [0x00000006c0a00000, 0x00000006c4f80000, 0x000000076ae00000)
  object space 71168K, 7% used [0x00000006c0a00000,0x00000006c0f3dcb0,0x00000006c4f80000)
 Metaspace       used 23758K, capacity 24214K, committed 24448K, reserved 1071104K
  class space    used 2957K, capacity 3094K, committed 3200K, reserved 1048576K
GC Heap History (10 events):
Event: 11.331 GC heap before
{Heap before GC invocations=3 (full 1):
 PSYoungGen      total 76288K, used 5473K [0x000000076ae00000, 0x0000000770300000, 0x00000007c0000000)
  eden space 65536K, 0% used [0x000000076ae00000,0x000000076ae00000,0x000000076ee00000)
  from space 10752K, 50% used [0x000000076f880000,0x000000076fdd84e0,0x0000000770300000)
  to   space 10752K, 0% used [0x000000076ee00000,0x000000076ee00000,0x000000076f880000)
 ParOldGen       total 175104K, used 24K [0x00000006c0a00000, 0x00000006cb500000, 0x000000076ae00000)
  object space 175104K, 0% used [0x00000006c0a00000,0x00000006c0a06000,0x00000006cb500000)
 Metaspace       used 20787K, capacity 21122K, committed 21248K, reserved 1067008K
  class space    used 2625K, capacity 2720K, committed 2816K, reserved 1048576K
Event: 11.350 GC heap after
Heap after GC invocations=3 (full 1):
 PSYoungGen      total 76288K, used 0K [0x000000076ae00000, 0x0000000770300000, 0x00000007c0000000)
  eden space 65536K, 0% used [0x000000076ae00000,0x000000076ae00000,0x000000076ee00000)
  from space 10752K, 0% used [0x000000076f880000,0x000000076f880000,0x0000000770300000)
  to   space 10752K, 0% used [0x000000076ee00000,0x000000076ee00000,0x000000076f880000)
 ParOldGen       total 71168K, used 5335K [0x00000006c0a00000, 0x00000006c4f80000, 0x000000076ae00000)
  object space 71168K, 7% used [0x00000006c0a00000,0x00000006c0f35cb0,0x00000006c4f80000)
 Metaspace       used 20787K, capacity 21122K, committed 21248K, reserved 1067008K
  class space    used 2625K, capacity 2720K, committed 2816K, reserved 1048576K
}
Event: 11.959 GC heap before
{Heap before GC invocations=4 (full 1):
 PSYoungGen      total 76288K, used 65536K [0x000000076ae00000, 0x0000000770300000, 0x00000007c0000000)
  eden space 65536K, 100% used [0x000000076ae00000,0x000000076ee00000,0x000000076ee00000)
  from space 10752K, 0% used [0x000000076f880000,0x000000076f880000,0x0000000770300000)
  to   space 10752K, 0% used [0x000000076ee00000,0x000000076ee00000,0x000000076f880000)
 ParOldGen       total 71168K, used 5335K [0x00000006c0a00000, 0x00000006c4f80000, 0x000000076ae00000)
  object space 71168K, 7% used [0x00000006c0a00000,0x00000006c0f35cb0,0x00000006c4f80000)
 Metaspace       used 21281K, capacity 21616K, committed 21888K, reserved 1069056K
  class space    used 2722K, capacity 2817K, committed 2944K, reserved 1048576K
Event: 11.960 GC heap after
Heap after GC invocations=4 (full 1):
 PSYoungGen      total 76288K, used 656K [0x000000076ae00000, 0x0000000770300000, 0x00000007c0000000)
  eden space 65536K, 0% used [0x000000076ae00000,0x000000076ae00000,0x000000076ee00000)
  from space 10752K, 6% used [0x000000076ee00000,0x000000076eea4010,0x000000076f880000)
  to   space 10752K, 0% used [0x000000076f880000,0x000000076f880000,0x0000000770300000)
 ParOldGen       total 71168K, used 5343K [0x00000006c0a00000, 0x00000006c4f80000, 0x000000076ae00000)
  object space 71168K, 7% used [0x00000006c0a00000,0x00000006c0f37cb0,0x00000006c4f80000)
 Metaspace       used 21281K, capacity 21616K, committed 21888K, reserved 1069056K
  class space    used 2722K, capacity 2817K, committed 2944K, reserved 1048576K
}
Event: 12.550 GC heap before
{Heap before GC invocations=5 (full 1):
 PSYoungGen      total 76288K, used 66192K [0x000000076ae00000, 0x0000000770300000, 0x00000007c0000000)
  eden space 65536K, 100% used [0x000000076ae00000,0x000000076ee00000,0x000000076ee00000)
  from space 10752K, 6% used [0x000000076ee00000,0x000000076eea4010,0x000000076f880000)
  to   space 10752K, 0% used [0x000000076f880000,0x000000076f880000,0x0000000770300000)
 ParOldGen       total 71168K, used 5343K [0x00000006c0a00000, 0x00000006c4f80000, 0x000000076ae00000)
  object space 71168K, 7% used [0x00000006c0a00000,0x00000006c0f37cb0,0x00000006c4f80000)
 Metaspace       used 21369K, capacity 21782K, committed 22144K, reserved 1069056K
  class space    used 2734K, capacity 2834K, committed 2944K, reserved 1048576K
Event: 12.551 GC heap after
Heap after GC invocations=5 (full 1):
 PSYoungGen      total 76288K, used 496K [0x000000076ae00000, 0x0000000770300000, 0x00000007c0000000)
  eden space 65536K, 0% used [0x000000076ae00000,0x000000076ae00000,0x000000076ee00000)
  from space 10752K, 4% used [0x000000076f880000,0x000000076f8fc010,0x0000000770300000)
  to   space 10752K, 0% used [0x000000076ee00000,0x000000076ee00000,0x000000076f880000)
 ParOldGen       total 71168K, used 5351K [0x00000006c0a00000, 0x00000006c4f80000, 0x000000076ae00000)
  object space 71168K, 7% used [0x00000006c0a00000,0x00000006c0f39cb0,0x00000006c4f80000)
 Metaspace       used 21369K, capacity 21782K, committed 22144K, reserved 1069056K
  class space    used 2734K, capacity 2834K, committed 2944K, reserved 1048576K
}
Event: 13.053 GC heap before
{Heap before GC invocations=6 (full 1):
 PSYoungGen      total 76288K, used 66032K [0x000000076ae00000, 0x0000000770300000, 0x00000007c0000000)
  eden space 65536K, 100% used [0x000000076ae00000,0x000000076ee00000,0x000000076ee00000)
  from space 10752K, 4% used [0x000000076f880000,0x000000076f8fc010,0x0000000770300000)
  to   space 10752K, 0% used [0x000000076ee00000,0x000000076ee00000,0x000000076f880000)
 ParOldGen       total 71168K, used 5351K [0x00000006c0a00000, 0x00000006c4f80000, 0x000000076ae00000)
  object space 71168K, 7% used [0x00000006c0a00000,0x00000006c0f39cb0,0x00000006c4f80000)
 Metaspace       used 22565K, capacity 22990K, committed 23168K, reserved 1069056K
  class space    used 2827K, capacity 2938K, committed 2944K, reserved 1048576K
Event: 13.054 GC heap after
Heap after GC invocations=6 (full 1):
 PSYoungGen      total 65536K, used 1028K [0x000000076ae00000, 0x000000076fc80000, 0x00000007c0000000)
  eden space 64000K, 0% used [0x000000076ae00000,0x000000076ae00000,0x000000076ec80000)
  from space 1536K, 66% used [0x000000076ee00000,0x000000076ef01080,0x000000076ef80000)
  to   space 8192K, 0% used [0x000000076f480000,0x000000076f480000,0x000000076fc80000)
 ParOldGen       total 71168K, used 5359K [0x00000006c0a00000, 0x00000006c4f80000, 0x000000076ae00000)
  object space 71168K, 7% used [0x00000006c0a00000,0x00000006c0f3bcb0,0x00000006c4f80000)
 Metaspace       used 22565K, capacity 22990K, committed 23168K, reserved 1069056K
  class space    used 2827K, capacity 2938K, committed 2944K, reserved 1048576K
}
Event: 13.644 GC heap before
{Heap before GC invocations=7 (full 1):
 PSYoungGen      total 65536K, used 65028K [0x000000076ae00000, 0x000000076fc80000, 0x00000007c0000000)
  eden space 64000K, 100% used [0x000000076ae00000,0x000000076ec80000,0x000000076ec80000)
  from space 1536K, 66% used [0x000000076ee00000,0x000000076ef01080,0x000000076ef80000)
  to   space 8192K, 0% used [0x000000076f480000,0x000000076f480000,0x000000076fc80000)
 ParOldGen       total 71168K, used 5359K [0x00000006c0a00000, 0x00000006c4f80000, 0x000000076ae00000)
  object space 71168K, 7% used [0x00000006c0a00000,0x00000006c0f3bcb0,0x00000006c4f80000)
 Metaspace       used 23757K, capacity 24214K, committed 24448K, reserved 1071104K
  class space    used 2957K, capacity 3094K, committed 3200K, reserved 1048576K
Event: 13.645 GC heap after
Heap after GC invocations=7 (full 1):
 PSYoungGen      total 68096K, used 1246K [0x000000076ae00000, 0x000000076fa00000, 0x00000007c0000000)
  eden space 62464K, 0% used [0x000000076ae00000,0x000000076ae00000,0x000000076eb00000)
  from space 5632K, 22% used [0x000000076f480000,0x000000076f5b79d0,0x000000076fa00000)
  to   space 7680K, 0% used [0x000000076eb00000,0x000000076eb00000,0x000000076f280000)
 ParOldGen       total 71168K, used 5367K [0x00000006c0a00000, 0x00000006c4f80000, 0x000000076ae00000)
  object space 71168K, 7% used [0x00000006c0a00000,0x00000006c0f3dcb0,0x00000006c4f80000)
 Metaspace       used 23757K, capacity 24214K, committed 24448K, reserved 1071104K
  class space    used 2957K, capacity 3094K, committed 3200K, reserved 1048576K
}

