# JRE version: Java(TM) SE Runtime Environment (8.0_202-b08) (build 1.8.0_202-b08)
# Java VM: Java HotSpot(TM) 64-Bit Server VM (25.202-b08 mixed mode windows-amd64 compressed oops)
Heap:
 PSYoungGen      total 76288K, used 7216K [0x000000076ae00000, 0x0000000770300000, 0x00000007c0000000)
  eden space 65536K, 8% used [0x000000076ae00000,0x000000076b3aec30,0x000000076ee00000)
  from space 10752K, 12% used [0x000000076ee00000,0x000000076ef5d3f8,0x000000076f880000)
  to   space 10752K, 0% used [0x000000076f880000,0x000000076f880000,0x0000000770300000)
 ParOldGen       total 71168K, used 5584K [0x00000006c0a00000, 0x00000006c4f80000, 0x000000076ae00000)
  object space 71168K, 7% used [0x00000006c0a00000,0x00000006c0f740f8,0x00000006c4f80000)
 Metaspace       used 23921K, capacity 24320K, committed 24704K, reserved 1071104K
  class space    used 2940K, capacity 3081K, committed 3200K, reserved 1048576K
GC Heap History (8 events):
Event: 6.310 GC heap before
{Heap before GC invocations=1 (full 0):
 PSYoungGen      total 76288K, used 65536K [0x000000076ae00000, 0x0000000770300000, 0x00000007c0000000)
  eden space 65536K, 100% used [0x000000076ae00000,0x000000076ee00000,0x000000076ee00000)
  from space 10752K, 0% used [0x000000076f880000,0x000000076f880000,0x0000000770300000)
  to   space 10752K, 0% used [0x000000076ee00000,0x000000076ee00000,0x000000076f880000)
 ParOldGen       total 175104K, used 0K [0x00000006c0a00000, 0x00000006cb500000, 0x000000076ae00000)
  object space 175104K, 0% used [0x00000006c0a00000,0x00000006c0a00000,0x00000006cb500000)
 Metaspace       used 18130K, capacity 18358K, committed 18560K, reserved 1064960K
  class space    used 2238K, capacity 2322K, committed 2432K, reserved 1048576K
Event: 6.319 GC heap after
Heap after GC invocations=1 (full 0):
 PSYoungGen      total 76288K, used 6545K [0x000000076ae00000, 0x0000000770300000, 0x00000007c0000000)
  eden space 65536K, 0% used [0x000000076ae00000,0x000000076ae00000,0x000000076ee00000)
  from space 10752K, 60% used [0x000000076ee00000,0x000000076f4645a0,0x000000076f880000)
  to   space 10752K, 0% used [0x000000076f880000,0x000000076f880000,0x0000000770300000)
 ParOldGen       total 175104K, used 16K [0x00000006c0a00000, 0x00000006cb500000, 0x000000076ae00000)
  object space 175104K, 0% used [0x00000006c0a00000,0x00000006c0a04000,0x00000006cb500000)
 Metaspace       used 18130K, capacity 18358K, committed 18560K, reserved 1064960K
  class space    used 2238K, capacity 2322K, committed 2432K, reserved 1048576K
}
Event: 7.337 GC heap before
{Heap before GC invocations=2 (full 0):
 PSYoungGen      total 76288K, used 45641K [0x000000076ae00000, 0x0000000770300000, 0x00000007c0000000)
  eden space 65536K, 59% used [0x000000076ae00000,0x000000076d42e1c0,0x000000076ee00000)
  from space 10752K, 60% used [0x000000076ee00000,0x000000076f4645a0,0x000000076f880000)
  to   space 10752K, 0% used [0x000000076f880000,0x000000076f880000,0x0000000770300000)
 ParOldGen       total 175104K, used 16K [0x00000006c0a00000, 0x00000006cb500000, 0x000000076ae00000)
  object space 175104K, 0% used [0x00000006c0a00000,0x00000006c0a04000,0x00000006cb500000)
 Metaspace       used 20930K, capacity 21218K, committed 21296K, reserved 1069056K
  class space    used 2688K, capacity 2780K, committed 2816K, reserved 1048576K
Event: 7.341 GC heap after
Heap after GC invocations=2 (full 0):
 PSYoungGen      total 76288K, used 5729K [0x000000076ae00000, 0x0000000770300000, 0x00000007c0000000)
  eden space 65536K, 0% used [0x000000076ae00000,0x000000076ae00000,0x000000076ee00000)
  from space 10752K, 53% used [0x000000076f880000,0x000000076fe18500,0x0000000770300000)
  to   space 10752K, 0% used [0x000000076ee00000,0x000000076ee00000,0x000000076f880000)
 ParOldGen       total 175104K, used 32K [0x00000006c0a00000, 0x00000006cb500000, 0x000000076ae00000)
  object space 175104K, 0% used [0x00000006c0a00000,0x00000006c0a08000,0x00000006cb500000)
 Metaspace       used 20930K, capacity 21218K, committed 21296K, reserved 1069056K
  class space    used 2688K, capacity 2780K, committed 2816K, reserved 1048576K
}
Event: 7.341 GC heap before
{Heap before GC invocations=3 (full 1):
 PSYoungGen      total 76288K, used 5729K [0x000000076ae00000, 0x0000000770300000, 0x00000007c0000000)
  eden space 65536K, 0% used [0x000000076ae00000,0x000000076ae00000,0x000000076ee00000)
  from space 10752K, 53% used [0x000000076f880000,0x000000076fe18500,0x0000000770300000)
  to   space 10752K, 0% used [0x000000076ee00000,0x000000076ee00000,0x000000076f880000)
 ParOldGen       total 175104K, used 32K [0x00000006c0a00000, 0x00000006cb500000, 0x000000076ae00000)
  object space 175104K, 0% used [0x00000006c0a00000,0x00000006c0a08000,0x00000006cb500000)
 Metaspace       used 20930K, capacity 21218K, committed 21296K, reserved 1069056K
  class space    used 2688K, capacity 2780K, committed 2816K, reserved 1048576K
Event: 7.359 GC heap after
Heap after GC invocations=3 (full 1):
 PSYoungGen      total 76288K, used 0K [0x000000076ae00000, 0x0000000770300000, 0x00000007c0000000)
  eden space 65536K, 0% used [0x000000076ae00000,0x000000076ae00000,0x000000076ee00000)
  from space 10752K, 0% used [0x000000076f880000,0x000000076f880000,0x0000000770300000)
  to   space 10752K, 0% used [0x000000076ee00000,0x000000076ee00000,0x000000076f880000)
 ParOldGen       total 71168K, used 5576K [0x00000006c0a00000, 0x00000006c4f80000, 0x000000076ae00000)
  object space 71168K, 7% used [0x00000006c0a00000,0x00000006c0f720f8,0x00000006c4f80000)
 Metaspace       used 20930K, capacity 21218K, committed 21296K, reserved 1069056K
  class space    used 2688K, capacity 2780K, committed 2816K, reserved 1048576K
}
Event: 28.764 GC heap before
{Heap before GC invocations=4 (full 1):
 PSYoungGen      total 76288K, used 65321K [0x000000076ae00000, 0x0000000770300000, 0x00000007c0000000)
  eden space 65536K, 99% used [0x000000076ae00000,0x000000076edca5b8,0x000000076ee00000)
  from space 10752K, 0% used [0x000000076f880000,0x000000076f880000,0x0000000770300000)
  to   space 10752K, 0% used [0x000000076ee00000,0x000000076ee00000,0x000000076f880000)
 ParOldGen       total 71168K, used 5576K [0x00000006c0a00000, 0x00000006c4f80000, 0x000000076ae00000)
  object space 71168K, 7% used [0x00000006c0a00000,0x00000006c0f720f8,0x00000006c4f80000)
 Metaspace       used 23908K, capacity 24320K, committed 24704K, reserved 1071104K
  class space    used 2940K, capacity 3081K, committed 3200K, reserved 1048576K
Event: 28.765 GC heap after
Heap after GC invocations=4 (full 1):
 PSYoungGen      total 76288K, used 1396K [0x000000076ae00000, 0x0000000770300000, 0x00000007c0000000)
  eden space 65536K, 0% used [0x000000076ae00000,0x000000076ae00000,0x000000076ee00000)
  from space 10752K, 12% used [0x000000076ee00000,0x000000076ef5d3f8,0x000000076f880000)
  to   space 10752K, 0% used [0x000000076f880000,0x000000076f880000,0x0000000770300000)
 ParOldGen       total 71168K, used 5584K [0x00000006c0a00000, 0x00000006c4f80000, 0x000000076ae00000)
  object space 71168K, 7% used [0x00000006c0a00000,0x00000006c0f740f8,0x00000006c4f80000)
 Metaspace       used 23908K, capacity 24320K, committed 24704K, reserved 1071104K
  class space    used 2940K, capacity 3081K, committed 3200K, reserved 1048576K
}

