# JRE version: Java(TM) SE Runtime Environment (8.0_201-b09) (build 1.8.0_201-b09)
# Java VM: Java HotSpot(TM) 64-Bit Server VM (25.201-b09 mixed mode windows-amd64 compressed oops)
Heap:
 PSYoungGen      total 38400K, used 6270K [0x00000000d5f00000, 0x00000000d8980000, 0x0000000100000000)
  eden space 33280K, 14% used [0x00000000d5f00000,0x00000000d63dff50,0x00000000d7f80000)
  from space 5120K, 24% used [0x00000000d8480000,0x00000000d85bf920,0x00000000d8980000)
  to   space 5120K, 0% used [0x00000000d7f80000,0x00000000d7f80000,0x00000000d8480000)
 ParOldGen       total 65024K, used 12083K [0x0000000081c00000, 0x0000000085b80000, 0x00000000d5f00000)
  object space 65024K, 18% used [0x0000000081c00000,0x00000000827ccf18,0x0000000085b80000)
 Metaspace       used 22785K, capacity 23168K, committed 23424K, reserved 1069056K
  class space    used 2816K, capacity 2939K, committed 2944K, reserved 1048576K
GC Heap History (10 events):
Event: 3.015 GC heap before
{Heap before GC invocations=1 (full 0):
 PSYoungGen      total 38400K, used 33280K [0x00000000d5f00000, 0x00000000d8980000, 0x0000000100000000)
  eden space 33280K, 100% used [0x00000000d5f00000,0x00000000d7f80000,0x00000000d7f80000)
  from space 5120K, 0% used [0x00000000d8480000,0x00000000d8480000,0x00000000d8980000)
  to   space 5120K, 0% used [0x00000000d7f80000,0x00000000d7f80000,0x00000000d8480000)
 ParOldGen       total 87552K, used 0K [0x0000000081c00000, 0x0000000087180000, 0x00000000d5f00000)
  object space 87552K, 0% used [0x0000000081c00000,0x0000000081c00000,0x0000000087180000)
 Metaspace       used 13364K, capacity 13578K, committed 13824K, reserved 1060864K
  class space    used 1635K, capacity 1710K, committed 1792K, reserved 1048576K
Event: 3.023 GC heap after
Heap after GC invocations=1 (full 0):
 PSYoungGen      total 38400K, used 5109K [0x00000000d5f00000, 0x00000000d8980000, 0x0000000100000000)
  eden space 33280K, 0% used [0x00000000d5f00000,0x00000000d5f00000,0x00000000d7f80000)
  from space 5120K, 99% used [0x00000000d7f80000,0x00000000d847d7f0,0x00000000d8480000)
  to   space 5120K, 0% used [0x00000000d8480000,0x00000000d8480000,0x00000000d8980000)
 ParOldGen       total 87552K, used 13155K [0x0000000081c00000, 0x0000000087180000, 0x00000000d5f00000)
  object space 87552K, 15% used [0x0000000081c00000,0x00000000828d8cd0,0x0000000087180000)
 Metaspace       used 13364K, capacity 13578K, committed 13824K, reserved 1060864K
  class space    used 1635K, capacity 1710K, committed 1792K, reserved 1048576K
}
Event: 10.165 GC heap before
{Heap before GC invocations=2 (full 0):
 PSYoungGen      total 38400K, used 38389K [0x00000000d5f00000, 0x00000000d8980000, 0x0000000100000000)
  eden space 33280K, 100% used [0x00000000d5f00000,0x00000000d7f80000,0x00000000d7f80000)
  from space 5120K, 99% used [0x00000000d7f80000,0x00000000d847d7f0,0x00000000d8480000)
  to   space 5120K, 0% used [0x00000000d8480000,0x00000000d8480000,0x00000000d8980000)
 ParOldGen       total 87552K, used 13155K [0x0000000081c00000, 0x0000000087180000, 0x00000000d5f00000)
  object space 87552K, 15% used [0x0000000081c00000,0x00000000828d8cd0,0x0000000087180000)
 Metaspace       used 19628K, capacity 19912K, committed 20096K, reserved 1067008K
  class space    used 2489K, capacity 2573K, committed 2688K, reserved 1048576K
Event: 10.180 GC heap after
Heap after GC invocations=2 (full 0):
 PSYoungGen      total 38400K, used 4783K [0x00000000d5f00000, 0x00000000d8980000, 0x0000000100000000)
  eden space 33280K, 0% used [0x00000000d5f00000,0x00000000d5f00000,0x00000000d7f80000)
  from space 5120K, 93% used [0x00000000d8480000,0x00000000d892bc18,0x00000000d8980000)
  to   space 5120K, 0% used [0x00000000d7f80000,0x00000000d7f80000,0x00000000d8480000)
 ParOldGen       total 87552K, used 27917K [0x0000000081c00000, 0x0000000087180000, 0x00000000d5f00000)
  object space 87552K, 31% used [0x0000000081c00000,0x00000000837434a0,0x0000000087180000)
 Metaspace       used 19628K, capacity 19912K, committed 20096K, reserved 1067008K
  class space    used 2489K, capacity 2573K, committed 2688K, reserved 1048576K
}
Event: 11.585 GC heap before
{Heap before GC invocations=3 (full 0):
 PSYoungGen      total 38400K, used 27231K [0x00000000d5f00000, 0x00000000d8980000, 0x0000000100000000)
  eden space 33280K, 67% used [0x00000000d5f00000,0x00000000d74ec078,0x00000000d7f80000)
  from space 5120K, 93% used [0x00000000d8480000,0x00000000d892bc18,0x00000000d8980000)
  to   space 5120K, 0% used [0x00000000d7f80000,0x00000000d7f80000,0x00000000d8480000)
 ParOldGen       total 87552K, used 27917K [0x0000000081c00000, 0x0000000087180000, 0x00000000d5f00000)
  object space 87552K, 31% used [0x0000000081c00000,0x00000000837434a0,0x0000000087180000)
 Metaspace       used 20785K, capacity 21130K, committed 21248K, reserved 1067008K
  class space    used 2623K, capacity 2748K, committed 2816K, reserved 1048576K
Event: 11.594 GC heap after
Heap after GC invocations=3 (full 0):
 PSYoungGen      total 38400K, used 4068K [0x00000000d5f00000, 0x00000000d8980000, 0x0000000100000000)
  eden space 33280K, 0% used [0x00000000d5f00000,0x00000000d5f00000,0x00000000d7f80000)
  from space 5120K, 79% used [0x00000000d7f80000,0x00000000d8379110,0x00000000d8480000)
  to   space 5120K, 0% used [0x00000000d8480000,0x00000000d8480000,0x00000000d8980000)
 ParOldGen       total 87552K, used 27944K [0x0000000081c00000, 0x0000000087180000, 0x00000000d5f00000)
  object space 87552K, 31% used [0x0000000081c00000,0x000000008374a0f0,0x0000000087180000)
 Metaspace       used 20785K, capacity 21130K, committed 21248K, reserved 1067008K
  class space    used 2623K, capacity 2748K, committed 2816K, reserved 1048576K
}
Event: 11.594 GC heap before
{Heap before GC invocations=4 (full 1):
 PSYoungGen      total 38400K, used 4068K [0x00000000d5f00000, 0x00000000d8980000, 0x0000000100000000)
  eden space 33280K, 0% used [0x00000000d5f00000,0x00000000d5f00000,0x00000000d7f80000)
  from space 5120K, 79% used [0x00000000d7f80000,0x00000000d8379110,0x00000000d8480000)
  to   space 5120K, 0% used [0x00000000d8480000,0x00000000d8480000,0x00000000d8980000)
 ParOldGen       total 87552K, used 27944K [0x0000000081c00000, 0x0000000087180000, 0x00000000d5f00000)
  object space 87552K, 31% used [0x0000000081c00000,0x000000008374a0f0,0x0000000087180000)
 Metaspace       used 20785K, capacity 21130K, committed 21248K, reserved 1067008K
  class space    used 2623K, capacity 2748K, committed 2816K, reserved 1048576K
Event: 11.635 GC heap after
Heap after GC invocations=4 (full 1):
 PSYoungGen      total 38400K, used 0K [0x00000000d5f00000, 0x00000000d8980000, 0x0000000100000000)
  eden space 33280K, 0% used [0x00000000d5f00000,0x00000000d5f00000,0x00000000d7f80000)
  from space 5120K, 0% used [0x00000000d7f80000,0x00000000d7f80000,0x00000000d8480000)
  to   space 5120K, 0% used [0x00000000d8480000,0x00000000d8480000,0x00000000d8980000)
 ParOldGen       total 65024K, used 12075K [0x0000000081c00000, 0x0000000085b80000, 0x00000000d5f00000)
  object space 65024K, 18% used [0x0000000081c00000,0x00000000827caf18,0x0000000085b80000)
 Metaspace       used 20785K, capacity 21130K, committed 21248K, reserved 1067008K
  class space    used 2623K, capacity 2748K, committed 2816K, reserved 1048576K
}
Event: 24.915 GC heap before
{Heap before GC invocations=5 (full 1):
 PSYoungGen      total 38400K, used 30932K [0x00000000d5f00000, 0x00000000d8980000, 0x0000000100000000)
  eden space 33280K, 92% used [0x00000000d5f00000,0x00000000d7d351a8,0x00000000d7f80000)
  from space 5120K, 0% used [0x00000000d7f80000,0x00000000d7f80000,0x00000000d8480000)
  to   space 5120K, 0% used [0x00000000d8480000,0x00000000d8480000,0x00000000d8980000)
 ParOldGen       total 65024K, used 12075K [0x0000000081c00000, 0x0000000085b80000, 0x00000000d5f00000)
  object space 65024K, 18% used [0x0000000081c00000,0x00000000827caf18,0x0000000085b80000)
 Metaspace       used 22785K, capacity 23168K, committed 23424K, reserved 1069056K
  class space    used 2816K, capacity 2939K, committed 2944K, reserved 1048576K
Event: 24.918 GC heap after
Heap after GC invocations=5 (full 1):
 PSYoungGen      total 38400K, used 1278K [0x00000000d5f00000, 0x00000000d8980000, 0x0000000100000000)
  eden space 33280K, 0% used [0x00000000d5f00000,0x00000000d5f00000,0x00000000d7f80000)
  from space 5120K, 24% used [0x00000000d8480000,0x00000000d85bf920,0x00000000d8980000)
  to   space 5120K, 0% used [0x00000000d7f80000,0x00000000d7f80000,0x00000000d8480000)
 ParOldGen       total 65024K, used 12083K [0x0000000081c00000, 0x0000000085b80000, 0x00000000d5f00000)
  object space 65024K, 18% used [0x0000000081c00000,0x00000000827ccf18,0x0000000085b80000)
 Metaspace       used 22785K, capacity 23168K, committed 23424K, reserved 1069056K
  class space    used 2816K, capacity 2939K, committed 2944K, reserved 1048576K
}

