# JRE version: Java(TM) SE Runtime Environment (8.0_201-b09) (build 1.8.0_201-b09)
# Java VM: Java HotSpot(TM) 64-Bit Server VM (25.201-b09 mixed mode windows-amd64 compressed oops)
Heap:
 PSYoungGen      total 37888K, used 5625K [0x00000000d5f00000, 0x00000000d9100000, 0x0000000100000000)
  eden space 32768K, 14% used [0x00000000d5f00000,0x00000000d63a87e8,0x00000000d7f00000)
  from space 5120K, 16% used [0x00000000d7f80000,0x00000000d8056000,0x00000000d8480000)
  to   space 9216K, 0% used [0x00000000d8800000,0x00000000d8800000,0x00000000d9100000)
 ParOldGen       total 60416K, used 11626K [0x0000000081c00000, 0x0000000085700000, 0x00000000d5f00000)
  object space 60416K, 19% used [0x0000000081c00000,0x000000008275a910,0x0000000085700000)
 Metaspace       used 22093K, capacity 22402K, committed 22656K, reserved 1069056K
  class space    used 2755K, capacity 2876K, committed 2944K, reserved 1048576K
GC Heap History (10 events):
Event: 18.954 GC heap before
{Heap before GC invocations=2 (full 0):
 PSYoungGen      total 38400K, used 33171K [0x00000000d5f00000, 0x00000000d8980000, 0x0000000100000000)
  eden space 33280K, 88% used [0x00000000d5f00000,0x00000000d7be26f8,0x00000000d7f80000)
  from space 5120K, 70% used [0x00000000d7f80000,0x00000000d83025e8,0x00000000d8480000)
  to   space 5120K, 0% used [0x00000000d8480000,0x00000000d8480000,0x00000000d8980000)
 ParOldGen       total 87552K, used 14769K [0x0000000081c00000, 0x0000000087180000, 0x00000000d5f00000)
  object space 87552K, 16% used [0x0000000081c00000,0x0000000082a6c7d0,0x0000000087180000)
 Metaspace       used 13448K, capacity 13620K, committed 13824K, reserved 1060864K
  class space    used 1653K, capacity 1741K, committed 1792K, reserved 1048576K
Event: 18.962 GC heap after
Heap after GC invocations=2 (full 0):
 PSYoungGen      total 38400K, used 3056K [0x00000000d5f00000, 0x00000000d8980000, 0x0000000100000000)
  eden space 33280K, 0% used [0x00000000d5f00000,0x00000000d5f00000,0x00000000d7f80000)
  from space 5120K, 59% used [0x00000000d8480000,0x00000000d877c090,0x00000000d8980000)
  to   space 5120K, 0% used [0x00000000d7f80000,0x00000000d7f80000,0x00000000d8480000)
 ParOldGen       total 87552K, used 14777K [0x0000000081c00000, 0x0000000087180000, 0x00000000d5f00000)
  object space 87552K, 16% used [0x0000000081c00000,0x0000000082a6e7d0,0x0000000087180000)
 Metaspace       used 13448K, capacity 13620K, committed 13824K, reserved 1060864K
  class space    used 1653K, capacity 1741K, committed 1792K, reserved 1048576K
}
Event: 28.988 GC heap before
{Heap before GC invocations=3 (full 0):
 PSYoungGen      total 38400K, used 34146K [0x00000000d5f00000, 0x00000000d8980000, 0x0000000100000000)
  eden space 33280K, 93% used [0x00000000d5f00000,0x00000000d7d5c860,0x00000000d7f80000)
  from space 5120K, 59% used [0x00000000d8480000,0x00000000d877c090,0x00000000d8980000)
  to   space 5120K, 0% used [0x00000000d7f80000,0x00000000d7f80000,0x00000000d8480000)
 ParOldGen       total 87552K, used 14777K [0x0000000081c00000, 0x0000000087180000, 0x00000000d5f00000)
  object space 87552K, 16% used [0x0000000081c00000,0x0000000082a6e7d0,0x0000000087180000)
 Metaspace       used 18629K, capacity 18904K, committed 19200K, reserved 1067008K
  class space    used 2354K, capacity 2451K, committed 2560K, reserved 1048576K
Event: 29.000 GC heap after
Heap after GC invocations=3 (full 0):
 PSYoungGen      total 38400K, used 5104K [0x00000000d5f00000, 0x00000000d8980000, 0x0000000100000000)
  eden space 33280K, 0% used [0x00000000d5f00000,0x00000000d5f00000,0x00000000d7f80000)
  from space 5120K, 99% used [0x00000000d7f80000,0x00000000d847c1a8,0x00000000d8480000)
  to   space 5120K, 0% used [0x00000000d8480000,0x00000000d8480000,0x00000000d8980000)
 ParOldGen       total 87552K, used 16442K [0x0000000081c00000, 0x0000000087180000, 0x00000000d5f00000)
  object space 87552K, 18% used [0x0000000081c00000,0x0000000082c0e9d0,0x0000000087180000)
 Metaspace       used 18629K, capacity 18904K, committed 19200K, reserved 1067008K
  class space    used 2354K, capacity 2451K, committed 2560K, reserved 1048576K
}
Event: 31.039 GC heap before
{Heap before GC invocations=4 (full 0):
 PSYoungGen      total 38400K, used 36545K [0x00000000d5f00000, 0x00000000d8980000, 0x0000000100000000)
  eden space 33280K, 94% used [0x00000000d5f00000,0x00000000d7db43e0,0x00000000d7f80000)
  from space 5120K, 99% used [0x00000000d7f80000,0x00000000d847c1a8,0x00000000d8480000)
  to   space 5120K, 0% used [0x00000000d8480000,0x00000000d8480000,0x00000000d8980000)
 ParOldGen       total 87552K, used 16442K [0x0000000081c00000, 0x0000000087180000, 0x00000000d5f00000)
  object space 87552K, 18% used [0x0000000081c00000,0x0000000082c0e9d0,0x0000000087180000)
 Metaspace       used 20764K, capacity 21034K, committed 21248K, reserved 1067008K
  class space    used 2647K, capacity 2740K, committed 2816K, reserved 1048576K
Event: 31.056 GC heap after
Heap after GC invocations=4 (full 0):
 PSYoungGen      total 38400K, used 5108K [0x00000000d5f00000, 0x00000000d8980000, 0x0000000100000000)
  eden space 33280K, 0% used [0x00000000d5f00000,0x00000000d5f00000,0x00000000d7f80000)
  from space 5120K, 99% used [0x00000000d8480000,0x00000000d897d170,0x00000000d8980000)
  to   space 5120K, 0% used [0x00000000d7f80000,0x00000000d7f80000,0x00000000d8480000)
 ParOldGen       total 87552K, used 18159K [0x0000000081c00000, 0x0000000087180000, 0x00000000d5f00000)
  object space 87552K, 20% used [0x0000000081c00000,0x0000000082dbbd98,0x0000000087180000)
 Metaspace       used 20764K, capacity 21034K, committed 21248K, reserved 1067008K
  class space    used 2647K, capacity 2740K, committed 2816K, reserved 1048576K
}
Event: 31.056 GC heap before
{Heap before GC invocations=5 (full 1):
 PSYoungGen      total 38400K, used 5108K [0x00000000d5f00000, 0x00000000d8980000, 0x0000000100000000)
  eden space 33280K, 0% used [0x00000000d5f00000,0x00000000d5f00000,0x00000000d7f80000)
  from space 5120K, 99% used [0x00000000d8480000,0x00000000d897d170,0x00000000d8980000)
  to   space 5120K, 0% used [0x00000000d7f80000,0x00000000d7f80000,0x00000000d8480000)
 ParOldGen       total 87552K, used 18159K [0x0000000081c00000, 0x0000000087180000, 0x00000000d5f00000)
  object space 87552K, 20% used [0x0000000081c00000,0x0000000082dbbd98,0x0000000087180000)
 Metaspace       used 20764K, capacity 21034K, committed 21248K, reserved 1067008K
  class space    used 2647K, capacity 2740K, committed 2816K, reserved 1048576K
Event: 31.149 GC heap after
Heap after GC invocations=5 (full 1):
 PSYoungGen      total 38400K, used 0K [0x00000000d5f00000, 0x00000000d8980000, 0x0000000100000000)
  eden space 33280K, 0% used [0x00000000d5f00000,0x00000000d5f00000,0x00000000d7f80000)
  from space 5120K, 0% used [0x00000000d8480000,0x00000000d8480000,0x00000000d8980000)
  to   space 5120K, 0% used [0x00000000d7f80000,0x00000000d7f80000,0x00000000d8480000)
 ParOldGen       total 60416K, used 11618K [0x0000000081c00000, 0x0000000085700000, 0x00000000d5f00000)
  object space 60416K, 19% used [0x0000000081c00000,0x0000000082758910,0x0000000085700000)
 Metaspace       used 20764K, capacity 21034K, committed 21248K, reserved 1067008K
  class space    used 2647K, capacity 2740K, committed 2816K, reserved 1048576K
}
Event: 47.017 GC heap before
{Heap before GC invocations=6 (full 1):
 PSYoungGen      total 38400K, used 32222K [0x00000000d5f00000, 0x00000000d8980000, 0x0000000100000000)
  eden space 33280K, 96% used [0x00000000d5f00000,0x00000000d7e77800,0x00000000d7f80000)
  from space 5120K, 0% used [0x00000000d8480000,0x00000000d8480000,0x00000000d8980000)
  to   space 5120K, 0% used [0x00000000d7f80000,0x00000000d7f80000,0x00000000d8480000)
 ParOldGen       total 60416K, used 11618K [0x0000000081c00000, 0x0000000085700000, 0x00000000d5f00000)
  object space 60416K, 19% used [0x0000000081c00000,0x0000000082758910,0x0000000085700000)
 Metaspace       used 22093K, capacity 22402K, committed 22656K, reserved 1069056K
  class space    used 2755K, capacity 2876K, committed 2944K, reserved 1048576K
Event: 47.019 GC heap after
Heap after GC invocations=6 (full 1):
 PSYoungGen      total 37888K, used 856K [0x00000000d5f00000, 0x00000000d9100000, 0x0000000100000000)
  eden space 32768K, 0% used [0x00000000d5f00000,0x00000000d5f00000,0x00000000d7f00000)
  from space 5120K, 16% used [0x00000000d7f80000,0x00000000d8056000,0x00000000d8480000)
  to   space 9216K, 0% used [0x00000000d8800000,0x00000000d8800000,0x00000000d9100000)
 ParOldGen       total 60416K, used 11626K [0x0000000081c00000, 0x0000000085700000, 0x00000000d5f00000)
  object space 60416K, 19% used [0x0000000081c00000,0x000000008275a910,0x0000000085700000)
 Metaspace       used 22093K, capacity 22402K, committed 22656K, reserved 1069056K
  class space    used 2755K, capacity 2876K, committed 2944K, reserved 1048576K
}

