# JRE version: Java(TM) SE Runtime Environment (8.0_202-b08) (build 1.8.0_202-b08)
# Java VM: Java HotSpot(TM) 64-Bit Server VM (25.202-b08 mixed mode windows-amd64 compressed oops)
Heap:
 PSYoungGen      total 85504K, used 42578K [0x000000076ae00000, 0x0000000772880000, 0x00000007c0000000)
  eden space 84480K, 49% used [0x000000076ae00000,0x000000076d6f4a50,0x0000000770080000)
  from space 1024K, 62% used [0x0000000772780000,0x0000000772820000,0x0000000772880000)
  to   space 8704K, 0% used [0x0000000771780000,0x0000000771780000,0x0000000772000000)
 ParOldGen       total 94208K, used 5163K [0x00000006c0a00000, 0x00000006c6600000, 0x000000076ae00000)
  object space 94208K, 5% used [0x00000006c0a00000,0x00000006c0f0af00,0x00000006c6600000)
 Metaspace       used 23259K, capacity 23634K, committed 23808K, reserved 1071104K
  class space    used 2928K, capacity 3048K, committed 3072K, reserved 1048576K
GC Heap History (10 events):
Event: 7.566 GC heap before
{Heap before GC invocations=6 (full 0):
 PSYoungGen      total 69632K, used 69232K [0x000000076ae00000, 0x000000076f980000, 0x00000007c0000000)
  eden space 64000K, 100% used [0x000000076ae00000,0x000000076ec80000,0x000000076ec80000)
  from space 5632K, 92% used [0x000000076ee00000,0x000000076f31c0e0,0x000000076f380000)
  to   space 6144K, 0% used [0x000000076f380000,0x000000076f380000,0x000000076f980000)
 ParOldGen       total 175104K, used 48K [0x00000006c0a00000, 0x00000006cb500000, 0x000000076ae00000)
  object space 175104K, 0% used [0x00000006c0a00000,0x00000006c0a0c000,0x00000006cb500000)
 Metaspace       used 20957K, capacity 21270K, committed 21296K, reserved 1069056K
  class space    used 2706K, capacity 2790K, committed 2816K, reserved 1048576K
Event: 7.569 GC heap after
Heap after GC invocations=6 (full 0):
 PSYoungGen      total 68096K, used 5200K [0x000000076ae00000, 0x000000076f900000, 0x00000007c0000000)
  eden space 62464K, 0% used [0x000000076ae00000,0x000000076ae00000,0x000000076eb00000)
  from space 5632K, 92% used [0x000000076f380000,0x000000076f8940c0,0x000000076f900000)
  to   space 6656K, 0% used [0x000000076ec00000,0x000000076ec00000,0x000000076f280000)
 ParOldGen       total 175104K, used 48K [0x00000006c0a00000, 0x00000006cb500000, 0x000000076ae00000)
  object space 175104K, 0% used [0x00000006c0a00000,0x00000006c0a0c000,0x00000006cb500000)
 Metaspace       used 20957K, capacity 21270K, committed 21296K, reserved 1069056K
  class space    used 2706K, capacity 2790K, committed 2816K, reserved 1048576K
}
Event: 7.771 GC heap before
{Heap before GC invocations=7 (full 0):
 PSYoungGen      total 68096K, used 67664K [0x000000076ae00000, 0x000000076f900000, 0x00000007c0000000)
  eden space 62464K, 100% used [0x000000076ae00000,0x000000076eb00000,0x000000076eb00000)
  from space 5632K, 92% used [0x000000076f380000,0x000000076f8940c0,0x000000076f900000)
  to   space 6656K, 0% used [0x000000076ec00000,0x000000076ec00000,0x000000076f280000)
 ParOldGen       total 175104K, used 48K [0x00000006c0a00000, 0x00000006cb500000, 0x000000076ae00000)
  object space 175104K, 0% used [0x00000006c0a00000,0x00000006c0a0c000,0x00000006cb500000)
 Metaspace       used 20957K, capacity 21270K, committed 21296K, reserved 1069056K
  class space    used 2706K, capacity 2790K, committed 2816K, reserved 1048576K
Event: 7.774 GC heap after
Heap after GC invocations=7 (full 0):
 PSYoungGen      total 70144K, used 128K [0x000000076ae00000, 0x0000000773700000, 0x00000007c0000000)
  eden space 63488K, 0% used [0x000000076ae00000,0x000000076ae00000,0x000000076ec00000)
  from space 6656K, 1% used [0x000000076ec00000,0x000000076ec20000,0x000000076f280000)
  to   space 7680K, 0% used [0x0000000772f80000,0x0000000772f80000,0x0000000773700000)
 ParOldGen       total 175104K, used 5204K [0x00000006c0a00000, 0x00000006cb500000, 0x000000076ae00000)
  object space 175104K, 2% used [0x00000006c0a00000,0x00000006c0f15218,0x00000006cb500000)
 Metaspace       used 20957K, capacity 21270K, committed 21296K, reserved 1069056K
  class space    used 2706K, capacity 2790K, committed 2816K, reserved 1048576K
}
Event: 7.945 GC heap before
{Heap before GC invocations=8 (full 0):
 PSYoungGen      total 70144K, used 48913K [0x000000076ae00000, 0x0000000773700000, 0x00000007c0000000)
  eden space 63488K, 76% used [0x000000076ae00000,0x000000076dda4728,0x000000076ec00000)
  from space 6656K, 1% used [0x000000076ec00000,0x000000076ec20000,0x000000076f280000)
  to   space 7680K, 0% used [0x0000000772f80000,0x0000000772f80000,0x0000000773700000)
 ParOldGen       total 175104K, used 5204K [0x00000006c0a00000, 0x00000006cb500000, 0x000000076ae00000)
  object space 175104K, 2% used [0x00000006c0a00000,0x00000006c0f15218,0x00000006cb500000)
 Metaspace       used 20957K, capacity 21270K, committed 21296K, reserved 1069056K
  class space    used 2706K, capacity 2790K, committed 2816K, reserved 1048576K
Event: 7.945 GC heap after
Heap after GC invocations=8 (full 0):
 PSYoungGen      total 62464K, used 128K [0x000000076ae00000, 0x0000000773000000, 0x00000007c0000000)
  eden space 61952K, 0% used [0x000000076ae00000,0x000000076ae00000,0x000000076ea80000)
  from space 512K, 25% used [0x0000000772f80000,0x0000000772fa0000,0x0000000773000000)
  to   space 8192K, 0% used [0x0000000772000000,0x0000000772000000,0x0000000772800000)
 ParOldGen       total 175104K, used 5276K [0x00000006c0a00000, 0x00000006cb500000, 0x000000076ae00000)
  object space 175104K, 3% used [0x00000006c0a00000,0x00000006c0f27218,0x00000006cb500000)
 Metaspace       used 20957K, capacity 21270K, committed 21296K, reserved 1069056K
  class space    used 2706K, capacity 2790K, committed 2816K, reserved 1048576K
}
Event: 7.945 GC heap before
{Heap before GC invocations=9 (full 1):
 PSYoungGen      total 62464K, used 128K [0x000000076ae00000, 0x0000000773000000, 0x00000007c0000000)
  eden space 61952K, 0% used [0x000000076ae00000,0x000000076ae00000,0x000000076ea80000)
  from space 512K, 25% used [0x0000000772f80000,0x0000000772fa0000,0x0000000773000000)
  to   space 8192K, 0% used [0x0000000772000000,0x0000000772000000,0x0000000772800000)
 ParOldGen       total 175104K, used 5276K [0x00000006c0a00000, 0x00000006cb500000, 0x000000076ae00000)
  object space 175104K, 3% used [0x00000006c0a00000,0x00000006c0f27218,0x00000006cb500000)
 Metaspace       used 20957K, capacity 21270K, committed 21296K, reserved 1069056K
  class space    used 2706K, capacity 2790K, committed 2816K, reserved 1048576K
Event: 7.976 GC heap after
Heap after GC invocations=9 (full 1):
 PSYoungGen      total 62464K, used 0K [0x000000076ae00000, 0x0000000773000000, 0x00000007c0000000)
  eden space 61952K, 0% used [0x000000076ae00000,0x000000076ae00000,0x000000076ea80000)
  from space 512K, 0% used [0x0000000772f80000,0x0000000772f80000,0x0000000773000000)
  to   space 8192K, 0% used [0x0000000772000000,0x0000000772000000,0x0000000772800000)
 ParOldGen       total 94208K, used 5147K [0x00000006c0a00000, 0x00000006c6600000, 0x000000076ae00000)
  object space 94208K, 5% used [0x00000006c0a00000,0x00000006c0f06f00,0x00000006c6600000)
 Metaspace       used 20957K, capacity 21270K, committed 21296K, reserved 1069056K
  class space    used 2706K, capacity 2790K, committed 2816K, reserved 1048576K
}
Event: 8.209 GC heap before
{Heap before GC invocations=10 (full 1):
 PSYoungGen      total 62464K, used 61952K [0x000000076ae00000, 0x0000000773000000, 0x00000007c0000000)
  eden space 61952K, 100% used [0x000000076ae00000,0x000000076ea80000,0x000000076ea80000)
  from space 512K, 0% used [0x0000000772f80000,0x0000000772f80000,0x0000000773000000)
  to   space 8192K, 0% used [0x0000000772000000,0x0000000772000000,0x0000000772800000)
 ParOldGen       total 94208K, used 5147K [0x00000006c0a00000, 0x00000006c6600000, 0x000000076ae00000)
  object space 94208K, 5% used [0x00000006c0a00000,0x00000006c0f06f00,0x00000006c6600000)
 Metaspace       used 22541K, capacity 22944K, committed 23088K, reserved 1069056K
  class space    used 2847K, capacity 2967K, committed 3072K, reserved 1048576K
Event: 8.210 GC heap after
Heap after GC invocations=10 (full 1):
 PSYoungGen      total 87552K, used 911K [0x000000076ae00000, 0x0000000773000000, 0x00000007c0000000)
  eden space 86528K, 0% used [0x000000076ae00000,0x000000076ae00000,0x0000000770280000)
  from space 1024K, 88% used [0x0000000772000000,0x00000007720e3c18,0x0000000772100000)
  to   space 8704K, 0% used [0x0000000772780000,0x0000000772780000,0x0000000773000000)
 ParOldGen       total 94208K, used 5155K [0x00000006c0a00000, 0x00000006c6600000, 0x000000076ae00000)
  object space 94208K, 5% used [0x00000006c0a00000,0x00000006c0f08f00,0x00000006c6600000)
 Metaspace       used 22541K, capacity 22944K, committed 23088K, reserved 1069056K
  class space    used 2847K, capacity 2967K, committed 3072K, reserved 1048576K
}

