# JRE version: Java(TM) SE Runtime Environment (8.0_202-b08) (build 1.8.0_202-b08)
# Java VM: Java HotSpot(TM) 64-Bit Server VM (25.202-b08 mixed mode windows-amd64 compressed oops)
Heap:
 PSYoungGen      total 62464K, used 2857K [0x000000076ae00000, 0x000000076f900000, 0x00000007c0000000)
  eden space 61440K, 3% used [0x000000076ae00000,0x000000076afe1650,0x000000076ea00000)
  from space 1024K, 91% used [0x000000076eb00000,0x000000076ebe9100,0x000000076ec00000)
  to   space 7680K, 0% used [0x000000076f180000,0x000000076f180000,0x000000076f900000)
 ParOldGen       total 71168K, used 5519K [0x00000006c0a00000, 0x00000006c4f80000, 0x000000076ae00000)
  object space 71168K, 7% used [0x00000006c0a00000,0x00000006c0f63e40,0x00000006c4f80000)
 Metaspace       used 22626K, capacity 22966K, committed 23168K, reserved 1069056K
  class space    used 2841K, capacity 2931K, committed 2944K, reserved 1048576K
GC Heap History (10 events):
Event: 6.552 GC heap before
{Heap before GC invocations=4 (full 1):
 PSYoungGen      total 76288K, used 65536K [0x000000076ae00000, 0x0000000770300000, 0x00000007c0000000)
  eden space 65536K, 100% used [0x000000076ae00000,0x000000076ee00000,0x000000076ee00000)
  from space 10752K, 0% used [0x000000076f880000,0x000000076f880000,0x0000000770300000)
  to   space 10752K, 0% used [0x000000076ee00000,0x000000076ee00000,0x000000076f880000)
 ParOldGen       total 71168K, used 5503K [0x00000006c0a00000, 0x00000006c4f80000, 0x000000076ae00000)
  object space 71168K, 7% used [0x00000006c0a00000,0x00000006c0f5fe40,0x00000006c4f80000)
 Metaspace       used 20902K, capacity 21238K, committed 21504K, reserved 1069056K
  class space    used 2688K, capacity 2773K, committed 2816K, reserved 1048576K
Event: 6.553 GC heap after
Heap after GC invocations=4 (full 1):
 PSYoungGen      total 76288K, used 160K [0x000000076ae00000, 0x0000000770300000, 0x00000007c0000000)
  eden space 65536K, 0% used [0x000000076ae00000,0x000000076ae00000,0x000000076ee00000)
  from space 10752K, 1% used [0x000000076ee00000,0x000000076ee28000,0x000000076f880000)
  to   space 10752K, 0% used [0x000000076f880000,0x000000076f880000,0x0000000770300000)
 ParOldGen       total 71168K, used 5503K [0x00000006c0a00000, 0x00000006c4f80000, 0x000000076ae00000)
  object space 71168K, 7% used [0x00000006c0a00000,0x00000006c0f5fe40,0x00000006c4f80000)
 Metaspace       used 20902K, capacity 21238K, committed 21504K, reserved 1069056K
  class space    used 2688K, capacity 2773K, committed 2816K, reserved 1048576K
}
Event: 6.911 GC heap before
{Heap before GC invocations=5 (full 1):
 PSYoungGen      total 76288K, used 65696K [0x000000076ae00000, 0x0000000770300000, 0x00000007c0000000)
  eden space 65536K, 100% used [0x000000076ae00000,0x000000076ee00000,0x000000076ee00000)
  from space 10752K, 1% used [0x000000076ee00000,0x000000076ee28000,0x000000076f880000)
  to   space 10752K, 0% used [0x000000076f880000,0x000000076f880000,0x0000000770300000)
 ParOldGen       total 71168K, used 5503K [0x00000006c0a00000, 0x00000006c4f80000, 0x000000076ae00000)
  object space 71168K, 7% used [0x00000006c0a00000,0x00000006c0f5fe40,0x00000006c4f80000)
 Metaspace       used 20931K, capacity 21292K, committed 21504K, reserved 1069056K
  class space    used 2696K, capacity 2782K, committed 2816K, reserved 1048576K
Event: 6.911 GC heap after
Heap after GC invocations=5 (full 1):
 PSYoungGen      total 76288K, used 192K [0x000000076ae00000, 0x0000000770300000, 0x00000007c0000000)
  eden space 65536K, 0% used [0x000000076ae00000,0x000000076ae00000,0x000000076ee00000)
  from space 10752K, 1% used [0x000000076f880000,0x000000076f8b0000,0x0000000770300000)
  to   space 10752K, 0% used [0x000000076ee00000,0x000000076ee00000,0x000000076f880000)
 ParOldGen       total 71168K, used 5511K [0x00000006c0a00000, 0x00000006c4f80000, 0x000000076ae00000)
  object space 71168K, 7% used [0x00000006c0a00000,0x00000006c0f61e40,0x00000006c4f80000)
 Metaspace       used 20931K, capacity 21292K, committed 21504K, reserved 1069056K
  class space    used 2696K, capacity 2782K, committed 2816K, reserved 1048576K
}
Event: 7.168 GC heap before
{Heap before GC invocations=6 (full 1):
 PSYoungGen      total 76288K, used 65728K [0x000000076ae00000, 0x0000000770300000, 0x00000007c0000000)
  eden space 65536K, 100% used [0x000000076ae00000,0x000000076ee00000,0x000000076ee00000)
  from space 10752K, 1% used [0x000000076f880000,0x000000076f8b0000,0x0000000770300000)
  to   space 10752K, 0% used [0x000000076ee00000,0x000000076ee00000,0x000000076f880000)
 ParOldGen       total 71168K, used 5511K [0x00000006c0a00000, 0x00000006c4f80000, 0x000000076ae00000)
  object space 71168K, 7% used [0x00000006c0a00000,0x00000006c0f61e40,0x00000006c4f80000)
 Metaspace       used 20970K, capacity 21328K, committed 21504K, reserved 1069056K
  class space    used 2699K, capacity 2788K, committed 2816K, reserved 1048576K
Event: 7.169 GC heap after
Heap after GC invocations=6 (full 1):
 PSYoungGen      total 64512K, used 160K [0x000000076ae00000, 0x000000076fd80000, 0x00000007c0000000)
  eden space 64000K, 0% used [0x000000076ae00000,0x000000076ae00000,0x000000076ec80000)
  from space 512K, 31% used [0x000000076ee00000,0x000000076ee28000,0x000000076ee80000)
  to   space 8704K, 0% used [0x000000076f500000,0x000000076f500000,0x000000076fd80000)
 ParOldGen       total 71168K, used 5519K [0x00000006c0a00000, 0x00000006c4f80000, 0x000000076ae00000)
  object space 71168K, 7% used [0x00000006c0a00000,0x00000006c0f63e40,0x00000006c4f80000)
 Metaspace       used 20970K, capacity 21328K, committed 21504K, reserved 1069056K
  class space    used 2699K, capacity 2788K, committed 2816K, reserved 1048576K
}
Event: 7.739 GC heap before
{Heap before GC invocations=7 (full 1):
 PSYoungGen      total 64512K, used 64160K [0x000000076ae00000, 0x000000076fd80000, 0x00000007c0000000)
  eden space 64000K, 100% used [0x000000076ae00000,0x000000076ec80000,0x000000076ec80000)
  from space 512K, 31% used [0x000000076ee00000,0x000000076ee28000,0x000000076ee80000)
  to   space 8704K, 0% used [0x000000076f500000,0x000000076f500000,0x000000076fd80000)
 ParOldGen       total 71168K, used 5519K [0x00000006c0a00000, 0x00000006c4f80000, 0x000000076ae00000)
  object space 71168K, 7% used [0x00000006c0a00000,0x00000006c0f63e40,0x00000006c4f80000)
 Metaspace       used 20970K, capacity 21328K, committed 21504K, reserved 1069056K
  class space    used 2699K, capacity 2788K, committed 2816K, reserved 1048576K
Event: 7.740 GC heap after
Heap after GC invocations=7 (full 1):
 PSYoungGen      total 68608K, used 128K [0x000000076ae00000, 0x000000076fb00000, 0x00000007c0000000)
  eden space 62464K, 0% used [0x000000076ae00000,0x000000076ae00000,0x000000076eb00000)
  from space 6144K, 2% used [0x000000076f500000,0x000000076f520000,0x000000076fb00000)
  to   space 8192K, 0% used [0x000000076eb00000,0x000000076eb00000,0x000000076f300000)
 ParOldGen       total 71168K, used 5519K [0x00000006c0a00000, 0x00000006c4f80000, 0x000000076ae00000)
  object space 71168K, 7% used [0x00000006c0a00000,0x00000006c0f63e40,0x00000006c4f80000)
 Metaspace       used 20970K, capacity 21328K, committed 21504K, reserved 1069056K
  class space    used 2699K, capacity 2788K, committed 2816K, reserved 1048576K
}
Event: 8.003 GC heap before
{Heap before GC invocations=8 (full 1):
 PSYoungGen      total 68608K, used 62592K [0x000000076ae00000, 0x000000076fb00000, 0x00000007c0000000)
  eden space 62464K, 100% used [0x000000076ae00000,0x000000076eb00000,0x000000076eb00000)
  from space 6144K, 2% used [0x000000076f500000,0x000000076f520000,0x000000076fb00000)
  to   space 8192K, 0% used [0x000000076eb00000,0x000000076eb00000,0x000000076f300000)
 ParOldGen       total 71168K, used 5519K [0x00000006c0a00000, 0x00000006c4f80000, 0x000000076ae00000)
  object space 71168K, 7% used [0x00000006c0a00000,0x00000006c0f63e40,0x00000006c4f80000)
 Metaspace       used 22625K, capacity 22966K, committed 23168K, reserved 1069056K
  class space    used 2841K, capacity 2931K, committed 2944K, reserved 1048576K
Event: 8.004 GC heap after
Heap after GC invocations=8 (full 1):
 PSYoungGen      total 62464K, used 932K [0x000000076ae00000, 0x000000076f900000, 0x00000007c0000000)
  eden space 61440K, 0% used [0x000000076ae00000,0x000000076ae00000,0x000000076ea00000)
  from space 1024K, 91% used [0x000000076eb00000,0x000000076ebe9100,0x000000076ec00000)
  to   space 7680K, 0% used [0x000000076f180000,0x000000076f180000,0x000000076f900000)
 ParOldGen       total 71168K, used 5519K [0x00000006c0a00000, 0x00000006c4f80000, 0x000000076ae00000)
  object space 71168K, 7% used [0x00000006c0a00000,0x00000006c0f63e40,0x00000006c4f80000)
 Metaspace       used 22625K, capacity 22966K, committed 23168K, reserved 1069056K
  class space    used 2841K, capacity 2931K, committed 2944K, reserved 1048576K
}

