# JRE version: Java(TM) SE Runtime Environment (8.0_202-b08) (build 1.8.0_202-b08)
# Java VM: Java HotSpot(TM) 64-Bit Server VM (25.202-b08 mixed mode windows-amd64 compressed oops)
Heap:
 PSYoungGen      total 153088K, used 11842K [0x000000076ab00000, 0x0000000775580000, 0x00000007c0000000)
  eden space 131584K, 9% used [0x000000076ab00000,0x000000076b690ab0,0x0000000772b80000)
  from space 21504K, 0% used [0x0000000774080000,0x0000000774080000,0x0000000775580000)
  to   space 21504K, 0% used [0x0000000772b80000,0x0000000772b80000,0x0000000774080000)
 ParOldGen       total 349696K, used 4550K [0x00000006c0000000, 0x00000006d5580000, 0x000000076ab00000)
  object space 349696K, 1% used [0x00000006c0000000,0x00000006c0471820,0x00000006d5580000)
 Metaspace       used 21357K, capacity 21664K, committed 21936K, reserved 1069056K
  class space    used 2529K, capacity 2617K, committed 2736K, reserved 1048576K
GC Heap History (6 events):
Event: 18.769 GC heap before
{Heap before GC invocations=1 (full 0):
 PSYoungGen      total 153088K, used 128599K [0x000000076ab00000, 0x0000000775580000, 0x00000007c0000000)
  eden space 131584K, 97% used [0x000000076ab00000,0x0000000772895ed8,0x0000000772b80000)
  from space 21504K, 0% used [0x0000000774080000,0x0000000774080000,0x0000000775580000)
  to   space 21504K, 0% used [0x0000000772b80000,0x0000000772b80000,0x0000000774080000)
 ParOldGen       total 349696K, used 0K [0x00000006c0000000, 0x00000006d5580000, 0x000000076ab00000)
  object space 349696K, 0% used [0x00000006c0000000,0x00000006c0000000,0x00000006d5580000)
 Metaspace       used 19001K, capacity 19280K, committed 19584K, reserved 1067008K
  class space    used 2319K, capacity 2397K, committed 2432K, reserved 1048576K
Event: 18.774 GC heap after
Heap after GC invocations=1 (full 0):
 PSYoungGen      total 153088K, used 6823K [0x000000076ab00000, 0x0000000775580000, 0x00000007c0000000)
  eden space 131584K, 0% used [0x000000076ab00000,0x000000076ab00000,0x0000000772b80000)
  from space 21504K, 31% used [0x0000000772b80000,0x0000000773229c10,0x0000000774080000)
  to   space 21504K, 0% used [0x0000000774080000,0x0000000774080000,0x0000000775580000)
 ParOldGen       total 349696K, used 24K [0x00000006c0000000, 0x00000006d5580000, 0x000000076ab00000)
  object space 349696K, 0% used [0x00000006c0000000,0x00000006c0006000,0x00000006d5580000)
 Metaspace       used 19001K, capacity 19280K, committed 19584K, reserved 1067008K
  class space    used 2319K, capacity 2397K, committed 2432K, reserved 1048576K
}
Event: 22.063 GC heap before
{Heap before GC invocations=2 (full 0):
 PSYoungGen      total 153088K, used 48228K [0x000000076ab00000, 0x0000000775580000, 0x00000007c0000000)
  eden space 131584K, 31% used [0x000000076ab00000,0x000000076d36f788,0x0000000772b80000)
  from space 21504K, 31% used [0x0000000772b80000,0x0000000773229c10,0x0000000774080000)
  to   space 21504K, 0% used [0x0000000774080000,0x0000000774080000,0x0000000775580000)
 ParOldGen       total 349696K, used 24K [0x00000006c0000000, 0x00000006d5580000, 0x000000076ab00000)
  object space 349696K, 0% used [0x00000006c0000000,0x00000006c0006000,0x00000006d5580000)
 Metaspace       used 20793K, capacity 21086K, committed 21296K, reserved 1069056K
  class space    used 2465K, capacity 2576K, committed 2608K, reserved 1048576K
Event: 22.066 GC heap after
Heap after GC invocations=2 (full 0):
 PSYoungGen      total 153088K, used 4709K [0x000000076ab00000, 0x0000000775580000, 0x00000007c0000000)
  eden space 131584K, 0% used [0x000000076ab00000,0x000000076ab00000,0x0000000772b80000)
  from space 21504K, 21% used [0x0000000774080000,0x0000000774519680,0x0000000775580000)
  to   space 21504K, 0% used [0x0000000772b80000,0x0000000772b80000,0x0000000774080000)
 ParOldGen       total 349696K, used 32K [0x00000006c0000000, 0x00000006d5580000, 0x000000076ab00000)
  object space 349696K, 0% used [0x00000006c0000000,0x00000006c0008000,0x00000006d5580000)
 Metaspace       used 20793K, capacity 21086K, committed 21296K, reserved 1069056K
  class space    used 2465K, capacity 2576K, committed 2608K, reserved 1048576K
}
Event: 22.066 GC heap before
{Heap before GC invocations=3 (full 1):
 PSYoungGen      total 153088K, used 4709K [0x000000076ab00000, 0x0000000775580000, 0x00000007c0000000)
  eden space 131584K, 0% used [0x000000076ab00000,0x000000076ab00000,0x0000000772b80000)
  from space 21504K, 21% used [0x0000000774080000,0x0000000774519680,0x0000000775580000)
  to   space 21504K, 0% used [0x0000000772b80000,0x0000000772b80000,0x0000000774080000)
 ParOldGen       total 349696K, used 32K [0x00000006c0000000, 0x00000006d5580000, 0x000000076ab00000)
  object space 349696K, 0% used [0x00000006c0000000,0x00000006c0008000,0x00000006d5580000)
 Metaspace       used 20793K, capacity 21086K, committed 21296K, reserved 1069056K
  class space    used 2465K, capacity 2576K, committed 2608K, reserved 1048576K
Event: 22.081 GC heap after
Heap after GC invocations=3 (full 1):
 PSYoungGen      total 153088K, used 0K [0x000000076ab00000, 0x0000000775580000, 0x00000007c0000000)
  eden space 131584K, 0% used [0x000000076ab00000,0x000000076ab00000,0x0000000772b80000)
  from space 21504K, 0% used [0x0000000774080000,0x0000000774080000,0x0000000775580000)
  to   space 21504K, 0% used [0x0000000772b80000,0x0000000772b80000,0x0000000774080000)
 ParOldGen       total 349696K, used 4550K [0x00000006c0000000, 0x00000006d5580000, 0x000000076ab00000)
  object space 349696K, 1% used [0x00000006c0000000,0x00000006c0471820,0x00000006d5580000)
 Metaspace       used 20785K, capacity 21074K, committed 21296K, reserved 1069056K
  class space    used 2462K, capacity 2570K, committed 2608K, reserved 1048576K
}

