# JRE version: Java(TM) SE Runtime Environment (8.0_202-b08) (build 1.8.0_202-b08)
# Java VM: Java HotSpot(TM) 64-Bit Server VM (25.202-b08 mixed mode windows-amd64 compressed oops)
Heap:
 PSYoungGen      total 76288K, used 8001K [0x000000076ae00000, 0x0000000770300000, 0x00000007c0000000)
  eden space 65536K, 8% used [0x000000076ae00000,0x000000076b37b330,0x000000076ee00000)
  from space 10752K, 22% used [0x000000076ee00000,0x000000076f055110,0x000000076f880000)
  to   space 10752K, 0% used [0x000000076f880000,0x000000076f880000,0x0000000770300000)
 ParOldGen       total 71168K, used 5386K [0x00000006c0a00000, 0x00000006c4f80000, 0x000000076ae00000)
  object space 71168K, 7% used [0x00000006c0a00000,0x00000006c0f42be0,0x00000006c4f80000)
 Metaspace       used 24150K, capacity 24550K, committed 24832K, reserved 1071104K
  class space    used 2941K, capacity 3056K, committed 3072K, reserved 1048576K
GC Heap History (8 events):
Event: 10.125 GC heap before
{Heap before GC invocations=1 (full 0):
 PSYoungGen      total 76288K, used 65536K [0x000000076ae00000, 0x0000000770300000, 0x00000007c0000000)
  eden space 65536K, 100% used [0x000000076ae00000,0x000000076ee00000,0x000000076ee00000)
  from space 10752K, 0% used [0x000000076f880000,0x000000076f880000,0x0000000770300000)
  to   space 10752K, 0% used [0x000000076ee00000,0x000000076ee00000,0x000000076f880000)
 ParOldGen       total 175104K, used 0K [0x00000006c0a00000, 0x00000006cb500000, 0x000000076ae00000)
  object space 175104K, 0% used [0x00000006c0a00000,0x00000006c0a00000,0x00000006cb500000)
 Metaspace       used 17019K, capacity 17232K, committed 17536K, reserved 1064960K
  class space    used 2070K, capacity 2159K, committed 2176K, reserved 1048576K
Event: 10.129 GC heap after
Heap after GC invocations=1 (full 0):
 PSYoungGen      total 76288K, used 5761K [0x000000076ae00000, 0x0000000770300000, 0x00000007c0000000)
  eden space 65536K, 0% used [0x000000076ae00000,0x000000076ae00000,0x000000076ee00000)
  from space 10752K, 53% used [0x000000076ee00000,0x000000076f3a0750,0x000000076f880000)
  to   space 10752K, 0% used [0x000000076f880000,0x000000076f880000,0x0000000770300000)
 ParOldGen       total 175104K, used 16K [0x00000006c0a00000, 0x00000006cb500000, 0x000000076ae00000)
  object space 175104K, 0% used [0x00000006c0a00000,0x00000006c0a04000,0x00000006cb500000)
 Metaspace       used 17019K, capacity 17232K, committed 17536K, reserved 1064960K
  class space    used 2070K, capacity 2159K, committed 2176K, reserved 1048576K
}
Event: 14.978 GC heap before
{Heap before GC invocations=2 (full 0):
 PSYoungGen      total 76288K, used 42703K [0x000000076ae00000, 0x0000000770300000, 0x00000007c0000000)
  eden space 65536K, 56% used [0x000000076ae00000,0x000000076d2134b0,0x000000076ee00000)
  from space 10752K, 53% used [0x000000076ee00000,0x000000076f3a0750,0x000000076f880000)
  to   space 10752K, 0% used [0x000000076f880000,0x000000076f880000,0x0000000770300000)
 ParOldGen       total 175104K, used 16K [0x00000006c0a00000, 0x00000006cb500000, 0x000000076ae00000)
  object space 175104K, 0% used [0x00000006c0a00000,0x00000006c0a04000,0x00000006cb500000)
 Metaspace       used 20777K, capacity 21126K, committed 21248K, reserved 1067008K
  class space    used 2612K, capacity 2722K, committed 2816K, reserved 1048576K
Event: 14.982 GC heap after
Heap after GC invocations=2 (full 0):
 PSYoungGen      total 76288K, used 5500K [0x000000076ae00000, 0x0000000770300000, 0x00000007c0000000)
  eden space 65536K, 0% used [0x000000076ae00000,0x000000076ae00000,0x000000076ee00000)
  from space 10752K, 51% used [0x000000076f880000,0x000000076fddf130,0x0000000770300000)
  to   space 10752K, 0% used [0x000000076ee00000,0x000000076ee00000,0x000000076f880000)
 ParOldGen       total 175104K, used 24K [0x00000006c0a00000, 0x00000006cb500000, 0x000000076ae00000)
  object space 175104K, 0% used [0x00000006c0a00000,0x00000006c0a06000,0x00000006cb500000)
 Metaspace       used 20777K, capacity 21126K, committed 21248K, reserved 1067008K
  class space    used 2612K, capacity 2722K, committed 2816K, reserved 1048576K
}
Event: 14.982 GC heap before
{Heap before GC invocations=3 (full 1):
 PSYoungGen      total 76288K, used 5500K [0x000000076ae00000, 0x0000000770300000, 0x00000007c0000000)
  eden space 65536K, 0% used [0x000000076ae00000,0x000000076ae00000,0x000000076ee00000)
  from space 10752K, 51% used [0x000000076f880000,0x000000076fddf130,0x0000000770300000)
  to   space 10752K, 0% used [0x000000076ee00000,0x000000076ee00000,0x000000076f880000)
 ParOldGen       total 175104K, used 24K [0x00000006c0a00000, 0x00000006cb500000, 0x000000076ae00000)
  object space 175104K, 0% used [0x00000006c0a00000,0x00000006c0a06000,0x00000006cb500000)
 Metaspace       used 20777K, capacity 21126K, committed 21248K, reserved 1067008K
  class space    used 2612K, capacity 2722K, committed 2816K, reserved 1048576K
Event: 15.003 GC heap after
Heap after GC invocations=3 (full 1):
 PSYoungGen      total 76288K, used 0K [0x000000076ae00000, 0x0000000770300000, 0x00000007c0000000)
  eden space 65536K, 0% used [0x000000076ae00000,0x000000076ae00000,0x000000076ee00000)
  from space 10752K, 0% used [0x000000076f880000,0x000000076f880000,0x0000000770300000)
  to   space 10752K, 0% used [0x000000076ee00000,0x000000076ee00000,0x000000076f880000)
 ParOldGen       total 71168K, used 5378K [0x00000006c0a00000, 0x00000006c4f80000, 0x000000076ae00000)
  object space 71168K, 7% used [0x00000006c0a00000,0x00000006c0f40be0,0x00000006c4f80000)
 Metaspace       used 20770K, capacity 21114K, committed 21248K, reserved 1067008K
  class space    used 2611K, capacity 2720K, committed 2816K, reserved 1048576K
}
Event: 32.545 GC heap before
{Heap before GC invocations=4 (full 1):
 PSYoungGen      total 76288K, used 61899K [0x000000076ae00000, 0x0000000770300000, 0x00000007c0000000)
  eden space 65536K, 94% used [0x000000076ae00000,0x000000076ea72d68,0x000000076ee00000)
  from space 10752K, 0% used [0x000000076f880000,0x000000076f880000,0x0000000770300000)
  to   space 10752K, 0% used [0x000000076ee00000,0x000000076ee00000,0x000000076f880000)
 ParOldGen       total 71168K, used 5378K [0x00000006c0a00000, 0x00000006c4f80000, 0x000000076ae00000)
  object space 71168K, 7% used [0x00000006c0a00000,0x00000006c0f40be0,0x00000006c4f80000)
 Metaspace       used 24149K, capacity 24550K, committed 24832K, reserved 1071104K
  class space    used 2941K, capacity 3056K, committed 3072K, reserved 1048576K
Event: 32.547 GC heap after
Heap after GC invocations=4 (full 1):
 PSYoungGen      total 76288K, used 2388K [0x000000076ae00000, 0x0000000770300000, 0x00000007c0000000)
  eden space 65536K, 0% used [0x000000076ae00000,0x000000076ae00000,0x000000076ee00000)
  from space 10752K, 22% used [0x000000076ee00000,0x000000076f055110,0x000000076f880000)
  to   space 10752K, 0% used [0x000000076f880000,0x000000076f880000,0x0000000770300000)
 ParOldGen       total 71168K, used 5386K [0x00000006c0a00000, 0x00000006c4f80000, 0x000000076ae00000)
  object space 71168K, 7% used [0x00000006c0a00000,0x00000006c0f42be0,0x00000006c4f80000)
 Metaspace       used 24149K, capacity 24550K, committed 24832K, reserved 1071104K
  class space    used 2941K, capacity 3056K, committed 3072K, reserved 1048576K
}

