# JRE version: Java(TM) SE Runtime Environment (8.0_202-b08) (build 1.8.0_202-b08)
# Java VM: Java HotSpot(TM) 64-Bit Server VM (25.202-b08 mixed mode windows-amd64 compressed oops)
Heap:
 PSYoungGen      total 68096K, used 2981K [0x000000076ae00000, 0x000000076fa00000, 0x00000007c0000000)
  eden space 62464K, 2% used [0x000000076ae00000,0x000000076afb0380,0x000000076eb00000)
  from space 5632K, 22% used [0x000000076f480000,0x000000076f5b9408,0x000000076fa00000)
  to   space 7680K, 0% used [0x000000076eb00000,0x000000076eb00000,0x000000076f280000)
 ParOldGen       total 71168K, used 5635K [0x00000006c0a00000, 0x00000006c4f80000, 0x000000076ae00000)
  object space 71168K, 7% used [0x00000006c0a00000,0x00000006c0f80eb8,0x00000006c4f80000)
 Metaspace       used 23019K, capacity 23450K, committed 23552K, reserved 1069056K
  class space    used 2871K, capacity 3008K, committed 3072K, reserved 1048576K
GC Heap History (10 events):
Event: 13.359 GC heap before
{Heap before GC invocations=3 (full 1):
 PSYoungGen      total 76288K, used 5772K [0x000000076ae00000, 0x0000000770300000, 0x00000007c0000000)
  eden space 65536K, 0% used [0x000000076ae00000,0x000000076ae00000,0x000000076ee00000)
  from space 10752K, 53% used [0x000000076f880000,0x000000076fe23120,0x0000000770300000)
  to   space 10752K, 0% used [0x000000076ee00000,0x000000076ee00000,0x000000076f880000)
 ParOldGen       total 175104K, used 24K [0x00000006c0a00000, 0x00000006cb500000, 0x000000076ae00000)
  object space 175104K, 0% used [0x00000006c0a00000,0x00000006c0a06000,0x00000006cb500000)
 Metaspace       used 20823K, capacity 21134K, committed 21248K, reserved 1067008K
  class space    used 2627K, capacity 2722K, committed 2816K, reserved 1048576K
Event: 13.379 GC heap after
Heap after GC invocations=3 (full 1):
 PSYoungGen      total 76288K, used 0K [0x000000076ae00000, 0x0000000770300000, 0x00000007c0000000)
  eden space 65536K, 0% used [0x000000076ae00000,0x000000076ae00000,0x000000076ee00000)
  from space 10752K, 0% used [0x000000076f880000,0x000000076f880000,0x0000000770300000)
  to   space 10752K, 0% used [0x000000076ee00000,0x000000076ee00000,0x000000076f880000)
 ParOldGen       total 71168K, used 5603K [0x00000006c0a00000, 0x00000006c4f80000, 0x000000076ae00000)
  object space 71168K, 7% used [0x00000006c0a00000,0x00000006c0f78eb8,0x00000006c4f80000)
 Metaspace       used 20816K, capacity 21122K, committed 21248K, reserved 1067008K
  class space    used 2626K, capacity 2720K, committed 2816K, reserved 1048576K
}
Event: 13.940 GC heap before
{Heap before GC invocations=4 (full 1):
 PSYoungGen      total 76288K, used 65536K [0x000000076ae00000, 0x0000000770300000, 0x00000007c0000000)
  eden space 65536K, 100% used [0x000000076ae00000,0x000000076ee00000,0x000000076ee00000)
  from space 10752K, 0% used [0x000000076f880000,0x000000076f880000,0x0000000770300000)
  to   space 10752K, 0% used [0x000000076ee00000,0x000000076ee00000,0x000000076f880000)
 ParOldGen       total 71168K, used 5603K [0x00000006c0a00000, 0x00000006c4f80000, 0x000000076ae00000)
  object space 71168K, 7% used [0x00000006c0a00000,0x00000006c0f78eb8,0x00000006c4f80000)
 Metaspace       used 21237K, capacity 21616K, committed 21888K, reserved 1069056K
  class space    used 2718K, capacity 2817K, committed 2944K, reserved 1048576K
Event: 13.941 GC heap after
Heap after GC invocations=4 (full 1):
 PSYoungGen      total 76288K, used 592K [0x000000076ae00000, 0x0000000770300000, 0x00000007c0000000)
  eden space 65536K, 0% used [0x000000076ae00000,0x000000076ae00000,0x000000076ee00000)
  from space 10752K, 5% used [0x000000076ee00000,0x000000076ee94010,0x000000076f880000)
  to   space 10752K, 0% used [0x000000076f880000,0x000000076f880000,0x0000000770300000)
 ParOldGen       total 71168K, used 5611K [0x00000006c0a00000, 0x00000006c4f80000, 0x000000076ae00000)
  object space 71168K, 7% used [0x00000006c0a00000,0x00000006c0f7aeb8,0x00000006c4f80000)
 Metaspace       used 21237K, capacity 21616K, committed 21888K, reserved 1069056K
  class space    used 2718K, capacity 2817K, committed 2944K, reserved 1048576K
}
Event: 14.471 GC heap before
{Heap before GC invocations=5 (full 1):
 PSYoungGen      total 76288K, used 66128K [0x000000076ae00000, 0x0000000770300000, 0x00000007c0000000)
  eden space 65536K, 100% used [0x000000076ae00000,0x000000076ee00000,0x000000076ee00000)
  from space 10752K, 5% used [0x000000076ee00000,0x000000076ee94010,0x000000076f880000)
  to   space 10752K, 0% used [0x000000076f880000,0x000000076f880000,0x0000000770300000)
 ParOldGen       total 71168K, used 5611K [0x00000006c0a00000, 0x00000006c4f80000, 0x000000076ae00000)
  object space 71168K, 7% used [0x00000006c0a00000,0x00000006c0f7aeb8,0x00000006c4f80000)
 Metaspace       used 21347K, capacity 21718K, committed 21888K, reserved 1069056K
  class space    used 2731K, capacity 2834K, committed 2944K, reserved 1048576K
Event: 14.472 GC heap after
Heap after GC invocations=5 (full 1):
 PSYoungGen      total 76288K, used 480K [0x000000076ae00000, 0x0000000770300000, 0x00000007c0000000)
  eden space 65536K, 0% used [0x000000076ae00000,0x000000076ae00000,0x000000076ee00000)
  from space 10752K, 4% used [0x000000076f880000,0x000000076f8f8000,0x0000000770300000)
  to   space 10752K, 0% used [0x000000076ee00000,0x000000076ee00000,0x000000076f880000)
 ParOldGen       total 71168K, used 5619K [0x00000006c0a00000, 0x00000006c4f80000, 0x000000076ae00000)
  object space 71168K, 7% used [0x00000006c0a00000,0x00000006c0f7ceb8,0x00000006c4f80000)
 Metaspace       used 21347K, capacity 21718K, committed 21888K, reserved 1069056K
  class space    used 2731K, capacity 2834K, committed 2944K, reserved 1048576K
}
Event: 14.993 GC heap before
{Heap before GC invocations=6 (full 1):
 PSYoungGen      total 76288K, used 66016K [0x000000076ae00000, 0x0000000770300000, 0x00000007c0000000)
  eden space 65536K, 100% used [0x000000076ae00000,0x000000076ee00000,0x000000076ee00000)
  from space 10752K, 4% used [0x000000076f880000,0x000000076f8f8000,0x0000000770300000)
  to   space 10752K, 0% used [0x000000076ee00000,0x000000076ee00000,0x000000076f880000)
 ParOldGen       total 71168K, used 5619K [0x00000006c0a00000, 0x00000006c4f80000, 0x000000076ae00000)
  object space 71168K, 7% used [0x00000006c0a00000,0x00000006c0f7ceb8,0x00000006c4f80000)
 Metaspace       used 21355K, capacity 21718K, committed 21888K, reserved 1069056K
  class space    used 2731K, capacity 2834K, committed 2944K, reserved 1048576K
Event: 14.994 GC heap after
Heap after GC invocations=6 (full 1):
 PSYoungGen      total 64512K, used 448K [0x000000076ae00000, 0x000000076fc80000, 0x00000007c0000000)
  eden space 64000K, 0% used [0x000000076ae00000,0x000000076ae00000,0x000000076ec80000)
  from space 512K, 87% used [0x000000076ee00000,0x000000076ee70000,0x000000076ee80000)
  to   space 8192K, 0% used [0x000000076f480000,0x000000076f480000,0x000000076fc80000)
 ParOldGen       total 71168K, used 5627K [0x00000006c0a00000, 0x00000006c4f80000, 0x000000076ae00000)
  object space 71168K, 7% used [0x00000006c0a00000,0x00000006c0f7eeb8,0x00000006c4f80000)
 Metaspace       used 21355K, capacity 21718K, committed 21888K, reserved 1069056K
  class space    used 2731K, capacity 2834K, committed 2944K, reserved 1048576K
}
Event: 15.535 GC heap before
{Heap before GC invocations=7 (full 1):
 PSYoungGen      total 64512K, used 64448K [0x000000076ae00000, 0x000000076fc80000, 0x00000007c0000000)
  eden space 64000K, 100% used [0x000000076ae00000,0x000000076ec80000,0x000000076ec80000)
  from space 512K, 87% used [0x000000076ee00000,0x000000076ee70000,0x000000076ee80000)
  to   space 8192K, 0% used [0x000000076f480000,0x000000076f480000,0x000000076fc80000)
 ParOldGen       total 71168K, used 5627K [0x00000006c0a00000, 0x00000006c4f80000, 0x000000076ae00000)
  object space 71168K, 7% used [0x00000006c0a00000,0x00000006c0f7eeb8,0x00000006c4f80000)
 Metaspace       used 23018K, capacity 23450K, committed 23552K, reserved 1069056K
  class space    used 2871K, capacity 3008K, committed 3072K, reserved 1048576K
Event: 15.536 GC heap after
Heap after GC invocations=7 (full 1):
 PSYoungGen      total 68096K, used 1253K [0x000000076ae00000, 0x000000076fa00000, 0x00000007c0000000)
  eden space 62464K, 0% used [0x000000076ae00000,0x000000076ae00000,0x000000076eb00000)
  from space 5632K, 22% used [0x000000076f480000,0x000000076f5b9408,0x000000076fa00000)
  to   space 7680K, 0% used [0x000000076eb00000,0x000000076eb00000,0x000000076f280000)
 ParOldGen       total 71168K, used 5635K [0x00000006c0a00000, 0x00000006c4f80000, 0x000000076ae00000)
  object space 71168K, 7% used [0x00000006c0a00000,0x00000006c0f80eb8,0x00000006c4f80000)
 Metaspace       used 23018K, capacity 23450K, committed 23552K, reserved 1069056K
  class space    used 2871K, capacity 3008K, committed 3072K, reserved 1048576K
}

