# JRE version: Java(TM) SE Runtime Environment (8.0_202-b08) (build 1.8.0_202-b08)
# Java VM: Java HotSpot(TM) 64-Bit Server VM (25.202-b08 mixed mode windows-amd64 compressed oops)
Heap:
 PSYoungGen      total 76288K, used 8345K [0x000000076ae00000, 0x0000000770300000, 0x00000007c0000000)
  eden space 65536K, 9% used [0x000000076ae00000,0x000000076b435110,0x000000076ee00000)
  from space 10752K, 18% used [0x000000076ee00000,0x000000076eff1680,0x000000076f880000)
  to   space 10752K, 0% used [0x000000076f880000,0x000000076f880000,0x0000000770300000)
 ParOldGen       total 71168K, used 5446K [0x00000006c0a00000, 0x00000006c4f80000, 0x000000076ae00000)
  object space 71168K, 7% used [0x00000006c0a00000,0x00000006c0f51ab0,0x00000006c4f80000)
 Metaspace       used 24213K, capacity 24660K, committed 24960K, reserved 1071104K
  class space    used 2948K, capacity 3093K, committed 3200K, reserved 1048576K
GC Heap History (8 events):
Event: 11.628 GC heap before
{Heap before GC invocations=1 (full 0):
 PSYoungGen      total 76288K, used 65536K [0x000000076ae00000, 0x0000000770300000, 0x00000007c0000000)
  eden space 65536K, 100% used [0x000000076ae00000,0x000000076ee00000,0x000000076ee00000)
  from space 10752K, 0% used [0x000000076f880000,0x000000076f880000,0x0000000770300000)
  to   space 10752K, 0% used [0x000000076ee00000,0x000000076ee00000,0x000000076f880000)
 ParOldGen       total 175104K, used 0K [0x00000006c0a00000, 0x00000006cb500000, 0x000000076ae00000)
  object space 175104K, 0% used [0x00000006c0a00000,0x00000006c0a00000,0x00000006cb500000)
 Metaspace       used 18355K, capacity 18612K, committed 19072K, reserved 1067008K
  class space    used 2231K, capacity 2319K, committed 2432K, reserved 1048576K
Event: 11.633 GC heap after
Heap after GC invocations=1 (full 0):
 PSYoungGen      total 76288K, used 6435K [0x000000076ae00000, 0x0000000770300000, 0x00000007c0000000)
  eden space 65536K, 0% used [0x000000076ae00000,0x000000076ae00000,0x000000076ee00000)
  from space 10752K, 59% used [0x000000076ee00000,0x000000076f448d48,0x000000076f880000)
  to   space 10752K, 0% used [0x000000076f880000,0x000000076f880000,0x0000000770300000)
 ParOldGen       total 175104K, used 16K [0x00000006c0a00000, 0x00000006cb500000, 0x000000076ae00000)
  object space 175104K, 0% used [0x00000006c0a00000,0x00000006c0a04000,0x00000006cb500000)
 Metaspace       used 18355K, capacity 18612K, committed 19072K, reserved 1067008K
  class space    used 2231K, capacity 2319K, committed 2432K, reserved 1048576K
}
Event: 11.892 GC heap before
{Heap before GC invocations=2 (full 0):
 PSYoungGen      total 76288K, used 40332K [0x000000076ae00000, 0x0000000770300000, 0x00000007c0000000)
  eden space 65536K, 51% used [0x000000076ae00000,0x000000076cf1a6a8,0x000000076ee00000)
  from space 10752K, 59% used [0x000000076ee00000,0x000000076f448d48,0x000000076f880000)
  to   space 10752K, 0% used [0x000000076f880000,0x000000076f880000,0x0000000770300000)
 ParOldGen       total 175104K, used 16K [0x00000006c0a00000, 0x00000006cb500000, 0x000000076ae00000)
  object space 175104K, 0% used [0x00000006c0a00000,0x00000006c0a04000,0x00000006cb500000)
 Metaspace       used 20831K, capacity 21118K, committed 21248K, reserved 1067008K
  class space    used 2623K, capacity 2720K, committed 2816K, reserved 1048576K
Event: 11.896 GC heap after
Heap after GC invocations=2 (full 0):
 PSYoungGen      total 76288K, used 5553K [0x000000076ae00000, 0x0000000770300000, 0x00000007c0000000)
  eden space 65536K, 0% used [0x000000076ae00000,0x000000076ae00000,0x000000076ee00000)
  from space 10752K, 51% used [0x000000076f880000,0x000000076fdec4d0,0x0000000770300000)
  to   space 10752K, 0% used [0x000000076ee00000,0x000000076ee00000,0x000000076f880000)
 ParOldGen       total 175104K, used 24K [0x00000006c0a00000, 0x00000006cb500000, 0x000000076ae00000)
  object space 175104K, 0% used [0x00000006c0a00000,0x00000006c0a06000,0x00000006cb500000)
 Metaspace       used 20831K, capacity 21118K, committed 21248K, reserved 1067008K
  class space    used 2623K, capacity 2720K, committed 2816K, reserved 1048576K
}
Event: 11.896 GC heap before
{Heap before GC invocations=3 (full 1):
 PSYoungGen      total 76288K, used 5553K [0x000000076ae00000, 0x0000000770300000, 0x00000007c0000000)
  eden space 65536K, 0% used [0x000000076ae00000,0x000000076ae00000,0x000000076ee00000)
  from space 10752K, 51% used [0x000000076f880000,0x000000076fdec4d0,0x0000000770300000)
  to   space 10752K, 0% used [0x000000076ee00000,0x000000076ee00000,0x000000076f880000)
 ParOldGen       total 175104K, used 24K [0x00000006c0a00000, 0x00000006cb500000, 0x000000076ae00000)
  object space 175104K, 0% used [0x00000006c0a00000,0x00000006c0a06000,0x00000006cb500000)
 Metaspace       used 20831K, capacity 21118K, committed 21248K, reserved 1067008K
  class space    used 2623K, capacity 2720K, committed 2816K, reserved 1048576K
Event: 11.913 GC heap after
Heap after GC invocations=3 (full 1):
 PSYoungGen      total 76288K, used 0K [0x000000076ae00000, 0x0000000770300000, 0x00000007c0000000)
  eden space 65536K, 0% used [0x000000076ae00000,0x000000076ae00000,0x000000076ee00000)
  from space 10752K, 0% used [0x000000076f880000,0x000000076f880000,0x0000000770300000)
  to   space 10752K, 0% used [0x000000076ee00000,0x000000076ee00000,0x000000076f880000)
 ParOldGen       total 71168K, used 5438K [0x00000006c0a00000, 0x00000006c4f80000, 0x000000076ae00000)
  object space 71168K, 7% used [0x00000006c0a00000,0x00000006c0f4fab0,0x00000006c4f80000)
 Metaspace       used 20831K, capacity 21118K, committed 21248K, reserved 1067008K
  class space    used 2623K, capacity 2720K, committed 2816K, reserved 1048576K
}
Event: 30.652 GC heap before
{Heap before GC invocations=4 (full 1):
 PSYoungGen      total 76288K, used 64177K [0x000000076ae00000, 0x0000000770300000, 0x00000007c0000000)
  eden space 65536K, 97% used [0x000000076ae00000,0x000000076ecac608,0x000000076ee00000)
  from space 10752K, 0% used [0x000000076f880000,0x000000076f880000,0x0000000770300000)
  to   space 10752K, 0% used [0x000000076ee00000,0x000000076ee00000,0x000000076f880000)
 ParOldGen       total 71168K, used 5438K [0x00000006c0a00000, 0x00000006c4f80000, 0x000000076ae00000)
  object space 71168K, 7% used [0x00000006c0a00000,0x00000006c0f4fab0,0x00000006c4f80000)
 Metaspace       used 24211K, capacity 24660K, committed 24960K, reserved 1071104K
  class space    used 2948K, capacity 3093K, committed 3200K, reserved 1048576K
Event: 30.653 GC heap after
Heap after GC invocations=4 (full 1):
 PSYoungGen      total 76288K, used 1989K [0x000000076ae00000, 0x0000000770300000, 0x00000007c0000000)
  eden space 65536K, 0% used [0x000000076ae00000,0x000000076ae00000,0x000000076ee00000)
  from space 10752K, 18% used [0x000000076ee00000,0x000000076eff1680,0x000000076f880000)
  to   space 10752K, 0% used [0x000000076f880000,0x000000076f880000,0x0000000770300000)
 ParOldGen       total 71168K, used 5446K [0x00000006c0a00000, 0x00000006c4f80000, 0x000000076ae00000)
  object space 71168K, 7% used [0x00000006c0a00000,0x00000006c0f51ab0,0x00000006c4f80000)
 Metaspace       used 24211K, capacity 24660K, committed 24960K, reserved 1071104K
  class space    used 2948K, capacity 3093K, committed 3200K, reserved 1048576K
}

