# JRE version: Java(TM) SE Runtime Environment (8.0_202-b08) (build 1.8.0_202-b08)
# Java VM: Java HotSpot(TM) 64-Bit Server VM (25.202-b08 mixed mode windows-amd64 compressed oops)
Heap:
 PSYoungGen      total 76288K, used 6324K [0x000000076ae00000, 0x0000000770300000, 0x00000007c0000000)
  eden space 65536K, 7% used [0x000000076ae00000,0x000000076b2c1650,0x000000076ee00000)
  from space 10752K, 13% used [0x000000076ee00000,0x000000076ef6bc38,0x000000076f880000)
  to   space 10752K, 0% used [0x000000076f880000,0x000000076f880000,0x0000000770300000)
 ParOldGen       total 71680K, used 5724K [0x00000006c0a00000, 0x00000006c5000000, 0x000000076ae00000)
  object space 71680K, 7% used [0x00000006c0a00000,0x00000006c0f97138,0x00000006c5000000)
 Metaspace       used 23414K, capacity 23824K, committed 24064K, reserved 1071104K
  class space    used 2880K, capacity 3007K, committed 3072K, reserved 1048576K
GC Heap History (8 events):
Event: 12.433 GC heap before
{Heap before GC invocations=1 (full 0):
 PSYoungGen      total 76288K, used 65536K [0x000000076ae00000, 0x0000000770300000, 0x00000007c0000000)
  eden space 65536K, 100% used [0x000000076ae00000,0x000000076ee00000,0x000000076ee00000)
  from space 10752K, 0% used [0x000000076f880000,0x000000076f880000,0x0000000770300000)
  to   space 10752K, 0% used [0x000000076ee00000,0x000000076ee00000,0x000000076f880000)
 ParOldGen       total 175104K, used 0K [0x00000006c0a00000, 0x00000006cb500000, 0x000000076ae00000)
  object space 175104K, 0% used [0x00000006c0a00000,0x00000006c0a00000,0x00000006cb500000)
 Metaspace       used 17884K, capacity 18122K, committed 18432K, reserved 1064960K
  class space    used 2198K, capacity 2286K, committed 2304K, reserved 1048576K
Event: 12.437 GC heap after
Heap after GC invocations=1 (full 0):
 PSYoungGen      total 76288K, used 5981K [0x000000076ae00000, 0x0000000770300000, 0x00000007c0000000)
  eden space 65536K, 0% used [0x000000076ae00000,0x000000076ae00000,0x000000076ee00000)
  from space 10752K, 55% used [0x000000076ee00000,0x000000076f3d75b8,0x000000076f880000)
  to   space 10752K, 0% used [0x000000076f880000,0x000000076f880000,0x0000000770300000)
 ParOldGen       total 175104K, used 16K [0x00000006c0a00000, 0x00000006cb500000, 0x000000076ae00000)
  object space 175104K, 0% used [0x00000006c0a00000,0x00000006c0a04000,0x00000006cb500000)
 Metaspace       used 17884K, capacity 18122K, committed 18432K, reserved 1064960K
  class space    used 2198K, capacity 2286K, committed 2304K, reserved 1048576K
}
Event: 12.727 GC heap before
{Heap before GC invocations=2 (full 0):
 PSYoungGen      total 76288K, used 46884K [0x000000076ae00000, 0x0000000770300000, 0x00000007c0000000)
  eden space 65536K, 62% used [0x000000076ae00000,0x000000076d5f1e18,0x000000076ee00000)
  from space 10752K, 55% used [0x000000076ee00000,0x000000076f3d75b8,0x000000076f880000)
  to   space 10752K, 0% used [0x000000076f880000,0x000000076f880000,0x0000000770300000)
 ParOldGen       total 175104K, used 16K [0x00000006c0a00000, 0x00000006cb500000, 0x000000076ae00000)
  object space 175104K, 0% used [0x00000006c0a00000,0x00000006c0a04000,0x00000006cb500000)
 Metaspace       used 20850K, capacity 21154K, committed 21248K, reserved 1067008K
  class space    used 2659K, capacity 2752K, committed 2816K, reserved 1048576K
Event: 12.731 GC heap after
Heap after GC invocations=2 (full 0):
 PSYoungGen      total 76288K, used 5868K [0x000000076ae00000, 0x0000000770300000, 0x00000007c0000000)
  eden space 65536K, 0% used [0x000000076ae00000,0x000000076ae00000,0x000000076ee00000)
  from space 10752K, 54% used [0x000000076f880000,0x000000076fe3b120,0x0000000770300000)
  to   space 10752K, 0% used [0x000000076ee00000,0x000000076ee00000,0x000000076f880000)
 ParOldGen       total 175104K, used 24K [0x00000006c0a00000, 0x00000006cb500000, 0x000000076ae00000)
  object space 175104K, 0% used [0x00000006c0a00000,0x00000006c0a06000,0x00000006cb500000)
 Metaspace       used 20850K, capacity 21154K, committed 21248K, reserved 1067008K
  class space    used 2659K, capacity 2752K, committed 2816K, reserved 1048576K
}
Event: 12.731 GC heap before
{Heap before GC invocations=3 (full 1):
 PSYoungGen      total 76288K, used 5868K [0x000000076ae00000, 0x0000000770300000, 0x00000007c0000000)
  eden space 65536K, 0% used [0x000000076ae00000,0x000000076ae00000,0x000000076ee00000)
  from space 10752K, 54% used [0x000000076f880000,0x000000076fe3b120,0x0000000770300000)
  to   space 10752K, 0% used [0x000000076ee00000,0x000000076ee00000,0x000000076f880000)
 ParOldGen       total 175104K, used 24K [0x00000006c0a00000, 0x00000006cb500000, 0x000000076ae00000)
  object space 175104K, 0% used [0x00000006c0a00000,0x00000006c0a06000,0x00000006cb500000)
 Metaspace       used 20850K, capacity 21154K, committed 21248K, reserved 1067008K
  class space    used 2659K, capacity 2752K, committed 2816K, reserved 1048576K
Event: 12.748 GC heap after
Heap after GC invocations=3 (full 1):
 PSYoungGen      total 76288K, used 0K [0x000000076ae00000, 0x0000000770300000, 0x00000007c0000000)
  eden space 65536K, 0% used [0x000000076ae00000,0x000000076ae00000,0x000000076ee00000)
  from space 10752K, 0% used [0x000000076f880000,0x000000076f880000,0x0000000770300000)
  to   space 10752K, 0% used [0x000000076ee00000,0x000000076ee00000,0x000000076f880000)
 ParOldGen       total 71680K, used 5716K [0x00000006c0a00000, 0x00000006c5000000, 0x000000076ae00000)
  object space 71680K, 7% used [0x00000006c0a00000,0x00000006c0f95138,0x00000006c5000000)
 Metaspace       used 20850K, capacity 21154K, committed 21248K, reserved 1067008K
  class space    used 2659K, capacity 2752K, committed 2816K, reserved 1048576K
}
Event: 15.100 GC heap before
{Heap before GC invocations=4 (full 1):
 PSYoungGen      total 76288K, used 65536K [0x000000076ae00000, 0x0000000770300000, 0x00000007c0000000)
  eden space 65536K, 100% used [0x000000076ae00000,0x000000076ee00000,0x000000076ee00000)
  from space 10752K, 0% used [0x000000076f880000,0x000000076f880000,0x0000000770300000)
  to   space 10752K, 0% used [0x000000076ee00000,0x000000076ee00000,0x000000076f880000)
 ParOldGen       total 71680K, used 5716K [0x00000006c0a00000, 0x00000006c5000000, 0x000000076ae00000)
  object space 71680K, 7% used [0x00000006c0a00000,0x00000006c0f95138,0x00000006c5000000)
 Metaspace       used 23413K, capacity 23824K, committed 24064K, reserved 1071104K
  class space    used 2880K, capacity 3007K, committed 3072K, reserved 1048576K
Event: 15.101 GC heap after
Heap after GC invocations=4 (full 1):
 PSYoungGen      total 76288K, used 1455K [0x000000076ae00000, 0x0000000770300000, 0x00000007c0000000)
  eden space 65536K, 0% used [0x000000076ae00000,0x000000076ae00000,0x000000076ee00000)
  from space 10752K, 13% used [0x000000076ee00000,0x000000076ef6bc38,0x000000076f880000)
  to   space 10752K, 0% used [0x000000076f880000,0x000000076f880000,0x0000000770300000)
 ParOldGen       total 71680K, used 5724K [0x00000006c0a00000, 0x00000006c5000000, 0x000000076ae00000)
  object space 71680K, 7% used [0x00000006c0a00000,0x00000006c0f97138,0x00000006c5000000)
 Metaspace       used 23413K, capacity 23824K, committed 24064K, reserved 1071104K
  class space    used 2880K, capacity 3007K, committed 3072K, reserved 1048576K
}

