# JRE version: Java(TM) SE Runtime Environment (8.0_202-b08) (build 1.8.0_202-b08)
# Java VM: Java HotSpot(TM) 64-Bit Server VM (25.202-b08 mixed mode windows-amd64 compressed oops)
Heap:
 PSYoungGen      total 153088K, used 16405K [0x000000076ab00000, 0x0000000775580000, 0x00000007c0000000)
  eden space 131584K, 12% used [0x000000076ab00000,0x000000076bb05490,0x0000000772b80000)
  from space 21504K, 0% used [0x0000000772b80000,0x0000000772b80000,0x0000000774080000)
  to   space 21504K, 0% used [0x0000000774080000,0x0000000774080000,0x0000000775580000)
 ParOldGen       total 349696K, used 7322K [0x00000006c0000000, 0x00000006d5580000, 0x000000076ab00000)
  object space 349696K, 2% used [0x00000006c0000000,0x00000006c0726870,0x00000006d5580000)
 Metaspace       used 20931K, capacity 21242K, committed 21552K, reserved 1069056K
  class space    used 2501K, capacity 2604K, committed 2608K, reserved 1048576K
GC Heap History (4 events):
Event: 20.273 GC heap before
{Heap before GC invocations=1 (full 0):
 PSYoungGen      total 153088K, used 131584K [0x000000076ab00000, 0x0000000775580000, 0x00000007c0000000)
  eden space 131584K, 100% used [0x000000076ab00000,0x0000000772b80000,0x0000000772b80000)
  from space 21504K, 0% used [0x0000000774080000,0x0000000774080000,0x0000000775580000)
  to   space 21504K, 0% used [0x0000000772b80000,0x0000000772b80000,0x0000000774080000)
 ParOldGen       total 349696K, used 0K [0x00000006c0000000, 0x00000006d5580000, 0x000000076ab00000)
  object space 349696K, 0% used [0x00000006c0000000,0x00000006c0000000,0x00000006d5580000)
 Metaspace       used 20902K, capacity 21166K, committed 21296K, reserved 1069056K
  class space    used 2488K, capacity 2598K, committed 2608K, reserved 1048576K
Event: 20.278 GC heap after
Heap after GC invocations=1 (full 0):
 PSYoungGen      total 153088K, used 7666K [0x000000076ab00000, 0x0000000775580000, 0x00000007c0000000)
  eden space 131584K, 0% used [0x000000076ab00000,0x000000076ab00000,0x0000000772b80000)
  from space 21504K, 35% used [0x0000000772b80000,0x00000007732fc8c8,0x0000000774080000)
  to   space 21504K, 0% used [0x0000000774080000,0x0000000774080000,0x0000000775580000)
 ParOldGen       total 349696K, used 24K [0x00000006c0000000, 0x00000006d5580000, 0x000000076ab00000)
  object space 349696K, 0% used [0x00000006c0000000,0x00000006c0006000,0x00000006d5580000)
 Metaspace       used 20902K, capacity 21166K, committed 21296K, reserved 1069056K
  class space    used 2488K, capacity 2598K, committed 2608K, reserved 1048576K
}
Event: 20.278 GC heap before
{Heap before GC invocations=2 (full 1):
 PSYoungGen      total 153088K, used 7666K [0x000000076ab00000, 0x0000000775580000, 0x00000007c0000000)
  eden space 131584K, 0% used [0x000000076ab00000,0x000000076ab00000,0x0000000772b80000)
  from space 21504K, 35% used [0x0000000772b80000,0x00000007732fc8c8,0x0000000774080000)
  to   space 21504K, 0% used [0x0000000774080000,0x0000000774080000,0x0000000775580000)
 ParOldGen       total 349696K, used 24K [0x00000006c0000000, 0x00000006d5580000, 0x000000076ab00000)
  object space 349696K, 0% used [0x00000006c0000000,0x00000006c0006000,0x00000006d5580000)
 Metaspace       used 20902K, capacity 21166K, committed 21296K, reserved 1069056K
  class space    used 2488K, capacity 2598K, committed 2608K, reserved 1048576K
Event: 20.294 GC heap after
Heap after GC invocations=2 (full 1):
 PSYoungGen      total 153088K, used 0K [0x000000076ab00000, 0x0000000775580000, 0x00000007c0000000)
  eden space 131584K, 0% used [0x000000076ab00000,0x000000076ab00000,0x0000000772b80000)
  from space 21504K, 0% used [0x0000000772b80000,0x0000000772b80000,0x0000000774080000)
  to   space 21504K, 0% used [0x0000000774080000,0x0000000774080000,0x0000000775580000)
 ParOldGen       total 349696K, used 7322K [0x00000006c0000000, 0x00000006d5580000, 0x000000076ab00000)
  object space 349696K, 2% used [0x00000006c0000000,0x00000006c0726870,0x00000006d5580000)
 Metaspace       used 20902K, capacity 21166K, committed 21296K, reserved 1069056K
  class space    used 2488K, capacity 2598K, committed 2608K, reserved 1048576K
}

