# JRE version: Java(TM) SE Runtime Environment (8.0_202-b08) (build 1.8.0_202-b08)
# Java VM: Java HotSpot(TM) 64-Bit Server VM (25.202-b08 mixed mode windows-amd64 compressed oops)
Heap:
 PSYoungGen      total 153088K, used 36843K [0x000000076ab00000, 0x0000000775580000, 0x00000007c0000000)
  eden space 131584K, 28% used [0x000000076ab00000,0x000000076cefafc0,0x0000000772b80000)
  from space 21504K, 0% used [0x0000000774080000,0x0000000774080000,0x0000000775580000)
  to   space 21504K, 0% used [0x0000000772b80000,0x0000000772b80000,0x0000000774080000)
 ParOldGen       total 349696K, used 4697K [0x00000006c0000000, 0x00000006d5580000, 0x000000076ab00000)
  object space 349696K, 1% used [0x00000006c0000000,0x00000006c04965b0,0x00000006d5580000)
 Metaspace       used 20959K, capacity 21288K, committed 21552K, reserved 1069056K
  class space    used 2486K, capacity 2582K, committed 2608K, reserved 1048576K
GC Heap History (6 events):
Event: 20.087 GC heap before
{Heap before GC invocations=1 (full 0):
 PSYoungGen      total 153088K, used 131584K [0x000000076ab00000, 0x0000000775580000, 0x00000007c0000000)
  eden space 131584K, 100% used [0x000000076ab00000,0x0000000772b80000,0x0000000772b80000)
  from space 21504K, 0% used [0x0000000774080000,0x0000000774080000,0x0000000775580000)
  to   space 21504K, 0% used [0x0000000772b80000,0x0000000772b80000,0x0000000774080000)
 ParOldGen       total 349696K, used 0K [0x00000006c0000000, 0x00000006d5580000, 0x000000076ab00000)
  object space 349696K, 0% used [0x00000006c0000000,0x00000006c0000000,0x00000006d5580000)
 Metaspace       used 18916K, capacity 19174K, committed 19584K, reserved 1067008K
  class space    used 2327K, capacity 2390K, committed 2432K, reserved 1048576K
Event: 20.092 GC heap after
Heap after GC invocations=1 (full 0):
 PSYoungGen      total 153088K, used 6813K [0x000000076ab00000, 0x0000000775580000, 0x00000007c0000000)
  eden space 131584K, 0% used [0x000000076ab00000,0x000000076ab00000,0x0000000772b80000)
  from space 21504K, 31% used [0x0000000772b80000,0x0000000773227508,0x0000000774080000)
  to   space 21504K, 0% used [0x0000000774080000,0x0000000774080000,0x0000000775580000)
 ParOldGen       total 349696K, used 16K [0x00000006c0000000, 0x00000006d5580000, 0x000000076ab00000)
  object space 349696K, 0% used [0x00000006c0000000,0x00000006c0004000,0x00000006d5580000)
 Metaspace       used 18916K, capacity 19174K, committed 19584K, reserved 1067008K
  class space    used 2327K, capacity 2390K, committed 2432K, reserved 1048576K
}
Event: 22.618 GC heap before
{Heap before GC invocations=2 (full 0):
 PSYoungGen      total 153088K, used 68184K [0x000000076ab00000, 0x0000000775580000, 0x00000007c0000000)
  eden space 131584K, 46% used [0x000000076ab00000,0x000000076e6eeaf8,0x0000000772b80000)
  from space 21504K, 31% used [0x0000000772b80000,0x0000000773227508,0x0000000774080000)
  to   space 21504K, 0% used [0x0000000774080000,0x0000000774080000,0x0000000775580000)
 ParOldGen       total 349696K, used 16K [0x00000006c0000000, 0x00000006d5580000, 0x000000076ab00000)
  object space 349696K, 0% used [0x00000006c0000000,0x00000006c0004000,0x00000006d5580000)
 Metaspace       used 20960K, capacity 21266K, committed 21296K, reserved 1069056K
  class space    used 2487K, capacity 2590K, committed 2608K, reserved 1048576K
Event: 22.623 GC heap after
Heap after GC invocations=2 (full 0):
 PSYoungGen      total 153088K, used 4821K [0x000000076ab00000, 0x0000000775580000, 0x00000007c0000000)
  eden space 131584K, 0% used [0x000000076ab00000,0x000000076ab00000,0x0000000772b80000)
  from space 21504K, 22% used [0x0000000774080000,0x0000000774535448,0x0000000775580000)
  to   space 21504K, 0% used [0x0000000772b80000,0x0000000772b80000,0x0000000774080000)
 ParOldGen       total 349696K, used 24K [0x00000006c0000000, 0x00000006d5580000, 0x000000076ab00000)
  object space 349696K, 0% used [0x00000006c0000000,0x00000006c0006000,0x00000006d5580000)
 Metaspace       used 20960K, capacity 21266K, committed 21296K, reserved 1069056K
  class space    used 2487K, capacity 2590K, committed 2608K, reserved 1048576K
}
Event: 22.623 GC heap before
{Heap before GC invocations=3 (full 1):
 PSYoungGen      total 153088K, used 4821K [0x000000076ab00000, 0x0000000775580000, 0x00000007c0000000)
  eden space 131584K, 0% used [0x000000076ab00000,0x000000076ab00000,0x0000000772b80000)
  from space 21504K, 22% used [0x0000000774080000,0x0000000774535448,0x0000000775580000)
  to   space 21504K, 0% used [0x0000000772b80000,0x0000000772b80000,0x0000000774080000)
 ParOldGen       total 349696K, used 24K [0x00000006c0000000, 0x00000006d5580000, 0x000000076ab00000)
  object space 349696K, 0% used [0x00000006c0000000,0x00000006c0006000,0x00000006d5580000)
 Metaspace       used 20960K, capacity 21266K, committed 21296K, reserved 1069056K
  class space    used 2487K, capacity 2590K, committed 2608K, reserved 1048576K
Event: 22.643 GC heap after
Heap after GC invocations=3 (full 1):
 PSYoungGen      total 153088K, used 0K [0x000000076ab00000, 0x0000000775580000, 0x00000007c0000000)
  eden space 131584K, 0% used [0x000000076ab00000,0x000000076ab00000,0x0000000772b80000)
  from space 21504K, 0% used [0x0000000774080000,0x0000000774080000,0x0000000775580000)
  to   space 21504K, 0% used [0x0000000772b80000,0x0000000772b80000,0x0000000774080000)
 ParOldGen       total 349696K, used 4697K [0x00000006c0000000, 0x00000006d5580000, 0x000000076ab00000)
  object space 349696K, 1% used [0x00000006c0000000,0x00000006c04965b0,0x00000006d5580000)
 Metaspace       used 20945K, capacity 21224K, committed 21296K, reserved 1069056K
  class space    used 2483K, capacity 2582K, committed 2608K, reserved 1048576K
}

