# JRE version: Java(TM) SE Runtime Environment (8.0_202-b08) (build 1.8.0_202-b08)
# Java VM: Java HotSpot(TM) 64-Bit Server VM (25.202-b08 mixed mode windows-amd64 compressed oops)
Heap:
 PSYoungGen      total 62464K, used 2916K [0x000000076ae00000, 0x000000076f900000, 0x00000007c0000000)
  eden space 61440K, 3% used [0x000000076ae00000,0x000000076afd9968,0x000000076ea00000)
  from space 1024K, 99% used [0x000000076eb00000,0x000000076ebff9d0,0x000000076ec00000)
  to   space 7680K, 0% used [0x000000076f180000,0x000000076f180000,0x000000076f900000)
 ParOldGen       total 71168K, used 5504K [0x00000006c0a00000, 0x00000006c4f80000, 0x000000076ae00000)
  object space 71168K, 7% used [0x00000006c0a00000,0x00000006c0f60230,0x00000006c4f80000)
 Metaspace       used 22784K, capacity 23102K, committed 23168K, reserved 1069056K
  class space    used 2839K, capacity 2933K, committed 2944K, reserved 1048576K
GC Heap History (10 events):
Event: 6.628 GC heap before
{Heap before GC invocations=4 (full 1):
 PSYoungGen      total 76288K, used 65536K [0x000000076ae00000, 0x0000000770300000, 0x00000007c0000000)
  eden space 65536K, 100% used [0x000000076ae00000,0x000000076ee00000,0x000000076ee00000)
  from space 10752K, 0% used [0x000000076f880000,0x000000076f880000,0x0000000770300000)
  to   space 10752K, 0% used [0x000000076ee00000,0x000000076ee00000,0x000000076f880000)
 ParOldGen       total 71168K, used 5480K [0x00000006c0a00000, 0x00000006c4f80000, 0x000000076ae00000)
  object space 71168K, 7% used [0x00000006c0a00000,0x00000006c0f5a230,0x00000006c4f80000)
 Metaspace       used 21039K, capacity 21306K, committed 21504K, reserved 1069056K
  class space    used 2685K, capacity 2773K, committed 2816K, reserved 1048576K
Event: 6.628 GC heap after
Heap after GC invocations=4 (full 1):
 PSYoungGen      total 76288K, used 208K [0x000000076ae00000, 0x0000000770300000, 0x00000007c0000000)
  eden space 65536K, 0% used [0x000000076ae00000,0x000000076ae00000,0x000000076ee00000)
  from space 10752K, 1% used [0x000000076ee00000,0x000000076ee34010,0x000000076f880000)
  to   space 10752K, 0% used [0x000000076f880000,0x000000076f880000,0x0000000770300000)
 ParOldGen       total 71168K, used 5488K [0x00000006c0a00000, 0x00000006c4f80000, 0x000000076ae00000)
  object space 71168K, 7% used [0x00000006c0a00000,0x00000006c0f5c230,0x00000006c4f80000)
 Metaspace       used 21039K, capacity 21306K, committed 21504K, reserved 1069056K
  class space    used 2685K, capacity 2773K, committed 2816K, reserved 1048576K
}
Event: 7.089 GC heap before
{Heap before GC invocations=5 (full 1):
 PSYoungGen      total 76288K, used 65744K [0x000000076ae00000, 0x0000000770300000, 0x00000007c0000000)
  eden space 65536K, 100% used [0x000000076ae00000,0x000000076ee00000,0x000000076ee00000)
  from space 10752K, 1% used [0x000000076ee00000,0x000000076ee34010,0x000000076f880000)
  to   space 10752K, 0% used [0x000000076f880000,0x000000076f880000,0x0000000770300000)
 ParOldGen       total 71168K, used 5488K [0x00000006c0a00000, 0x00000006c4f80000, 0x000000076ae00000)
  object space 71168K, 7% used [0x00000006c0a00000,0x00000006c0f5c230,0x00000006c4f80000)
 Metaspace       used 21125K, capacity 21460K, committed 21504K, reserved 1069056K
  class space    used 2696K, capacity 2788K, committed 2816K, reserved 1048576K
Event: 7.089 GC heap after
Heap after GC invocations=5 (full 1):
 PSYoungGen      total 76288K, used 240K [0x000000076ae00000, 0x0000000770300000, 0x00000007c0000000)
  eden space 65536K, 0% used [0x000000076ae00000,0x000000076ae00000,0x000000076ee00000)
  from space 10752K, 2% used [0x000000076f880000,0x000000076f8bc010,0x0000000770300000)
  to   space 10752K, 0% used [0x000000076ee00000,0x000000076ee00000,0x000000076f880000)
 ParOldGen       total 71168K, used 5496K [0x00000006c0a00000, 0x00000006c4f80000, 0x000000076ae00000)
  object space 71168K, 7% used [0x00000006c0a00000,0x00000006c0f5e230,0x00000006c4f80000)
 Metaspace       used 21125K, capacity 21460K, committed 21504K, reserved 1069056K
  class space    used 2696K, capacity 2788K, committed 2816K, reserved 1048576K
}
Event: 7.418 GC heap before
{Heap before GC invocations=6 (full 1):
 PSYoungGen      total 76288K, used 65776K [0x000000076ae00000, 0x0000000770300000, 0x00000007c0000000)
  eden space 65536K, 100% used [0x000000076ae00000,0x000000076ee00000,0x000000076ee00000)
  from space 10752K, 2% used [0x000000076f880000,0x000000076f8bc010,0x0000000770300000)
  to   space 10752K, 0% used [0x000000076ee00000,0x000000076ee00000,0x000000076f880000)
 ParOldGen       total 71168K, used 5496K [0x00000006c0a00000, 0x00000006c4f80000, 0x000000076ae00000)
  object space 71168K, 7% used [0x00000006c0a00000,0x00000006c0f5e230,0x00000006c4f80000)
 Metaspace       used 21125K, capacity 21460K, committed 21504K, reserved 1069056K
  class space    used 2696K, capacity 2788K, committed 2816K, reserved 1048576K
Event: 7.419 GC heap after
Heap after GC invocations=6 (full 1):
 PSYoungGen      total 64512K, used 208K [0x000000076ae00000, 0x000000076fd80000, 0x00000007c0000000)
  eden space 64000K, 0% used [0x000000076ae00000,0x000000076ae00000,0x000000076ec80000)
  from space 512K, 40% used [0x000000076ee00000,0x000000076ee34010,0x000000076ee80000)
  to   space 8704K, 0% used [0x000000076f500000,0x000000076f500000,0x000000076fd80000)
 ParOldGen       total 71168K, used 5496K [0x00000006c0a00000, 0x00000006c4f80000, 0x000000076ae00000)
  object space 71168K, 7% used [0x00000006c0a00000,0x00000006c0f5e230,0x00000006c4f80000)
 Metaspace       used 21125K, capacity 21460K, committed 21504K, reserved 1069056K
  class space    used 2696K, capacity 2788K, committed 2816K, reserved 1048576K
}
Event: 7.714 GC heap before
{Heap before GC invocations=7 (full 1):
 PSYoungGen      total 64512K, used 64208K [0x000000076ae00000, 0x000000076fd80000, 0x00000007c0000000)
  eden space 64000K, 100% used [0x000000076ae00000,0x000000076ec80000,0x000000076ec80000)
  from space 512K, 40% used [0x000000076ee00000,0x000000076ee34010,0x000000076ee80000)
  to   space 8704K, 0% used [0x000000076f500000,0x000000076f500000,0x000000076fd80000)
 ParOldGen       total 71168K, used 5496K [0x00000006c0a00000, 0x00000006c4f80000, 0x000000076ae00000)
  object space 71168K, 7% used [0x00000006c0a00000,0x00000006c0f5e230,0x00000006c4f80000)
 Metaspace       used 21125K, capacity 21460K, committed 21504K, reserved 1069056K
  class space    used 2696K, capacity 2788K, committed 2816K, reserved 1048576K
Event: 7.715 GC heap after
Heap after GC invocations=7 (full 1):
 PSYoungGen      total 68608K, used 240K [0x000000076ae00000, 0x000000076fb00000, 0x00000007c0000000)
  eden space 62464K, 0% used [0x000000076ae00000,0x000000076ae00000,0x000000076eb00000)
  from space 6144K, 3% used [0x000000076f500000,0x000000076f53c010,0x000000076fb00000)
  to   space 8192K, 0% used [0x000000076eb00000,0x000000076eb00000,0x000000076f300000)
 ParOldGen       total 71168K, used 5504K [0x00000006c0a00000, 0x00000006c4f80000, 0x000000076ae00000)
  object space 71168K, 7% used [0x00000006c0a00000,0x00000006c0f60230,0x00000006c4f80000)
 Metaspace       used 21125K, capacity 21460K, committed 21504K, reserved 1069056K
  class space    used 2696K, capacity 2788K, committed 2816K, reserved 1048576K
}
Event: 7.997 GC heap before
{Heap before GC invocations=8 (full 1):
 PSYoungGen      total 68608K, used 62704K [0x000000076ae00000, 0x000000076fb00000, 0x00000007c0000000)
  eden space 62464K, 100% used [0x000000076ae00000,0x000000076eb00000,0x000000076eb00000)
  from space 6144K, 3% used [0x000000076f500000,0x000000076f53c010,0x000000076fb00000)
  to   space 8192K, 0% used [0x000000076eb00000,0x000000076eb00000,0x000000076f300000)
 ParOldGen       total 71168K, used 5504K [0x00000006c0a00000, 0x00000006c4f80000, 0x000000076ae00000)
  object space 71168K, 7% used [0x00000006c0a00000,0x00000006c0f60230,0x00000006c4f80000)
 Metaspace       used 22784K, capacity 23102K, committed 23168K, reserved 1069056K
  class space    used 2839K, capacity 2933K, committed 2944K, reserved 1048576K
Event: 7.998 GC heap after
Heap after GC invocations=8 (full 1):
 PSYoungGen      total 62464K, used 1022K [0x000000076ae00000, 0x000000076f900000, 0x00000007c0000000)
  eden space 61440K, 0% used [0x000000076ae00000,0x000000076ae00000,0x000000076ea00000)
  from space 1024K, 99% used [0x000000076eb00000,0x000000076ebff9d0,0x000000076ec00000)
  to   space 7680K, 0% used [0x000000076f180000,0x000000076f180000,0x000000076f900000)
 ParOldGen       total 71168K, used 5504K [0x00000006c0a00000, 0x00000006c4f80000, 0x000000076ae00000)
  object space 71168K, 7% used [0x00000006c0a00000,0x00000006c0f60230,0x00000006c4f80000)
 Metaspace       used 22784K, capacity 23102K, committed 23168K, reserved 1069056K
  class space    used 2839K, capacity 2933K, committed 2944K, reserved 1048576K
}

