# JRE version: Java(TM) SE Runtime Environment (8.0_202-b08) (build 1.8.0_202-b08)
# Java VM: Java HotSpot(TM) 64-Bit Server VM (25.202-b08 mixed mode windows-amd64 compressed oops)
Heap:
 PSYoungGen      total 76288K, used 8642K [0x000000076ae00000, 0x0000000770300000, 0x00000007c0000000)
  eden space 65536K, 9% used [0x000000076ae00000,0x000000076b4435a0,0x000000076ee00000)
  from space 10752K, 20% used [0x000000076ee00000,0x000000076f02d388,0x000000076f880000)
  to   space 10752K, 0% used [0x000000076f880000,0x000000076f880000,0x0000000770300000)
 ParOldGen       total 72704K, used 7148K [0x00000006c0a00000, 0x00000006c5100000, 0x000000076ae00000)
  object space 72704K, 9% used [0x00000006c0a00000,0x00000006c10fb168,0x00000006c5100000)
 Metaspace       used 24245K, capacity 24736K, committed 24960K, reserved 1071104K
  class space    used 2950K, capacity 3093K, committed 3200K, reserved 1048576K
GC Heap History (8 events):
Event: 16.506 GC heap before
{Heap before GC invocations=1 (full 0):
 PSYoungGen      total 76288K, used 62925K [0x000000076ae00000, 0x0000000770300000, 0x00000007c0000000)
  eden space 65536K, 96% used [0x000000076ae00000,0x000000076eb73428,0x000000076ee00000)
  from space 10752K, 0% used [0x000000076f880000,0x000000076f880000,0x0000000770300000)
  to   space 10752K, 0% used [0x000000076ee00000,0x000000076ee00000,0x000000076f880000)
 ParOldGen       total 175104K, used 0K [0x00000006c0a00000, 0x00000006cb500000, 0x000000076ae00000)
  object space 175104K, 0% used [0x00000006c0a00000,0x00000006c0a00000,0x00000006cb500000)
 Metaspace       used 14300K, capacity 14528K, committed 14976K, reserved 1062912K
  class space    used 1742K, capacity 1807K, committed 1920K, reserved 1048576K
Event: 16.508 GC heap after
Heap after GC invocations=1 (full 0):
 PSYoungGen      total 76288K, used 3537K [0x000000076ae00000, 0x0000000770300000, 0x00000007c0000000)
  eden space 65536K, 0% used [0x000000076ae00000,0x000000076ae00000,0x000000076ee00000)
  from space 10752K, 32% used [0x000000076ee00000,0x000000076f174550,0x000000076f880000)
  to   space 10752K, 0% used [0x000000076f880000,0x000000076f880000,0x0000000770300000)
 ParOldGen       total 175104K, used 16K [0x00000006c0a00000, 0x00000006cb500000, 0x000000076ae00000)
  object space 175104K, 0% used [0x00000006c0a00000,0x00000006c0a04000,0x00000006cb500000)
 Metaspace       used 14300K, capacity 14528K, committed 14976K, reserved 1062912K
  class space    used 1742K, capacity 1807K, committed 1920K, reserved 1048576K
}
Event: 22.353 GC heap before
{Heap before GC invocations=2 (full 0):
 PSYoungGen      total 76288K, used 54352K [0x000000076ae00000, 0x0000000770300000, 0x00000007c0000000)
  eden space 65536K, 77% used [0x000000076ae00000,0x000000076df9fae8,0x000000076ee00000)
  from space 10752K, 32% used [0x000000076ee00000,0x000000076f174550,0x000000076f880000)
  to   space 10752K, 0% used [0x000000076f880000,0x000000076f880000,0x0000000770300000)
 ParOldGen       total 175104K, used 16K [0x00000006c0a00000, 0x00000006cb500000, 0x000000076ae00000)
  object space 175104K, 0% used [0x00000006c0a00000,0x00000006c0a04000,0x00000006cb500000)
 Metaspace       used 20783K, capacity 21066K, committed 21248K, reserved 1067008K
  class space    used 2620K, capacity 2720K, committed 2816K, reserved 1048576K
Event: 22.358 GC heap after
Heap after GC invocations=2 (full 0):
 PSYoungGen      total 76288K, used 7371K [0x000000076ae00000, 0x0000000770300000, 0x00000007c0000000)
  eden space 65536K, 0% used [0x000000076ae00000,0x000000076ae00000,0x000000076ee00000)
  from space 10752K, 68% used [0x000000076f880000,0x000000076ffb2cf8,0x0000000770300000)
  to   space 10752K, 0% used [0x000000076ee00000,0x000000076ee00000,0x000000076f880000)
 ParOldGen       total 175104K, used 24K [0x00000006c0a00000, 0x00000006cb500000, 0x000000076ae00000)
  object space 175104K, 0% used [0x00000006c0a00000,0x00000006c0a06000,0x00000006cb500000)
 Metaspace       used 20783K, capacity 21066K, committed 21248K, reserved 1067008K
  class space    used 2620K, capacity 2720K, committed 2816K, reserved 1048576K
}
Event: 22.358 GC heap before
{Heap before GC invocations=3 (full 1):
 PSYoungGen      total 76288K, used 7371K [0x000000076ae00000, 0x0000000770300000, 0x00000007c0000000)
  eden space 65536K, 0% used [0x000000076ae00000,0x000000076ae00000,0x000000076ee00000)
  from space 10752K, 68% used [0x000000076f880000,0x000000076ffb2cf8,0x0000000770300000)
  to   space 10752K, 0% used [0x000000076ee00000,0x000000076ee00000,0x000000076f880000)
 ParOldGen       total 175104K, used 24K [0x00000006c0a00000, 0x00000006cb500000, 0x000000076ae00000)
  object space 175104K, 0% used [0x00000006c0a00000,0x00000006c0a06000,0x00000006cb500000)
 Metaspace       used 20783K, capacity 21066K, committed 21248K, reserved 1067008K
  class space    used 2620K, capacity 2720K, committed 2816K, reserved 1048576K
Event: 22.375 GC heap after
Heap after GC invocations=3 (full 1):
 PSYoungGen      total 76288K, used 0K [0x000000076ae00000, 0x0000000770300000, 0x00000007c0000000)
  eden space 65536K, 0% used [0x000000076ae00000,0x000000076ae00000,0x000000076ee00000)
  from space 10752K, 0% used [0x000000076f880000,0x000000076f880000,0x0000000770300000)
  to   space 10752K, 0% used [0x000000076ee00000,0x000000076ee00000,0x000000076f880000)
 ParOldGen       total 72704K, used 7140K [0x00000006c0a00000, 0x00000006c5100000, 0x000000076ae00000)
  object space 72704K, 9% used [0x00000006c0a00000,0x00000006c10f9168,0x00000006c5100000)
 Metaspace       used 20783K, capacity 21066K, committed 21248K, reserved 1067008K
  class space    used 2620K, capacity 2720K, committed 2816K, reserved 1048576K
}
Event: 40.544 GC heap before
{Heap before GC invocations=4 (full 1):
 PSYoungGen      total 76288K, used 62488K [0x000000076ae00000, 0x0000000770300000, 0x00000007c0000000)
  eden space 65536K, 95% used [0x000000076ae00000,0x000000076eb06380,0x000000076ee00000)
  from space 10752K, 0% used [0x000000076f880000,0x000000076f880000,0x0000000770300000)
  to   space 10752K, 0% used [0x000000076ee00000,0x000000076ee00000,0x000000076f880000)
 ParOldGen       total 72704K, used 7140K [0x00000006c0a00000, 0x00000006c5100000, 0x000000076ae00000)
  object space 72704K, 9% used [0x00000006c0a00000,0x00000006c10f9168,0x00000006c5100000)
 Metaspace       used 24242K, capacity 24736K, committed 24960K, reserved 1071104K
  class space    used 2950K, capacity 3093K, committed 3200K, reserved 1048576K
Event: 40.545 GC heap after
Heap after GC invocations=4 (full 1):
 PSYoungGen      total 76288K, used 2228K [0x000000076ae00000, 0x0000000770300000, 0x00000007c0000000)
  eden space 65536K, 0% used [0x000000076ae00000,0x000000076ae00000,0x000000076ee00000)
  from space 10752K, 20% used [0x000000076ee00000,0x000000076f02d388,0x000000076f880000)
  to   space 10752K, 0% used [0x000000076f880000,0x000000076f880000,0x0000000770300000)
 ParOldGen       total 72704K, used 7148K [0x00000006c0a00000, 0x00000006c5100000, 0x000000076ae00000)
  object space 72704K, 9% used [0x00000006c0a00000,0x00000006c10fb168,0x00000006c5100000)
 Metaspace       used 24242K, capacity 24736K, committed 24960K, reserved 1071104K
  class space    used 2950K, capacity 3093K, committed 3200K, reserved 1048576K
}

