# JRE version: Java(TM) SE Runtime Environment (8.0_202-b08) (build 1.8.0_202-b08)
# Java VM: Java HotSpot(TM) 64-Bit Server VM (25.202-b08 mixed mode windows-amd64 compressed oops)
Heap:
 PSYoungGen      total 66048K, used 2667K [0x000000076ae00000, 0x000000076f700000, 0x00000007c0000000)
  eden space 60416K, 3% used [0x000000076ae00000,0x000000076afe8d00,0x000000076e900000)
  from space 5632K, 12% used [0x000000076f180000,0x000000076f232000,0x000000076f700000)
  to   space 7168K, 0% used [0x000000076e900000,0x000000076e900000,0x000000076f000000)
 ParOldGen       total 71168K, used 5650K [0x00000006c0a00000, 0x00000006c4f80000, 0x000000076ae00000)
  object space 71168K, 7% used [0x00000006c0a00000,0x00000006c0f848d0,0x00000006c4f80000)
 Metaspace       used 22817K, capacity 23178K, committed 23424K, reserved 1069056K
  class space    used 2847K, capacity 2934K, committed 2944K, reserved 1048576K
GC Heap History (10 events):
Event: 7.221 GC heap before
{Heap before GC invocations=5 (full 1):
 PSYoungGen      total 76288K, used 65808K [0x000000076ae00000, 0x0000000770300000, 0x00000007c0000000)
  eden space 65536K, 100% used [0x000000076ae00000,0x000000076ee00000,0x000000076ee00000)
  from space 10752K, 2% used [0x000000076ee00000,0x000000076ee44010,0x000000076f880000)
  to   space 10752K, 0% used [0x000000076f880000,0x000000076f880000,0x0000000770300000)
 ParOldGen       total 71168K, used 5474K [0x00000006c0a00000, 0x00000006c4f80000, 0x000000076ae00000)
  object space 71168K, 7% used [0x00000006c0a00000,0x00000006c0f588b0,0x00000006c4f80000)
 Metaspace       used 21136K, capacity 21506K, committed 21632K, reserved 1069056K
  class space    used 2706K, capacity 2822K, committed 2944K, reserved 1048576K
Event: 7.222 GC heap after
Heap after GC invocations=5 (full 1):
 PSYoungGen      total 76288K, used 272K [0x000000076ae00000, 0x0000000770300000, 0x00000007c0000000)
  eden space 65536K, 0% used [0x000000076ae00000,0x000000076ae00000,0x000000076ee00000)
  from space 10752K, 2% used [0x000000076f880000,0x000000076f8c4010,0x0000000770300000)
  to   space 10752K, 0% used [0x000000076ee00000,0x000000076ee00000,0x000000076f880000)
 ParOldGen       total 71168K, used 5474K [0x00000006c0a00000, 0x00000006c4f80000, 0x000000076ae00000)
  object space 71168K, 7% used [0x00000006c0a00000,0x00000006c0f588b0,0x00000006c4f80000)
 Metaspace       used 21136K, capacity 21506K, committed 21632K, reserved 1069056K
  class space    used 2706K, capacity 2822K, committed 2944K, reserved 1048576K
}
Event: 7.510 GC heap before
{Heap before GC invocations=6 (full 1):
 PSYoungGen      total 76288K, used 65808K [0x000000076ae00000, 0x0000000770300000, 0x00000007c0000000)
  eden space 65536K, 100% used [0x000000076ae00000,0x000000076ee00000,0x000000076ee00000)
  from space 10752K, 2% used [0x000000076f880000,0x000000076f8c4010,0x0000000770300000)
  to   space 10752K, 0% used [0x000000076ee00000,0x000000076ee00000,0x000000076f880000)
 ParOldGen       total 71168K, used 5474K [0x00000006c0a00000, 0x00000006c4f80000, 0x000000076ae00000)
  object space 71168K, 7% used [0x00000006c0a00000,0x00000006c0f588b0,0x00000006c4f80000)
 Metaspace       used 21145K, capacity 21506K, committed 21632K, reserved 1069056K
  class space    used 2706K, capacity 2822K, committed 2944K, reserved 1048576K
Event: 7.510 GC heap after
Heap after GC invocations=6 (full 1):
 PSYoungGen      total 64512K, used 208K [0x000000076ae00000, 0x000000076fd80000, 0x00000007c0000000)
  eden space 64000K, 0% used [0x000000076ae00000,0x000000076ae00000,0x000000076ec80000)
  from space 512K, 40% used [0x000000076ee00000,0x000000076ee34010,0x000000076ee80000)
  to   space 8704K, 0% used [0x000000076f500000,0x000000076f500000,0x000000076fd80000)
 ParOldGen       total 71168K, used 5474K [0x00000006c0a00000, 0x00000006c4f80000, 0x000000076ae00000)
  object space 71168K, 7% used [0x00000006c0a00000,0x00000006c0f588b0,0x00000006c4f80000)
 Metaspace       used 21145K, capacity 21506K, committed 21632K, reserved 1069056K
  class space    used 2706K, capacity 2822K, committed 2944K, reserved 1048576K
}
Event: 7.794 GC heap before
{Heap before GC invocations=7 (full 1):
 PSYoungGen      total 64512K, used 64208K [0x000000076ae00000, 0x000000076fd80000, 0x00000007c0000000)
  eden space 64000K, 100% used [0x000000076ae00000,0x000000076ec80000,0x000000076ec80000)
  from space 512K, 40% used [0x000000076ee00000,0x000000076ee34010,0x000000076ee80000)
  to   space 8704K, 0% used [0x000000076f500000,0x000000076f500000,0x000000076fd80000)
 ParOldGen       total 71168K, used 5474K [0x00000006c0a00000, 0x00000006c4f80000, 0x000000076ae00000)
  object space 71168K, 7% used [0x00000006c0a00000,0x00000006c0f588b0,0x00000006c4f80000)
 Metaspace       used 21145K, capacity 21506K, committed 21632K, reserved 1069056K
  class space    used 2706K, capacity 2822K, committed 2944K, reserved 1048576K
Event: 7.795 GC heap after
Heap after GC invocations=7 (full 1):
 PSYoungGen      total 68608K, used 208K [0x000000076ae00000, 0x000000076fb00000, 0x00000007c0000000)
  eden space 62464K, 0% used [0x000000076ae00000,0x000000076ae00000,0x000000076eb00000)
  from space 6144K, 3% used [0x000000076f500000,0x000000076f534010,0x000000076fb00000)
  to   space 8192K, 0% used [0x000000076eb00000,0x000000076eb00000,0x000000076f300000)
 ParOldGen       total 71168K, used 5474K [0x00000006c0a00000, 0x00000006c4f80000, 0x000000076ae00000)
  object space 71168K, 7% used [0x00000006c0a00000,0x00000006c0f588b0,0x00000006c4f80000)
 Metaspace       used 21145K, capacity 21506K, committed 21632K, reserved 1069056K
  class space    used 2706K, capacity 2822K, committed 2944K, reserved 1048576K
}
Event: 8.115 GC heap before
{Heap before GC invocations=8 (full 1):
 PSYoungGen      total 68608K, used 62672K [0x000000076ae00000, 0x000000076fb00000, 0x00000007c0000000)
  eden space 62464K, 100% used [0x000000076ae00000,0x000000076eb00000,0x000000076eb00000)
  from space 6144K, 3% used [0x000000076f500000,0x000000076f534010,0x000000076fb00000)
  to   space 8192K, 0% used [0x000000076eb00000,0x000000076eb00000,0x000000076f300000)
 ParOldGen       total 71168K, used 5474K [0x00000006c0a00000, 0x00000006c4f80000, 0x000000076ae00000)
  object space 71168K, 7% used [0x00000006c0a00000,0x00000006c0f588b0,0x00000006c4f80000)
 Metaspace       used 22016K, capacity 22394K, committed 22656K, reserved 1069056K
  class space    used 2768K, capacity 2862K, committed 2944K, reserved 1048576K
Event: 8.115 GC heap after
Heap after GC invocations=8 (full 1):
 PSYoungGen      total 61952K, used 454K [0x000000076ae00000, 0x000000076f900000, 0x00000007c0000000)
  eden space 61440K, 0% used [0x000000076ae00000,0x000000076ae00000,0x000000076ea00000)
  from space 512K, 88% used [0x000000076eb00000,0x000000076eb719c0,0x000000076eb80000)
  to   space 7680K, 0% used [0x000000076f180000,0x000000076f180000,0x000000076f900000)
 ParOldGen       total 71168K, used 5474K [0x00000006c0a00000, 0x00000006c4f80000, 0x000000076ae00000)
  object space 71168K, 7% used [0x00000006c0a00000,0x00000006c0f588b0,0x00000006c4f80000)
 Metaspace       used 22016K, capacity 22394K, committed 22656K, reserved 1069056K
  class space    used 2768K, capacity 2862K, committed 2944K, reserved 1048576K
}
Event: 8.377 GC heap before
{Heap before GC invocations=9 (full 1):
 PSYoungGen      total 61952K, used 61894K [0x000000076ae00000, 0x000000076f900000, 0x00000007c0000000)
  eden space 61440K, 100% used [0x000000076ae00000,0x000000076ea00000,0x000000076ea00000)
  from space 512K, 88% used [0x000000076eb00000,0x000000076eb719c0,0x000000076eb80000)
  to   space 7680K, 0% used [0x000000076f180000,0x000000076f180000,0x000000076f900000)
 ParOldGen       total 71168K, used 5474K [0x00000006c0a00000, 0x00000006c4f80000, 0x000000076ae00000)
  object space 71168K, 7% used [0x00000006c0a00000,0x00000006c0f588b0,0x00000006c4f80000)
 Metaspace       used 22817K, capacity 23178K, committed 23424K, reserved 1069056K
  class space    used 2847K, capacity 2934K, committed 2944K, reserved 1048576K
Event: 8.378 GC heap after
Heap after GC invocations=9 (full 1):
 PSYoungGen      total 66048K, used 712K [0x000000076ae00000, 0x000000076f700000, 0x00000007c0000000)
  eden space 60416K, 0% used [0x000000076ae00000,0x000000076ae00000,0x000000076e900000)
  from space 5632K, 12% used [0x000000076f180000,0x000000076f232000,0x000000076f700000)
  to   space 7168K, 0% used [0x000000076e900000,0x000000076e900000,0x000000076f000000)
 ParOldGen       total 71168K, used 5650K [0x00000006c0a00000, 0x00000006c4f80000, 0x000000076ae00000)
  object space 71168K, 7% used [0x00000006c0a00000,0x00000006c0f848d0,0x00000006c4f80000)
 Metaspace       used 22817K, capacity 23178K, committed 23424K, reserved 1069056K
  class space    used 2847K, capacity 2934K, committed 2944K, reserved 1048576K
}

