# JRE version: Java(TM) SE Runtime Environment (8.0_202-b08) (build 1.8.0_202-b08)
# Java VM: Java HotSpot(TM) 64-Bit Server VM (25.202-b08 mixed mode windows-amd64 compressed oops)
Heap:
 PSYoungGen      total 68096K, used 5476K [0x000000076ae00000, 0x000000076fa00000, 0x00000007c0000000)
  eden space 62464K, 6% used [0x000000076ae00000,0x000000076b21ba28,0x000000076eb00000)
  from space 5632K, 22% used [0x000000076f480000,0x000000076f5bd670,0x000000076fa00000)
  to   space 7680K, 0% used [0x000000076eb00000,0x000000076eb00000,0x000000076f280000)
 ParOldGen       total 71168K, used 5607K [0x00000006c0a00000, 0x00000006c4f80000, 0x000000076ae00000)
  object space 71168K, 7% used [0x00000006c0a00000,0x00000006c0f79d58,0x00000006c4f80000)
 Metaspace       used 22997K, capacity 23432K, committed 23552K, reserved 1069056K
  class space    used 2871K, capacity 2981K, committed 3072K, reserved 1048576K
GC Heap History (10 events):
Event: 12.950 GC heap before
{Heap before GC invocations=3 (full 1):
 PSYoungGen      total 76288K, used 5757K [0x000000076ae00000, 0x0000000770300000, 0x00000007c0000000)
  eden space 65536K, 0% used [0x000000076ae00000,0x000000076ae00000,0x000000076ee00000)
  from space 10752K, 53% used [0x000000076f880000,0x000000076fe1f520,0x0000000770300000)
  to   space 10752K, 0% used [0x000000076ee00000,0x000000076ee00000,0x000000076f880000)
 ParOldGen       total 175104K, used 24K [0x00000006c0a00000, 0x00000006cb500000, 0x000000076ae00000)
  object space 175104K, 0% used [0x00000006c0a00000,0x00000006c0a06000,0x00000006cb500000)
 Metaspace       used 20834K, capacity 21126K, committed 21248K, reserved 1067008K
  class space    used 2622K, capacity 2720K, committed 2816K, reserved 1048576K
Event: 12.967 GC heap after
Heap after GC invocations=3 (full 1):
 PSYoungGen      total 76288K, used 0K [0x000000076ae00000, 0x0000000770300000, 0x00000007c0000000)
  eden space 65536K, 0% used [0x000000076ae00000,0x000000076ae00000,0x000000076ee00000)
  from space 10752K, 0% used [0x000000076f880000,0x000000076f880000,0x0000000770300000)
  to   space 10752K, 0% used [0x000000076ee00000,0x000000076ee00000,0x000000076f880000)
 ParOldGen       total 71168K, used 5583K [0x00000006c0a00000, 0x00000006c4f80000, 0x000000076ae00000)
  object space 71168K, 7% used [0x00000006c0a00000,0x00000006c0f73d58,0x00000006c4f80000)
 Metaspace       used 20834K, capacity 21126K, committed 21248K, reserved 1067008K
  class space    used 2622K, capacity 2720K, committed 2816K, reserved 1048576K
}
Event: 13.536 GC heap before
{Heap before GC invocations=4 (full 1):
 PSYoungGen      total 76288K, used 65536K [0x000000076ae00000, 0x0000000770300000, 0x00000007c0000000)
  eden space 65536K, 100% used [0x000000076ae00000,0x000000076ee00000,0x000000076ee00000)
  from space 10752K, 0% used [0x000000076f880000,0x000000076f880000,0x0000000770300000)
  to   space 10752K, 0% used [0x000000076ee00000,0x000000076ee00000,0x000000076f880000)
 ParOldGen       total 71168K, used 5583K [0x00000006c0a00000, 0x00000006c4f80000, 0x000000076ae00000)
  object space 71168K, 7% used [0x00000006c0a00000,0x00000006c0f73d58,0x00000006c4f80000)
 Metaspace       used 21259K, capacity 21620K, committed 21888K, reserved 1069056K
  class space    used 2715K, capacity 2817K, committed 2944K, reserved 1048576K
Event: 13.537 GC heap after
Heap after GC invocations=4 (full 1):
 PSYoungGen      total 76288K, used 608K [0x000000076ae00000, 0x0000000770300000, 0x00000007c0000000)
  eden space 65536K, 0% used [0x000000076ae00000,0x000000076ae00000,0x000000076ee00000)
  from space 10752K, 5% used [0x000000076ee00000,0x000000076ee98000,0x000000076f880000)
  to   space 10752K, 0% used [0x000000076f880000,0x000000076f880000,0x0000000770300000)
 ParOldGen       total 71168K, used 5591K [0x00000006c0a00000, 0x00000006c4f80000, 0x000000076ae00000)
  object space 71168K, 7% used [0x00000006c0a00000,0x00000006c0f75d58,0x00000006c4f80000)
 Metaspace       used 21259K, capacity 21620K, committed 21888K, reserved 1069056K
  class space    used 2715K, capacity 2817K, committed 2944K, reserved 1048576K
}
Event: 14.103 GC heap before
{Heap before GC invocations=5 (full 1):
 PSYoungGen      total 76288K, used 66144K [0x000000076ae00000, 0x0000000770300000, 0x00000007c0000000)
  eden space 65536K, 100% used [0x000000076ae00000,0x000000076ee00000,0x000000076ee00000)
  from space 10752K, 5% used [0x000000076ee00000,0x000000076ee98000,0x000000076f880000)
  to   space 10752K, 0% used [0x000000076f880000,0x000000076f880000,0x0000000770300000)
 ParOldGen       total 71168K, used 5591K [0x00000006c0a00000, 0x00000006c4f80000, 0x000000076ae00000)
  object space 71168K, 7% used [0x00000006c0a00000,0x00000006c0f75d58,0x00000006c4f80000)
 Metaspace       used 21349K, capacity 21722K, committed 21888K, reserved 1069056K
  class space    used 2727K, capacity 2834K, committed 2944K, reserved 1048576K
Event: 14.103 GC heap after
Heap after GC invocations=5 (full 1):
 PSYoungGen      total 76288K, used 480K [0x000000076ae00000, 0x0000000770300000, 0x00000007c0000000)
  eden space 65536K, 0% used [0x000000076ae00000,0x000000076ae00000,0x000000076ee00000)
  from space 10752K, 4% used [0x000000076f880000,0x000000076f8f8000,0x0000000770300000)
  to   space 10752K, 0% used [0x000000076ee00000,0x000000076ee00000,0x000000076f880000)
 ParOldGen       total 71168K, used 5591K [0x00000006c0a00000, 0x00000006c4f80000, 0x000000076ae00000)
  object space 71168K, 7% used [0x00000006c0a00000,0x00000006c0f75d58,0x00000006c4f80000)
 Metaspace       used 21349K, capacity 21722K, committed 21888K, reserved 1069056K
  class space    used 2727K, capacity 2834K, committed 2944K, reserved 1048576K
}
Event: 14.618 GC heap before
{Heap before GC invocations=6 (full 1):
 PSYoungGen      total 76288K, used 66016K [0x000000076ae00000, 0x0000000770300000, 0x00000007c0000000)
  eden space 65536K, 100% used [0x000000076ae00000,0x000000076ee00000,0x000000076ee00000)
  from space 10752K, 4% used [0x000000076f880000,0x000000076f8f8000,0x0000000770300000)
  to   space 10752K, 0% used [0x000000076ee00000,0x000000076ee00000,0x000000076f880000)
 ParOldGen       total 71168K, used 5591K [0x00000006c0a00000, 0x00000006c4f80000, 0x000000076ae00000)
  object space 71168K, 7% used [0x00000006c0a00000,0x00000006c0f75d58,0x00000006c4f80000)
 Metaspace       used 21357K, capacity 21722K, committed 21888K, reserved 1069056K
  class space    used 2727K, capacity 2834K, committed 2944K, reserved 1048576K
Event: 14.619 GC heap after
Heap after GC invocations=6 (full 1):
 PSYoungGen      total 64512K, used 448K [0x000000076ae00000, 0x000000076fc80000, 0x00000007c0000000)
  eden space 64000K, 0% used [0x000000076ae00000,0x000000076ae00000,0x000000076ec80000)
  from space 512K, 87% used [0x000000076ee00000,0x000000076ee70000,0x000000076ee80000)
  to   space 8192K, 0% used [0x000000076f480000,0x000000076f480000,0x000000076fc80000)
 ParOldGen       total 71168K, used 5599K [0x00000006c0a00000, 0x00000006c4f80000, 0x000000076ae00000)
  object space 71168K, 7% used [0x00000006c0a00000,0x00000006c0f77d58,0x00000006c4f80000)
 Metaspace       used 21357K, capacity 21722K, committed 21888K, reserved 1069056K
  class space    used 2727K, capacity 2834K, committed 2944K, reserved 1048576K
}
Event: 15.146 GC heap before
{Heap before GC invocations=7 (full 1):
 PSYoungGen      total 64512K, used 64448K [0x000000076ae00000, 0x000000076fc80000, 0x00000007c0000000)
  eden space 64000K, 100% used [0x000000076ae00000,0x000000076ec80000,0x000000076ec80000)
  from space 512K, 87% used [0x000000076ee00000,0x000000076ee70000,0x000000076ee80000)
  to   space 8192K, 0% used [0x000000076f480000,0x000000076f480000,0x000000076fc80000)
 ParOldGen       total 71168K, used 5599K [0x00000006c0a00000, 0x00000006c4f80000, 0x000000076ae00000)
  object space 71168K, 7% used [0x00000006c0a00000,0x00000006c0f77d58,0x00000006c4f80000)
 Metaspace       used 22996K, capacity 23432K, committed 23552K, reserved 1069056K
  class space    used 2871K, capacity 2981K, committed 3072K, reserved 1048576K
Event: 15.147 GC heap after
Heap after GC invocations=7 (full 1):
 PSYoungGen      total 68096K, used 1269K [0x000000076ae00000, 0x000000076fa00000, 0x00000007c0000000)
  eden space 62464K, 0% used [0x000000076ae00000,0x000000076ae00000,0x000000076eb00000)
  from space 5632K, 22% used [0x000000076f480000,0x000000076f5bd670,0x000000076fa00000)
  to   space 7680K, 0% used [0x000000076eb00000,0x000000076eb00000,0x000000076f280000)
 ParOldGen       total 71168K, used 5607K [0x00000006c0a00000, 0x00000006c4f80000, 0x000000076ae00000)
  object space 71168K, 7% used [0x00000006c0a00000,0x00000006c0f79d58,0x00000006c4f80000)
 Metaspace       used 22996K, capacity 23432K, committed 23552K, reserved 1069056K
  class space    used 2871K, capacity 2981K, committed 3072K, reserved 1048576K
}

