# JRE version: Java(TM) SE Runtime Environment (8.0_202-b08) (build 1.8.0_202-b08)
# Java VM: Java HotSpot(TM) 64-Bit Server VM (25.202-b08 mixed mode windows-amd64 compressed oops)
Heap:
 PSYoungGen      total 112640K, used 4450K [0x000000076ae00000, 0x0000000772d80000, 0x00000007c0000000)
  eden space 111616K, 3% used [0x000000076ae00000,0x000000076b17d8d8,0x0000000771b00000)
  from space 1024K, 85% used [0x0000000772c80000,0x0000000772d5b018,0x0000000772d80000)
  to   space 8704K, 0% used [0x0000000771c80000,0x0000000771c80000,0x0000000772500000)
 ParOldGen       total 82432K, used 5189K [0x00000006c0a00000, 0x00000006c5a80000, 0x000000076ae00000)
  object space 82432K, 6% used [0x00000006c0a00000,0x00000006c0f11660,0x00000006c5a80000)
 Metaspace       used 22552K, capacity 22940K, committed 23088K, reserved 1069056K
  class space    used 2852K, capacity 2967K, committed 3072K, reserved 1048576K
GC Heap History (10 events):
Event: 6.812 GC heap before
{Heap before GC invocations=5 (full 0):
 PSYoungGen      total 76288K, used 36428K [0x000000076ae00000, 0x0000000770300000, 0x00000007c0000000)
  eden space 65536K, 47% used [0x000000076ae00000,0x000000076cc6f1b0,0x000000076ee00000)
  from space 10752K, 48% used [0x000000076f880000,0x000000076fda40e0,0x0000000770300000)
  to   space 10752K, 0% used [0x000000076ee00000,0x000000076ee00000,0x000000076f880000)
 ParOldGen       total 175104K, used 48K [0x00000006c0a00000, 0x00000006cb500000, 0x000000076ae00000)
  object space 175104K, 0% used [0x00000006c0a00000,0x00000006c0a0c000,0x00000006cb500000)
 Metaspace       used 20965K, capacity 21268K, committed 21296K, reserved 1069056K
  class space    used 2709K, capacity 2791K, committed 2816K, reserved 1048576K
Event: 6.815 GC heap after
Heap after GC invocations=5 (full 0):
 PSYoungGen      total 76288K, used 5264K [0x000000076ae00000, 0x0000000773b00000, 0x00000007c0000000)
  eden space 65536K, 0% used [0x000000076ae00000,0x000000076ae00000,0x000000076ee00000)
  from space 10752K, 48% used [0x000000076ee00000,0x000000076f324100,0x000000076f880000)
  to   space 6656K, 0% used [0x0000000773480000,0x0000000773480000,0x0000000773b00000)
 ParOldGen       total 175104K, used 56K [0x00000006c0a00000, 0x00000006cb500000, 0x000000076ae00000)
  object space 175104K, 0% used [0x00000006c0a00000,0x00000006c0a0e000,0x00000006cb500000)
 Metaspace       used 20965K, capacity 21268K, committed 21296K, reserved 1069056K
  class space    used 2709K, capacity 2791K, committed 2816K, reserved 1048576K
}
Event: 6.815 GC heap before
{Heap before GC invocations=6 (full 1):
 PSYoungGen      total 76288K, used 5264K [0x000000076ae00000, 0x0000000773b00000, 0x00000007c0000000)
  eden space 65536K, 0% used [0x000000076ae00000,0x000000076ae00000,0x000000076ee00000)
  from space 10752K, 48% used [0x000000076ee00000,0x000000076f324100,0x000000076f880000)
  to   space 6656K, 0% used [0x0000000773480000,0x0000000773480000,0x0000000773b00000)
 ParOldGen       total 175104K, used 56K [0x00000006c0a00000, 0x00000006cb500000, 0x000000076ae00000)
  object space 175104K, 0% used [0x00000006c0a00000,0x00000006c0a0e000,0x00000006cb500000)
 Metaspace       used 20965K, capacity 21268K, committed 21296K, reserved 1069056K
  class space    used 2709K, capacity 2791K, committed 2816K, reserved 1048576K
Event: 6.832 GC heap after
Heap after GC invocations=6 (full 1):
 PSYoungGen      total 76288K, used 0K [0x000000076ae00000, 0x0000000773b00000, 0x00000007c0000000)
  eden space 65536K, 0% used [0x000000076ae00000,0x000000076ae00000,0x000000076ee00000)
  from space 10752K, 0% used [0x000000076ee00000,0x000000076ee00000,0x000000076f880000)
  to   space 6656K, 0% used [0x0000000773480000,0x0000000773480000,0x0000000773b00000)
 ParOldGen       total 82432K, used 5173K [0x00000006c0a00000, 0x00000006c5a80000, 0x000000076ae00000)
  object space 82432K, 6% used [0x00000006c0a00000,0x00000006c0f0d660,0x00000006c5a80000)
 Metaspace       used 20961K, capacity 21262K, committed 21296K, reserved 1069056K
  class space    used 2709K, capacity 2790K, committed 2816K, reserved 1048576K
}
Event: 7.122 GC heap before
{Heap before GC invocations=7 (full 1):
 PSYoungGen      total 76288K, used 65536K [0x000000076ae00000, 0x0000000773b00000, 0x00000007c0000000)
  eden space 65536K, 100% used [0x000000076ae00000,0x000000076ee00000,0x000000076ee00000)
  from space 10752K, 0% used [0x000000076ee00000,0x000000076ee00000,0x000000076f880000)
  to   space 6656K, 0% used [0x0000000773480000,0x0000000773480000,0x0000000773b00000)
 ParOldGen       total 82432K, used 5173K [0x00000006c0a00000, 0x00000006c5a80000, 0x000000076ae00000)
  object space 82432K, 6% used [0x00000006c0a00000,0x00000006c0f0d660,0x00000006c5a80000)
 Metaspace       used 20966K, capacity 21266K, committed 21296K, reserved 1069056K
  class space    used 2710K, capacity 2790K, committed 2816K, reserved 1048576K
Event: 7.123 GC heap after
Heap after GC invocations=7 (full 1):
 PSYoungGen      total 118272K, used 160K [0x000000076ae00000, 0x0000000773500000, 0x00000007c0000000)
  eden space 117760K, 0% used [0x000000076ae00000,0x000000076ae00000,0x0000000772100000)
  from space 512K, 31% used [0x0000000773480000,0x00000007734a8000,0x0000000773500000)
  to   space 8192K, 0% used [0x0000000772500000,0x0000000772500000,0x0000000772d00000)
 ParOldGen       total 82432K, used 5181K [0x00000006c0a00000, 0x00000006c5a80000, 0x000000076ae00000)
  object space 82432K, 6% used [0x00000006c0a00000,0x00000006c0f0f660,0x00000006c5a80000)
 Metaspace       used 20966K, capacity 21266K, committed 21296K, reserved 1069056K
  class space    used 2710K, capacity 2790K, committed 2816K, reserved 1048576K
}
Event: 7.538 GC heap before
{Heap before GC invocations=8 (full 1):
 PSYoungGen      total 118272K, used 117920K [0x000000076ae00000, 0x0000000773500000, 0x00000007c0000000)
  eden space 117760K, 100% used [0x000000076ae00000,0x0000000772100000,0x0000000772100000)
  from space 512K, 31% used [0x0000000773480000,0x00000007734a8000,0x0000000773500000)
  to   space 8192K, 0% used [0x0000000772500000,0x0000000772500000,0x0000000772d00000)
 ParOldGen       total 82432K, used 5181K [0x00000006c0a00000, 0x00000006c5a80000, 0x000000076ae00000)
  object space 82432K, 6% used [0x00000006c0a00000,0x00000006c0f0f660,0x00000006c5a80000)
 Metaspace       used 20966K, capacity 21266K, committed 21296K, reserved 1069056K
  class space    used 2710K, capacity 2790K, committed 2816K, reserved 1048576K
Event: 7.539 GC heap after
Heap after GC invocations=8 (full 1):
 PSYoungGen      total 115200K, used 128K [0x000000076ae00000, 0x0000000773500000, 0x00000007c0000000)
  eden space 114688K, 0% used [0x000000076ae00000,0x000000076ae00000,0x0000000771e00000)
  from space 512K, 25% used [0x0000000772500000,0x0000000772520000,0x0000000772580000)
  to   space 8704K, 0% used [0x0000000772c80000,0x0000000772c80000,0x0000000773500000)
 ParOldGen       total 82432K, used 5181K [0x00000006c0a00000, 0x00000006c5a80000, 0x000000076ae00000)
  object space 82432K, 6% used [0x00000006c0a00000,0x00000006c0f0f660,0x00000006c5a80000)
 Metaspace       used 20966K, capacity 21266K, committed 21296K, reserved 1069056K
  class space    used 2710K, capacity 2790K, committed 2816K, reserved 1048576K
}
Event: 7.974 GC heap before
{Heap before GC invocations=9 (full 1):
 PSYoungGen      total 115200K, used 114816K [0x000000076ae00000, 0x0000000773500000, 0x00000007c0000000)
  eden space 114688K, 100% used [0x000000076ae00000,0x0000000771e00000,0x0000000771e00000)
  from space 512K, 25% used [0x0000000772500000,0x0000000772520000,0x0000000772580000)
  to   space 8704K, 0% used [0x0000000772c80000,0x0000000772c80000,0x0000000773500000)
 ParOldGen       total 82432K, used 5181K [0x00000006c0a00000, 0x00000006c5a80000, 0x000000076ae00000)
  object space 82432K, 6% used [0x00000006c0a00000,0x00000006c0f0f660,0x00000006c5a80000)
 Metaspace       used 22552K, capacity 22940K, committed 23088K, reserved 1069056K
  class space    used 2852K, capacity 2967K, committed 3072K, reserved 1048576K
Event: 7.975 GC heap after
Heap after GC invocations=9 (full 1):
 PSYoungGen      total 112640K, used 876K [0x000000076ae00000, 0x0000000772d80000, 0x00000007c0000000)
  eden space 111616K, 0% used [0x000000076ae00000,0x000000076ae00000,0x0000000771b00000)
  from space 1024K, 85% used [0x0000000772c80000,0x0000000772d5b018,0x0000000772d80000)
  to   space 8704K, 0% used [0x0000000771c80000,0x0000000771c80000,0x0000000772500000)
 ParOldGen       total 82432K, used 5189K [0x00000006c0a00000, 0x00000006c5a80000, 0x000000076ae00000)
  object space 82432K, 6% used [0x00000006c0a00000,0x00000006c0f11660,0x00000006c5a80000)
 Metaspace       used 22552K, capacity 22940K, committed 23088K, reserved 1069056K
  class space    used 2852K, capacity 2967K, committed 3072K, reserved 1048576K
}

