# JRE version: Java(TM) SE Runtime Environment (8.0_202-b08) (build 1.8.0_202-b08)
# Java VM: Java HotSpot(TM) 64-Bit Server VM (25.202-b08 mixed mode windows-amd64 compressed oops)
Heap:
 PSYoungGen      total 113152K, used 4920K [0x000000076ae00000, 0x0000000772e80000, 0x00000007c0000000)
  eden space 111616K, 3% used [0x000000076ae00000,0x000000076b19d2b8,0x0000000771b00000)
  from space 1536K, 79% used [0x0000000772d00000,0x0000000772e31100,0x0000000772e80000)
  to   space 8704K, 0% used [0x0000000771d80000,0x0000000771d80000,0x0000000772600000)
 ParOldGen       total 82432K, used 5151K [0x00000006c0a00000, 0x00000006c5a80000, 0x000000076ae00000)
  object space 82432K, 6% used [0x00000006c0a00000,0x00000006c0f07f10,0x00000006c5a80000)
 Metaspace       used 23459K, capacity 23886K, committed 24064K, reserved 1071104K
  class space    used 2928K, capacity 3043K, committed 3072K, reserved 1048576K
GC Heap History (10 events):
Event: 7.077 GC heap before
{Heap before GC invocations=5 (full 0):
 PSYoungGen      total 76288K, used 43028K [0x000000076ae00000, 0x0000000770300000, 0x00000007c0000000)
  eden space 65536K, 57% used [0x000000076ae00000,0x000000076d2f1010,0x000000076ee00000)
  from space 10752K, 48% used [0x000000076f880000,0x000000076fd94100,0x0000000770300000)
  to   space 10752K, 0% used [0x000000076ee00000,0x000000076ee00000,0x000000076f880000)
 ParOldGen       total 175104K, used 40K [0x00000006c0a00000, 0x00000006cb500000, 0x000000076ae00000)
  object space 175104K, 0% used [0x00000006c0a00000,0x00000006c0a0a000,0x00000006cb500000)
 Metaspace       used 20928K, capacity 21232K, committed 21248K, reserved 1067008K
  class space    used 2703K, capacity 2808K, committed 2816K, reserved 1048576K
Event: 7.080 GC heap after
Heap after GC invocations=5 (full 0):
 PSYoungGen      total 76288K, used 5264K [0x000000076ae00000, 0x0000000773c00000, 0x00000007c0000000)
  eden space 65536K, 0% used [0x000000076ae00000,0x000000076ae00000,0x000000076ee00000)
  from space 10752K, 48% used [0x000000076ee00000,0x000000076f3240e0,0x000000076f880000)
  to   space 7168K, 0% used [0x0000000773500000,0x0000000773500000,0x0000000773c00000)
 ParOldGen       total 175104K, used 48K [0x00000006c0a00000, 0x00000006cb500000, 0x000000076ae00000)
  object space 175104K, 0% used [0x00000006c0a00000,0x00000006c0a0c000,0x00000006cb500000)
 Metaspace       used 20928K, capacity 21232K, committed 21248K, reserved 1067008K
  class space    used 2703K, capacity 2808K, committed 2816K, reserved 1048576K
}
Event: 7.080 GC heap before
{Heap before GC invocations=6 (full 1):
 PSYoungGen      total 76288K, used 5264K [0x000000076ae00000, 0x0000000773c00000, 0x00000007c0000000)
  eden space 65536K, 0% used [0x000000076ae00000,0x000000076ae00000,0x000000076ee00000)
  from space 10752K, 48% used [0x000000076ee00000,0x000000076f3240e0,0x000000076f880000)
  to   space 7168K, 0% used [0x0000000773500000,0x0000000773500000,0x0000000773c00000)
 ParOldGen       total 175104K, used 48K [0x00000006c0a00000, 0x00000006cb500000, 0x000000076ae00000)
  object space 175104K, 0% used [0x00000006c0a00000,0x00000006c0a0c000,0x00000006cb500000)
 Metaspace       used 20928K, capacity 21232K, committed 21248K, reserved 1067008K
  class space    used 2703K, capacity 2808K, committed 2816K, reserved 1048576K
Event: 7.097 GC heap after
Heap after GC invocations=6 (full 1):
 PSYoungGen      total 76288K, used 0K [0x000000076ae00000, 0x0000000773c00000, 0x00000007c0000000)
  eden space 65536K, 0% used [0x000000076ae00000,0x000000076ae00000,0x000000076ee00000)
  from space 10752K, 0% used [0x000000076ee00000,0x000000076ee00000,0x000000076f880000)
  to   space 7168K, 0% used [0x0000000773500000,0x0000000773500000,0x0000000773c00000)
 ParOldGen       total 82432K, used 5135K [0x00000006c0a00000, 0x00000006c5a80000, 0x000000076ae00000)
  object space 82432K, 6% used [0x00000006c0a00000,0x00000006c0f03f10,0x00000006c5a80000)
 Metaspace       used 20928K, capacity 21232K, committed 21248K, reserved 1067008K
  class space    used 2703K, capacity 2808K, committed 2816K, reserved 1048576K
}
Event: 7.463 GC heap before
{Heap before GC invocations=7 (full 1):
 PSYoungGen      total 76288K, used 65536K [0x000000076ae00000, 0x0000000773c00000, 0x00000007c0000000)
  eden space 65536K, 100% used [0x000000076ae00000,0x000000076ee00000,0x000000076ee00000)
  from space 10752K, 0% used [0x000000076ee00000,0x000000076ee00000,0x000000076f880000)
  to   space 7168K, 0% used [0x0000000773500000,0x0000000773500000,0x0000000773c00000)
 ParOldGen       total 82432K, used 5135K [0x00000006c0a00000, 0x00000006c5a80000, 0x000000076ae00000)
  object space 82432K, 6% used [0x00000006c0a00000,0x00000006c0f03f10,0x00000006c5a80000)
 Metaspace       used 20970K, capacity 21362K, committed 21632K, reserved 1069056K
  class space    used 2711K, capacity 2819K, committed 2944K, reserved 1048576K
Event: 7.463 GC heap after
Heap after GC invocations=7 (full 1):
 PSYoungGen      total 118272K, used 128K [0x000000076ae00000, 0x0000000773580000, 0x00000007c0000000)
  eden space 117760K, 0% used [0x000000076ae00000,0x000000076ae00000,0x0000000772100000)
  from space 512K, 25% used [0x0000000773500000,0x0000000773520000,0x0000000773580000)
  to   space 8192K, 0% used [0x0000000772580000,0x0000000772580000,0x0000000772d80000)
 ParOldGen       total 82432K, used 5143K [0x00000006c0a00000, 0x00000006c5a80000, 0x000000076ae00000)
  object space 82432K, 6% used [0x00000006c0a00000,0x00000006c0f05f10,0x00000006c5a80000)
 Metaspace       used 20970K, capacity 21362K, committed 21632K, reserved 1069056K
  class space    used 2711K, capacity 2819K, committed 2944K, reserved 1048576K
}
Event: 8.050 GC heap before
{Heap before GC invocations=8 (full 1):
 PSYoungGen      total 118272K, used 117888K [0x000000076ae00000, 0x0000000773580000, 0x00000007c0000000)
  eden space 117760K, 100% used [0x000000076ae00000,0x0000000772100000,0x0000000772100000)
  from space 512K, 25% used [0x0000000773500000,0x0000000773520000,0x0000000773580000)
  to   space 8192K, 0% used [0x0000000772580000,0x0000000772580000,0x0000000772d80000)
 ParOldGen       total 82432K, used 5143K [0x00000006c0a00000, 0x00000006c5a80000, 0x000000076ae00000)
  object space 82432K, 6% used [0x00000006c0a00000,0x00000006c0f05f10,0x00000006c5a80000)
 Metaspace       used 20992K, capacity 21362K, committed 21632K, reserved 1069056K
  class space    used 2717K, capacity 2819K, committed 2944K, reserved 1048576K
Event: 8.050 GC heap after
Heap after GC invocations=8 (full 1):
 PSYoungGen      total 115200K, used 128K [0x000000076ae00000, 0x0000000773580000, 0x00000007c0000000)
  eden space 114688K, 0% used [0x000000076ae00000,0x000000076ae00000,0x0000000771e00000)
  from space 512K, 25% used [0x0000000772580000,0x00000007725a0000,0x0000000772600000)
  to   space 8704K, 0% used [0x0000000772d00000,0x0000000772d00000,0x0000000773580000)
 ParOldGen       total 82432K, used 5143K [0x00000006c0a00000, 0x00000006c5a80000, 0x000000076ae00000)
  object space 82432K, 6% used [0x00000006c0a00000,0x00000006c0f05f10,0x00000006c5a80000)
 Metaspace       used 20992K, capacity 21362K, committed 21632K, reserved 1069056K
  class space    used 2717K, capacity 2819K, committed 2944K, reserved 1048576K
}
Event: 8.654 GC heap before
{Heap before GC invocations=9 (full 1):
 PSYoungGen      total 115200K, used 114816K [0x000000076ae00000, 0x0000000773580000, 0x00000007c0000000)
  eden space 114688K, 100% used [0x000000076ae00000,0x0000000771e00000,0x0000000771e00000)
  from space 512K, 25% used [0x0000000772580000,0x00000007725a0000,0x0000000772600000)
  to   space 8704K, 0% used [0x0000000772d00000,0x0000000772d00000,0x0000000773580000)
 ParOldGen       total 82432K, used 5143K [0x00000006c0a00000, 0x00000006c5a80000, 0x000000076ae00000)
  object space 82432K, 6% used [0x00000006c0a00000,0x00000006c0f05f10,0x00000006c5a80000)
 Metaspace       used 23456K, capacity 23886K, committed 24064K, reserved 1071104K
  class space    used 2928K, capacity 3043K, committed 3072K, reserved 1048576K
Event: 8.655 GC heap after
Heap after GC invocations=9 (full 1):
 PSYoungGen      total 113152K, used 1220K [0x000000076ae00000, 0x0000000772e80000, 0x00000007c0000000)
  eden space 111616K, 0% used [0x000000076ae00000,0x000000076ae00000,0x0000000771b00000)
  from space 1536K, 79% used [0x0000000772d00000,0x0000000772e31100,0x0000000772e80000)
  to   space 8704K, 0% used [0x0000000771d80000,0x0000000771d80000,0x0000000772600000)
 ParOldGen       total 82432K, used 5151K [0x00000006c0a00000, 0x00000006c5a80000, 0x000000076ae00000)
  object space 82432K, 6% used [0x00000006c0a00000,0x00000006c0f07f10,0x00000006c5a80000)
 Metaspace       used 23456K, capacity 23886K, committed 24064K, reserved 1071104K
  class space    used 2928K, capacity 3043K, committed 3072K, reserved 1048576K
}

