# JRE version: Java(TM) SE Runtime Environment (8.0_201-b09) (build 1.8.0_201-b09)
# Java VM: Java HotSpot(TM) 64-Bit Server VM (25.201-b09 mixed mode windows-amd64 compressed oops)
Heap:
 PSYoungGen      total 39936K, used 5934K [0x00000000d5f00000, 0x00000000d8e80000, 0x0000000100000000)
  eden space 32256K, 14% used [0x00000000d5f00000,0x00000000d638a2f8,0x00000000d7e80000)
  from space 7680K, 16% used [0x00000000d8700000,0x00000000d8841660,0x00000000d8e80000)
  to   space 8192K, 0% used [0x00000000d7e80000,0x00000000d7e80000,0x00000000d8680000)
 ParOldGen       total 58368K, used 11450K [0x0000000081c00000, 0x0000000085500000, 0x00000000d5f00000)
  object space 58368K, 19% used [0x0000000081c00000,0x000000008272eac8,0x0000000085500000)
 Metaspace       used 23247K, capacity 23596K, committed 23808K, reserved 1071104K
  class space    used 2864K, capacity 2971K, committed 3072K, reserved 1048576K
GC Heap History (10 events):
Event: 32.567 GC heap before
{Heap before GC invocations=3 (full 0):
 PSYoungGen      total 38400K, used 32738K [0x00000000d5f00000, 0x00000000d8980000, 0x0000000100000000)
  eden space 33280K, 89% used [0x00000000d5f00000,0x00000000d7bf0ac0,0x00000000d7f80000)
  from space 5120K, 60% used [0x00000000d8480000,0x00000000d87880a0,0x00000000d8980000)
  to   space 5120K, 0% used [0x00000000d7f80000,0x00000000d7f80000,0x00000000d8480000)
 ParOldGen       total 87552K, used 14777K [0x0000000081c00000, 0x0000000087180000, 0x00000000d5f00000)
  object space 87552K, 16% used [0x0000000081c00000,0x0000000082a6e7d0,0x0000000087180000)
 Metaspace       used 13881K, capacity 14038K, committed 14080K, reserved 1060864K
  class space    used 1689K, capacity 1774K, committed 1792K, reserved 1048576K
Event: 32.570 GC heap after
Heap after GC invocations=3 (full 0):
 PSYoungGen      total 38400K, used 3184K [0x00000000d5f00000, 0x00000000d8980000, 0x0000000100000000)
  eden space 33280K, 0% used [0x00000000d5f00000,0x00000000d5f00000,0x00000000d7f80000)
  from space 5120K, 62% used [0x00000000d7f80000,0x00000000d829c070,0x00000000d8480000)
  to   space 5120K, 0% used [0x00000000d8480000,0x00000000d8480000,0x00000000d8980000)
 ParOldGen       total 87552K, used 14785K [0x0000000081c00000, 0x0000000087180000, 0x00000000d5f00000)
  object space 87552K, 16% used [0x0000000081c00000,0x0000000082a707d0,0x0000000087180000)
 Metaspace       used 13881K, capacity 14038K, committed 14080K, reserved 1060864K
  class space    used 1689K, capacity 1774K, committed 1792K, reserved 1048576K
}
Event: 36.419 GC heap before
{Heap before GC invocations=4 (full 0):
 PSYoungGen      total 38400K, used 36464K [0x00000000d5f00000, 0x00000000d8980000, 0x0000000100000000)
  eden space 33280K, 100% used [0x00000000d5f00000,0x00000000d7f80000,0x00000000d7f80000)
  from space 5120K, 62% used [0x00000000d7f80000,0x00000000d829c070,0x00000000d8480000)
  to   space 5120K, 0% used [0x00000000d8480000,0x00000000d8480000,0x00000000d8980000)
 ParOldGen       total 87552K, used 14785K [0x0000000081c00000, 0x0000000087180000, 0x00000000d5f00000)
  object space 87552K, 16% used [0x0000000081c00000,0x0000000082a707d0,0x0000000087180000)
 Metaspace       used 19642K, capacity 19924K, committed 20096K, reserved 1067008K
  class space    used 2484K, capacity 2573K, committed 2688K, reserved 1048576K
Event: 36.425 GC heap after
Heap after GC invocations=4 (full 0):
 PSYoungGen      total 38400K, used 5089K [0x00000000d5f00000, 0x00000000d8980000, 0x0000000100000000)
  eden space 33280K, 0% used [0x00000000d5f00000,0x00000000d5f00000,0x00000000d7f80000)
  from space 5120K, 99% used [0x00000000d8480000,0x00000000d8978658,0x00000000d8980000)
  to   space 5120K, 0% used [0x00000000d7f80000,0x00000000d7f80000,0x00000000d8480000)
 ParOldGen       total 87552K, used 16700K [0x0000000081c00000, 0x0000000087180000, 0x00000000d5f00000)
  object space 87552K, 19% used [0x0000000081c00000,0x0000000082c4f070,0x0000000087180000)
 Metaspace       used 19642K, capacity 19924K, committed 20096K, reserved 1067008K
  class space    used 2484K, capacity 2573K, committed 2688K, reserved 1048576K
}
Event: 37.635 GC heap before
{Heap before GC invocations=5 (full 0):
 PSYoungGen      total 38400K, used 30311K [0x00000000d5f00000, 0x00000000d8980000, 0x0000000100000000)
  eden space 33280K, 75% used [0x00000000d5f00000,0x00000000d77a19a0,0x00000000d7f80000)
  from space 5120K, 99% used [0x00000000d8480000,0x00000000d8978658,0x00000000d8980000)
  to   space 5120K, 0% used [0x00000000d7f80000,0x00000000d7f80000,0x00000000d8480000)
 ParOldGen       total 87552K, used 16700K [0x0000000081c00000, 0x0000000087180000, 0x00000000d5f00000)
  object space 87552K, 19% used [0x0000000081c00000,0x0000000082c4f070,0x0000000087180000)
 Metaspace       used 20862K, capacity 21124K, committed 21248K, reserved 1067008K
  class space    used 2654K, capacity 2745K, committed 2816K, reserved 1048576K
Event: 37.640 GC heap after
Heap after GC invocations=5 (full 0):
 PSYoungGen      total 37888K, used 5104K [0x00000000d5f00000, 0x00000000d8f00000, 0x0000000100000000)
  eden space 32768K, 0% used [0x00000000d5f00000,0x00000000d5f00000,0x00000000d7f00000)
  from space 5120K, 99% used [0x00000000d7f80000,0x00000000d847c120,0x00000000d8480000)
  to   space 8192K, 0% used [0x00000000d8700000,0x00000000d8700000,0x00000000d8f00000)
 ParOldGen       total 87552K, used 18251K [0x0000000081c00000, 0x0000000087180000, 0x00000000d5f00000)
  object space 87552K, 20% used [0x0000000081c00000,0x0000000082dd2c28,0x0000000087180000)
 Metaspace       used 20862K, capacity 21124K, committed 21248K, reserved 1067008K
  class space    used 2654K, capacity 2745K, committed 2816K, reserved 1048576K
}
Event: 37.640 GC heap before
{Heap before GC invocations=6 (full 1):
 PSYoungGen      total 37888K, used 5104K [0x00000000d5f00000, 0x00000000d8f00000, 0x0000000100000000)
  eden space 32768K, 0% used [0x00000000d5f00000,0x00000000d5f00000,0x00000000d7f00000)
  from space 5120K, 99% used [0x00000000d7f80000,0x00000000d847c120,0x00000000d8480000)
  to   space 8192K, 0% used [0x00000000d8700000,0x00000000d8700000,0x00000000d8f00000)
 ParOldGen       total 87552K, used 18251K [0x0000000081c00000, 0x0000000087180000, 0x00000000d5f00000)
  object space 87552K, 20% used [0x0000000081c00000,0x0000000082dd2c28,0x0000000087180000)
 Metaspace       used 20862K, capacity 21124K, committed 21248K, reserved 1067008K
  class space    used 2654K, capacity 2745K, committed 2816K, reserved 1048576K
Event: 37.666 GC heap after
Heap after GC invocations=6 (full 1):
 PSYoungGen      total 37888K, used 0K [0x00000000d5f00000, 0x00000000d8f00000, 0x0000000100000000)
  eden space 32768K, 0% used [0x00000000d5f00000,0x00000000d5f00000,0x00000000d7f00000)
  from space 5120K, 0% used [0x00000000d7f80000,0x00000000d7f80000,0x00000000d8480000)
  to   space 8192K, 0% used [0x00000000d8700000,0x00000000d8700000,0x00000000d8f00000)
 ParOldGen       total 58368K, used 11442K [0x0000000081c00000, 0x0000000085500000, 0x00000000d5f00000)
  object space 58368K, 19% used [0x0000000081c00000,0x000000008272cac8,0x0000000085500000)
 Metaspace       used 20862K, capacity 21124K, committed 21248K, reserved 1067008K
  class space    used 2654K, capacity 2745K, committed 2816K, reserved 1048576K
}
Event: 50.582 GC heap before
{Heap before GC invocations=7 (full 1):
 PSYoungGen      total 37888K, used 31949K [0x00000000d5f00000, 0x00000000d8f00000, 0x0000000100000000)
  eden space 32768K, 97% used [0x00000000d5f00000,0x00000000d7e33438,0x00000000d7f00000)
  from space 5120K, 0% used [0x00000000d7f80000,0x00000000d7f80000,0x00000000d8480000)
  to   space 8192K, 0% used [0x00000000d8700000,0x00000000d8700000,0x00000000d8f00000)
 ParOldGen       total 58368K, used 11442K [0x0000000081c00000, 0x0000000085500000, 0x00000000d5f00000)
  object space 58368K, 19% used [0x0000000081c00000,0x000000008272cac8,0x0000000085500000)
 Metaspace       used 23247K, capacity 23596K, committed 23808K, reserved 1071104K
  class space    used 2864K, capacity 2971K, committed 3072K, reserved 1048576K
Event: 50.583 GC heap after
Heap after GC invocations=7 (full 1):
 PSYoungGen      total 39936K, used 1285K [0x00000000d5f00000, 0x00000000d8e80000, 0x0000000100000000)
  eden space 32256K, 0% used [0x00000000d5f00000,0x00000000d5f00000,0x00000000d7e80000)
  from space 7680K, 16% used [0x00000000d8700000,0x00000000d8841660,0x00000000d8e80000)
  to   space 8192K, 0% used [0x00000000d7e80000,0x00000000d7e80000,0x00000000d8680000)
 ParOldGen       total 58368K, used 11450K [0x0000000081c00000, 0x0000000085500000, 0x00000000d5f00000)
  object space 58368K, 19% used [0x0000000081c00000,0x000000008272eac8,0x0000000085500000)
 Metaspace       used 23247K, capacity 23596K, committed 23808K, reserved 1071104K
  class space    used 2864K, capacity 2971K, committed 3072K, reserved 1048576K
}

