# JRE version: Java(TM) SE Runtime Environment (8.0_201-b09) (build 1.8.0_201-b09)
# Java VM: Java HotSpot(TM) 64-Bit Server VM (25.201-b09 mixed mode windows-amd64 compressed oops)
Heap:
 PSYoungGen      total 38400K, used 10461K [0x00000000d5f00000, 0x00000000dcf00000, 0x0000000100000000)
  eden space 33280K, 25% used [0x00000000d5f00000,0x00000000d6759e68,0x00000000d7f80000)
  from space 5120K, 37% used [0x00000000d7f80000,0x00000000d815d6b0,0x00000000d8480000)
  to   space 24576K, 0% used [0x00000000db700000,0x00000000db700000,0x00000000dcf00000)
 ParOldGen       total 64512K, used 14222K [0x0000000081c00000, 0x0000000085b00000, 0x00000000d5f00000)
  object space 64512K, 22% used [0x0000000081c00000,0x00000000829e3b48,0x0000000085b00000)
 Metaspace       used 23625K, capacity 24080K, committed 24320K, reserved 1071104K
  class space    used 2888K, capacity 3015K, committed 3072K, reserved 1048576K
GC Heap History (10 events):
Event: 9.249 GC heap before
{Heap before GC invocations=2 (full 0):
 PSYoungGen      total 38400K, used 38389K [0x00000000d5f00000, 0x00000000d8980000, 0x0000000100000000)
  eden space 33280K, 100% used [0x00000000d5f00000,0x00000000d7f80000,0x00000000d7f80000)
  from space 5120K, 99% used [0x00000000d7f80000,0x00000000d847d7f0,0x00000000d8480000)
  to   space 5120K, 0% used [0x00000000d8480000,0x00000000d8480000,0x00000000d8980000)
 ParOldGen       total 87552K, used 13075K [0x0000000081c00000, 0x0000000087180000, 0x00000000d5f00000)
  object space 87552K, 14% used [0x0000000081c00000,0x00000000828c4fa0,0x0000000087180000)
 Metaspace       used 18192K, capacity 18448K, committed 18816K, reserved 1064960K
  class space    used 2278K, capacity 2359K, committed 2432K, reserved 1048576K
Event: 9.258 GC heap after
Heap after GC invocations=2 (full 0):
 PSYoungGen      total 38400K, used 5109K [0x00000000d5f00000, 0x00000000d8980000, 0x0000000100000000)
  eden space 33280K, 0% used [0x00000000d5f00000,0x00000000d5f00000,0x00000000d7f80000)
  from space 5120K, 99% used [0x00000000d8480000,0x00000000d897d7f0,0x00000000d8980000)
  to   space 5120K, 0% used [0x00000000d7f80000,0x00000000d7f80000,0x00000000d8480000)
 ParOldGen       total 87552K, used 26565K [0x0000000081c00000, 0x0000000087180000, 0x00000000d5f00000)
  object space 87552K, 30% used [0x0000000081c00000,0x00000000835f1588,0x0000000087180000)
 Metaspace       used 18192K, capacity 18448K, committed 18816K, reserved 1064960K
  class space    used 2278K, capacity 2359K, committed 2432K, reserved 1048576K
}
Event: 11.276 GC heap before
{Heap before GC invocations=3 (full 0):
 PSYoungGen      total 38400K, used 38389K [0x00000000d5f00000, 0x00000000d8980000, 0x0000000100000000)
  eden space 33280K, 100% used [0x00000000d5f00000,0x00000000d7f80000,0x00000000d7f80000)
  from space 5120K, 99% used [0x00000000d8480000,0x00000000d897d7f0,0x00000000d8980000)
  to   space 5120K, 0% used [0x00000000d7f80000,0x00000000d7f80000,0x00000000d8480000)
 ParOldGen       total 87552K, used 26565K [0x0000000081c00000, 0x0000000087180000, 0x00000000d5f00000)
  object space 87552K, 30% used [0x0000000081c00000,0x00000000835f1588,0x0000000087180000)
 Metaspace       used 20773K, capacity 21074K, committed 21248K, reserved 1067008K
  class space    used 2649K, capacity 2720K, committed 2816K, reserved 1048576K
Event: 11.279 GC heap after
Heap after GC invocations=3 (full 0):
 PSYoungGen      total 38400K, used 2912K [0x00000000d5f00000, 0x00000000d8980000, 0x0000000100000000)
  eden space 33280K, 0% used [0x00000000d5f00000,0x00000000d5f00000,0x00000000d7f80000)
  from space 5120K, 56% used [0x00000000d7f80000,0x00000000d8258030,0x00000000d8480000)
  to   space 5120K, 0% used [0x00000000d8480000,0x00000000d8480000,0x00000000d8980000)
 ParOldGen       total 87552K, used 26592K [0x0000000081c00000, 0x0000000087180000, 0x00000000d5f00000)
  object space 87552K, 30% used [0x0000000081c00000,0x00000000835f81d8,0x0000000087180000)
 Metaspace       used 20773K, capacity 21074K, committed 21248K, reserved 1067008K
  class space    used 2649K, capacity 2720K, committed 2816K, reserved 1048576K
}
Event: 11.285 GC heap before
{Heap before GC invocations=4 (full 0):
 PSYoungGen      total 38400K, used 4209K [0x00000000d5f00000, 0x00000000d8980000, 0x0000000100000000)
  eden space 33280K, 3% used [0x00000000d5f00000,0x00000000d6044458,0x00000000d7f80000)
  from space 5120K, 56% used [0x00000000d7f80000,0x00000000d8258030,0x00000000d8480000)
  to   space 5120K, 0% used [0x00000000d8480000,0x00000000d8480000,0x00000000d8980000)
 ParOldGen       total 87552K, used 26592K [0x0000000081c00000, 0x0000000087180000, 0x00000000d5f00000)
  object space 87552K, 30% used [0x0000000081c00000,0x00000000835f81d8,0x0000000087180000)
 Metaspace       used 20846K, capacity 21138K, committed 21248K, reserved 1067008K
  class space    used 2649K, capacity 2720K, committed 2816K, reserved 1048576K
Event: 11.287 GC heap after
Heap after GC invocations=4 (full 0):
 PSYoungGen      total 38400K, used 2836K [0x00000000d5f00000, 0x00000000daa00000, 0x0000000100000000)
  eden space 33280K, 0% used [0x00000000d5f00000,0x00000000d5f00000,0x00000000d7f80000)
  from space 5120K, 55% used [0x00000000d8480000,0x00000000d87450b0,0x00000000d8980000)
  to   space 5120K, 0% used [0x00000000d7f80000,0x00000000d7f80000,0x00000000d8480000)
 ParOldGen       total 87552K, used 26592K [0x0000000081c00000, 0x0000000087180000, 0x00000000d5f00000)
  object space 87552K, 30% used [0x0000000081c00000,0x00000000835f81d8,0x0000000087180000)
 Metaspace       used 20846K, capacity 21138K, committed 21248K, reserved 1067008K
  class space    used 2649K, capacity 2720K, committed 2816K, reserved 1048576K
}
Event: 11.287 GC heap before
{Heap before GC invocations=5 (full 1):
 PSYoungGen      total 38400K, used 2836K [0x00000000d5f00000, 0x00000000daa00000, 0x0000000100000000)
  eden space 33280K, 0% used [0x00000000d5f00000,0x00000000d5f00000,0x00000000d7f80000)
  from space 5120K, 55% used [0x00000000d8480000,0x00000000d87450b0,0x00000000d8980000)
  to   space 5120K, 0% used [0x00000000d7f80000,0x00000000d7f80000,0x00000000d8480000)
 ParOldGen       total 87552K, used 26592K [0x0000000081c00000, 0x0000000087180000, 0x00000000d5f00000)
  object space 87552K, 30% used [0x0000000081c00000,0x00000000835f81d8,0x0000000087180000)
 Metaspace       used 20846K, capacity 21138K, committed 21248K, reserved 1067008K
  class space    used 2649K, capacity 2720K, committed 2816K, reserved 1048576K
Event: 11.311 GC heap after
Heap after GC invocations=5 (full 1):
 PSYoungGen      total 38400K, used 0K [0x00000000d5f00000, 0x00000000daa00000, 0x0000000100000000)
  eden space 33280K, 0% used [0x00000000d5f00000,0x00000000d5f00000,0x00000000d7f80000)
  from space 5120K, 0% used [0x00000000d8480000,0x00000000d8480000,0x00000000d8980000)
  to   space 5120K, 0% used [0x00000000d7f80000,0x00000000d7f80000,0x00000000d8480000)
 ParOldGen       total 64512K, used 14214K [0x0000000081c00000, 0x0000000085b00000, 0x00000000d5f00000)
  object space 64512K, 22% used [0x0000000081c00000,0x00000000829e1b48,0x0000000085b00000)
 Metaspace       used 20846K, capacity 21138K, committed 21248K, reserved 1067008K
  class space    used 2649K, capacity 2720K, committed 2816K, reserved 1048576K
}
Event: 16.467 GC heap before
{Heap before GC invocations=6 (full 1):
 PSYoungGen      total 38400K, used 33280K [0x00000000d5f00000, 0x00000000daa00000, 0x0000000100000000)
  eden space 33280K, 100% used [0x00000000d5f00000,0x00000000d7f80000,0x00000000d7f80000)
  from space 5120K, 0% used [0x00000000d8480000,0x00000000d8480000,0x00000000d8980000)
  to   space 5120K, 0% used [0x00000000d7f80000,0x00000000d7f80000,0x00000000d8480000)
 ParOldGen       total 64512K, used 14214K [0x0000000081c00000, 0x0000000085b00000, 0x00000000d5f00000)
  object space 64512K, 22% used [0x0000000081c00000,0x00000000829e1b48,0x0000000085b00000)
 Metaspace       used 23624K, capacity 24080K, committed 24320K, reserved 1071104K
  class space    used 2888K, capacity 3015K, committed 3072K, reserved 1048576K
Event: 16.469 GC heap after
Heap after GC invocations=6 (full 1):
 PSYoungGen      total 38400K, used 1909K [0x00000000d5f00000, 0x00000000dcf00000, 0x0000000100000000)
  eden space 33280K, 0% used [0x00000000d5f00000,0x00000000d5f00000,0x00000000d7f80000)
  from space 5120K, 37% used [0x00000000d7f80000,0x00000000d815d6b0,0x00000000d8480000)
  to   space 24576K, 0% used [0x00000000db700000,0x00000000db700000,0x00000000dcf00000)
 ParOldGen       total 64512K, used 14222K [0x0000000081c00000, 0x0000000085b00000, 0x00000000d5f00000)
  object space 64512K, 22% used [0x0000000081c00000,0x00000000829e3b48,0x0000000085b00000)
 Metaspace       used 23624K, capacity 24080K, committed 24320K, reserved 1071104K
  class space    used 2888K, capacity 3015K, committed 3072K, reserved 1048576K
}

