# JRE version: Java(TM) SE Runtime Environment (8.0_201-b09) (build 1.8.0_201-b09)
# Java VM: Java HotSpot(TM) 64-Bit Server VM (25.201-b09 mixed mode windows-amd64 compressed oops)
Heap:
 PSYoungGen      total 37888K, used 6051K [0x00000000d5f00000, 0x00000000d9000000, 0x0000000100000000)
  eden space 32768K, 14% used [0x00000000d5f00000,0x00000000d63afa38,0x00000000d7f00000)
  from space 5120K, 24% used [0x00000000d7f80000,0x00000000d80b92d8,0x00000000d8480000)
  to   space 8704K, 0% used [0x00000000d8780000,0x00000000d8780000,0x00000000d9000000)
 ParOldGen       total 68608K, used 11397K [0x0000000081c00000, 0x0000000085f00000, 0x00000000d5f00000)
  object space 68608K, 16% used [0x0000000081c00000,0x00000000827215b8,0x0000000085f00000)
 Metaspace       used 23065K, capacity 23458K, committed 23808K, reserved 1071104K
  class space    used 2835K, capacity 2948K, committed 3072K, reserved 1048576K
GC Heap History (10 events):
Event: 14.966 GC heap before
{Heap before GC invocations=2 (full 0):
 PSYoungGen      total 38400K, used 36897K [0x00000000d5f00000, 0x00000000d8980000, 0x0000000100000000)
  eden space 33280K, 100% used [0x00000000d5f00000,0x00000000d7f80000,0x00000000d7f80000)
  from space 5120K, 70% used [0x00000000d7f80000,0x00000000d8308530,0x00000000d8480000)
  to   space 5120K, 0% used [0x00000000d8480000,0x00000000d8480000,0x00000000d8980000)
 ParOldGen       total 87552K, used 14769K [0x0000000081c00000, 0x0000000087180000, 0x00000000d5f00000)
  object space 87552K, 16% used [0x0000000081c00000,0x0000000082a6c7d0,0x0000000087180000)
 Metaspace       used 17390K, capacity 17572K, committed 17920K, reserved 1064960K
  class space    used 2112K, capacity 2189K, committed 2304K, reserved 1048576K
Event: 14.974 GC heap after
Heap after GC invocations=2 (full 0):
 PSYoungGen      total 38400K, used 5114K [0x00000000d5f00000, 0x00000000d8980000, 0x0000000100000000)
  eden space 33280K, 0% used [0x00000000d5f00000,0x00000000d5f00000,0x00000000d7f80000)
  from space 5120K, 99% used [0x00000000d8480000,0x00000000d897eae8,0x00000000d8980000)
  to   space 5120K, 0% used [0x00000000d7f80000,0x00000000d7f80000,0x00000000d8480000)
 ParOldGen       total 87552K, used 15337K [0x0000000081c00000, 0x0000000087180000, 0x00000000d5f00000)
  object space 87552K, 17% used [0x0000000081c00000,0x0000000082afa4f8,0x0000000087180000)
 Metaspace       used 17390K, capacity 17572K, committed 17920K, reserved 1064960K
  class space    used 2112K, capacity 2189K, committed 2304K, reserved 1048576K
}
Event: 16.803 GC heap before
{Heap before GC invocations=3 (full 0):
 PSYoungGen      total 38400K, used 38394K [0x00000000d5f00000, 0x00000000d8980000, 0x0000000100000000)
  eden space 33280K, 100% used [0x00000000d5f00000,0x00000000d7f80000,0x00000000d7f80000)
  from space 5120K, 99% used [0x00000000d8480000,0x00000000d897eae8,0x00000000d8980000)
  to   space 5120K, 0% used [0x00000000d7f80000,0x00000000d7f80000,0x00000000d8480000)
 ParOldGen       total 87552K, used 15337K [0x0000000081c00000, 0x0000000087180000, 0x00000000d5f00000)
  object space 87552K, 17% used [0x0000000081c00000,0x0000000082afa4f8,0x0000000087180000)
 Metaspace       used 20405K, capacity 20736K, committed 20992K, reserved 1067008K
  class space    used 2609K, capacity 2709K, committed 2816K, reserved 1048576K
Event: 16.814 GC heap after
Heap after GC invocations=3 (full 0):
 PSYoungGen      total 38400K, used 5088K [0x00000000d5f00000, 0x00000000d8980000, 0x0000000100000000)
  eden space 33280K, 0% used [0x00000000d5f00000,0x00000000d5f00000,0x00000000d7f80000)
  from space 5120K, 99% used [0x00000000d7f80000,0x00000000d84780b0,0x00000000d8480000)
  to   space 5120K, 0% used [0x00000000d8480000,0x00000000d8480000,0x00000000d8980000)
 ParOldGen       total 87552K, used 17327K [0x0000000081c00000, 0x0000000087180000, 0x00000000d5f00000)
  object space 87552K, 19% used [0x0000000081c00000,0x0000000082cebc88,0x0000000087180000)
 Metaspace       used 20405K, capacity 20736K, committed 20992K, reserved 1067008K
  class space    used 2609K, capacity 2709K, committed 2816K, reserved 1048576K
}
Event: 17.130 GC heap before
{Heap before GC invocations=4 (full 0):
 PSYoungGen      total 38400K, used 13448K [0x00000000d5f00000, 0x00000000d8980000, 0x0000000100000000)
  eden space 33280K, 25% used [0x00000000d5f00000,0x00000000d672a020,0x00000000d7f80000)
  from space 5120K, 99% used [0x00000000d7f80000,0x00000000d84780b0,0x00000000d8480000)
  to   space 5120K, 0% used [0x00000000d8480000,0x00000000d8480000,0x00000000d8980000)
 ParOldGen       total 87552K, used 17327K [0x0000000081c00000, 0x0000000087180000, 0x00000000d5f00000)
  object space 87552K, 19% used [0x0000000081c00000,0x0000000082cebc88,0x0000000087180000)
 Metaspace       used 20798K, capacity 21154K, committed 21248K, reserved 1067008K
  class space    used 2639K, capacity 2752K, committed 2816K, reserved 1048576K
Event: 17.138 GC heap after
Heap after GC invocations=4 (full 0):
 PSYoungGen      total 38400K, used 5092K [0x00000000d5f00000, 0x00000000d8980000, 0x0000000100000000)
  eden space 33280K, 0% used [0x00000000d5f00000,0x00000000d5f00000,0x00000000d7f80000)
  from space 5120K, 99% used [0x00000000d8480000,0x00000000d8979160,0x00000000d8980000)
  to   space 5120K, 0% used [0x00000000d7f80000,0x00000000d7f80000,0x00000000d8480000)
 ParOldGen       total 87552K, used 17611K [0x0000000081c00000, 0x0000000087180000, 0x00000000d5f00000)
  object space 87552K, 20% used [0x0000000081c00000,0x0000000082d32ca8,0x0000000087180000)
 Metaspace       used 20798K, capacity 21154K, committed 21248K, reserved 1067008K
  class space    used 2639K, capacity 2752K, committed 2816K, reserved 1048576K
}
Event: 17.138 GC heap before
{Heap before GC invocations=5 (full 1):
 PSYoungGen      total 38400K, used 5092K [0x00000000d5f00000, 0x00000000d8980000, 0x0000000100000000)
  eden space 33280K, 0% used [0x00000000d5f00000,0x00000000d5f00000,0x00000000d7f80000)
  from space 5120K, 99% used [0x00000000d8480000,0x00000000d8979160,0x00000000d8980000)
  to   space 5120K, 0% used [0x00000000d7f80000,0x00000000d7f80000,0x00000000d8480000)
 ParOldGen       total 87552K, used 17611K [0x0000000081c00000, 0x0000000087180000, 0x00000000d5f00000)
  object space 87552K, 20% used [0x0000000081c00000,0x0000000082d32ca8,0x0000000087180000)
 Metaspace       used 20798K, capacity 21154K, committed 21248K, reserved 1067008K
  class space    used 2639K, capacity 2752K, committed 2816K, reserved 1048576K
Event: 17.184 GC heap after
Heap after GC invocations=5 (full 1):
 PSYoungGen      total 38400K, used 0K [0x00000000d5f00000, 0x00000000d8980000, 0x0000000100000000)
  eden space 33280K, 0% used [0x00000000d5f00000,0x00000000d5f00000,0x00000000d7f80000)
  from space 5120K, 0% used [0x00000000d8480000,0x00000000d8480000,0x00000000d8980000)
  to   space 5120K, 0% used [0x00000000d7f80000,0x00000000d7f80000,0x00000000d8480000)
 ParOldGen       total 68608K, used 11389K [0x0000000081c00000, 0x0000000085f00000, 0x00000000d5f00000)
  object space 68608K, 16% used [0x0000000081c00000,0x000000008271f5b8,0x0000000085f00000)
 Metaspace       used 20798K, capacity 21154K, committed 21248K, reserved 1067008K
  class space    used 2639K, capacity 2752K, committed 2816K, reserved 1048576K
}
Event: 31.261 GC heap before
{Heap before GC invocations=6 (full 1):
 PSYoungGen      total 38400K, used 32088K [0x00000000d5f00000, 0x00000000d8980000, 0x0000000100000000)
  eden space 33280K, 96% used [0x00000000d5f00000,0x00000000d7e563d8,0x00000000d7f80000)
  from space 5120K, 0% used [0x00000000d8480000,0x00000000d8480000,0x00000000d8980000)
  to   space 5120K, 0% used [0x00000000d7f80000,0x00000000d7f80000,0x00000000d8480000)
 ParOldGen       total 68608K, used 11389K [0x0000000081c00000, 0x0000000085f00000, 0x00000000d5f00000)
  object space 68608K, 16% used [0x0000000081c00000,0x000000008271f5b8,0x0000000085f00000)
 Metaspace       used 23063K, capacity 23458K, committed 23808K, reserved 1071104K
  class space    used 2835K, capacity 2948K, committed 3072K, reserved 1048576K
Event: 31.262 GC heap after
Heap after GC invocations=6 (full 1):
 PSYoungGen      total 37888K, used 1252K [0x00000000d5f00000, 0x00000000d9000000, 0x0000000100000000)
  eden space 32768K, 0% used [0x00000000d5f00000,0x00000000d5f00000,0x00000000d7f00000)
  from space 5120K, 24% used [0x00000000d7f80000,0x00000000d80b92d8,0x00000000d8480000)
  to   space 8704K, 0% used [0x00000000d8780000,0x00000000d8780000,0x00000000d9000000)
 ParOldGen       total 68608K, used 11397K [0x0000000081c00000, 0x0000000085f00000, 0x00000000d5f00000)
  object space 68608K, 16% used [0x0000000081c00000,0x00000000827215b8,0x0000000085f00000)
 Metaspace       used 23063K, capacity 23458K, committed 23808K, reserved 1071104K
  class space    used 2835K, capacity 2948K, committed 3072K, reserved 1048576K
}

