# JRE version: Java(TM) SE Runtime Environment (8.0_202-b08) (build 1.8.0_202-b08)
# Java VM: Java HotSpot(TM) 64-Bit Server VM (25.202-b08 mixed mode windows-amd64 compressed oops)
Heap:
 PSYoungGen      total 124928K, used 6096K [0x000000076ae00000, 0x0000000773900000, 0x00000007c0000000)
  eden space 114176K, 4% used [0x000000076ae00000,0x000000076b31dfc8,0x0000000771d80000)
  from space 10752K, 7% used [0x0000000772400000,0x00000007724d6268,0x0000000772e80000)
  to   space 8704K, 0% used [0x0000000773080000,0x0000000773080000,0x0000000773900000)
 ParOldGen       total 82944K, used 5157K [0x00000006c0a00000, 0x00000006c5b00000, 0x000000076ae00000)
  object space 82944K, 6% used [0x00000006c0a00000,0x00000006c0f09470,0x00000006c5b00000)
 Metaspace       used 22558K, capacity 22934K, committed 23296K, reserved 1069056K
  class space    used 2844K, capacity 2963K, committed 3072K, reserved 1048576K
GC Heap History (10 events):
Event: 7.453 GC heap before
{Heap before GC invocations=2 (full 0):
 PSYoungGen      total 76288K, used 71933K [0x000000076ae00000, 0x0000000770300000, 0x00000007c0000000)
  eden space 65536K, 100% used [0x000000076ae00000,0x000000076ee00000,0x000000076ee00000)
  from space 10752K, 59% used [0x000000076ee00000,0x000000076f43f540,0x000000076f880000)
  to   space 10752K, 0% used [0x000000076f880000,0x000000076f880000,0x0000000770300000)
 ParOldGen       total 175104K, used 16K [0x00000006c0a00000, 0x00000006cb500000, 0x000000076ae00000)
  object space 175104K, 0% used [0x00000006c0a00000,0x00000006c0a04000,0x00000006cb500000)
 Metaspace       used 20864K, capacity 21174K, committed 21248K, reserved 1067008K
  class space    used 2692K, capacity 2773K, committed 2816K, reserved 1048576K
Event: 7.457 GC heap after
Heap after GC invocations=2 (full 0):
 PSYoungGen      total 76288K, used 5681K [0x000000076ae00000, 0x0000000770300000, 0x00000007c0000000)
  eden space 65536K, 0% used [0x000000076ae00000,0x000000076ae00000,0x000000076ee00000)
  from space 10752K, 52% used [0x000000076f880000,0x000000076fe0c4f0,0x0000000770300000)
  to   space 10752K, 0% used [0x000000076ee00000,0x000000076ee00000,0x000000076f880000)
 ParOldGen       total 175104K, used 32K [0x00000006c0a00000, 0x00000006cb500000, 0x000000076ae00000)
  object space 175104K, 0% used [0x00000006c0a00000,0x00000006c0a08000,0x00000006cb500000)
 Metaspace       used 20864K, capacity 21174K, committed 21248K, reserved 1067008K
  class space    used 2692K, capacity 2773K, committed 2816K, reserved 1048576K
}
Event: 7.564 GC heap before
{Heap before GC invocations=3 (full 0):
 PSYoungGen      total 76288K, used 17526K [0x000000076ae00000, 0x0000000770300000, 0x00000007c0000000)
  eden space 65536K, 18% used [0x000000076ae00000,0x000000076b991440,0x000000076ee00000)
  from space 10752K, 52% used [0x000000076f880000,0x000000076fe0c4f0,0x0000000770300000)
  to   space 10752K, 0% used [0x000000076ee00000,0x000000076ee00000,0x000000076f880000)
 ParOldGen       total 175104K, used 32K [0x00000006c0a00000, 0x00000006cb500000, 0x000000076ae00000)
  object space 175104K, 0% used [0x00000006c0a00000,0x00000006c0a08000,0x00000006cb500000)
 Metaspace       used 20914K, capacity 21198K, committed 21248K, reserved 1067008K
  class space    used 2697K, capacity 2777K, committed 2816K, reserved 1048576K
Event: 7.567 GC heap after
Heap after GC invocations=3 (full 0):
 PSYoungGen      total 76288K, used 5264K [0x000000076ae00000, 0x0000000774300000, 0x00000007c0000000)
  eden space 65536K, 0% used [0x000000076ae00000,0x000000076ae00000,0x000000076ee00000)
  from space 10752K, 48% used [0x000000076ee00000,0x000000076f324100,0x000000076f880000)
  to   space 10752K, 0% used [0x0000000773880000,0x0000000773880000,0x0000000774300000)
 ParOldGen       total 175104K, used 40K [0x00000006c0a00000, 0x00000006cb500000, 0x000000076ae00000)
  object space 175104K, 0% used [0x00000006c0a00000,0x00000006c0a0a000,0x00000006cb500000)
 Metaspace       used 20914K, capacity 21198K, committed 21248K, reserved 1067008K
  class space    used 2697K, capacity 2777K, committed 2816K, reserved 1048576K
}
Event: 7.567 GC heap before
{Heap before GC invocations=4 (full 1):
 PSYoungGen      total 76288K, used 5264K [0x000000076ae00000, 0x0000000774300000, 0x00000007c0000000)
  eden space 65536K, 0% used [0x000000076ae00000,0x000000076ae00000,0x000000076ee00000)
  from space 10752K, 48% used [0x000000076ee00000,0x000000076f324100,0x000000076f880000)
  to   space 10752K, 0% used [0x0000000773880000,0x0000000773880000,0x0000000774300000)
 ParOldGen       total 175104K, used 40K [0x00000006c0a00000, 0x00000006cb500000, 0x000000076ae00000)
  object space 175104K, 0% used [0x00000006c0a00000,0x00000006c0a0a000,0x00000006cb500000)
 Metaspace       used 20914K, capacity 21198K, committed 21248K, reserved 1067008K
  class space    used 2697K, capacity 2777K, committed 2816K, reserved 1048576K
Event: 7.584 GC heap after
Heap after GC invocations=4 (full 1):
 PSYoungGen      total 76288K, used 0K [0x000000076ae00000, 0x0000000774300000, 0x00000007c0000000)
  eden space 65536K, 0% used [0x000000076ae00000,0x000000076ae00000,0x000000076ee00000)
  from space 10752K, 0% used [0x000000076ee00000,0x000000076ee00000,0x000000076f880000)
  to   space 10752K, 0% used [0x0000000773880000,0x0000000773880000,0x0000000774300000)
 ParOldGen       total 82944K, used 5141K [0x00000006c0a00000, 0x00000006c5b00000, 0x000000076ae00000)
  object space 82944K, 6% used [0x00000006c0a00000,0x00000006c0f05470,0x00000006c5b00000)
 Metaspace       used 20914K, capacity 21198K, committed 21248K, reserved 1067008K
  class space    used 2697K, capacity 2777K, committed 2816K, reserved 1048576K
}
Event: 8.559 GC heap before
{Heap before GC invocations=5 (full 1):
 PSYoungGen      total 76288K, used 65536K [0x000000076ae00000, 0x0000000774300000, 0x00000007c0000000)
  eden space 65536K, 100% used [0x000000076ae00000,0x000000076ee00000,0x000000076ee00000)
  from space 10752K, 0% used [0x000000076ee00000,0x000000076ee00000,0x000000076f880000)
  to   space 10752K, 0% used [0x0000000773880000,0x0000000773880000,0x0000000774300000)
 ParOldGen       total 82944K, used 5141K [0x00000006c0a00000, 0x00000006c5b00000, 0x000000076ae00000)
  object space 82944K, 6% used [0x00000006c0a00000,0x00000006c0f05470,0x00000006c5b00000)
 Metaspace       used 21500K, capacity 21856K, committed 22144K, reserved 1069056K
  class space    used 2732K, capacity 2856K, committed 2944K, reserved 1048576K
Event: 8.560 GC heap after
Heap after GC invocations=5 (full 1):
 PSYoungGen      total 117760K, used 188K [0x000000076ae00000, 0x0000000773900000, 0x00000007c0000000)
  eden space 117248K, 0% used [0x000000076ae00000,0x000000076ae00000,0x0000000772080000)
  from space 512K, 36% used [0x0000000773880000,0x00000007738af368,0x0000000773900000)
  to   space 10752K, 0% used [0x0000000772400000,0x0000000772400000,0x0000000772e80000)
 ParOldGen       total 82944K, used 5149K [0x00000006c0a00000, 0x00000006c5b00000, 0x000000076ae00000)
  object space 82944K, 6% used [0x00000006c0a00000,0x00000006c0f07470,0x00000006c5b00000)
 Metaspace       used 21500K, capacity 21856K, committed 22144K, reserved 1069056K
  class space    used 2732K, capacity 2856K, committed 2944K, reserved 1048576K
}
Event: 9.852 GC heap before
{Heap before GC invocations=6 (full 1):
 PSYoungGen      total 117760K, used 117436K [0x000000076ae00000, 0x0000000773900000, 0x00000007c0000000)
  eden space 117248K, 100% used [0x000000076ae00000,0x0000000772080000,0x0000000772080000)
  from space 512K, 36% used [0x0000000773880000,0x00000007738af368,0x0000000773900000)
  to   space 10752K, 0% used [0x0000000772400000,0x0000000772400000,0x0000000772e80000)
 ParOldGen       total 82944K, used 5149K [0x00000006c0a00000, 0x00000006c5b00000, 0x000000076ae00000)
  object space 82944K, 6% used [0x00000006c0a00000,0x00000006c0f07470,0x00000006c5b00000)
 Metaspace       used 22558K, capacity 22934K, committed 23296K, reserved 1069056K
  class space    used 2844K, capacity 2963K, committed 3072K, reserved 1048576K
Event: 9.853 GC heap after
Heap after GC invocations=6 (full 1):
 PSYoungGen      total 124928K, used 856K [0x000000076ae00000, 0x0000000773900000, 0x00000007c0000000)
  eden space 114176K, 0% used [0x000000076ae00000,0x000000076ae00000,0x0000000771d80000)
  from space 10752K, 7% used [0x0000000772400000,0x00000007724d6268,0x0000000772e80000)
  to   space 8704K, 0% used [0x0000000773080000,0x0000000773080000,0x0000000773900000)
 ParOldGen       total 82944K, used 5157K [0x00000006c0a00000, 0x00000006c5b00000, 0x000000076ae00000)
  object space 82944K, 6% used [0x00000006c0a00000,0x00000006c0f09470,0x00000006c5b00000)
 Metaspace       used 22558K, capacity 22934K, committed 23296K, reserved 1069056K
  class space    used 2844K, capacity 2963K, committed 3072K, reserved 1048576K
}

