# JRE version: Java(TM) SE Runtime Environment (8.0_202-b08) (build 1.8.0_202-b08)
# Java VM: Java HotSpot(TM) 64-Bit Server VM (25.202-b08 mixed mode windows-amd64 compressed oops)
Heap:
 PSYoungGen      total 76288K, used 8030K [0x000000076ae00000, 0x0000000770300000, 0x00000007c0000000)
  eden space 65536K, 8% used [0x000000076ae00000,0x000000076b3965d8,0x000000076ee00000)
  from space 10752K, 21% used [0x000000076ee00000,0x000000076f041408,0x000000076f880000)
  to   space 10752K, 0% used [0x000000076f880000,0x000000076f880000,0x0000000770300000)
 ParOldGen       total 72704K, used 7070K [0x00000006c0a00000, 0x00000006c5100000, 0x000000076ae00000)
  object space 72704K, 9% used [0x00000006c0a00000,0x00000006c10e7950,0x00000006c5100000)
 Metaspace       used 24358K, capacity 24808K, committed 24960K, reserved 1071104K
  class space    used 2966K, capacity 3095K, committed 3200K, reserved 1048576K
GC Heap History (8 events):
Event: 16.619 GC heap before
{Heap before GC invocations=1 (full 0):
 PSYoungGen      total 76288K, used 62926K [0x000000076ae00000, 0x0000000770300000, 0x00000007c0000000)
  eden space 65536K, 96% used [0x000000076ae00000,0x000000076eb73878,0x000000076ee00000)
  from space 10752K, 0% used [0x000000076f880000,0x000000076f880000,0x0000000770300000)
  to   space 10752K, 0% used [0x000000076ee00000,0x000000076ee00000,0x000000076f880000)
 ParOldGen       total 175104K, used 0K [0x00000006c0a00000, 0x00000006cb500000, 0x000000076ae00000)
  object space 175104K, 0% used [0x00000006c0a00000,0x00000006c0a00000,0x00000006cb500000)
 Metaspace       used 14249K, capacity 14464K, committed 14976K, reserved 1062912K
  class space    used 1744K, capacity 1807K, committed 1920K, reserved 1048576K
Event: 16.621 GC heap after
Heap after GC invocations=1 (full 0):
 PSYoungGen      total 76288K, used 3517K [0x000000076ae00000, 0x0000000770300000, 0x00000007c0000000)
  eden space 65536K, 0% used [0x000000076ae00000,0x000000076ae00000,0x000000076ee00000)
  from space 10752K, 32% used [0x000000076ee00000,0x000000076f16f510,0x000000076f880000)
  to   space 10752K, 0% used [0x000000076f880000,0x000000076f880000,0x0000000770300000)
 ParOldGen       total 175104K, used 16K [0x00000006c0a00000, 0x00000006cb500000, 0x000000076ae00000)
  object space 175104K, 0% used [0x00000006c0a00000,0x00000006c0a04000,0x00000006cb500000)
 Metaspace       used 14249K, capacity 14464K, committed 14976K, reserved 1062912K
  class space    used 1744K, capacity 1807K, committed 1920K, reserved 1048576K
}
Event: 23.674 GC heap before
{Heap before GC invocations=2 (full 0):
 PSYoungGen      total 76288K, used 53907K [0x000000076ae00000, 0x0000000770300000, 0x00000007c0000000)
  eden space 65536K, 76% used [0x000000076ae00000,0x000000076df35898,0x000000076ee00000)
  from space 10752K, 32% used [0x000000076ee00000,0x000000076f16f510,0x000000076f880000)
  to   space 10752K, 0% used [0x000000076f880000,0x000000076f880000,0x0000000770300000)
 ParOldGen       total 175104K, used 16K [0x00000006c0a00000, 0x00000006cb500000, 0x000000076ae00000)
  object space 175104K, 0% used [0x00000006c0a00000,0x00000006c0a04000,0x00000006cb500000)
 Metaspace       used 20786K, capacity 21084K, committed 21248K, reserved 1067008K
  class space    used 2618K, capacity 2723K, committed 2816K, reserved 1048576K
Event: 23.680 GC heap after
Heap after GC invocations=2 (full 0):
 PSYoungGen      total 76288K, used 7284K [0x000000076ae00000, 0x0000000770300000, 0x00000007c0000000)
  eden space 65536K, 0% used [0x000000076ae00000,0x000000076ae00000,0x000000076ee00000)
  from space 10752K, 67% used [0x000000076f880000,0x000000076ff9d160,0x0000000770300000)
  to   space 10752K, 0% used [0x000000076ee00000,0x000000076ee00000,0x000000076f880000)
 ParOldGen       total 175104K, used 24K [0x00000006c0a00000, 0x00000006cb500000, 0x000000076ae00000)
  object space 175104K, 0% used [0x00000006c0a00000,0x00000006c0a06000,0x00000006cb500000)
 Metaspace       used 20786K, capacity 21084K, committed 21248K, reserved 1067008K
  class space    used 2618K, capacity 2723K, committed 2816K, reserved 1048576K
}
Event: 23.680 GC heap before
{Heap before GC invocations=3 (full 1):
 PSYoungGen      total 76288K, used 7284K [0x000000076ae00000, 0x0000000770300000, 0x00000007c0000000)
  eden space 65536K, 0% used [0x000000076ae00000,0x000000076ae00000,0x000000076ee00000)
  from space 10752K, 67% used [0x000000076f880000,0x000000076ff9d160,0x0000000770300000)
  to   space 10752K, 0% used [0x000000076ee00000,0x000000076ee00000,0x000000076f880000)
 ParOldGen       total 175104K, used 24K [0x00000006c0a00000, 0x00000006cb500000, 0x000000076ae00000)
  object space 175104K, 0% used [0x00000006c0a00000,0x00000006c0a06000,0x00000006cb500000)
 Metaspace       used 20786K, capacity 21084K, committed 21248K, reserved 1067008K
  class space    used 2618K, capacity 2723K, committed 2816K, reserved 1048576K
Event: 23.702 GC heap after
Heap after GC invocations=3 (full 1):
 PSYoungGen      total 76288K, used 0K [0x000000076ae00000, 0x0000000770300000, 0x00000007c0000000)
  eden space 65536K, 0% used [0x000000076ae00000,0x000000076ae00000,0x000000076ee00000)
  from space 10752K, 0% used [0x000000076f880000,0x000000076f880000,0x0000000770300000)
  to   space 10752K, 0% used [0x000000076ee00000,0x000000076ee00000,0x000000076f880000)
 ParOldGen       total 72704K, used 7062K [0x00000006c0a00000, 0x00000006c5100000, 0x000000076ae00000)
  object space 72704K, 9% used [0x00000006c0a00000,0x00000006c10e5950,0x00000006c5100000)
 Metaspace       used 20774K, capacity 21066K, committed 21248K, reserved 1067008K
  class space    used 2617K, capacity 2720K, committed 2816K, reserved 1048576K
}
Event: 42.637 GC heap before
{Heap before GC invocations=4 (full 1):
 PSYoungGen      total 76288K, used 62818K [0x000000076ae00000, 0x0000000770300000, 0x00000007c0000000)
  eden space 65536K, 95% used [0x000000076ae00000,0x000000076eb58b58,0x000000076ee00000)
  from space 10752K, 0% used [0x000000076f880000,0x000000076f880000,0x0000000770300000)
  to   space 10752K, 0% used [0x000000076ee00000,0x000000076ee00000,0x000000076f880000)
 ParOldGen       total 72704K, used 7062K [0x00000006c0a00000, 0x00000006c5100000, 0x000000076ae00000)
  object space 72704K, 9% used [0x00000006c0a00000,0x00000006c10e5950,0x00000006c5100000)
 Metaspace       used 24356K, capacity 24808K, committed 24960K, reserved 1071104K
  class space    used 2966K, capacity 3095K, committed 3200K, reserved 1048576K
Event: 42.638 GC heap after
Heap after GC invocations=4 (full 1):
 PSYoungGen      total 76288K, used 2309K [0x000000076ae00000, 0x0000000770300000, 0x00000007c0000000)
  eden space 65536K, 0% used [0x000000076ae00000,0x000000076ae00000,0x000000076ee00000)
  from space 10752K, 21% used [0x000000076ee00000,0x000000076f041408,0x000000076f880000)
  to   space 10752K, 0% used [0x000000076f880000,0x000000076f880000,0x0000000770300000)
 ParOldGen       total 72704K, used 7070K [0x00000006c0a00000, 0x00000006c5100000, 0x000000076ae00000)
  object space 72704K, 9% used [0x00000006c0a00000,0x00000006c10e7950,0x00000006c5100000)
 Metaspace       used 24356K, capacity 24808K, committed 24960K, reserved 1071104K
  class space    used 2966K, capacity 3095K, committed 3200K, reserved 1048576K
}

