# JRE version: Java(TM) SE Runtime Environment (8.0_202-b08) (build 1.8.0_202-b08)
# Java VM: Java HotSpot(TM) 64-Bit Server VM (25.202-b08 mixed mode windows-amd64 compressed oops)
Heap:
 PSYoungGen      total 65536K, used 7697K [0x000000076ae00000, 0x000000076f600000, 0x00000007c0000000)
  eden space 60416K, 10% used [0x000000076ae00000,0x000000076b433820,0x000000076e900000)
  from space 5120K, 26% used [0x000000076f100000,0x000000076f250f88,0x000000076f600000)
  to   space 6656K, 0% used [0x000000076e900000,0x000000076e900000,0x000000076ef80000)
 ParOldGen       total 71168K, used 5374K [0x00000006c0a00000, 0x00000006c4f80000, 0x000000076ae00000)
  object space 71168K, 7% used [0x00000006c0a00000,0x00000006c0f3fbe8,0x00000006c4f80000)
 Metaspace       used 23575K, capacity 23970K, committed 24320K, reserved 1071104K
  class space    used 2865K, capacity 2964K, committed 3072K, reserved 1048576K
GC Heap History (10 events):
Event: 7.580 GC heap before
{Heap before GC invocations=5 (full 1):
 PSYoungGen      total 76288K, used 66128K [0x000000076ae00000, 0x0000000770300000, 0x00000007c0000000)
  eden space 65536K, 100% used [0x000000076ae00000,0x000000076ee00000,0x000000076ee00000)
  from space 10752K, 5% used [0x000000076ee00000,0x000000076ee94010,0x000000076f880000)
  to   space 10752K, 0% used [0x000000076f880000,0x000000076f880000,0x0000000770300000)
 ParOldGen       total 71168K, used 5366K [0x00000006c0a00000, 0x00000006c4f80000, 0x000000076ae00000)
  object space 71168K, 7% used [0x00000006c0a00000,0x00000006c0f3dbe8,0x00000006c4f80000)
 Metaspace       used 21262K, capacity 21540K, committed 21680K, reserved 1069056K
  class space    used 2701K, capacity 2807K, committed 2816K, reserved 1048576K
Event: 7.581 GC heap after
Heap after GC invocations=5 (full 1):
 PSYoungGen      total 76288K, used 432K [0x000000076ae00000, 0x0000000770300000, 0x00000007c0000000)
  eden space 65536K, 0% used [0x000000076ae00000,0x000000076ae00000,0x000000076ee00000)
  from space 10752K, 4% used [0x000000076f880000,0x000000076f8ec010,0x0000000770300000)
  to   space 10752K, 0% used [0x000000076ee00000,0x000000076ee00000,0x000000076f880000)
 ParOldGen       total 71168K, used 5366K [0x00000006c0a00000, 0x00000006c4f80000, 0x000000076ae00000)
  object space 71168K, 7% used [0x00000006c0a00000,0x00000006c0f3dbe8,0x00000006c4f80000)
 Metaspace       used 21262K, capacity 21540K, committed 21680K, reserved 1069056K
  class space    used 2701K, capacity 2807K, committed 2816K, reserved 1048576K
}
Event: 7.952 GC heap before
{Heap before GC invocations=6 (full 1):
 PSYoungGen      total 76288K, used 65968K [0x000000076ae00000, 0x0000000770300000, 0x00000007c0000000)
  eden space 65536K, 100% used [0x000000076ae00000,0x000000076ee00000,0x000000076ee00000)
  from space 10752K, 4% used [0x000000076f880000,0x000000076f8ec010,0x0000000770300000)
  to   space 10752K, 0% used [0x000000076ee00000,0x000000076ee00000,0x000000076f880000)
 ParOldGen       total 71168K, used 5366K [0x00000006c0a00000, 0x00000006c4f80000, 0x000000076ae00000)
  object space 71168K, 7% used [0x00000006c0a00000,0x00000006c0f3dbe8,0x00000006c4f80000)
 Metaspace       used 21356K, capacity 21758K, committed 22064K, reserved 1069056K
  class space    used 2713K, capacity 2822K, committed 2944K, reserved 1048576K
Event: 7.952 GC heap after
Heap after GC invocations=6 (full 1):
 PSYoungGen      total 64512K, used 464K [0x000000076ae00000, 0x000000076fb80000, 0x00000007c0000000)
  eden space 64000K, 0% used [0x000000076ae00000,0x000000076ae00000,0x000000076ec80000)
  from space 512K, 90% used [0x000000076ee00000,0x000000076ee74010,0x000000076ee80000)
  to   space 7680K, 0% used [0x000000076f400000,0x000000076f400000,0x000000076fb80000)
 ParOldGen       total 71168K, used 5366K [0x00000006c0a00000, 0x00000006c4f80000, 0x000000076ae00000)
  object space 71168K, 7% used [0x00000006c0a00000,0x00000006c0f3dbe8,0x00000006c4f80000)
 Metaspace       used 21356K, capacity 21758K, committed 22064K, reserved 1069056K
  class space    used 2713K, capacity 2822K, committed 2944K, reserved 1048576K
}
Event: 8.250 GC heap before
{Heap before GC invocations=7 (full 1):
 PSYoungGen      total 64512K, used 64464K [0x000000076ae00000, 0x000000076fb80000, 0x00000007c0000000)
  eden space 64000K, 100% used [0x000000076ae00000,0x000000076ec80000,0x000000076ec80000)
  from space 512K, 90% used [0x000000076ee00000,0x000000076ee74010,0x000000076ee80000)
  to   space 7680K, 0% used [0x000000076f400000,0x000000076f400000,0x000000076fb80000)
 ParOldGen       total 71168K, used 5366K [0x00000006c0a00000, 0x00000006c4f80000, 0x000000076ae00000)
  object space 71168K, 7% used [0x00000006c0a00000,0x00000006c0f3dbe8,0x00000006c4f80000)
 Metaspace       used 21356K, capacity 21758K, committed 22064K, reserved 1069056K
  class space    used 2713K, capacity 2822K, committed 2944K, reserved 1048576K
Event: 8.251 GC heap after
Heap after GC invocations=7 (full 1):
 PSYoungGen      total 68608K, used 464K [0x000000076ae00000, 0x000000076fa00000, 0x00000007c0000000)
  eden space 62464K, 0% used [0x000000076ae00000,0x000000076ae00000,0x000000076eb00000)
  from space 6144K, 7% used [0x000000076f400000,0x000000076f474010,0x000000076fa00000)
  to   space 7680K, 0% used [0x000000076eb00000,0x000000076eb00000,0x000000076f280000)
 ParOldGen       total 71168K, used 5366K [0x00000006c0a00000, 0x00000006c4f80000, 0x000000076ae00000)
  object space 71168K, 7% used [0x00000006c0a00000,0x00000006c0f3dbe8,0x00000006c4f80000)
 Metaspace       used 21356K, capacity 21758K, committed 22064K, reserved 1069056K
  class space    used 2713K, capacity 2822K, committed 2944K, reserved 1048576K
}
Event: 8.604 GC heap before
{Heap before GC invocations=8 (full 1):
 PSYoungGen      total 68608K, used 62928K [0x000000076ae00000, 0x000000076fa00000, 0x00000007c0000000)
  eden space 62464K, 100% used [0x000000076ae00000,0x000000076eb00000,0x000000076eb00000)
  from space 6144K, 7% used [0x000000076f400000,0x000000076f474010,0x000000076fa00000)
  to   space 7680K, 0% used [0x000000076eb00000,0x000000076eb00000,0x000000076f280000)
 ParOldGen       total 71168K, used 5366K [0x00000006c0a00000, 0x00000006c4f80000, 0x000000076ae00000)
  object space 71168K, 7% used [0x00000006c0a00000,0x00000006c0f3dbe8,0x00000006c4f80000)
 Metaspace       used 21471K, capacity 21822K, committed 22064K, reserved 1069056K
  class space    used 2727K, capacity 2822K, committed 2944K, reserved 1048576K
Event: 8.605 GC heap after
Heap after GC invocations=8 (full 1):
 PSYoungGen      total 62464K, used 559K [0x000000076ae00000, 0x000000076f800000, 0x00000007c0000000)
  eden space 61440K, 0% used [0x000000076ae00000,0x000000076ae00000,0x000000076ea00000)
  from space 1024K, 54% used [0x000000076eb00000,0x000000076eb8bc20,0x000000076ec00000)
  to   space 7168K, 0% used [0x000000076f100000,0x000000076f100000,0x000000076f800000)
 ParOldGen       total 71168K, used 5366K [0x00000006c0a00000, 0x00000006c4f80000, 0x000000076ae00000)
  object space 71168K, 7% used [0x00000006c0a00000,0x00000006c0f3dbe8,0x00000006c4f80000)
 Metaspace       used 21471K, capacity 21822K, committed 22064K, reserved 1069056K
  class space    used 2727K, capacity 2822K, committed 2944K, reserved 1048576K
}
Event: 8.984 GC heap before
{Heap before GC invocations=9 (full 1):
 PSYoungGen      total 62464K, used 61008K [0x000000076ae00000, 0x000000076f800000, 0x00000007c0000000)
  eden space 61440K, 98% used [0x000000076ae00000,0x000000076e9083e0,0x000000076ea00000)
  from space 1024K, 54% used [0x000000076eb00000,0x000000076eb8bc20,0x000000076ec00000)
  to   space 7168K, 0% used [0x000000076f100000,0x000000076f100000,0x000000076f800000)
 ParOldGen       total 71168K, used 5366K [0x00000006c0a00000, 0x00000006c4f80000, 0x000000076ae00000)
  object space 71168K, 7% used [0x00000006c0a00000,0x00000006c0f3dbe8,0x00000006c4f80000)
 Metaspace       used 23575K, capacity 23970K, committed 24320K, reserved 1071104K
  class space    used 2865K, capacity 2964K, committed 3072K, reserved 1048576K
Event: 8.986 GC heap after
Heap after GC invocations=9 (full 1):
 PSYoungGen      total 65536K, used 1347K [0x000000076ae00000, 0x000000076f600000, 0x00000007c0000000)
  eden space 60416K, 0% used [0x000000076ae00000,0x000000076ae00000,0x000000076e900000)
  from space 5120K, 26% used [0x000000076f100000,0x000000076f250f88,0x000000076f600000)
  to   space 6656K, 0% used [0x000000076e900000,0x000000076e900000,0x000000076ef80000)
 ParOldGen       total 71168K, used 5374K [0x00000006c0a00000, 0x00000006c4f80000, 0x000000076ae00000)
  object space 71168K, 7% used [0x00000006c0a00000,0x00000006c0f3fbe8,0x00000006c4f80000)
 Metaspace       used 23575K, capacity 23970K, committed 24320K, reserved 1071104K
  class space    used 2865K, capacity 2964K, committed 3072K, reserved 1048576K
}

