# JRE version: Java(TM) SE Runtime Environment (8.0_201-b09) (build 1.8.0_201-b09)
# Java VM: Java HotSpot(TM) 64-Bit Server VM (25.201-b09 mixed mode windows-amd64 compressed oops)
Heap:
 PSYoungGen      total 38400K, used 5948K [0x00000000d5f00000, 0x00000000d8980000, 0x0000000100000000)
  eden space 33280K, 14% used [0x00000000d5f00000,0x00000000d6391e08,0x00000000d7f80000)
  from space 5120K, 24% used [0x00000000d8480000,0x00000000d85bd368,0x00000000d8980000)
  to   space 5120K, 0% used [0x00000000d7f80000,0x00000000d7f80000,0x00000000d8480000)
 ParOldGen       total 61952K, used 11604K [0x0000000081c00000, 0x0000000085880000, 0x00000000d5f00000)
  object space 61952K, 18% used [0x0000000081c00000,0x00000000827550b8,0x0000000085880000)
 Metaspace       used 22998K, capacity 23386K, committed 23552K, reserved 1069056K
  class space    used 2837K, capacity 2970K, committed 3072K, reserved 1048576K
GC Heap History (10 events):
Event: 4.560 GC heap before
{Heap before GC invocations=1 (full 0):
 PSYoungGen      total 38400K, used 32526K [0x00000000d5f00000, 0x00000000d8980000, 0x0000000100000000)
  eden space 33280K, 97% used [0x00000000d5f00000,0x00000000d7ec3bf8,0x00000000d7f80000)
  from space 5120K, 0% used [0x00000000d8480000,0x00000000d8480000,0x00000000d8980000)
  to   space 5120K, 0% used [0x00000000d7f80000,0x00000000d7f80000,0x00000000d8480000)
 ParOldGen       total 87552K, used 0K [0x0000000081c00000, 0x0000000087180000, 0x00000000d5f00000)
  object space 87552K, 0% used [0x0000000081c00000,0x0000000081c00000,0x0000000087180000)
 Metaspace       used 13310K, capacity 13504K, committed 13824K, reserved 1060864K
  class space    used 1638K, capacity 1709K, committed 1792K, reserved 1048576K
Event: 4.568 GC heap after
Heap after GC invocations=1 (full 0):
 PSYoungGen      total 38400K, used 3550K [0x00000000d5f00000, 0x00000000d8980000, 0x0000000100000000)
  eden space 33280K, 0% used [0x00000000d5f00000,0x00000000d5f00000,0x00000000d7f80000)
  from space 5120K, 69% used [0x00000000d7f80000,0x00000000d82f7918,0x00000000d8480000)
  to   space 5120K, 0% used [0x00000000d8480000,0x00000000d8480000,0x00000000d8980000)
 ParOldGen       total 87552K, used 14769K [0x0000000081c00000, 0x0000000087180000, 0x00000000d5f00000)
  object space 87552K, 16% used [0x0000000081c00000,0x0000000082a6c7d0,0x0000000087180000)
 Metaspace       used 13310K, capacity 13504K, committed 13824K, reserved 1060864K
  class space    used 1638K, capacity 1709K, committed 1792K, reserved 1048576K
}
Event: 13.136 GC heap before
{Heap before GC invocations=2 (full 0):
 PSYoungGen      total 38400K, used 36628K [0x00000000d5f00000, 0x00000000d8980000, 0x0000000100000000)
  eden space 33280K, 99% used [0x00000000d5f00000,0x00000000d7f4d9b8,0x00000000d7f80000)
  from space 5120K, 69% used [0x00000000d7f80000,0x00000000d82f7918,0x00000000d8480000)
  to   space 5120K, 0% used [0x00000000d8480000,0x00000000d8480000,0x00000000d8980000)
 ParOldGen       total 87552K, used 14769K [0x0000000081c00000, 0x0000000087180000, 0x00000000d5f00000)
  object space 87552K, 16% used [0x0000000081c00000,0x0000000082a6c7d0,0x0000000087180000)
 Metaspace       used 18518K, capacity 18752K, committed 18816K, reserved 1064960K
  class space    used 2341K, capacity 2423K, committed 2432K, reserved 1048576K
Event: 13.142 GC heap after
Heap after GC invocations=2 (full 0):
 PSYoungGen      total 38400K, used 5091K [0x00000000d5f00000, 0x00000000d8980000, 0x0000000100000000)
  eden space 33280K, 0% used [0x00000000d5f00000,0x00000000d5f00000,0x00000000d7f80000)
  from space 5120K, 99% used [0x00000000d8480000,0x00000000d8978f60,0x00000000d8980000)
  to   space 5120K, 0% used [0x00000000d7f80000,0x00000000d7f80000,0x00000000d8480000)
 ParOldGen       total 87552K, used 16388K [0x0000000081c00000, 0x0000000087180000, 0x00000000d5f00000)
  object space 87552K, 18% used [0x0000000081c00000,0x0000000082c01168,0x0000000087180000)
 Metaspace       used 18518K, capacity 18752K, committed 18816K, reserved 1064960K
  class space    used 2341K, capacity 2423K, committed 2432K, reserved 1048576K
}
Event: 15.152 GC heap before
{Heap before GC invocations=3 (full 0):
 PSYoungGen      total 38400K, used 36557K [0x00000000d5f00000, 0x00000000d8980000, 0x0000000100000000)
  eden space 33280K, 94% used [0x00000000d5f00000,0x00000000d7dba5d0,0x00000000d7f80000)
  from space 5120K, 99% used [0x00000000d8480000,0x00000000d8978f60,0x00000000d8980000)
  to   space 5120K, 0% used [0x00000000d7f80000,0x00000000d7f80000,0x00000000d8480000)
 ParOldGen       total 87552K, used 16388K [0x0000000081c00000, 0x0000000087180000, 0x00000000d5f00000)
  object space 87552K, 18% used [0x0000000081c00000,0x0000000082c01168,0x0000000087180000)
 Metaspace       used 20798K, capacity 21092K, committed 21248K, reserved 1067008K
  class space    used 2630K, capacity 2715K, committed 2816K, reserved 1048576K
Event: 15.158 GC heap after
Heap after GC invocations=3 (full 0):
 PSYoungGen      total 38400K, used 5108K [0x00000000d5f00000, 0x00000000d8980000, 0x0000000100000000)
  eden space 33280K, 0% used [0x00000000d5f00000,0x00000000d5f00000,0x00000000d7f80000)
  from space 5120K, 99% used [0x00000000d7f80000,0x00000000d847d160,0x00000000d8480000)
  to   space 5120K, 0% used [0x00000000d8480000,0x00000000d8480000,0x00000000d8980000)
 ParOldGen       total 87552K, used 18081K [0x0000000081c00000, 0x0000000087180000, 0x00000000d5f00000)
  object space 87552K, 20% used [0x0000000081c00000,0x0000000082da86a8,0x0000000087180000)
 Metaspace       used 20798K, capacity 21092K, committed 21248K, reserved 1067008K
  class space    used 2630K, capacity 2715K, committed 2816K, reserved 1048576K
}
Event: 15.158 GC heap before
{Heap before GC invocations=4 (full 1):
 PSYoungGen      total 38400K, used 5108K [0x00000000d5f00000, 0x00000000d8980000, 0x0000000100000000)
  eden space 33280K, 0% used [0x00000000d5f00000,0x00000000d5f00000,0x00000000d7f80000)
  from space 5120K, 99% used [0x00000000d7f80000,0x00000000d847d160,0x00000000d8480000)
  to   space 5120K, 0% used [0x00000000d8480000,0x00000000d8480000,0x00000000d8980000)
 ParOldGen       total 87552K, used 18081K [0x0000000081c00000, 0x0000000087180000, 0x00000000d5f00000)
  object space 87552K, 20% used [0x0000000081c00000,0x0000000082da86a8,0x0000000087180000)
 Metaspace       used 20798K, capacity 21092K, committed 21248K, reserved 1067008K
  class space    used 2630K, capacity 2715K, committed 2816K, reserved 1048576K
Event: 15.183 GC heap after
Heap after GC invocations=4 (full 1):
 PSYoungGen      total 38400K, used 0K [0x00000000d5f00000, 0x00000000d8980000, 0x0000000100000000)
  eden space 33280K, 0% used [0x00000000d5f00000,0x00000000d5f00000,0x00000000d7f80000)
  from space 5120K, 0% used [0x00000000d7f80000,0x00000000d7f80000,0x00000000d8480000)
  to   space 5120K, 0% used [0x00000000d8480000,0x00000000d8480000,0x00000000d8980000)
 ParOldGen       total 61952K, used 11596K [0x0000000081c00000, 0x0000000085880000, 0x00000000d5f00000)
  object space 61952K, 18% used [0x0000000081c00000,0x00000000827530b8,0x0000000085880000)
 Metaspace       used 20798K, capacity 21092K, committed 21248K, reserved 1067008K
  class space    used 2630K, capacity 2715K, committed 2816K, reserved 1048576K
}
Event: 28.595 GC heap before
{Heap before GC invocations=5 (full 1):
 PSYoungGen      total 38400K, used 31163K [0x00000000d5f00000, 0x00000000d8980000, 0x0000000100000000)
  eden space 33280K, 93% used [0x00000000d5f00000,0x00000000d7d6ef30,0x00000000d7f80000)
  from space 5120K, 0% used [0x00000000d7f80000,0x00000000d7f80000,0x00000000d8480000)
  to   space 5120K, 0% used [0x00000000d8480000,0x00000000d8480000,0x00000000d8980000)
 ParOldGen       total 61952K, used 11596K [0x0000000081c00000, 0x0000000085880000, 0x00000000d5f00000)
  object space 61952K, 18% used [0x0000000081c00000,0x00000000827530b8,0x0000000085880000)
 Metaspace       used 22998K, capacity 23386K, committed 23552K, reserved 1069056K
  class space    used 2837K, capacity 2970K, committed 3072K, reserved 1048576K
Event: 28.597 GC heap after
Heap after GC invocations=5 (full 1):
 PSYoungGen      total 38400K, used 1268K [0x00000000d5f00000, 0x00000000d8980000, 0x0000000100000000)
  eden space 33280K, 0% used [0x00000000d5f00000,0x00000000d5f00000,0x00000000d7f80000)
  from space 5120K, 24% used [0x00000000d8480000,0x00000000d85bd368,0x00000000d8980000)
  to   space 5120K, 0% used [0x00000000d7f80000,0x00000000d7f80000,0x00000000d8480000)
 ParOldGen       total 61952K, used 11604K [0x0000000081c00000, 0x0000000085880000, 0x00000000d5f00000)
  object space 61952K, 18% used [0x0000000081c00000,0x00000000827550b8,0x0000000085880000)
 Metaspace       used 22998K, capacity 23386K, committed 23552K, reserved 1069056K
  class space    used 2837K, capacity 2970K, committed 3072K, reserved 1048576K
}

