# JRE version: Java(TM) SE Runtime Environment (8.0_202-b08) (build 1.8.0_202-b08)
# Java VM: Java HotSpot(TM) 64-Bit Server VM (25.202-b08 mixed mode windows-amd64 compressed oops)
Heap:
 PSYoungGen      total 76288K, used 10613K [0x000000076ae00000, 0x0000000770300000, 0x00000007c0000000)
  eden space 65536K, 13% used [0x000000076ae00000,0x000000076b6745c8,0x000000076ee00000)
  from space 10752K, 18% used [0x000000076ee00000,0x000000076efe9120,0x000000076f880000)
  to   space 10752K, 0% used [0x000000076f880000,0x000000076f880000,0x0000000770300000)
 ParOldGen       total 71168K, used 5595K [0x00000006c0a00000, 0x00000006c4f80000, 0x000000076ae00000)
  object space 71168K, 7% used [0x00000006c0a00000,0x00000006c0f76d48,0x00000006c4f80000)
 Metaspace       used 24124K, capacity 24532K, committed 24704K, reserved 1071104K
  class space    used 2944K, capacity 3089K, committed 3200K, reserved 1048576K
GC Heap History (8 events):
Event: 13.913 GC heap before
{Heap before GC invocations=1 (full 0):
 PSYoungGen      total 76288K, used 65536K [0x000000076ae00000, 0x0000000770300000, 0x00000007c0000000)
  eden space 65536K, 100% used [0x000000076ae00000,0x000000076ee00000,0x000000076ee00000)
  from space 10752K, 0% used [0x000000076f880000,0x000000076f880000,0x0000000770300000)
  to   space 10752K, 0% used [0x000000076ee00000,0x000000076ee00000,0x000000076f880000)
 ParOldGen       total 175104K, used 0K [0x00000006c0a00000, 0x00000006cb500000, 0x000000076ae00000)
  object space 175104K, 0% used [0x00000006c0a00000,0x00000006c0a00000,0x00000006cb500000)
 Metaspace       used 17981K, capacity 18204K, committed 18432K, reserved 1064960K
  class space    used 2193K, capacity 2287K, committed 2304K, reserved 1048576K
Event: 13.917 GC heap after
Heap after GC invocations=1 (full 0):
 PSYoungGen      total 76288K, used 6036K [0x000000076ae00000, 0x0000000770300000, 0x00000007c0000000)
  eden space 65536K, 0% used [0x000000076ae00000,0x000000076ae00000,0x000000076ee00000)
  from space 10752K, 56% used [0x000000076ee00000,0x000000076f3e5058,0x000000076f880000)
  to   space 10752K, 0% used [0x000000076f880000,0x000000076f880000,0x0000000770300000)
 ParOldGen       total 175104K, used 16K [0x00000006c0a00000, 0x00000006cb500000, 0x000000076ae00000)
  object space 175104K, 0% used [0x00000006c0a00000,0x00000006c0a04000,0x00000006cb500000)
 Metaspace       used 17981K, capacity 18204K, committed 18432K, reserved 1064960K
  class space    used 2193K, capacity 2287K, committed 2304K, reserved 1048576K
}
Event: 14.192 GC heap before
{Heap before GC invocations=2 (full 0):
 PSYoungGen      total 76288K, used 43104K [0x000000076ae00000, 0x0000000770300000, 0x00000007c0000000)
  eden space 65536K, 56% used [0x000000076ae00000,0x000000076d233278,0x000000076ee00000)
  from space 10752K, 56% used [0x000000076ee00000,0x000000076f3e5058,0x000000076f880000)
  to   space 10752K, 0% used [0x000000076f880000,0x000000076f880000,0x0000000770300000)
 ParOldGen       total 175104K, used 16K [0x00000006c0a00000, 0x00000006cb500000, 0x000000076ae00000)
  object space 175104K, 0% used [0x00000006c0a00000,0x00000006c0a04000,0x00000006cb500000)
 Metaspace       used 20818K, capacity 21132K, committed 21248K, reserved 1067008K
  class space    used 2641K, capacity 2721K, committed 2816K, reserved 1048576K
Event: 14.195 GC heap after
Heap after GC invocations=2 (full 0):
 PSYoungGen      total 76288K, used 5703K [0x000000076ae00000, 0x0000000770300000, 0x00000007c0000000)
  eden space 65536K, 0% used [0x000000076ae00000,0x000000076ae00000,0x000000076ee00000)
  from space 10752K, 53% used [0x000000076f880000,0x000000076fe11d68,0x0000000770300000)
  to   space 10752K, 0% used [0x000000076ee00000,0x000000076ee00000,0x000000076f880000)
 ParOldGen       total 175104K, used 24K [0x00000006c0a00000, 0x00000006cb500000, 0x000000076ae00000)
  object space 175104K, 0% used [0x00000006c0a00000,0x00000006c0a06000,0x00000006cb500000)
 Metaspace       used 20818K, capacity 21132K, committed 21248K, reserved 1067008K
  class space    used 2641K, capacity 2721K, committed 2816K, reserved 1048576K
}
Event: 14.195 GC heap before
{Heap before GC invocations=3 (full 1):
 PSYoungGen      total 76288K, used 5703K [0x000000076ae00000, 0x0000000770300000, 0x00000007c0000000)
  eden space 65536K, 0% used [0x000000076ae00000,0x000000076ae00000,0x000000076ee00000)
  from space 10752K, 53% used [0x000000076f880000,0x000000076fe11d68,0x0000000770300000)
  to   space 10752K, 0% used [0x000000076ee00000,0x000000076ee00000,0x000000076f880000)
 ParOldGen       total 175104K, used 24K [0x00000006c0a00000, 0x00000006cb500000, 0x000000076ae00000)
  object space 175104K, 0% used [0x00000006c0a00000,0x00000006c0a06000,0x00000006cb500000)
 Metaspace       used 20818K, capacity 21132K, committed 21248K, reserved 1067008K
  class space    used 2641K, capacity 2721K, committed 2816K, reserved 1048576K
Event: 14.212 GC heap after
Heap after GC invocations=3 (full 1):
 PSYoungGen      total 76288K, used 0K [0x000000076ae00000, 0x0000000770300000, 0x00000007c0000000)
  eden space 65536K, 0% used [0x000000076ae00000,0x000000076ae00000,0x000000076ee00000)
  from space 10752K, 0% used [0x000000076f880000,0x000000076f880000,0x0000000770300000)
  to   space 10752K, 0% used [0x000000076ee00000,0x000000076ee00000,0x000000076f880000)
 ParOldGen       total 71168K, used 5587K [0x00000006c0a00000, 0x00000006c4f80000, 0x000000076ae00000)
  object space 71168K, 7% used [0x00000006c0a00000,0x00000006c0f74d48,0x00000006c4f80000)
 Metaspace       used 20814K, capacity 21126K, committed 21248K, reserved 1067008K
  class space    used 2641K, capacity 2720K, committed 2816K, reserved 1048576K
}
Event: 32.564 GC heap before
{Heap before GC invocations=4 (full 1):
 PSYoungGen      total 76288K, used 62770K [0x000000076ae00000, 0x0000000770300000, 0x00000007c0000000)
  eden space 65536K, 95% used [0x000000076ae00000,0x000000076eb4c8d8,0x000000076ee00000)
  from space 10752K, 0% used [0x000000076f880000,0x000000076f880000,0x0000000770300000)
  to   space 10752K, 0% used [0x000000076ee00000,0x000000076ee00000,0x000000076f880000)
 ParOldGen       total 71168K, used 5587K [0x00000006c0a00000, 0x00000006c4f80000, 0x000000076ae00000)
  object space 71168K, 7% used [0x00000006c0a00000,0x00000006c0f74d48,0x00000006c4f80000)
 Metaspace       used 24102K, capacity 24532K, committed 24704K, reserved 1071104K
  class space    used 2944K, capacity 3089K, committed 3200K, reserved 1048576K
Event: 32.565 GC heap after
Heap after GC invocations=4 (full 1):
 PSYoungGen      total 76288K, used 1956K [0x000000076ae00000, 0x0000000770300000, 0x00000007c0000000)
  eden space 65536K, 0% used [0x000000076ae00000,0x000000076ae00000,0x000000076ee00000)
  from space 10752K, 18% used [0x000000076ee00000,0x000000076efe9120,0x000000076f880000)
  to   space 10752K, 0% used [0x000000076f880000,0x000000076f880000,0x0000000770300000)
 ParOldGen       total 71168K, used 5595K [0x00000006c0a00000, 0x00000006c4f80000, 0x000000076ae00000)
  object space 71168K, 7% used [0x00000006c0a00000,0x00000006c0f76d48,0x00000006c4f80000)
 Metaspace       used 24102K, capacity 24532K, committed 24704K, reserved 1071104K
  class space    used 2944K, capacity 3089K, committed 3200K, reserved 1048576K
}

