# JRE version: Java(TM) SE Runtime Environment (8.0_202-b08) (build 1.8.0_202-b08)
# Java VM: Java HotSpot(TM) 64-Bit Server VM (25.202-b08 mixed mode windows-amd64 compressed oops)
Heap:
 PSYoungGen      total 63488K, used 3720K [0x000000076ae00000, 0x000000076f700000, 0x00000007c0000000)
  eden space 61440K, 3% used [0x000000076ae00000,0x000000076afdc4c8,0x000000076ea00000)
  from space 2048K, 88% used [0x000000076eb00000,0x000000076ecc5bd8,0x000000076ed00000)
  to   space 6656K, 0% used [0x000000076f080000,0x000000076f080000,0x000000076f700000)
 ParOldGen       total 71168K, used 5338K [0x00000006c0a00000, 0x00000006c4f80000, 0x000000076ae00000)
  object space 71168K, 7% used [0x00000006c0a00000,0x00000006c0f36af0,0x00000006c4f80000)
 Metaspace       used 24164K, capacity 24608K, committed 24704K, reserved 1071104K
  class space    used 2996K, capacity 3135K, committed 3200K, reserved 1048576K
GC Heap History (10 events):
Event: 16.698 GC heap before
{Heap before GC invocations=4 (full 1):
 PSYoungGen      total 76288K, used 65536K [0x000000076ae00000, 0x0000000770300000, 0x00000007c0000000)
  eden space 65536K, 100% used [0x000000076ae00000,0x000000076ee00000,0x000000076ee00000)
  from space 10752K, 0% used [0x000000076f880000,0x000000076f880000,0x0000000770300000)
  to   space 10752K, 0% used [0x000000076ee00000,0x000000076ee00000,0x000000076f880000)
 ParOldGen       total 71168K, used 5314K [0x00000006c0a00000, 0x00000006c4f80000, 0x000000076ae00000)
  object space 71168K, 7% used [0x00000006c0a00000,0x00000006c0f30af0,0x00000006c4f80000)
 Metaspace       used 21490K, capacity 21842K, committed 22144K, reserved 1069056K
  class space    used 2739K, capacity 2824K, committed 2944K, reserved 1048576K
Event: 16.699 GC heap after
Heap after GC invocations=4 (full 1):
 PSYoungGen      total 76288K, used 1376K [0x000000076ae00000, 0x0000000770300000, 0x00000007c0000000)
  eden space 65536K, 0% used [0x000000076ae00000,0x000000076ae00000,0x000000076ee00000)
  from space 10752K, 12% used [0x000000076ee00000,0x000000076ef58020,0x000000076f880000)
  to   space 10752K, 0% used [0x000000076f880000,0x000000076f880000,0x0000000770300000)
 ParOldGen       total 71168K, used 5322K [0x00000006c0a00000, 0x00000006c4f80000, 0x000000076ae00000)
  object space 71168K, 7% used [0x00000006c0a00000,0x00000006c0f32af0,0x00000006c4f80000)
 Metaspace       used 21490K, capacity 21842K, committed 22144K, reserved 1069056K
  class space    used 2739K, capacity 2824K, committed 2944K, reserved 1048576K
}
Event: 17.120 GC heap before
{Heap before GC invocations=5 (full 1):
 PSYoungGen      total 76288K, used 66912K [0x000000076ae00000, 0x0000000770300000, 0x00000007c0000000)
  eden space 65536K, 100% used [0x000000076ae00000,0x000000076ee00000,0x000000076ee00000)
  from space 10752K, 12% used [0x000000076ee00000,0x000000076ef58020,0x000000076f880000)
  to   space 10752K, 0% used [0x000000076f880000,0x000000076f880000,0x0000000770300000)
 ParOldGen       total 71168K, used 5322K [0x00000006c0a00000, 0x00000006c4f80000, 0x000000076ae00000)
  object space 71168K, 7% used [0x00000006c0a00000,0x00000006c0f32af0,0x00000006c4f80000)
 Metaspace       used 21611K, capacity 21950K, committed 22144K, reserved 1069056K
  class space    used 2752K, capacity 2842K, committed 2944K, reserved 1048576K
Event: 17.121 GC heap after
Heap after GC invocations=5 (full 1):
 PSYoungGen      total 76288K, used 1184K [0x000000076ae00000, 0x0000000770300000, 0x00000007c0000000)
  eden space 65536K, 0% used [0x000000076ae00000,0x000000076ae00000,0x000000076ee00000)
  from space 10752K, 11% used [0x000000076f880000,0x000000076f9a8000,0x0000000770300000)
  to   space 10752K, 0% used [0x000000076ee00000,0x000000076ee00000,0x000000076f880000)
 ParOldGen       total 71168K, used 5322K [0x00000006c0a00000, 0x00000006c4f80000, 0x000000076ae00000)
  object space 71168K, 7% used [0x00000006c0a00000,0x00000006c0f32af0,0x00000006c4f80000)
 Metaspace       used 21611K, capacity 21950K, committed 22144K, reserved 1069056K
  class space    used 2752K, capacity 2842K, committed 2944K, reserved 1048576K
}
Event: 17.617 GC heap before
{Heap before GC invocations=6 (full 1):
 PSYoungGen      total 76288K, used 66720K [0x000000076ae00000, 0x0000000770300000, 0x00000007c0000000)
  eden space 65536K, 100% used [0x000000076ae00000,0x000000076ee00000,0x000000076ee00000)
  from space 10752K, 11% used [0x000000076f880000,0x000000076f9a8000,0x0000000770300000)
  to   space 10752K, 0% used [0x000000076ee00000,0x000000076ee00000,0x000000076f880000)
 ParOldGen       total 71168K, used 5322K [0x00000006c0a00000, 0x00000006c4f80000, 0x000000076ae00000)
  object space 71168K, 7% used [0x00000006c0a00000,0x00000006c0f32af0,0x00000006c4f80000)
 Metaspace       used 21620K, capacity 22014K, committed 22144K, reserved 1069056K
  class space    used 2752K, capacity 2842K, committed 2944K, reserved 1048576K
Event: 17.618 GC heap after
Heap after GC invocations=6 (full 1):
 PSYoungGen      total 65536K, used 1216K [0x000000076ae00000, 0x000000076fb80000, 0x00000007c0000000)
  eden space 64000K, 0% used [0x000000076ae00000,0x000000076ae00000,0x000000076ec80000)
  from space 1536K, 79% used [0x000000076ee00000,0x000000076ef30000,0x000000076ef80000)
  to   space 7680K, 0% used [0x000000076f400000,0x000000076f400000,0x000000076fb80000)
 ParOldGen       total 71168K, used 5322K [0x00000006c0a00000, 0x00000006c4f80000, 0x000000076ae00000)
  object space 71168K, 7% used [0x00000006c0a00000,0x00000006c0f32af0,0x00000006c4f80000)
 Metaspace       used 21620K, capacity 22014K, committed 22144K, reserved 1069056K
  class space    used 2752K, capacity 2842K, committed 2944K, reserved 1048576K
}
Event: 18.087 GC heap before
{Heap before GC invocations=7 (full 1):
 PSYoungGen      total 65536K, used 65216K [0x000000076ae00000, 0x000000076fb80000, 0x00000007c0000000)
  eden space 64000K, 100% used [0x000000076ae00000,0x000000076ec80000,0x000000076ec80000)
  from space 1536K, 79% used [0x000000076ee00000,0x000000076ef30000,0x000000076ef80000)
  to   space 7680K, 0% used [0x000000076f400000,0x000000076f400000,0x000000076fb80000)
 ParOldGen       total 71168K, used 5322K [0x00000006c0a00000, 0x00000006c4f80000, 0x000000076ae00000)
  object space 71168K, 7% used [0x00000006c0a00000,0x00000006c0f32af0,0x00000006c4f80000)
 Metaspace       used 23233K, capacity 23670K, committed 23808K, reserved 1071104K
  class space    used 2894K, capacity 3010K, committed 3072K, reserved 1048576K
Event: 18.088 GC heap after
Heap after GC invocations=7 (full 1):
 PSYoungGen      total 67584K, used 1956K [0x000000076ae00000, 0x000000076f900000, 0x00000007c0000000)
  eden space 62464K, 0% used [0x000000076ae00000,0x000000076ae00000,0x000000076eb00000)
  from space 5120K, 38% used [0x000000076f400000,0x000000076f5e9100,0x000000076f900000)
  to   space 7168K, 0% used [0x000000076eb00000,0x000000076eb00000,0x000000076f200000)
 ParOldGen       total 71168K, used 5330K [0x00000006c0a00000, 0x00000006c4f80000, 0x000000076ae00000)
  object space 71168K, 7% used [0x00000006c0a00000,0x00000006c0f34af0,0x00000006c4f80000)
 Metaspace       used 23233K, capacity 23670K, committed 23808K, reserved 1071104K
  class space    used 2894K, capacity 3010K, committed 3072K, reserved 1048576K
}
Event: 18.625 GC heap before
{Heap before GC invocations=8 (full 1):
 PSYoungGen      total 67584K, used 64420K [0x000000076ae00000, 0x000000076f900000, 0x00000007c0000000)
  eden space 62464K, 100% used [0x000000076ae00000,0x000000076eb00000,0x000000076eb00000)
  from space 5120K, 38% used [0x000000076f400000,0x000000076f5e9100,0x000000076f900000)
  to   space 7168K, 0% used [0x000000076eb00000,0x000000076eb00000,0x000000076f200000)
 ParOldGen       total 71168K, used 5330K [0x00000006c0a00000, 0x00000006c4f80000, 0x000000076ae00000)
  object space 71168K, 7% used [0x00000006c0a00000,0x00000006c0f34af0,0x00000006c4f80000)
 Metaspace       used 24164K, capacity 24608K, committed 24704K, reserved 1071104K
  class space    used 2996K, capacity 3135K, committed 3200K, reserved 1048576K
Event: 18.626 GC heap after
Heap after GC invocations=8 (full 1):
 PSYoungGen      total 63488K, used 1814K [0x000000076ae00000, 0x000000076f700000, 0x00000007c0000000)
  eden space 61440K, 0% used [0x000000076ae00000,0x000000076ae00000,0x000000076ea00000)
  from space 2048K, 88% used [0x000000076eb00000,0x000000076ecc5bd8,0x000000076ed00000)
  to   space 6656K, 0% used [0x000000076f080000,0x000000076f080000,0x000000076f700000)
 ParOldGen       total 71168K, used 5338K [0x00000006c0a00000, 0x00000006c4f80000, 0x000000076ae00000)
  object space 71168K, 7% used [0x00000006c0a00000,0x00000006c0f36af0,0x00000006c4f80000)
 Metaspace       used 24164K, capacity 24608K, committed 24704K, reserved 1071104K
  class space    used 2996K, capacity 3135K, committed 3200K, reserved 1048576K
}

