# JRE version: Java(TM) SE Runtime Environment (8.0_201-b09) (build 1.8.0_201-b09)
# Java VM: Java HotSpot(TM) 64-Bit Server VM (25.201-b09 mixed mode windows-amd64 compressed oops)
Heap:
 PSYoungGen      total 37888K, used 1088K [0x00000000d5f00000, 0x00000000d8c00000, 0x0000000100000000)
  eden space 32768K, 3% used [0x00000000d5f00000,0x00000000d60101d8,0x00000000d7f00000)
  from space 5120K, 0% used [0x00000000d7f80000,0x00000000d7f80000,0x00000000d8480000)
  to   space 6656K, 0% used [0x00000000d8580000,0x00000000d8580000,0x00000000d8c00000)
 ParOldGen       total 57344K, used 10261K [0x0000000081c00000, 0x0000000085400000, 0x00000000d5f00000)
  object space 57344K, 17% used [0x0000000081c00000,0x0000000082605608,0x0000000085400000)
 Metaspace       used 20909K, capacity 21298K, committed 21632K, reserved 1069056K
  class space    used 2445K, capacity 2566K, committed 2688K, reserved 1048576K
GC Heap History (10 events):
Event: 18.751 GC heap before
{Heap before GC invocations=2 (full 0):
 PSYoungGen      total 38400K, used 33628K [0x00000000d5f00000, 0x00000000d8980000, 0x0000000100000000)
  eden space 33280K, 90% used [0x00000000d5f00000,0x00000000d7c56f00,0x00000000d7f80000)
  from space 5120K, 70% used [0x00000000d7f80000,0x00000000d83001b0,0x00000000d8480000)
  to   space 5120K, 0% used [0x00000000d8480000,0x00000000d8480000,0x00000000d8980000)
 ParOldGen       total 87552K, used 14769K [0x0000000081c00000, 0x0000000087180000, 0x00000000d5f00000)
  object space 87552K, 16% used [0x0000000081c00000,0x0000000082a6c7d0,0x0000000087180000)
 Metaspace       used 13582K, capacity 13786K, committed 14080K, reserved 1060864K
  class space    used 1681K, capacity 1774K, committed 1792K, reserved 1048576K
Event: 18.754 GC heap after
Heap after GC invocations=2 (full 0):
 PSYoungGen      total 38400K, used 3184K [0x00000000d5f00000, 0x00000000d8980000, 0x0000000100000000)
  eden space 33280K, 0% used [0x00000000d5f00000,0x00000000d5f00000,0x00000000d7f80000)
  from space 5120K, 62% used [0x00000000d8480000,0x00000000d879c090,0x00000000d8980000)
  to   space 5120K, 0% used [0x00000000d7f80000,0x00000000d7f80000,0x00000000d8480000)
 ParOldGen       total 87552K, used 14777K [0x0000000081c00000, 0x0000000087180000, 0x00000000d5f00000)
  object space 87552K, 16% used [0x0000000081c00000,0x0000000082a6e7d0,0x0000000087180000)
 Metaspace       used 13582K, capacity 13786K, committed 14080K, reserved 1060864K
  class space    used 1681K, capacity 1774K, committed 1792K, reserved 1048576K
}
Event: 32.764 GC heap before
{Heap before GC invocations=3 (full 0):
 PSYoungGen      total 38400K, used 32643K [0x00000000d5f00000, 0x00000000d8980000, 0x0000000100000000)
  eden space 33280K, 88% used [0x00000000d5f00000,0x00000000d7bc4eb8,0x00000000d7f80000)
  from space 5120K, 62% used [0x00000000d8480000,0x00000000d879c090,0x00000000d8980000)
  to   space 5120K, 0% used [0x00000000d7f80000,0x00000000d7f80000,0x00000000d8480000)
 ParOldGen       total 87552K, used 14777K [0x0000000081c00000, 0x0000000087180000, 0x00000000d5f00000)
  object space 87552K, 16% used [0x0000000081c00000,0x0000000082a6e7d0,0x0000000087180000)
 Metaspace       used 13637K, capacity 13850K, committed 14080K, reserved 1060864K
  class space    used 1681K, capacity 1774K, committed 1792K, reserved 1048576K
Event: 32.766 GC heap after
Heap after GC invocations=3 (full 0):
 PSYoungGen      total 38400K, used 3152K [0x00000000d5f00000, 0x00000000d8980000, 0x0000000100000000)
  eden space 33280K, 0% used [0x00000000d5f00000,0x00000000d5f00000,0x00000000d7f80000)
  from space 5120K, 61% used [0x00000000d7f80000,0x00000000d8294090,0x00000000d8480000)
  to   space 5120K, 0% used [0x00000000d8480000,0x00000000d8480000,0x00000000d8980000)
 ParOldGen       total 87552K, used 14785K [0x0000000081c00000, 0x0000000087180000, 0x00000000d5f00000)
  object space 87552K, 16% used [0x0000000081c00000,0x0000000082a707d0,0x0000000087180000)
 Metaspace       used 13637K, capacity 13850K, committed 14080K, reserved 1060864K
  class space    used 1681K, capacity 1774K, committed 1792K, reserved 1048576K
}
Event: 45.411 GC heap before
{Heap before GC invocations=4 (full 0):
 PSYoungGen      total 38400K, used 36432K [0x00000000d5f00000, 0x00000000d8980000, 0x0000000100000000)
  eden space 33280K, 100% used [0x00000000d5f00000,0x00000000d7f80000,0x00000000d7f80000)
  from space 5120K, 61% used [0x00000000d7f80000,0x00000000d8294090,0x00000000d8480000)
  to   space 5120K, 0% used [0x00000000d8480000,0x00000000d8480000,0x00000000d8980000)
 ParOldGen       total 87552K, used 14785K [0x0000000081c00000, 0x0000000087180000, 0x00000000d5f00000)
  object space 87552K, 16% used [0x0000000081c00000,0x0000000082a707d0,0x0000000087180000)
 Metaspace       used 17830K, capacity 18010K, committed 18176K, reserved 1064960K
  class space    used 2158K, capacity 2222K, committed 2304K, reserved 1048576K
Event: 45.415 GC heap after
Heap after GC invocations=4 (full 0):
 PSYoungGen      total 38400K, used 5093K [0x00000000d5f00000, 0x00000000d8980000, 0x0000000100000000)
  eden space 33280K, 0% used [0x00000000d5f00000,0x00000000d5f00000,0x00000000d7f80000)
  from space 5120K, 99% used [0x00000000d8480000,0x00000000d8979560,0x00000000d8980000)
  to   space 5120K, 0% used [0x00000000d7f80000,0x00000000d7f80000,0x00000000d8480000)
 ParOldGen       total 87552K, used 15696K [0x0000000081c00000, 0x0000000087180000, 0x00000000d5f00000)
  object space 87552K, 17% used [0x0000000081c00000,0x0000000082b54320,0x0000000087180000)
 Metaspace       used 17830K, capacity 18010K, committed 18176K, reserved 1064960K
  class space    used 2158K, capacity 2222K, committed 2304K, reserved 1048576K
}
Event: 49.027 GC heap before
{Heap before GC invocations=5 (full 0):
 PSYoungGen      total 38400K, used 32507K [0x00000000d5f00000, 0x00000000d8980000, 0x0000000100000000)
  eden space 33280K, 82% used [0x00000000d5f00000,0x00000000d79c5930,0x00000000d7f80000)
  from space 5120K, 99% used [0x00000000d8480000,0x00000000d8979560,0x00000000d8980000)
  to   space 5120K, 0% used [0x00000000d7f80000,0x00000000d7f80000,0x00000000d8480000)
 ParOldGen       total 87552K, used 15696K [0x0000000081c00000, 0x0000000087180000, 0x00000000d5f00000)
  object space 87552K, 17% used [0x0000000081c00000,0x0000000082b54320,0x0000000087180000)
 Metaspace       used 20811K, capacity 21148K, committed 21248K, reserved 1069056K
  class space    used 2433K, capacity 2541K, committed 2560K, reserved 1048576K
Event: 49.032 GC heap after
Heap after GC invocations=5 (full 0):
 PSYoungGen      total 37888K, used 5111K [0x00000000d5f00000, 0x00000000d8c00000, 0x0000000100000000)
  eden space 32768K, 0% used [0x00000000d5f00000,0x00000000d5f00000,0x00000000d7f00000)
  from space 5120K, 99% used [0x00000000d7f80000,0x00000000d847de10,0x00000000d8480000)
  to   space 6656K, 0% used [0x00000000d8580000,0x00000000d8580000,0x00000000d8c00000)
 ParOldGen       total 87552K, used 16165K [0x0000000081c00000, 0x0000000087180000, 0x00000000d5f00000)
  object space 87552K, 18% used [0x0000000081c00000,0x0000000082bc9520,0x0000000087180000)
 Metaspace       used 20811K, capacity 21148K, committed 21248K, reserved 1069056K
  class space    used 2433K, capacity 2541K, committed 2560K, reserved 1048576K
}
Event: 49.032 GC heap before
{Heap before GC invocations=6 (full 1):
 PSYoungGen      total 37888K, used 5111K [0x00000000d5f00000, 0x00000000d8c00000, 0x0000000100000000)
  eden space 32768K, 0% used [0x00000000d5f00000,0x00000000d5f00000,0x00000000d7f00000)
  from space 5120K, 99% used [0x00000000d7f80000,0x00000000d847de10,0x00000000d8480000)
  to   space 6656K, 0% used [0x00000000d8580000,0x00000000d8580000,0x00000000d8c00000)
 ParOldGen       total 87552K, used 16165K [0x0000000081c00000, 0x0000000087180000, 0x00000000d5f00000)
  object space 87552K, 18% used [0x0000000081c00000,0x0000000082bc9520,0x0000000087180000)
 Metaspace       used 20811K, capacity 21148K, committed 21248K, reserved 1069056K
  class space    used 2433K, capacity 2541K, committed 2560K, reserved 1048576K
Event: 49.053 GC heap after
Heap after GC invocations=6 (full 1):
 PSYoungGen      total 37888K, used 0K [0x00000000d5f00000, 0x00000000d8c00000, 0x0000000100000000)
  eden space 32768K, 0% used [0x00000000d5f00000,0x00000000d5f00000,0x00000000d7f00000)
  from space 5120K, 0% used [0x00000000d7f80000,0x00000000d7f80000,0x00000000d8480000)
  to   space 6656K, 0% used [0x00000000d8580000,0x00000000d8580000,0x00000000d8c00000)
 ParOldGen       total 57344K, used 10261K [0x0000000081c00000, 0x0000000085400000, 0x00000000d5f00000)
  object space 57344K, 17% used [0x0000000081c00000,0x0000000082605608,0x0000000085400000)
 Metaspace       used 20796K, capacity 21126K, committed 21248K, reserved 1069056K
  class space    used 2427K, capacity 2530K, committed 2560K, reserved 1048576K
}

