# JRE version: Java(TM) SE Runtime Environment (8.0_202-b08) (build 1.8.0_202-b08)
# Java VM: Java HotSpot(TM) 64-Bit Server VM (25.202-b08 mixed mode windows-amd64 compressed oops)
Heap:
 PSYoungGen      total 76288K, used 3598K [0x000000076ae00000, 0x0000000770300000, 0x00000007c0000000)
  eden space 65536K, 3% used [0x000000076ae00000,0x000000076b00d038,0x000000076ee00000)
  from space 10752K, 13% used [0x000000076ee00000,0x000000076ef76950,0x000000076f880000)
  to   space 10752K, 0% used [0x000000076f880000,0x000000076f880000,0x0000000770300000)
 ParOldGen       total 71168K, used 5602K [0x00000006c0a00000, 0x00000006c4f80000, 0x000000076ae00000)
  object space 71168K, 7% used [0x00000006c0a00000,0x00000006c0f78af0,0x00000006c4f80000)
 Metaspace       used 23528K, capacity 23956K, committed 24064K, reserved 1071104K
  class space    used 2889K, capacity 3009K, committed 3072K, reserved 1048576K
GC Heap History (8 events):
Event: 13.536 GC heap before
{Heap before GC invocations=1 (full 0):
 PSYoungGen      total 76288K, used 65536K [0x000000076ae00000, 0x0000000770300000, 0x00000007c0000000)
  eden space 65536K, 100% used [0x000000076ae00000,0x000000076ee00000,0x000000076ee00000)
  from space 10752K, 0% used [0x000000076f880000,0x000000076f880000,0x0000000770300000)
  to   space 10752K, 0% used [0x000000076ee00000,0x000000076ee00000,0x000000076f880000)
 ParOldGen       total 175104K, used 0K [0x00000006c0a00000, 0x00000006cb500000, 0x000000076ae00000)
  object space 175104K, 0% used [0x00000006c0a00000,0x00000006c0a00000,0x00000006cb500000)
 Metaspace       used 18021K, capacity 18192K, committed 18432K, reserved 1064960K
  class space    used 2195K, capacity 2287K, committed 2304K, reserved 1048576K
Event: 13.540 GC heap after
Heap after GC invocations=1 (full 0):
 PSYoungGen      total 76288K, used 5959K [0x000000076ae00000, 0x0000000770300000, 0x00000007c0000000)
  eden space 65536K, 0% used [0x000000076ae00000,0x000000076ae00000,0x000000076ee00000)
  from space 10752K, 55% used [0x000000076ee00000,0x000000076f3d1ce8,0x000000076f880000)
  to   space 10752K, 0% used [0x000000076f880000,0x000000076f880000,0x0000000770300000)
 ParOldGen       total 175104K, used 16K [0x00000006c0a00000, 0x00000006cb500000, 0x000000076ae00000)
  object space 175104K, 0% used [0x00000006c0a00000,0x00000006c0a04000,0x00000006cb500000)
 Metaspace       used 18021K, capacity 18192K, committed 18432K, reserved 1064960K
  class space    used 2195K, capacity 2287K, committed 2304K, reserved 1048576K
}
Event: 13.827 GC heap before
{Heap before GC invocations=2 (full 0):
 PSYoungGen      total 76288K, used 42871K [0x000000076ae00000, 0x0000000770300000, 0x00000007c0000000)
  eden space 65536K, 56% used [0x000000076ae00000,0x000000076d20c068,0x000000076ee00000)
  from space 10752K, 55% used [0x000000076ee00000,0x000000076f3d1ce8,0x000000076f880000)
  to   space 10752K, 0% used [0x000000076f880000,0x000000076f880000,0x0000000770300000)
 ParOldGen       total 175104K, used 16K [0x00000006c0a00000, 0x00000006cb500000, 0x000000076ae00000)
  object space 175104K, 0% used [0x00000006c0a00000,0x00000006c0a04000,0x00000006cb500000)
 Metaspace       used 20828K, capacity 21114K, committed 21248K, reserved 1067008K
  class space    used 2634K, capacity 2720K, committed 2816K, reserved 1048576K
Event: 13.830 GC heap after
Heap after GC invocations=2 (full 0):
 PSYoungGen      total 76288K, used 5741K [0x000000076ae00000, 0x0000000770300000, 0x00000007c0000000)
  eden space 65536K, 0% used [0x000000076ae00000,0x000000076ae00000,0x000000076ee00000)
  from space 10752K, 53% used [0x000000076f880000,0x000000076fe1b530,0x0000000770300000)
  to   space 10752K, 0% used [0x000000076ee00000,0x000000076ee00000,0x000000076f880000)
 ParOldGen       total 175104K, used 24K [0x00000006c0a00000, 0x00000006cb500000, 0x000000076ae00000)
  object space 175104K, 0% used [0x00000006c0a00000,0x00000006c0a06000,0x00000006cb500000)
 Metaspace       used 20828K, capacity 21114K, committed 21248K, reserved 1067008K
  class space    used 2634K, capacity 2720K, committed 2816K, reserved 1048576K
}
Event: 13.830 GC heap before
{Heap before GC invocations=3 (full 1):
 PSYoungGen      total 76288K, used 5741K [0x000000076ae00000, 0x0000000770300000, 0x00000007c0000000)
  eden space 65536K, 0% used [0x000000076ae00000,0x000000076ae00000,0x000000076ee00000)
  from space 10752K, 53% used [0x000000076f880000,0x000000076fe1b530,0x0000000770300000)
  to   space 10752K, 0% used [0x000000076ee00000,0x000000076ee00000,0x000000076f880000)
 ParOldGen       total 175104K, used 24K [0x00000006c0a00000, 0x00000006cb500000, 0x000000076ae00000)
  object space 175104K, 0% used [0x00000006c0a00000,0x00000006c0a06000,0x00000006cb500000)
 Metaspace       used 20828K, capacity 21114K, committed 21248K, reserved 1067008K
  class space    used 2634K, capacity 2720K, committed 2816K, reserved 1048576K
Event: 13.848 GC heap after
Heap after GC invocations=3 (full 1):
 PSYoungGen      total 76288K, used 0K [0x000000076ae00000, 0x0000000770300000, 0x00000007c0000000)
  eden space 65536K, 0% used [0x000000076ae00000,0x000000076ae00000,0x000000076ee00000)
  from space 10752K, 0% used [0x000000076f880000,0x000000076f880000,0x0000000770300000)
  to   space 10752K, 0% used [0x000000076ee00000,0x000000076ee00000,0x000000076f880000)
 ParOldGen       total 71168K, used 5602K [0x00000006c0a00000, 0x00000006c4f80000, 0x000000076ae00000)
  object space 71168K, 7% used [0x00000006c0a00000,0x00000006c0f78af0,0x00000006c4f80000)
 Metaspace       used 20828K, capacity 21114K, committed 21248K, reserved 1067008K
  class space    used 2634K, capacity 2720K, committed 2816K, reserved 1048576K
}
Event: 16.550 GC heap before
{Heap before GC invocations=4 (full 1):
 PSYoungGen      total 76288K, used 65536K [0x000000076ae00000, 0x0000000770300000, 0x00000007c0000000)
  eden space 65536K, 100% used [0x000000076ae00000,0x000000076ee00000,0x000000076ee00000)
  from space 10752K, 0% used [0x000000076f880000,0x000000076f880000,0x0000000770300000)
  to   space 10752K, 0% used [0x000000076ee00000,0x000000076ee00000,0x000000076f880000)
 ParOldGen       total 71168K, used 5602K [0x00000006c0a00000, 0x00000006c4f80000, 0x000000076ae00000)
  object space 71168K, 7% used [0x00000006c0a00000,0x00000006c0f78af0,0x00000006c4f80000)
 Metaspace       used 23528K, capacity 23956K, committed 24064K, reserved 1071104K
  class space    used 2889K, capacity 3009K, committed 3072K, reserved 1048576K
Event: 16.553 GC heap after
Heap after GC invocations=4 (full 1):
 PSYoungGen      total 76288K, used 1498K [0x000000076ae00000, 0x0000000770300000, 0x00000007c0000000)
  eden space 65536K, 0% used [0x000000076ae00000,0x000000076ae00000,0x000000076ee00000)
  from space 10752K, 13% used [0x000000076ee00000,0x000000076ef76950,0x000000076f880000)
  to   space 10752K, 0% used [0x000000076f880000,0x000000076f880000,0x0000000770300000)
 ParOldGen       total 71168K, used 5602K [0x00000006c0a00000, 0x00000006c4f80000, 0x000000076ae00000)
  object space 71168K, 7% used [0x00000006c0a00000,0x00000006c0f78af0,0x00000006c4f80000)
 Metaspace       used 23528K, capacity 23956K, committed 24064K, reserved 1071104K
  class space    used 2889K, capacity 3009K, committed 3072K, reserved 1048576K
}

