# JRE version: Java(TM) SE Runtime Environment (8.0_202-b08) (build 1.8.0_202-b08)
# Java VM: Java HotSpot(TM) 64-Bit Server VM (25.202-b08 mixed mode windows-amd64 compressed oops)
Heap:
 PSYoungGen      total 66048K, used 3128K [0x000000076ae00000, 0x000000076f700000, 0x00000007c0000000)
  eden space 60416K, 2% used [0x000000076ae00000,0x000000076afc0ce8,0x000000076e900000)
  from space 5632K, 23% used [0x000000076f180000,0x000000076f2cd3f8,0x000000076f700000)
  to   space 7168K, 0% used [0x000000076e900000,0x000000076e900000,0x000000076f000000)
 ParOldGen       total 71168K, used 5645K [0x00000006c0a00000, 0x00000006c4f80000, 0x000000076ae00000)
  object space 71168K, 7% used [0x00000006c0a00000,0x00000006c0f836f0,0x00000006c4f80000)
 Metaspace       used 23630K, capacity 24022K, committed 24320K, reserved 1071104K
  class space    used 2943K, capacity 3048K, committed 3072K, reserved 1048576K
GC Heap History (10 events):
Event: 7.276 GC heap before
{Heap before GC invocations=5 (full 1):
 PSYoungGen      total 76288K, used 65664K [0x000000076ae00000, 0x0000000770300000, 0x00000007c0000000)
  eden space 65536K, 100% used [0x000000076ae00000,0x000000076ee00000,0x000000076ee00000)
  from space 10752K, 1% used [0x000000076ee00000,0x000000076ee20000,0x000000076f880000)
  to   space 10752K, 0% used [0x000000076f880000,0x000000076f880000,0x0000000770300000)
 ParOldGen       total 71168K, used 5613K [0x00000006c0a00000, 0x00000006c4f80000, 0x000000076ae00000)
  object space 71168K, 7% used [0x00000006c0a00000,0x00000006c0f7b6f0,0x00000006c4f80000)
 Metaspace       used 21217K, capacity 21562K, committed 21888K, reserved 1069056K
  class space    used 2719K, capacity 2822K, committed 2944K, reserved 1048576K
Event: 7.277 GC heap after
Heap after GC invocations=5 (full 1):
 PSYoungGen      total 76288K, used 160K [0x000000076ae00000, 0x0000000770300000, 0x00000007c0000000)
  eden space 65536K, 0% used [0x000000076ae00000,0x000000076ae00000,0x000000076ee00000)
  from space 10752K, 1% used [0x000000076f880000,0x000000076f8a8000,0x0000000770300000)
  to   space 10752K, 0% used [0x000000076ee00000,0x000000076ee00000,0x000000076f880000)
 ParOldGen       total 71168K, used 5621K [0x00000006c0a00000, 0x00000006c4f80000, 0x000000076ae00000)
  object space 71168K, 7% used [0x00000006c0a00000,0x00000006c0f7d6f0,0x00000006c4f80000)
 Metaspace       used 21217K, capacity 21562K, committed 21888K, reserved 1069056K
  class space    used 2719K, capacity 2822K, committed 2944K, reserved 1048576K
}
Event: 7.501 GC heap before
{Heap before GC invocations=6 (full 1):
 PSYoungGen      total 76288K, used 65696K [0x000000076ae00000, 0x0000000770300000, 0x00000007c0000000)
  eden space 65536K, 100% used [0x000000076ae00000,0x000000076ee00000,0x000000076ee00000)
  from space 10752K, 1% used [0x000000076f880000,0x000000076f8a8000,0x0000000770300000)
  to   space 10752K, 0% used [0x000000076ee00000,0x000000076ee00000,0x000000076f880000)
 ParOldGen       total 71168K, used 5621K [0x00000006c0a00000, 0x00000006c4f80000, 0x000000076ae00000)
  object space 71168K, 7% used [0x00000006c0a00000,0x00000006c0f7d6f0,0x00000006c4f80000)
 Metaspace       used 21225K, capacity 21562K, committed 21888K, reserved 1069056K
  class space    used 2720K, capacity 2822K, committed 2944K, reserved 1048576K
Event: 7.501 GC heap after
Heap after GC invocations=6 (full 1):
 PSYoungGen      total 64512K, used 128K [0x000000076ae00000, 0x000000076fd80000, 0x00000007c0000000)
  eden space 64000K, 0% used [0x000000076ae00000,0x000000076ae00000,0x000000076ec80000)
  from space 512K, 25% used [0x000000076ee00000,0x000000076ee20000,0x000000076ee80000)
  to   space 8704K, 0% used [0x000000076f500000,0x000000076f500000,0x000000076fd80000)
 ParOldGen       total 71168K, used 5629K [0x00000006c0a00000, 0x00000006c4f80000, 0x000000076ae00000)
  object space 71168K, 7% used [0x00000006c0a00000,0x00000006c0f7f6f0,0x00000006c4f80000)
 Metaspace       used 21225K, capacity 21562K, committed 21888K, reserved 1069056K
  class space    used 2720K, capacity 2822K, committed 2944K, reserved 1048576K
}
Event: 7.734 GC heap before
{Heap before GC invocations=7 (full 1):
 PSYoungGen      total 64512K, used 64128K [0x000000076ae00000, 0x000000076fd80000, 0x00000007c0000000)
  eden space 64000K, 100% used [0x000000076ae00000,0x000000076ec80000,0x000000076ec80000)
  from space 512K, 25% used [0x000000076ee00000,0x000000076ee20000,0x000000076ee80000)
  to   space 8704K, 0% used [0x000000076f500000,0x000000076f500000,0x000000076fd80000)
 ParOldGen       total 71168K, used 5629K [0x00000006c0a00000, 0x00000006c4f80000, 0x000000076ae00000)
  object space 71168K, 7% used [0x00000006c0a00000,0x00000006c0f7f6f0,0x00000006c4f80000)
 Metaspace       used 21231K, capacity 21562K, committed 21888K, reserved 1069056K
  class space    used 2720K, capacity 2822K, committed 2944K, reserved 1048576K
Event: 7.735 GC heap after
Heap after GC invocations=7 (full 1):
 PSYoungGen      total 68608K, used 128K [0x000000076ae00000, 0x000000076fb00000, 0x00000007c0000000)
  eden space 62464K, 0% used [0x000000076ae00000,0x000000076ae00000,0x000000076eb00000)
  from space 6144K, 2% used [0x000000076f500000,0x000000076f520000,0x000000076fb00000)
  to   space 8192K, 0% used [0x000000076eb00000,0x000000076eb00000,0x000000076f300000)
 ParOldGen       total 71168K, used 5629K [0x00000006c0a00000, 0x00000006c4f80000, 0x000000076ae00000)
  object space 71168K, 7% used [0x00000006c0a00000,0x00000006c0f7f6f0,0x00000006c4f80000)
 Metaspace       used 21231K, capacity 21562K, committed 21888K, reserved 1069056K
  class space    used 2720K, capacity 2822K, committed 2944K, reserved 1048576K
}
Event: 7.966 GC heap before
{Heap before GC invocations=8 (full 1):
 PSYoungGen      total 68608K, used 62592K [0x000000076ae00000, 0x000000076fb00000, 0x00000007c0000000)
  eden space 62464K, 100% used [0x000000076ae00000,0x000000076eb00000,0x000000076eb00000)
  from space 6144K, 2% used [0x000000076f500000,0x000000076f520000,0x000000076fb00000)
  to   space 8192K, 0% used [0x000000076eb00000,0x000000076eb00000,0x000000076f300000)
 ParOldGen       total 71168K, used 5629K [0x00000006c0a00000, 0x00000006c4f80000, 0x000000076ae00000)
  object space 71168K, 7% used [0x00000006c0a00000,0x00000006c0f7f6f0,0x00000006c4f80000)
 Metaspace       used 21239K, capacity 21562K, committed 21888K, reserved 1069056K
  class space    used 2720K, capacity 2822K, committed 2944K, reserved 1048576K
Event: 7.966 GC heap after
Heap after GC invocations=8 (full 1):
 PSYoungGen      total 61952K, used 128K [0x000000076ae00000, 0x000000076f900000, 0x00000007c0000000)
  eden space 61440K, 0% used [0x000000076ae00000,0x000000076ae00000,0x000000076ea00000)
  from space 512K, 25% used [0x000000076eb00000,0x000000076eb20000,0x000000076eb80000)
  to   space 7680K, 0% used [0x000000076f180000,0x000000076f180000,0x000000076f900000)
 ParOldGen       total 71168K, used 5637K [0x00000006c0a00000, 0x00000006c4f80000, 0x000000076ae00000)
  object space 71168K, 7% used [0x00000006c0a00000,0x00000006c0f816f0,0x00000006c4f80000)
 Metaspace       used 21239K, capacity 21562K, committed 21888K, reserved 1069056K
  class space    used 2720K, capacity 2822K, committed 2944K, reserved 1048576K
}
Event: 8.229 GC heap before
{Heap before GC invocations=9 (full 1):
 PSYoungGen      total 61952K, used 61568K [0x000000076ae00000, 0x000000076f900000, 0x00000007c0000000)
  eden space 61440K, 100% used [0x000000076ae00000,0x000000076ea00000,0x000000076ea00000)
  from space 512K, 25% used [0x000000076eb00000,0x000000076eb20000,0x000000076eb80000)
  to   space 7680K, 0% used [0x000000076f180000,0x000000076f180000,0x000000076f900000)
 ParOldGen       total 71168K, used 5637K [0x00000006c0a00000, 0x00000006c4f80000, 0x000000076ae00000)
  object space 71168K, 7% used [0x00000006c0a00000,0x00000006c0f816f0,0x00000006c4f80000)
 Metaspace       used 23630K, capacity 24022K, committed 24320K, reserved 1071104K
  class space    used 2943K, capacity 3048K, committed 3072K, reserved 1048576K
Event: 8.230 GC heap after
Heap after GC invocations=9 (full 1):
 PSYoungGen      total 66048K, used 1332K [0x000000076ae00000, 0x000000076f700000, 0x00000007c0000000)
  eden space 60416K, 0% used [0x000000076ae00000,0x000000076ae00000,0x000000076e900000)
  from space 5632K, 23% used [0x000000076f180000,0x000000076f2cd3f8,0x000000076f700000)
  to   space 7168K, 0% used [0x000000076e900000,0x000000076e900000,0x000000076f000000)
 ParOldGen       total 71168K, used 5645K [0x00000006c0a00000, 0x00000006c4f80000, 0x000000076ae00000)
  object space 71168K, 7% used [0x00000006c0a00000,0x00000006c0f836f0,0x00000006c4f80000)
 Metaspace       used 23630K, capacity 24022K, committed 24320K, reserved 1071104K
  class space    used 2943K, capacity 3048K, committed 3072K, reserved 1048576K
}

